#
# A fatal error has been detected by the Java Runtime Environment:
#
#  EXCEPTION_ACCESS_VIOLATION (0xc0000005) at pc=0x0000000060bfa62e, pid=3844, tid=0x0000000000002300
#
# JRE version: Java(TM) SE Runtime Environment (8.0_144-b01) (build 1.8.0_144-b01)
# Java VM: Java HotSpot(TM) 64-Bit Server VM (25.144-b01 mixed mode windows-amd64 compressed oops)
# Problematic frame:
# V  [jvm.dll+0x14a62e]
#
# Failed to write core dump. Minidumps are not enabled by default on client versions of Windows
#
# If you would like to submit a bug report, please visit:
#   http://bugreport.java.com/bugreport/crash.jsp
#

---------------  T H R E A D  ---------------

Current thread (0x000000001b6f7800):  JavaThread "Thread-3" [_thread_in_vm, id=8960, stack(0x0000000026e30000,0x0000000026f30000)]

siginfo: ExceptionCode=0xc0000005, reading address 0x0000000000000000

Registers:
RAX=0x0000000000000000, RBX=0x0000000000000000, RCX=0x00000000d75c9c30, RDX=0x0000000000000000
RSP=0x0000000026f2eb60, RBP=0x000000001b6f79f8, RSI=0x000000001b6f79f8, RDI=0x000000001b6f7800
R8 =0x000000001b6f7800, R9 =0x000000001ab89990, R10=0x000000001b6f7800, R11=0x0000000000000032
R12=0x000000001ab89978, R13=0x000000001ab89980, R14=0x000000001ab89968, R15=0x0000000021d969a0
RIP=0x0000000060bfa62e, EFLAGS=0x0000000000010246

Top of Stack: (sp=0x0000000026f2eb60)
0x0000000026f2eb60:   000000001b375160 000000001b375160
0x0000000026f2eb70:   0000000026f2ebc8 0000000026f2ebf8
0x0000000026f2eb80:   000000001b375160 0000000060b1ea67
0x0000000026f2eb90:   000000001b6f7800 0000000000000032
0x0000000026f2eba0:   0000000021d97830 0000000026f2ebf8
0x0000000026f2ebb0:   000000001b6f79f8 000000001b6f7800
0x0000000026f2ebc0:   000000001b375158 0000000000000db7
0x0000000026f2ebd0:   00000000610b6dc0 0000000021d97830
0x0000000026f2ebe0:   000000001b6f79f8 0000000060bf1235
0x0000000026f2ebf0:   0000000021d97830 000000001b6f7800
0x0000000026f2ec00:   000000001b6f79f8 000000018002a72b
0x0000000026f2ec10:   000000001b6f7800 000000001b375158
0x0000000026f2ec20:   0000000000000000 0000000061251d50
0x0000000026f2ec30:   000000001ab89988 00007ffaa493179b
0x0000000026f2ec40:   000000001b6f79f8 000000001ab89988
0x0000000026f2ec50:   000000001b6c5960 000000001ab89990 

Instructions: (pc=0x0000000060bfa62e)
0x0000000060bfa60e:   00 00 00 00 74 0a 48 8d 4c 24 58 e8 82 17 13 00
0x0000000060bfa61e:   48 8b 0b e8 8a e1 f1 ff 4c 8b c7 33 d2 48 8b d8
0x0000000060bfa62e:   48 8b 00 48 8b cb ff 50 78 48 83 7f 08 00 74 04
0x0000000060bfa63e:   33 c0 eb 25 48 8b 03 48 8b d7 48 8b cb ff 90 90 


Register to memory mapping:

RAX=0x0000000000000000 is an unknown value
RBX=0x0000000000000000 is an unknown value
RCX=0x00000000d75c9c30 is an oop
[Ljava.awt.Component; 
 - klass: 'java/awt/Component'[]
 - length: 2
RDX=0x0000000000000000 is an unknown value
RSP=0x0000000026f2eb60 is pointing into the stack for thread: 0x000000001b6f7800
RBP=0x000000001b6f79f8 is an unknown value
RSI=0x000000001b6f79f8 is an unknown value
RDI=0x000000001b6f7800 is a thread
R8 =0x000000001b6f7800 is a thread
R9 =0x000000001ab89990 is an unknown value
R10=0x000000001b6f7800 is a thread
R11=0x0000000000000032 is an unknown value
R12=0x000000001ab89978 is an unknown value
R13=0x000000001ab89980 is an unknown value
R14=0x000000001ab89968 is an unknown value
R15=0x0000000021d969a0 is an unknown value


Stack: [0x0000000026e30000,0x0000000026f30000],  sp=0x0000000026f2eb60,  free space=1018k
Native frames: (J=compiled Java code, j=interpreted, Vv=VM code, C=native code)
V  [jvm.dll+0x14a62e]
C  [Jpcap.dll+0x179b]
C  0x00000000048d7f74

Java frames: (J=compiled Java code, j=interpreted, Vv=VM code)
j  jpcap.JpcapCaptor.getDeviceList()[Ljpcap/NetworkInterface;+0
j  network.host.MacSearch.macSSearch(Ljava/net/InetAddress;)[B+0
j  network.host.HostListDialog$1.run()V+142
v  ~StubRoutines::call_stub

---------------  P R O C E S S  ---------------

Java Threads: ( => current thread )
  0x000000001b5b0800 JavaThread "pool-1-thread-253" [_thread_blocked, id=6824, stack(0x0000000036e00000,0x0000000036f00000)]
  0x000000001b5b7000 JavaThread "pool-1-thread-252" [_thread_blocked, id=524, stack(0x0000000036d00000,0x0000000036e00000)]
  0x000000001b5af800 JavaThread "pool-1-thread-251" [_thread_blocked, id=13220, stack(0x0000000036c00000,0x0000000036d00000)]
  0x000000001b5b6800 JavaThread "pool-1-thread-250" [_thread_blocked, id=4148, stack(0x0000000036b00000,0x0000000036c00000)]
  0x000000001b5ae800 JavaThread "pool-1-thread-249" [_thread_blocked, id=7516, stack(0x0000000036a00000,0x0000000036b00000)]
  0x000000001b5b5800 JavaThread "pool-1-thread-248" [_thread_blocked, id=12876, stack(0x0000000036900000,0x0000000036a00000)]
  0x000000001b5b5000 JavaThread "pool-1-thread-247" [_thread_blocked, id=11720, stack(0x0000000036800000,0x0000000036900000)]
  0x000000001b5b4000 JavaThread "pool-1-thread-246" [_thread_blocked, id=11532, stack(0x0000000036700000,0x0000000036800000)]
  0x000000001b5ac800 JavaThread "pool-1-thread-245" [_thread_blocked, id=8748, stack(0x0000000036600000,0x0000000036700000)]
  0x000000001b5b3800 JavaThread "pool-1-thread-244" [_thread_blocked, id=12856, stack(0x0000000036500000,0x0000000036600000)]
  0x000000001b5ae000 JavaThread "pool-1-thread-243" [_thread_blocked, id=5800, stack(0x0000000036400000,0x0000000036500000)]
  0x000000001b5b2800 JavaThread "pool-1-thread-242" [_thread_blocked, id=11296, stack(0x0000000036300000,0x0000000036400000)]
  0x000000001b5ab000 JavaThread "pool-1-thread-241" [_thread_blocked, id=1388, stack(0x0000000036200000,0x0000000036300000)]
  0x000000001b5b1000 JavaThread "pool-1-thread-240" [_thread_blocked, id=11512, stack(0x0000000036100000,0x0000000036200000)]
  0x000000001b5b2000 JavaThread "pool-1-thread-239" [_thread_blocked, id=972, stack(0x0000000036000000,0x0000000036100000)]
  0x000000001b5aa000 JavaThread "pool-1-thread-238" [_thread_blocked, id=12040, stack(0x0000000035f00000,0x0000000036000000)]
  0x000000001b5ab800 JavaThread "pool-1-thread-237" [_thread_blocked, id=13232, stack(0x0000000035e00000,0x0000000035f00000)]
  0x000000001b5ad000 JavaThread "pool-1-thread-236" [_thread_blocked, id=12936, stack(0x0000000035d00000,0x0000000035e00000)]
  0x000000001b5a2800 JavaThread "pool-1-thread-235" [_thread_blocked, id=7412, stack(0x0000000035c00000,0x0000000035d00000)]
  0x000000001b5a9800 JavaThread "pool-1-thread-234" [_thread_blocked, id=792, stack(0x0000000035b00000,0x0000000035c00000)]
  0x000000001b5a2000 JavaThread "pool-1-thread-233" [_thread_blocked, id=11436, stack(0x0000000035a00000,0x0000000035b00000)]
  0x000000001b5a8800 JavaThread "pool-1-thread-232" [_thread_blocked, id=3848, stack(0x0000000035900000,0x0000000035a00000)]
  0x000000001b5a1000 JavaThread "pool-1-thread-231" [_thread_blocked, id=8744, stack(0x0000000035800000,0x0000000035900000)]
  0x000000001b5a8000 JavaThread "pool-1-thread-230" [_thread_blocked, id=12904, stack(0x0000000035700000,0x0000000035800000)]
  0x000000001b5a7000 JavaThread "pool-1-thread-229" [_thread_blocked, id=11148, stack(0x0000000035600000,0x0000000035700000)]
  0x000000001b5a6800 JavaThread "pool-1-thread-228" [_thread_blocked, id=3376, stack(0x0000000035500000,0x0000000035600000)]
  0x000000001b5a3800 JavaThread "pool-1-thread-227" [_thread_blocked, id=10644, stack(0x0000000035400000,0x0000000035500000)]
  0x000000001b5a4000 JavaThread "pool-1-thread-226" [_thread_blocked, id=8328, stack(0x0000000035300000,0x0000000035400000)]
  0x000000001b5a5000 JavaThread "pool-1-thread-225" [_thread_blocked, id=1840, stack(0x0000000035200000,0x0000000035300000)]
  0x000000001b5a5800 JavaThread "pool-1-thread-224" [_thread_blocked, id=1160, stack(0x0000000035100000,0x0000000035200000)]
  0x000000001b569000 JavaThread "pool-1-thread-223" [_thread_blocked, id=12324, stack(0x0000000035000000,0x0000000035100000)]
  0x000000001b568800 JavaThread "pool-1-thread-222" [_thread_blocked, id=7572, stack(0x0000000034c30000,0x0000000034d30000)]
  0x000000001b566000 JavaThread "pool-1-thread-221" [_thread_blocked, id=4892, stack(0x0000000034b30000,0x0000000034c30000)]
  0x000000001b56c000 JavaThread "pool-1-thread-220" [_thread_blocked, id=10196, stack(0x0000000034a30000,0x0000000034b30000)]
  0x000000001b56b800 JavaThread "pool-1-thread-219" [_thread_blocked, id=5452, stack(0x0000000034930000,0x0000000034a30000)]
  0x000000001b56a800 JavaThread "pool-1-thread-218" [_thread_blocked, id=10500, stack(0x0000000034830000,0x0000000034930000)]
  0x000000001b567800 JavaThread "pool-1-thread-217" [_thread_blocked, id=11776, stack(0x0000000034730000,0x0000000034830000)]
  0x000000001b56a000 JavaThread "pool-1-thread-216" [_thread_blocked, id=8212, stack(0x0000000034630000,0x0000000034730000)]
  0x000000001b567000 JavaThread "pool-1-thread-215" [_thread_blocked, id=4312, stack(0x0000000034530000,0x0000000034630000)]
  0x000000001b55e800 JavaThread "pool-1-thread-214" [_thread_blocked, id=10468, stack(0x0000000034430000,0x0000000034530000)]
  0x000000001b560800 JavaThread "pool-1-thread-213" [_thread_blocked, id=12004, stack(0x0000000034330000,0x0000000034430000)]
  0x000000001b565800 JavaThread "pool-1-thread-212" [_thread_blocked, id=11492, stack(0x0000000034230000,0x0000000034330000)]
  0x000000001b564000 JavaThread "pool-1-thread-211" [_thread_blocked, id=6720, stack(0x0000000034130000,0x0000000034230000)]
  0x000000001b563000 JavaThread "pool-1-thread-210" [_thread_blocked, id=1136, stack(0x0000000034030000,0x0000000034130000)]
  0x000000001b560000 JavaThread "pool-1-thread-209" [_thread_blocked, id=12900, stack(0x0000000033f30000,0x0000000034030000)]
  0x000000001b561800 JavaThread "pool-1-thread-208" [_thread_blocked, id=11088, stack(0x0000000033e30000,0x0000000033f30000)]
  0x000000001b55f000 JavaThread "pool-1-thread-207" [_thread_blocked, id=11996, stack(0x0000000033d30000,0x0000000033e30000)]
  0x000000001b564800 JavaThread "pool-1-thread-206" [_thread_blocked, id=5528, stack(0x0000000033c30000,0x0000000033d30000)]
  0x000000001b562000 JavaThread "pool-1-thread-205" [_thread_blocked, id=3056, stack(0x0000000033b30000,0x0000000033c30000)]
  0x000000001b557000 JavaThread "pool-1-thread-204" [_thread_blocked, id=13044, stack(0x0000000033a30000,0x0000000033b30000)]
  0x000000001b55d800 JavaThread "pool-1-thread-203" [_thread_blocked, id=12452, stack(0x0000000033930000,0x0000000033a30000)]
  0x000000001b556000 JavaThread "pool-1-thread-202" [_thread_blocked, id=4296, stack(0x0000000033830000,0x0000000033930000)]
  0x000000001b55d000 JavaThread "pool-1-thread-201" [_thread_blocked, id=4136, stack(0x0000000033730000,0x0000000033830000)]
  0x000000001b555800 JavaThread "pool-1-thread-200" [_thread_blocked, id=11984, stack(0x0000000033630000,0x0000000033730000)]
  0x000000001b55c000 JavaThread "pool-1-thread-199" [_thread_blocked, id=7348, stack(0x0000000033530000,0x0000000033630000)]
  0x000000001b554800 JavaThread "pool-1-thread-198" [_thread_blocked, id=2624, stack(0x0000000033430000,0x0000000033530000)]
  0x000000001b55b800 JavaThread "pool-1-thread-197" [_thread_blocked, id=7512, stack(0x0000000033330000,0x0000000033430000)]
  0x000000001b55a800 JavaThread "pool-1-thread-196" [_thread_blocked, id=8788, stack(0x0000000033230000,0x0000000033330000)]
  0x000000001b55a000 JavaThread "pool-1-thread-195" [_thread_blocked, id=9644, stack(0x0000000033130000,0x0000000033230000)]
  0x000000001b558800 JavaThread "pool-1-thread-194" [_thread_blocked, id=9584, stack(0x0000000033030000,0x0000000033130000)]
  0x000000001b557800 JavaThread "pool-1-thread-193" [_thread_blocked, id=9884, stack(0x0000000032f30000,0x0000000033030000)]
  0x000000001b559000 JavaThread "pool-1-thread-192" [_thread_blocked, id=11312, stack(0x0000000032e30000,0x0000000032f30000)]
  0x000000001b54d000 JavaThread "pool-1-thread-191" [_thread_blocked, id=2412, stack(0x0000000032d30000,0x0000000032e30000)]
  0x000000001b553000 JavaThread "pool-1-thread-190" [_thread_blocked, id=7200, stack(0x0000000032c30000,0x0000000032d30000)]
  0x000000001b551800 JavaThread "pool-1-thread-189" [_thread_blocked, id=12692, stack(0x0000000032b30000,0x0000000032c30000)]
  0x000000001b552800 JavaThread "pool-1-thread-188" [_thread_blocked, id=13172, stack(0x0000000032a30000,0x0000000032b30000)]
  0x000000001b551000 JavaThread "pool-1-thread-187" [_thread_blocked, id=7352, stack(0x0000000032930000,0x0000000032a30000)]
  0x000000001b54e800 JavaThread "pool-1-thread-186" [_thread_blocked, id=4040, stack(0x0000000032830000,0x0000000032930000)]
  0x000000001b550000 JavaThread "pool-1-thread-185" [_thread_blocked, id=11644, stack(0x0000000032730000,0x0000000032830000)]
  0x000000001b54e000 JavaThread "pool-1-thread-184" [_thread_blocked, id=4316, stack(0x0000000032630000,0x0000000032730000)]
  0x000000001b554000 JavaThread "pool-1-thread-183" [_thread_blocked, id=2180, stack(0x0000000032530000,0x0000000032630000)]
  0x000000001b54f800 JavaThread "pool-1-thread-182" [_thread_blocked, id=1560, stack(0x0000000032430000,0x0000000032530000)]
  0x000000001ba77800 JavaThread "pool-1-thread-181" [_thread_blocked, id=6680, stack(0x0000000032330000,0x0000000032430000)]
  0x000000001ba76800 JavaThread "pool-1-thread-180" [_thread_blocked, id=12668, stack(0x0000000032230000,0x0000000032330000)]
  0x000000001ba75000 JavaThread "pool-1-thread-179" [_thread_blocked, id=1096, stack(0x0000000032130000,0x0000000032230000)]
  0x000000001ba79000 JavaThread "pool-1-thread-178" [_thread_blocked, id=12296, stack(0x0000000032030000,0x0000000032130000)]
  0x000000001ba72800 JavaThread "pool-1-thread-177" [_thread_blocked, id=8972, stack(0x0000000031f30000,0x0000000032030000)]
  0x000000001ba74000 JavaThread "pool-1-thread-176" [_thread_blocked, id=5188, stack(0x0000000031e30000,0x0000000031f30000)]
  0x000000001ba76000 JavaThread "pool-1-thread-175" [_thread_blocked, id=3112, stack(0x0000000031d30000,0x0000000031e30000)]
  0x000000001ba78000 JavaThread "pool-1-thread-174" [_thread_blocked, id=8856, stack(0x0000000031c30000,0x0000000031d30000)]
  0x000000001ba79800 JavaThread "pool-1-thread-173" [_thread_blocked, id=11820, stack(0x0000000031b30000,0x0000000031c30000)]
  0x000000001ba6c800 JavaThread "pool-1-thread-172" [_thread_blocked, id=10224, stack(0x0000000031a30000,0x0000000031b30000)]
  0x000000001ba72000 JavaThread "pool-1-thread-171" [_thread_blocked, id=5276, stack(0x0000000031930000,0x0000000031a30000)]
  0x000000001ba73800 JavaThread "pool-1-thread-170" [_thread_blocked, id=8560, stack(0x0000000031830000,0x0000000031930000)]
  0x000000001ba6f800 JavaThread "pool-1-thread-169" [_thread_blocked, id=11196, stack(0x0000000031730000,0x0000000031830000)]
  0x000000001ba6f000 JavaThread "pool-1-thread-168" [_thread_blocked, id=8120, stack(0x0000000031630000,0x0000000031730000)]
  0x000000001ba6b000 JavaThread "pool-1-thread-167" [_thread_blocked, id=12724, stack(0x0000000031530000,0x0000000031630000)]
  0x000000001ba6a800 JavaThread "pool-1-thread-166" [_thread_blocked, id=4280, stack(0x0000000031430000,0x0000000031530000)]
  0x000000001ba70800 JavaThread "pool-1-thread-165" [_thread_blocked, id=10388, stack(0x0000000031330000,0x0000000031430000)]
  0x000000001ba6d800 JavaThread "pool-1-thread-164" [_thread_blocked, id=10368, stack(0x0000000031230000,0x0000000031330000)]
  0x000000001ba71000 JavaThread "pool-1-thread-163" [_thread_blocked, id=12348, stack(0x0000000031130000,0x0000000031230000)]
  0x000000001ba6e000 JavaThread "pool-1-thread-162" [_thread_blocked, id=6328, stack(0x0000000031030000,0x0000000031130000)]
  0x000000001ba6c000 JavaThread "pool-1-thread-161" [_thread_blocked, id=13056, stack(0x0000000030f30000,0x0000000031030000)]
  0x000000001ba52800 JavaThread "pool-1-thread-160" [_thread_blocked, id=10352, stack(0x0000000030e30000,0x0000000030f30000)]
  0x000000001ba50800 JavaThread "pool-1-thread-159" [_thread_blocked, id=4572, stack(0x0000000030d30000,0x0000000030e30000)]
  0x000000001ba4f000 JavaThread "pool-1-thread-158" [_thread_blocked, id=12928, stack(0x0000000030c30000,0x0000000030d30000)]
  0x000000001ba4f800 JavaThread "pool-1-thread-157" [_thread_blocked, id=3092, stack(0x0000000030b30000,0x0000000030c30000)]
  0x000000001ba4e000 JavaThread "pool-1-thread-156" [_thread_blocked, id=10852, stack(0x0000000030a30000,0x0000000030b30000)]
  0x000000001ba51000 JavaThread "pool-1-thread-155" [_thread_blocked, id=7124, stack(0x0000000030930000,0x0000000030a30000)]
  0x000000001ba4d800 JavaThread "pool-1-thread-154" [_thread_blocked, id=11236, stack(0x0000000030830000,0x0000000030930000)]
  0x000000001ba52000 JavaThread "pool-1-thread-153" [_thread_blocked, id=12664, stack(0x0000000030730000,0x0000000030830000)]
  0x000000001ba53800 JavaThread "pool-1-thread-152" [_thread_blocked, id=7092, stack(0x0000000030630000,0x0000000030730000)]
  0x000000001ba46000 JavaThread "pool-1-thread-151" [_thread_blocked, id=3976, stack(0x0000000030530000,0x0000000030630000)]
  0x000000001ba4c800 JavaThread "pool-1-thread-150" [_thread_blocked, id=4352, stack(0x0000000030430000,0x0000000030530000)]
  0x000000001ba4a800 JavaThread "pool-1-thread-149" [_thread_blocked, id=10304, stack(0x0000000030330000,0x0000000030430000)]
  0x000000001ba49800 JavaThread "pool-1-thread-148" [_thread_blocked, id=8876, stack(0x0000000030230000,0x0000000030330000)]
  0x000000001ba45000 JavaThread "pool-1-thread-147" [_thread_blocked, id=6924, stack(0x0000000030130000,0x0000000030230000)]
  0x000000001ba4c000 JavaThread "pool-1-thread-146" [_thread_blocked, id=2440, stack(0x0000000030030000,0x0000000030130000)]
  0x000000001ba44800 JavaThread "pool-1-thread-145" [_thread_blocked, id=7492, stack(0x000000002ff30000,0x0000000030030000)]
  0x000000001ba48000 JavaThread "pool-1-thread-144" [_thread_blocked, id=72, stack(0x000000002fe30000,0x000000002ff30000)]
  0x000000001ba49000 JavaThread "pool-1-thread-143" [_thread_blocked, id=5228, stack(0x000000002fd30000,0x000000002fe30000)]
  0x000000001ba4b000 JavaThread "pool-1-thread-142" [_thread_blocked, id=2868, stack(0x000000002fc30000,0x000000002fd30000)]
  0x000000001ba46800 JavaThread "pool-1-thread-141" [_thread_blocked, id=11188, stack(0x000000002fb30000,0x000000002fc30000)]
  0x000000001ba47800 JavaThread "pool-1-thread-140" [_thread_blocked, id=6068, stack(0x000000002fa30000,0x000000002fb30000)]
  0x000000001aa0c000 JavaThread "pool-1-thread-139" [_thread_blocked, id=1624, stack(0x000000002f930000,0x000000002fa30000)]
  0x000000001aa0b800 JavaThread "pool-1-thread-138" [_thread_blocked, id=10720, stack(0x000000002f830000,0x000000002f930000)]
  0x000000001aa04000 JavaThread "pool-1-thread-137" [_thread_blocked, id=11788, stack(0x000000002f730000,0x000000002f830000)]
  0x000000001aa0a800 JavaThread "pool-1-thread-136" [_thread_blocked, id=4776, stack(0x000000002f630000,0x000000002f730000)]
  0x000000001aa0a000 JavaThread "pool-1-thread-135" [_thread_blocked, id=5848, stack(0x000000002f530000,0x000000002f630000)]
  0x000000001aa09000 JavaThread "pool-1-thread-134" [_thread_blocked, id=11920, stack(0x000000002f430000,0x000000002f530000)]
  0x000000001aa07000 JavaThread "pool-1-thread-133" [_thread_blocked, id=4208, stack(0x000000002f330000,0x000000002f430000)]
  0x000000001aa06000 JavaThread "pool-1-thread-132" [_thread_blocked, id=12280, stack(0x000000002f230000,0x000000002f330000)]
  0x000000001aa08800 JavaThread "pool-1-thread-131" [_thread_blocked, id=13104, stack(0x000000002f130000,0x000000002f230000)]
  0x000000001aa01000 JavaThread "pool-1-thread-130" [_thread_blocked, id=11620, stack(0x000000002f030000,0x000000002f130000)]
  0x000000001aa07800 JavaThread "pool-1-thread-129" [_thread_blocked, id=12512, stack(0x000000002ef30000,0x000000002f030000)]
  0x000000001aa05800 JavaThread "pool-1-thread-128" [_thread_blocked, id=9656, stack(0x000000002ee30000,0x000000002ef30000)]
  0x000000001a9ff800 JavaThread "pool-1-thread-127" [_thread_blocked, id=6840, stack(0x000000002ed30000,0x000000002ee30000)]
  0x000000001aa02800 JavaThread "pool-1-thread-126" [_thread_blocked, id=1668, stack(0x000000002ec30000,0x000000002ed30000)]
  0x000000001aa01800 JavaThread "pool-1-thread-125" [_thread_blocked, id=7260, stack(0x000000002eb30000,0x000000002ec30000)]
  0x000000001aa04800 JavaThread "pool-1-thread-124" [_thread_blocked, id=6876, stack(0x000000002ea30000,0x000000002eb30000)]
  0x000000001aa00000 JavaThread "pool-1-thread-123" [_thread_blocked, id=13052, stack(0x000000002e930000,0x000000002ea30000)]
  0x000000001a9fe000 JavaThread "pool-1-thread-122" [_thread_blocked, id=4412, stack(0x000000002e830000,0x000000002e930000)]
  0x000000001a9fd000 JavaThread "pool-1-thread-121" [_thread_blocked, id=11980, stack(0x000000002e730000,0x000000002e830000)]
  0x000000001aa03000 JavaThread "pool-1-thread-120" [_thread_blocked, id=2764, stack(0x000000002e630000,0x000000002e730000)]
  0x000000001a9fe800 JavaThread "pool-1-thread-119" [_thread_blocked, id=11384, stack(0x000000002e530000,0x000000002e630000)]
  0x000000001a9f5000 JavaThread "pool-1-thread-118" [_thread_blocked, id=7188, stack(0x000000002e430000,0x000000002e530000)]
  0x000000001a9f7800 JavaThread "pool-1-thread-117" [_thread_blocked, id=12520, stack(0x000000002e330000,0x000000002e430000)]
  0x000000001a9f4800 JavaThread "pool-1-thread-116" [_thread_blocked, id=12176, stack(0x000000002e230000,0x000000002e330000)]
  0x000000001a9f6800 JavaThread "pool-1-thread-115" [_thread_blocked, id=9844, stack(0x000000002e130000,0x000000002e230000)]
  0x000000001a9f8000 JavaThread "pool-1-thread-114" [_thread_blocked, id=6900, stack(0x000000002e030000,0x000000002e130000)]
  0x000000001a9f3800 JavaThread "pool-1-thread-113" [_thread_blocked, id=11268, stack(0x000000002df30000,0x000000002e030000)]
  0x000000001a9f3000 JavaThread "pool-1-thread-112" [_thread_blocked, id=11024, stack(0x000000002de30000,0x000000002df30000)]
  0x000000001a9f6000 JavaThread "pool-1-thread-111" [_thread_blocked, id=10612, stack(0x000000002dd30000,0x000000002de30000)]
  0x000000001a9ec000 JavaThread "pool-1-thread-110" [_thread_blocked, id=10264, stack(0x000000002dc30000,0x000000002dd30000)]
  0x000000001a9eb800 JavaThread "pool-1-thread-109" [_thread_blocked, id=9764, stack(0x000000002db30000,0x000000002dc30000)]
  0x000000001a9f2000 JavaThread "pool-1-thread-108" [_thread_blocked, id=3420, stack(0x000000002da30000,0x000000002db30000)]
  0x000000001a9ea800 JavaThread "pool-1-thread-107" [_thread_blocked, id=4732, stack(0x000000002d930000,0x000000002da30000)]
  0x000000001a9f1800 JavaThread "pool-1-thread-106" [_thread_blocked, id=6796, stack(0x000000002d830000,0x000000002d930000)]
  0x000000001a9ef000 JavaThread "pool-1-thread-105" [_thread_blocked, id=6528, stack(0x000000002d730000,0x000000002d830000)]
  0x000000001a9ee800 JavaThread "pool-1-thread-104" [_thread_blocked, id=10324, stack(0x000000002d630000,0x000000002d730000)]
  0x000000001a9ea000 JavaThread "pool-1-thread-103" [_thread_blocked, id=5104, stack(0x000000002d530000,0x000000002d630000)]
  0x000000001a9f0800 JavaThread "pool-1-thread-102" [_thread_blocked, id=9112, stack(0x000000002d430000,0x000000002d530000)]
  0x000000001a9e9000 JavaThread "pool-1-thread-101" [_thread_blocked, id=6612, stack(0x000000002d330000,0x000000002d430000)]
  0x000000001a9f0000 JavaThread "pool-1-thread-100" [_thread_blocked, id=5856, stack(0x000000002d230000,0x000000002d330000)]
  0x000000001a9ed800 JavaThread "pool-1-thread-99" [_thread_blocked, id=2168, stack(0x000000002d130000,0x000000002d230000)]
  0x000000001a9ed000 JavaThread "pool-1-thread-98" [_thread_blocked, id=12128, stack(0x000000002d030000,0x000000002d130000)]
  0x000000001aa3c000 JavaThread "pool-1-thread-97" [_thread_blocked, id=11812, stack(0x000000002cf30000,0x000000002d030000)]
  0x000000001aa3a800 JavaThread "pool-1-thread-96" [_thread_blocked, id=6984, stack(0x000000002ce30000,0x000000002cf30000)]
  0x000000001aa39000 JavaThread "pool-1-thread-95" [_thread_blocked, id=2320, stack(0x000000002cd30000,0x000000002ce30000)]
  0x000000001aa3a000 JavaThread "pool-1-thread-94" [_thread_blocked, id=2636, stack(0x000000002cc30000,0x000000002cd30000)]
  0x000000001aa3b800 JavaThread "pool-1-thread-93" [_thread_blocked, id=10416, stack(0x000000002cb30000,0x000000002cc30000)]
  0x000000001aa38800 JavaThread "pool-1-thread-92" [_thread_blocked, id=13268, stack(0x000000002ca30000,0x000000002cb30000)]
  0x000000001aa31000 JavaThread "pool-1-thread-91" [_thread_blocked, id=9988, stack(0x000000002c930000,0x000000002ca30000)]
  0x000000001aa37800 JavaThread "pool-1-thread-90" [_thread_blocked, id=12536, stack(0x000000002c830000,0x000000002c930000)]
  0x000000001aa37000 JavaThread "pool-1-thread-89" [_thread_blocked, id=2188, stack(0x000000002c730000,0x000000002c830000)]
  0x000000001aa36000 JavaThread "pool-1-thread-88" [_thread_blocked, id=11240, stack(0x000000002c630000,0x000000002c730000)]
  0x000000001aa35800 JavaThread "pool-1-thread-87" [_thread_blocked, id=9156, stack(0x000000002c530000,0x000000002c630000)]
  0x000000001aa2e800 JavaThread "pool-1-thread-86" [_thread_blocked, id=10488, stack(0x000000002c430000,0x000000002c530000)]
  0x000000001aa30000 JavaThread "pool-1-thread-85" [_thread_blocked, id=888, stack(0x000000002c330000,0x000000002c430000)]
  0x000000001aa2e000 JavaThread "pool-1-thread-84" [_thread_blocked, id=11900, stack(0x000000002c230000,0x000000002c330000)]
  0x000000001aa2f800 JavaThread "pool-1-thread-83" [_thread_blocked, id=244, stack(0x000000002c130000,0x000000002c230000)]
  0x000000001aa33000 JavaThread "pool-1-thread-82" [_thread_blocked, id=5960, stack(0x000000002c030000,0x000000002c130000)]
  0x000000001aa34000 JavaThread "pool-1-thread-81" [_thread_blocked, id=11128, stack(0x000000002bf30000,0x000000002c030000)]
  0x000000001aa34800 JavaThread "pool-1-thread-80" [_thread_blocked, id=9364, stack(0x000000002be30000,0x000000002bf30000)]
  0x000000001aa31800 JavaThread "pool-1-thread-79" [_thread_blocked, id=7520, stack(0x000000002bd30000,0x000000002be30000)]
  0x000000001aa2d000 JavaThread "pool-1-thread-78" [_thread_blocked, id=5612, stack(0x000000002bc30000,0x000000002bd30000)]
  0x000000001aa32800 JavaThread "pool-1-thread-77" [_thread_blocked, id=2516, stack(0x000000002bb30000,0x000000002bc30000)]
  0x000000002258a800 JavaThread "pool-1-thread-76" [_thread_blocked, id=1676, stack(0x000000002ba30000,0x000000002bb30000)]
  0x0000000022590000 JavaThread "pool-1-thread-75" [_thread_blocked, id=10876, stack(0x000000002b930000,0x000000002ba30000)]
  0x000000002258f000 JavaThread "pool-1-thread-74" [_thread_blocked, id=6848, stack(0x000000002b830000,0x000000002b930000)]
  0x0000000022591800 JavaThread "pool-1-thread-73" [_thread_blocked, id=7776, stack(0x000000002b730000,0x000000002b830000)]
  0x000000002258c000 JavaThread "pool-1-thread-72" [_thread_blocked, id=3324, stack(0x000000002b630000,0x000000002b730000)]
  0x000000002258e800 JavaThread "pool-1-thread-71" [_thread_blocked, id=4440, stack(0x000000002b530000,0x000000002b630000)]
  0x000000002258b800 JavaThread "pool-1-thread-70" [_thread_blocked, id=12544, stack(0x000000002b430000,0x000000002b530000)]
  0x000000002258d800 JavaThread "pool-1-thread-69" [_thread_blocked, id=12116, stack(0x000000002b330000,0x000000002b430000)]
  0x000000002258d000 JavaThread "pool-1-thread-68" [_thread_blocked, id=12680, stack(0x000000002b230000,0x000000002b330000)]
  0x0000000022590800 JavaThread "pool-1-thread-67" [_thread_blocked, id=6844, stack(0x000000002b130000,0x000000002b230000)]
  0x0000000022584000 JavaThread "pool-1-thread-66" [_thread_blocked, id=9516, stack(0x000000002b030000,0x000000002b130000)]
  0x000000002258a000 JavaThread "pool-1-thread-65" [_thread_blocked, id=8220, stack(0x000000002af30000,0x000000002b030000)]
  0x0000000022582800 JavaThread "pool-1-thread-64" [_thread_blocked, id=11068, stack(0x000000002ae30000,0x000000002af30000)]
  0x0000000022589000 JavaThread "pool-1-thread-63" [_thread_blocked, id=3088, stack(0x000000002ad30000,0x000000002ae30000)]
  0x0000000022583000 JavaThread "pool-1-thread-62" [_thread_blocked, id=964, stack(0x000000002ac30000,0x000000002ad30000)]
  0x0000000022587800 JavaThread "pool-1-thread-61" [_thread_blocked, id=6176, stack(0x000000002ab30000,0x000000002ac30000)]
  0x0000000022586000 JavaThread "pool-1-thread-60" [_thread_blocked, id=3240, stack(0x000000002aa30000,0x000000002ab30000)]
  0x0000000022588800 JavaThread "pool-1-thread-59" [_thread_blocked, id=7400, stack(0x000000002a930000,0x000000002aa30000)]
  0x0000000022585800 JavaThread "pool-1-thread-58" [_thread_blocked, id=4576, stack(0x000000002a830000,0x000000002a930000)]
  0x0000000022584800 JavaThread "pool-1-thread-57" [_thread_blocked, id=12588, stack(0x000000002a730000,0x000000002a830000)]
  0x0000000022587000 JavaThread "pool-1-thread-56" [_thread_blocked, id=10652, stack(0x000000002a630000,0x000000002a730000)]
  0x0000000022579800 JavaThread "pool-1-thread-55" [_thread_blocked, id=7608, stack(0x000000002a530000,0x000000002a630000)]
  0x0000000022572000 JavaThread "pool-1-thread-54" [_thread_blocked, id=8244, stack(0x000000002a430000,0x000000002a530000)]
  0x0000000022578800 JavaThread "pool-1-thread-53" [_thread_blocked, id=2856, stack(0x000000002a330000,0x000000002a430000)]
  0x0000000022577000 JavaThread "pool-1-thread-52" [_thread_blocked, id=5948, stack(0x000000002a230000,0x000000002a330000)]
  0x0000000022576800 JavaThread "pool-1-thread-51" [_thread_blocked, id=1176, stack(0x000000002a130000,0x000000002a230000)]
  0x0000000022573800 JavaThread "pool-1-thread-50" [_thread_blocked, id=12132, stack(0x000000002a030000,0x000000002a130000)]
  0x0000000022575800 JavaThread "pool-1-thread-49" [_thread_blocked, id=404, stack(0x0000000029f30000,0x000000002a030000)]
  0x0000000022574000 JavaThread "pool-1-thread-48" [_thread_blocked, id=3180, stack(0x0000000029e30000,0x0000000029f30000)]
  0x0000000022572800 JavaThread "pool-1-thread-47" [_thread_blocked, id=2152, stack(0x0000000029d30000,0x0000000029e30000)]
  0x0000000022575000 JavaThread "pool-1-thread-46" [_thread_blocked, id=12416, stack(0x0000000029c30000,0x0000000029d30000)]
  0x0000000022578000 JavaThread "pool-1-thread-45" [_thread_blocked, id=8752, stack(0x0000000029b30000,0x0000000029c30000)]
  0x0000000022571000 JavaThread "pool-1-thread-44" [_thread_blocked, id=9980, stack(0x0000000029a30000,0x0000000029b30000)]
  0x000000002256c000 JavaThread "pool-1-thread-43" [_thread_blocked, id=4000, stack(0x0000000029930000,0x0000000029a30000)]
  0x000000002256a800 JavaThread "pool-1-thread-42" [_thread_blocked, id=3664, stack(0x0000000029830000,0x0000000029930000)]
  0x0000000022570800 JavaThread "pool-1-thread-41" [_thread_blocked, id=6468, stack(0x0000000029730000,0x0000000029830000)]
  0x000000002256d800 JavaThread "pool-1-thread-40" [_thread_blocked, id=10696, stack(0x0000000029630000,0x0000000029730000)]
  0x000000002256e000 JavaThread "pool-1-thread-39" [_thread_blocked, id=12828, stack(0x0000000029530000,0x0000000029630000)]
  0x000000002256c800 JavaThread "pool-1-thread-38" [_thread_blocked, id=11964, stack(0x0000000029430000,0x0000000029530000)]
  0x000000002256f000 JavaThread "pool-1-thread-37" [_thread_blocked, id=11808, stack(0x0000000029330000,0x0000000029430000)]
  0x000000002256b000 JavaThread "pool-1-thread-36" [_thread_blocked, id=10956, stack(0x0000000029230000,0x0000000029330000)]
  0x000000002256f800 JavaThread "pool-1-thread-35" [_thread_blocked, id=6564, stack(0x0000000029130000,0x0000000029230000)]
  0x000000001a9ca800 JavaThread "pool-1-thread-34" [_thread_blocked, id=1636, stack(0x0000000029030000,0x0000000029130000)]
  0x000000001a9ca000 JavaThread "pool-1-thread-33" [_thread_blocked, id=3076, stack(0x0000000028f30000,0x0000000029030000)]
  0x000000001a9cc000 JavaThread "pool-1-thread-32" [_thread_blocked, id=2204, stack(0x0000000028e30000,0x0000000028f30000)]
  0x000000001a9c9000 JavaThread "pool-1-thread-31" [_thread_blocked, id=6596, stack(0x0000000028d30000,0x0000000028e30000)]
  0x000000001a9c8800 JavaThread "pool-1-thread-30" [_thread_blocked, id=10624, stack(0x0000000028c30000,0x0000000028d30000)]
  0x000000001a9c7000 JavaThread "pool-1-thread-29" [_thread_blocked, id=8436, stack(0x0000000028b30000,0x0000000028c30000)]
  0x000000001a9cb800 JavaThread "pool-1-thread-28" [_thread_blocked, id=7072, stack(0x0000000028a30000,0x0000000028b30000)]
  0x000000001a9c7800 JavaThread "pool-1-thread-27" [_thread_blocked, id=1568, stack(0x0000000028930000,0x0000000028a30000)]
  0x000000001a9bf800 JavaThread "pool-1-thread-26" [_thread_blocked, id=5500, stack(0x0000000028830000,0x0000000028930000)]
  0x000000001a9c6000 JavaThread "pool-1-thread-25" [_thread_blocked, id=11400, stack(0x0000000028730000,0x0000000028830000)]
  0x000000001a9be800 JavaThread "pool-1-thread-24" [_thread_blocked, id=8584, stack(0x0000000028630000,0x0000000028730000)]
  0x000000001a9c5800 JavaThread "pool-1-thread-23" [_thread_blocked, id=5300, stack(0x0000000028530000,0x0000000028630000)]
  0x000000001a9be000 JavaThread "pool-1-thread-22" [_thread_blocked, id=1864, stack(0x0000000028430000,0x0000000028530000)]
  0x000000001a9c4800 JavaThread "pool-1-thread-21" [_thread_blocked, id=8096, stack(0x0000000028330000,0x0000000028430000)]
  0x000000001a9c4000 JavaThread "pool-1-thread-20" [_thread_blocked, id=8316, stack(0x0000000028230000,0x0000000028330000)]
  0x000000001a9c3000 JavaThread "pool-1-thread-19" [_thread_blocked, id=12708, stack(0x0000000028130000,0x0000000028230000)]
  0x000000001a9c1800 JavaThread "pool-1-thread-18" [_thread_blocked, id=1832, stack(0x0000000028030000,0x0000000028130000)]
  0x000000001a9c1000 JavaThread "pool-1-thread-17" [_thread_blocked, id=8340, stack(0x0000000027f30000,0x0000000028030000)]
  0x000000001a9c0000 JavaThread "pool-1-thread-16" [_thread_blocked, id=7704, stack(0x0000000027e30000,0x0000000027f30000)]
  0x000000001a9c2800 JavaThread "pool-1-thread-15" [_thread_blocked, id=6368, stack(0x0000000027d30000,0x0000000027e30000)]
  0x000000001a9bd000 JavaThread "pool-1-thread-14" [_thread_blocked, id=11156, stack(0x0000000027c30000,0x0000000027d30000)]
  0x000000001aaa1000 JavaThread "pool-1-thread-13" [_thread_blocked, id=6812, stack(0x0000000027b30000,0x0000000027c30000)]
  0x000000001aa9e800 JavaThread "pool-1-thread-12" [_thread_blocked, id=10808, stack(0x0000000027a30000,0x0000000027b30000)]
  0x000000001aaa2800 JavaThread "pool-1-thread-11" [_thread_blocked, id=11248, stack(0x0000000027930000,0x0000000027a30000)]
  0x000000001aaa3000 JavaThread "pool-1-thread-10" [_thread_blocked, id=9040, stack(0x0000000027830000,0x0000000027930000)]
  0x000000001aaa1800 JavaThread "pool-1-thread-9" [_thread_blocked, id=3532, stack(0x0000000027730000,0x0000000027830000)]
  0x000000001aaa0000 JavaThread "pool-1-thread-8" [_thread_blocked, id=7068, stack(0x0000000027630000,0x0000000027730000)]
  0x000000001aa9f800 JavaThread "pool-1-thread-7" [_thread_blocked, id=7112, stack(0x0000000027530000,0x0000000027630000)]
  0x000000001aa9e000 JavaThread "pool-1-thread-6" [_thread_blocked, id=3348, stack(0x0000000027430000,0x0000000027530000)]
  0x000000001aaa4000 JavaThread "pool-1-thread-5" [_thread_blocked, id=12328, stack(0x0000000027330000,0x0000000027430000)]
  0x000000001aa9d000 JavaThread "pool-1-thread-4" [_thread_blocked, id=2956, stack(0x0000000027230000,0x0000000027330000)]
  0x000000001a9d7000 JavaThread "pool-1-thread-3" [_thread_blocked, id=1312, stack(0x0000000027130000,0x0000000027230000)]
  0x000000001a9d6000 JavaThread "pool-1-thread-2" [_thread_blocked, id=9092, stack(0x0000000027030000,0x0000000027130000)]
  0x000000001b473000 JavaThread "pool-1-thread-1" [_thread_blocked, id=10636, stack(0x0000000026f30000,0x0000000027030000)]
=>0x000000001b6f7800 JavaThread "Thread-3" [_thread_in_vm, id=8960, stack(0x0000000026e30000,0x0000000026f30000)]
  0x000000001b6c9000 JavaThread "TimerQueue" daemon [_thread_blocked, id=4920, stack(0x0000000021210000,0x0000000021310000)]
  0x0000000002b4e000 JavaThread "DestroyJavaVM" [_thread_blocked, id=5128, stack(0x00000000046c0000,0x00000000047c0000)]
  0x000000001b3fc000 JavaThread "AWT-EventQueue-0" [_thread_blocked, id=7648, stack(0x000000001c6c0000,0x000000001c7c0000)]
  0x000000001b388800 JavaThread "AWT-Windows" daemon [_thread_blocked, id=716, stack(0x000000001bdf0000,0x000000001bef0000)]
  0x000000001b385800 JavaThread "AWT-Shutdown" [_thread_blocked, id=8964, stack(0x000000001bcf0000,0x000000001bdf0000)]
  0x000000001b385000 JavaThread "Java2D Disposer" daemon [_thread_blocked, id=5512, stack(0x000000001bbf0000,0x000000001bcf0000)]
  0x000000001a82a000 JavaThread "Service Thread" daemon [_thread_blocked, id=9944, stack(0x000000001b090000,0x000000001b190000)]
  0x000000001a7a7000 JavaThread "C1 CompilerThread2" daemon [_thread_blocked, id=12552, stack(0x000000001af90000,0x000000001b090000)]
  0x000000001948d000 JavaThread "C2 CompilerThread1" daemon [_thread_blocked, id=7788, stack(0x000000001ae90000,0x000000001af90000)]
  0x0000000019489000 JavaThread "C2 CompilerThread0" daemon [_thread_blocked, id=1000, stack(0x000000001ad90000,0x000000001ae90000)]
  0x0000000019488000 JavaThread "Attach Listener" daemon [_thread_blocked, id=11300, stack(0x000000001ac90000,0x000000001ad90000)]
  0x000000001943e800 JavaThread "Signal Dispatcher" daemon [_thread_blocked, id=856, stack(0x000000001ab90000,0x000000001ac90000)]
  0x0000000019419800 JavaThread "Finalizer" daemon [_thread_blocked, id=10724, stack(0x000000001a690000,0x000000001a790000)]
  0x00000000048b1000 JavaThread "Reference Handler" daemon [_thread_blocked, id=9440, stack(0x000000001a590000,0x000000001a690000)]

Other Threads:
  0x00000000193f7000 VMThread [stack: 0x000000001a490000,0x000000001a590000] [id=10016]
  0x000000001a862800 WatcherThread [stack: 0x000000001b190000,0x000000001b290000] [id=6460]

VM state:synchronizing (normal execution)

VM Mutex/Monitor currently owned by a thread:  ([mutex/lock_event])
[0x0000000002b4d850] Threads_lock - owner thread: 0x00000000193f7000

Heap:
 PSYoungGen      total 38400K, used 31321K [0x00000000d5c00000, 0x00000000d8680000, 0x0000000100000000)
  eden space 33280K, 79% used [0x00000000d5c00000,0x00000000d75df008,0x00000000d7c80000)
  from space 5120K, 94% used [0x00000000d7c80000,0x00000000d8137540,0x00000000d8180000)
  to   space 5120K, 0% used [0x00000000d8180000,0x00000000d8180000,0x00000000d8680000)
 ParOldGen       total 87552K, used 4336K [0x0000000081400000, 0x0000000086980000, 0x00000000d5c00000)
  object space 87552K, 4% used [0x0000000081400000,0x000000008183c2e0,0x0000000086980000)
 Metaspace       used 13985K, capacity 14228K, committed 14464K, reserved 1062912K
  class space    used 1775K, capacity 1877K, committed 1920K, reserved 1048576K

Card table byte_map: [0x0000000013c80000,0x0000000014080000] byte_map_base: 0x0000000013876000

Marking Bits: (ParMarkBitMap*) 0x00000000612cd850
 Begin Bits: [0x0000000014730000, 0x00000000166e0000)
 End Bits:   [0x00000000166e0000, 0x0000000018690000)

Polling page: 0x0000000002640000

CodeCache: size=245760Kb used=4825Kb max_used=4825Kb free=240934Kb
 bounds [0x00000000048c0000, 0x0000000004d80000, 0x00000000138c0000]
 total_blobs=2013 nmethods=1500 adapters=424
 compilation: enabled

Compilation events (10 events):
Event: 25.673 Thread 0x000000001a7a7000 nmethod 1525 0x0000000004d66610 code [0x0000000004d66760, 0x0000000004d66870]
Event: 25.786 Thread 0x000000001948d000 1526       4       java.awt.EventQueue::getNextEventPrivate (76 bytes)
Event: 25.789 Thread 0x000000001948d000 nmethod 1526 0x0000000004d78490 code [0x0000000004d785e0, 0x0000000004d787f8]
Event: 26.187 Thread 0x000000001a7a7000 1527   !   3       java.awt.KeyboardFocusManager::clearMostRecentFocusOwner (110 bytes)
Event: 26.188 Thread 0x000000001a7a7000 nmethod 1527 0x0000000004d76250 code [0x0000000004d764c0, 0x0000000004d77c38]
Event: 26.189 Thread 0x000000001a7a7000 1528       3       java.util.concurrent.atomic.AtomicInteger::getAndIncrement (12 bytes)
Event: 26.189 Thread 0x000000001a7a7000 nmethod 1528 0x0000000004d75f50 code [0x0000000004d760a0, 0x0000000004d761f0]
Event: 27.209 Thread 0x000000001a7a7000 1529       3       java.lang.reflect.Method::invoke (62 bytes)
Event: 27.210 Thread 0x000000001a7a7000 nmethod 1529 0x0000000004d75650 code [0x0000000004d75800, 0x0000000004d75d68]
Event: 27.210 Thread 0x000000001a7a7000 1530       3       sun.reflect.DelegatingMethodAccessorImpl::invoke (10 bytes)

GC Heap History (2 events):
Event: 23.428 GC heap before
{Heap before GC invocations=1 (full 0):
 PSYoungGen      total 38400K, used 33280K [0x00000000d5c00000, 0x00000000d8680000, 0x0000000100000000)
  eden space 33280K, 100% used [0x00000000d5c00000,0x00000000d7c80000,0x00000000d7c80000)
  from space 5120K, 0% used [0x00000000d8180000,0x00000000d8180000,0x00000000d8680000)
  to   space 5120K, 0% used [0x00000000d7c80000,0x00000000d7c80000,0x00000000d8180000)
 ParOldGen       total 87552K, used 0K [0x0000000081400000, 0x0000000086980000, 0x00000000d5c00000)
  object space 87552K, 0% used [0x0000000081400000,0x0000000081400000,0x0000000086980000)
 Metaspace       used 13871K, capacity 14164K, committed 14464K, reserved 1062912K
  class space    used 1768K, capacity 1877K, committed 1920K, reserved 1048576K
Event: 23.436 GC heap after
Heap after GC invocations=1 (full 0):
 PSYoungGen      total 38400K, used 4829K [0x00000000d5c00000, 0x00000000d8680000, 0x0000000100000000)
  eden space 33280K, 0% used [0x00000000d5c00000,0x00000000d5c00000,0x00000000d7c80000)
  from space 5120K, 94% used [0x00000000d7c80000,0x00000000d8137540,0x00000000d8180000)
  to   space 5120K, 0% used [0x00000000d8180000,0x00000000d8180000,0x00000000d8680000)
 ParOldGen       total 87552K, used 4336K [0x0000000081400000, 0x0000000086980000, 0x00000000d5c00000)
  object space 87552K, 4% used [0x0000000081400000,0x000000008183c2e0,0x0000000086980000)
 Metaspace       used 13871K, capacity 14164K, committed 14464K, reserved 1062912K
  class space    used 1768K, capacity 1877K, committed 1920K, reserved 1048576K
}

Deoptimization events (7 events):
Event: 1.751 Thread 0x000000001b3fc000 Uncommon trap: reason=class_check action=maybe_recompile pc=0x0000000004a35d9c method=java.lang.String.equals(Ljava/lang/Object;)Z @ 8
Event: 1.751 Thread 0x000000001b3fc000 Uncommon trap: reason=class_check action=maybe_recompile pc=0x0000000004a35d9c method=java.lang.String.equals(Ljava/lang/Object;)Z @ 8
Event: 1.751 Thread 0x000000001b3fc000 Uncommon trap: reason=class_check action=maybe_recompile pc=0x0000000004a35d9c method=java.lang.String.equals(Ljava/lang/Object;)Z @ 8
Event: 2.200 Thread 0x000000001b3fc000 Uncommon trap: reason=class_check action=maybe_recompile pc=0x0000000004a35d9c method=java.lang.String.equals(Ljava/lang/Object;)Z @ 8
Event: 23.385 Thread 0x000000001b3fc000 Uncommon trap: reason=unstable_if action=reinterpret pc=0x0000000004ce9edc method=javax.swing.table.DefaultTableCellRenderer.firePropertyChange(Ljava/lang/String;Ljava/lang/Object;Ljava/lang/Object;)V @ 32
Event: 23.414 Thread 0x000000001b3fc000 Uncommon trap: reason=bimorphic action=maybe_recompile pc=0x0000000004ce4ee0 method=java.awt.Component.getBackground()Ljava/awt/Color; @ 21
Event: 23.995 Thread 0x000000001b3fc000 Uncommon trap: reason=unstable_if action=reinterpret pc=0x0000000004cf2300 method=java.lang.ref.SoftReference.get()Ljava/lang/Object; @ 17

Internal exceptions (10 events):
Event: 0.036 Thread 0x0000000002b4e000 Exception <a 'java/lang/NoSuchMethodError': Method sun.misc.Unsafe.prefetchRead(Ljava/lang/Object;J)V name or signature does not match> (0x00000000d5c07f90) thrown at [C:\re\workspace\8-2-build-windows-amd64-cygwin\jdk8u144\9417\hotspot\src\share\vm\prims
Event: 0.201 Thread 0x0000000002b4e000 Exception <a 'java/io/FileNotFoundException'> (0x00000000d5d44a28) thrown at [C:\re\workspace\8-2-build-windows-amd64-cygwin\jdk8u144\9417\hotspot\src\share\vm\prims\jni.cpp, line 709]
Event: 0.233 Thread 0x0000000002b4e000 Exception <a 'java/lang/NoSuchFieldError': method resolution failed> (0x00000000d5eb8260) thrown at [C:\re\workspace\8-2-build-windows-amd64-cygwin\jdk8u144\9417\hotspot\src\share\vm\prims\methodHandles.cpp, line 1146]
Event: 0.234 Thread 0x0000000002b4e000 Exception <a 'java/lang/NoSuchFieldError': method resolution failed> (0x00000000d5ec5630) thrown at [C:\re\workspace\8-2-build-windows-amd64-cygwin\jdk8u144\9417\hotspot\src\share\vm\prims\methodHandles.cpp, line 1146]
Event: 0.270 Thread 0x0000000002b4e000 Exception <a 'java/io/FileNotFoundException'> (0x00000000d5f60238) thrown at [C:\re\workspace\8-2-build-windows-amd64-cygwin\jdk8u144\9417\hotspot\src\share\vm\prims\jni.cpp, line 709]
Event: 25.694 Thread 0x000000001b473000 Exception <a 'java/net/UnknownHostException': h268a> (0x00000000d5c00328) thrown at [C:\re\workspace\8-2-build-windows-amd64-cygwin\jdk8u144\9417\hotspot\src\share\vm\prims\jni.cpp, line 735]
Event: 25.703 Thread 0x000000001a9bf800 Exception <a 'java/net/UnknownHostException': lijunjiede-ipad> (0x00000000d62e62e0) thrown at [C:\re\workspace\8-2-build-windows-amd64-cygwin\jdk8u144\9417\hotspot\src\share\vm\prims\jni.cpp, line 735]
Event: 25.834 Thread 0x000000001a9cc000 Exception <a 'java/net/UnknownHostException': iphone-2> (0x00000000d6831570) thrown at [C:\re\workspace\8-2-build-windows-amd64-cygwin\jdk8u144\9417\hotspot\src\share\vm\prims\jni.cpp, line 735]
Event: 25.834 Thread 0x000000001aa9f800 Exception <a 'java/net/UnknownHostException': kis-macbook-pro> (0x00000000d5cf9e60) thrown at [C:\re\workspace\8-2-build-windows-amd64-cygwin\jdk8u144\9417\hotspot\src\share\vm\prims\jni.cpp, line 735]
Event: 27.207 Thread 0x000000001b6f7800 Exception <a 'java/lang/ArrayStoreException'> (0x00000000d6f09560) thrown at [C:\re\workspace\8-2-build-windows-amd64-cygwin\jdk8u144\9417\hotspot\src\share\vm\prims\jni.cpp, line 3511]

Events (10 events):
Event: 25.064 Executing VM operation: RevokeBias
Event: 25.064 Executing VM operation: RevokeBias done
Event: 25.138 Executing VM operation: BulkRevokeBias
Event: 25.139 Executing VM operation: BulkRevokeBias done
Event: 25.212 loading class java/security/DomainCombiner
Event: 25.212 loading class java/security/DomainCombiner done
Event: 25.694 loading class java/lang/SecurityException
Event: 25.694 loading class java/lang/SecurityException done
Event: 26.187 loading class network/host/NetCardList
Event: 26.187 loading class network/host/NetCardList done


Dynamic libraries:
0x00007ff69b6c0000 - 0x00007ff69b6f7000 	F:\tool\jdk\java_jdk_8\jdk_version\bin\javaw.exe
0x00007ffaaebe0000 - 0x00007ffaaedc0000 	C:\Windows\SYSTEM32\ntdll.dll
0x00007ffaae7d0000 - 0x00007ffaae87e000 	C:\Windows\System32\KERNEL32.DLL
0x00007ffaab6f0000 - 0x00007ffaab956000 	C:\Windows\System32\KERNELBASE.dll
0x00007ffaadf70000 - 0x00007ffaae011000 	C:\Windows\System32\ADVAPI32.dll
0x00007ffaadb30000 - 0x00007ffaadbcd000 	C:\Windows\System32\msvcrt.dll
0x00007ffaadad0000 - 0x00007ffaadb2b000 	C:\Windows\System32\sechost.dll
0x00007ffaac280000 - 0x00007ffaac39f000 	C:\Windows\System32\RPCRT4.dll
0x00007ffaae9b0000 - 0x00007ffaaeb3f000 	C:\Windows\System32\USER32.dll
0x00007ffaab0e0000 - 0x00007ffaab100000 	C:\Windows\System32\win32u.dll
0x00007ffaac0e0000 - 0x00007ffaac108000 	C:\Windows\System32\GDI32.dll
0x00007ffaab4d0000 - 0x00007ffaab663000 	C:\Windows\System32\gdi32full.dll
0x00007ffaab2d0000 - 0x00007ffaab36b000 	C:\Windows\System32\msvcp_win.dll
0x00007ffaaafe0000 - 0x00007ffaab0d5000 	C:\Windows\System32\ucrtbase.dll
0x00007ffaa4220000 - 0x00007ffaa4489000 	C:\Windows\WinSxS\amd64_microsoft.windows.common-controls_6595b64144ccf1df_6.0.16299.726_none_15ccdb369361144a\COMCTL32.dll
0x00007ffaadbf0000 - 0x00007ffaadef7000 	C:\Windows\System32\combase.dll
0x00007ffaab670000 - 0x00007ffaab6e2000 	C:\Windows\System32\bcryptPrimitives.dll
0x00007ffaac0b0000 - 0x00007ffaac0dd000 	C:\Windows\System32\IMM32.DLL
0x0000000062be0000 - 0x0000000062cb2000 	F:\tool\jdk\java_jdk_8\jdk_version\jre\bin\msvcr100.dll
0x0000000060ab0000 - 0x000000006134d000 	F:\tool\jdk\java_jdk_8\jdk_version\jre\bin\server\jvm.dll
0x00007ffaadf60000 - 0x00007ffaadf68000 	C:\Windows\System32\PSAPI.DLL
0x00007ffa98a80000 - 0x00007ffa98a89000 	C:\Windows\SYSTEM32\WSOCK32.dll
0x00007ffaaeb40000 - 0x00007ffaaebac000 	C:\Windows\System32\WS2_32.dll
0x00007ffaa7fc0000 - 0x00007ffaa7fe3000 	C:\Windows\SYSTEM32\WINMM.dll
0x00007ffa9d8d0000 - 0x00007ffa9d8da000 	C:\Windows\SYSTEM32\VERSION.dll
0x00007ffaa7f60000 - 0x00007ffaa7f8a000 	C:\Windows\SYSTEM32\WINMMBASE.dll
0x00007ffaab480000 - 0x00007ffaab4ca000 	C:\Windows\System32\cfgmgr32.dll
0x0000000062bd0000 - 0x0000000062bdf000 	F:\tool\jdk\java_jdk_8\jdk_version\jre\bin\verify.dll
0x0000000062ba0000 - 0x0000000062bc9000 	F:\tool\jdk\java_jdk_8\jdk_version\jre\bin\java.dll
0x0000000062b80000 - 0x0000000062b96000 	F:\tool\jdk\java_jdk_8\jdk_version\jre\bin\zip.dll
0x00007ffaac4c0000 - 0x00007ffaad8f8000 	C:\Windows\System32\SHELL32.dll
0x00007ffaae880000 - 0x00007ffaae926000 	C:\Windows\System32\shcore.dll
0x00007ffaab960000 - 0x00007ffaac0a7000 	C:\Windows\System32\windows.storage.dll
0x00007ffaada70000 - 0x00007ffaadac1000 	C:\Windows\System32\shlwapi.dll
0x00007ffaaaf50000 - 0x00007ffaaaf61000 	C:\Windows\System32\kernel.appcore.dll
0x00007ffaaaf70000 - 0x00007ffaaafbc000 	C:\Windows\System32\powrprof.dll
0x00007ffaaaf30000 - 0x00007ffaaaf4b000 	C:\Windows\System32\profapi.dll
0x00000000619e0000 - 0x0000000061b78000 	F:\tool\jdk\java_jdk_8\jdk_version\jre\bin\awt.dll
0x00007ffaac110000 - 0x00007ffaac1d5000 	C:\Windows\System32\OLEAUT32.dll
0x00007ffaa93a0000 - 0x00007ffaa9428000 	C:\Windows\SYSTEM32\apphelp.dll
0x00007ffaa9790000 - 0x00007ffaa97ba000 	C:\Windows\system32\DWMAPI.DLL
0x00007ffaa9480000 - 0x00007ffaa9515000 	C:\Windows\system32\uxtheme.dll
0x00007ffa9ca10000 - 0x00007ffa9cb2e000 	C:\Windows\system32\opengl32.dll
0x00007ffa9c2c0000 - 0x00007ffa9c2ec000 	C:\Windows\SYSTEM32\GLU32.dll
0x00007ffaad900000 - 0x00007ffaada67000 	C:\Windows\System32\MSCTF.dll
0x00007ffaae680000 - 0x00007ffaae7c9000 	C:\Windows\System32\ole32.dll
0x0000000062b40000 - 0x0000000062b71000 	F:\tool\jdk\java_jdk_8\jdk_version\jre\bin\jpeg.dll
0x0000000060a60000 - 0x0000000060aa7000 	F:\tool\jdk\java_jdk_8\jdk_version\jre\bin\fontmanager.dll
0x0000000060a40000 - 0x0000000060a5a000 	F:\tool\jdk\java_jdk_8\jdk_version\jre\bin\net.dll
0x00007ffaaa7a0000 - 0x00007ffaaa806000 	C:\Windows\system32\mswsock.dll
0x0000000060a20000 - 0x0000000060a31000 	F:\tool\jdk\java_jdk_8\jdk_version\jre\bin\nio.dll
0x00000000609d0000 - 0x0000000060a12000 	F:\tool\jdk\java_jdk_8\jdk_version\jre\bin\t2k.dll
0x00007ffaa5ba0000 - 0x00007ffaa5c38000 	C:\Windows\System32\TextInputFramework.dll
0x00007ffaa6fd0000 - 0x00007ffaa72be000 	C:\Windows\System32\CoreUIComponents.dll
0x00007ffaa8d90000 - 0x00007ffaa8e6c000 	C:\Windows\System32\CoreMessaging.dll
0x00007ffaaa040000 - 0x00007ffaaa071000 	C:\Windows\SYSTEM32\ntmarta.dll
0x00007ffaa7720000 - 0x00007ffaa7856000 	C:\Windows\SYSTEM32\wintypes.dll
0x00007ffaac1e0000 - 0x00007ffaac27e000 	C:\Windows\System32\clbcatq.dll
0x00007ffa8b6f0000 - 0x00007ffa8b8d9000 	C:\Windows\system32\SogouTSF.ime
0x00007ffaa80a0000 - 0x00007ffaa80a7000 	C:\Windows\system32\MSIMG32.dll
0x00007ffa89420000 - 0x00007ffa89c97000 	C:\Windows\system32\SogouPy.ime
0x00007ffaa6df0000 - 0x00007ffaa6e5e000 	C:\Windows\SYSTEM32\OLEACC.dll
0x00007ffaa5850000 - 0x00007ffaa592e000 	C:\Windows\SYSTEM32\WINHTTP.dll
0x000000001e720000 - 0x000000001e85c000 	F:\SogouInput\9.3.0.3129\Resource.dll
0x00007ffa8b370000 - 0x00007ffa8b5d9000 	F:\SogouInput\Components\PicFace\1.1.0.1859\PicFace64.dll
0x00007ffaac3a0000 - 0x00007ffaac4aa000 	C:\Windows\System32\COMDLG32.dll
0x00007ffaa4930000 - 0x00007ffaa495b000 	F:\tool\jdk\java_jdk_8\jdk_version\jre\bin\Jpcap.dll
0x0000000180000000 - 0x0000000180065000 	C:\Windows\SYSTEM32\wpcap.dll
0x00007ffaaa530000 - 0x00007ffaaa569000 	C:\Windows\SYSTEM32\IPHLPAPI.DLL
0x000000001e430000 - 0x000000001e44f000 	C:\Windows\SYSTEM32\packet.dll
0x00007ffaae220000 - 0x00007ffaae228000 	C:\Windows\System32\NSI.dll
0x00007ffaa5e80000 - 0x00007ffaa5e96000 	C:\Windows\SYSTEM32\dhcpcsvc6.DLL
0x00007ffaa5ee0000 - 0x00007ffaa5efa000 	C:\Windows\SYSTEM32\dhcpcsvc.DLL
0x00007ffaa7400000 - 0x00007ffaa75ac000 	C:\Windows\SYSTEM32\WindowsCodecs.dll
0x00007ffa98d10000 - 0x00007ffa98d5f000 	C:\Windows\system32\dataexchange.dll
0x00007ffaa84e0000 - 0x00007ffaa87c2000 	C:\Windows\system32\d3d11.dll
0x00007ffaa8e70000 - 0x00007ffaa8fb2000 	C:\Windows\system32\dcomp.dll
0x00007ffaa9d70000 - 0x00007ffaa9e1f000 	C:\Windows\system32\dxgi.dll
0x00007ffaa9910000 - 0x00007ffaa9a8b000 	C:\Windows\system32\twinapi.appcore.dll
0x00007ffaa9880000 - 0x00007ffaa98a0000 	C:\Windows\system32\RMCLIENT.dll
0x00007ffaaaa70000 - 0x00007ffaaaa95000 	C:\Windows\system32\bcrypt.dll
0x00007ffa95660000 - 0x00007ffa95679000 	C:\Windows\SYSTEM32\CLDAPI.dll
0x00007ffa9e330000 - 0x00007ffa9e33a000 	C:\Windows\SYSTEM32\FLTLIB.DLL
0x00007ffa955e0000 - 0x00007ffa95656000 	C:\Windows\SYSTEM32\AEPIC.dll
0x00007ffaaa960000 - 0x00007ffaaa977000 	C:\Windows\SYSTEM32\cryptsp.dll
0x00007ffaa7d10000 - 0x00007ffaa7ec1000 	C:\Windows\SYSTEM32\PROPSYS.dll
0x00007ffa9cc60000 - 0x00007ffa9cca4000 	C:\Windows\SYSTEM32\edputil.dll
0x00007ffa9e9c0000 - 0x00007ffa9eae3000 	C:\Windows\System32\Windows.StateRepositoryPS.dll
0x00007ffaa0d30000 - 0x00007ffaa0ef9000 	C:\Windows\SYSTEM32\urlmon.dll
0x00007ffaadbd0000 - 0x00007ffaadbed000 	C:\Windows\System32\imagehlp.dll
0x00007ffaa12c0000 - 0x00007ffaa155f000 	C:\Windows\SYSTEM32\iertutil.dll
0x00007ffaaa980000 - 0x00007ffaaa98b000 	C:\Windows\SYSTEM32\CRYPTBASE.DLL
0x00007ffaa6600000 - 0x00007ffaa666f000 	C:\Windows\SYSTEM32\msiso.dll
0x00007ffaaae30000 - 0x00007ffaaae60000 	C:\Windows\SYSTEM32\SspiCli.dll
0x00007ffa9ae70000 - 0x00007ffa9ae86000 	C:\Windows\system32\napinsp.dll
0x00007ffa9adc0000 - 0x00007ffa9adda000 	C:\Windows\system32\pnrpnsp.dll
0x00007ffaa5d10000 - 0x00007ffaa5d28000 	C:\Windows\system32\NLAapi.dll
0x00007ffaaa570000 - 0x00007ffaaa626000 	C:\Windows\SYSTEM32\DNSAPI.dll
0x00007ffa9ae60000 - 0x00007ffa9ae6e000 	C:\Windows\System32\winrnr.dll
0x00007ffa9ae40000 - 0x00007ffa9ae55000 	C:\Windows\System32\wshbth.dll
0x0000000062b10000 - 0x0000000062b36000 	C:\Program Files\Bonjour\mdnsNSP.dll
0x00007ffa9d4e0000 - 0x00007ffa9d5ed000 	C:\Windows\SysWOW64\ierd_tgp_lsp64.dll
0x00007ffaa5770000 - 0x00007ffaa577a000 	C:\Windows\system32\wshqos.dll
0x00007ffaa5760000 - 0x00007ffaa5768000 	C:\Windows\SYSTEM32\wshtcpip.DLL
0x00007ffaa5750000 - 0x00007ffaa5758000 	C:\Windows\SYSTEM32\wship6.dll
0x00007ffa9dfa0000 - 0x00007ffa9dfaa000 	C:\Windows\System32\rasadhlp.dll
0x00007ffa9e660000 - 0x00007ffa9e6d0000 	C:\Windows\System32\fwpuclnt.dll
0x00007ffa9eb20000 - 0x00007ffa9ece8000 	C:\Windows\SYSTEM32\dbghelp.dll

VM Arguments:
jvm_args: -Dfile.encoding=GBK -Xbootclasspath:F:\tool\jdk\java_jdk_8\jdk_version\jre\lib\resources.jar;F:\tool\jdk\java_jdk_8\jdk_version\jre\lib\rt.jar;F:\tool\jdk\java_jdk_8\jdk_version\jre\lib\jsse.jar;F:\tool\jdk\java_jdk_8\jdk_version\jre\lib\jce.jar;F:\tool\jdk\java_jdk_8\jdk_version\jre\lib\charsets.jar;F:\tool\jdk\java_jdk_8\jdk_version\jre\lib\jfr.jar 
java_command: network.controller.Main
java_class_path (initial): F:\tool\jdk\java_jdk_8\jdk_version\jre\lib\resources.jar;F:\tool\jdk\java_jdk_8\jdk_version\jre\lib\rt.jar;F:\tool\jdk\java_jdk_8\jdk_version\jre\lib\jsse.jar;F:\tool\jdk\java_jdk_8\jdk_version\jre\lib\jce.jar;F:\tool\jdk\java_jdk_8\jdk_version\jre\lib\charsets.jar;F:\tool\jdk\java_jdk_8\jdk_version\jre\lib\jfr.jar;F:\workspace\NetworkProtocolAnalyzer\bin;F:\tool\jdk\java_jdk_8\jdk_version\jre\lib\ext\jfreechart-1.5.0.jar
Launcher Type: SUN_STANDARD

Environment Variables:
JAVA_HOME=F:\shxt\soft\java\jdk1.8.0_77_64
CLASSPATH=.;F:\tool\jdk\java_jdk_8\jdk_version\lib\dt.jar;F:\tool\jdk\java_jdk_8\jdk_version\lib\tools.jar
PATH=C:/Program Files (x86)/Java/jre1.8.0_162/bin/client;C:/Program Files (x86)/Java/jre1.8.0_162/bin;C:/Program Files (x86)/Java/jre1.8.0_162/lib/i386;C:\ProgramData\Oracle\Java\javapath;E:\app\Administrator\product\11.2.0\dbhome_1\bin;C:\Windows\system32;C:\Windows;C:\Windows\System32\Wbem;C:\Windows\System32\WindowsPowerShell\v1.0\;F:\tool\jdk\java_jdk_8\jdk_version\bin;F:\tool\jdk\java_jdk_8\jdk_version\jre\bin;F:\tool\tomcat\apache-tomcat-7\lib;F:\tool\tomcat\apache-tomcat-7\bin;C:\Program Files\MySQL\MySQL Utilities 1.6\;E:\Program Files\python0327\Scripts;E:\Program Files\python0327;E:\Program Files\MATLAB\R2016a\runtime\win64;E:\Program Files\MATLAB\R2016a\bin;E:\Program Files\MATLAB\R2016a\polyspace\bin;C:\Users\Administrator\AppData\Local\Microsoft\WindowsApps;;F:\eclipse-jee-oxygen-3a-win32[1]\eclipse;
USERNAME=Administrator
OS=Windows_NT
PROCESSOR_IDENTIFIER=Intel64 Family 6 Model 60 Stepping 3, GenuineIntel



---------------  S Y S T E M  ---------------

OS: Windows 10.0 , 64 bit Build 16299 (10.0.16299.431)

CPU:total 4 (initial active 4) (2 cores per cpu, 2 threads per core) family 6 model 60 stepping 3, cmov, cx8, fxsr, mmx, sse, sse2, sse3, ssse3, sse4.1, sse4.2, popcnt, avx, avx2, aes, clmul, erms, lzcnt, ht, tsc, tscinvbit, bmi1, bmi2

Memory: 4k page, physical 8302956k(4903836k free), swap 8827244k(4628716k free)

vm_info: Java HotSpot(TM) 64-Bit Server VM (25.144-b01) for windows-amd64 JRE (1.8.0_144-b01), built on Jul 21 2017 21:57:33 by "java_re" with MS VC++ 10.0 (VS2010)

time: Thu Oct 31 15:26:41 2019
elapsed time: 27 seconds (0d 0h 0m 27s)

