#
# A fatal error has been detected by the Java Runtime Environment:
#
#  EXCEPTION_ACCESS_VIOLATION (0xc0000005) at pc=0x000000005556a62e, pid=4804, tid=0x0000000000002a38
#
# JRE version: Java(TM) SE Runtime Environment (8.0_144-b01) (build 1.8.0_144-b01)
# Java VM: Java HotSpot(TM) 64-Bit Server VM (25.144-b01 mixed mode windows-amd64 compressed oops)
# Problematic frame:
# V  [jvm.dll+0x14a62e]
#
# Failed to write core dump. Minidumps are not enabled by default on client versions of Windows
#
# If you would like to submit a bug report, please visit:
#   http://bugreport.java.com/bugreport/crash.jsp
#

---------------  T H R E A D  ---------------

Current thread (0x000000001b559000):  JavaThread "Thread-2" [_thread_in_vm, id=10808, stack(0x00000000211f0000,0x00000000212f0000)]

siginfo: ExceptionCode=0xc0000005, reading address 0x00000056fffffffe

Registers:
RAX=0x00000056fffffffe, RBX=0x00000056fffffffe, RCX=0x00000000d82240d0, RDX=0x0000000000000000
RSP=0x00000000212eec30, RBP=0x000000001b5591f8, RSI=0x000000001b5591f8, RDI=0x000000001b559000
R8 =0x000000001b559000, R9 =0x000000001b35a2d8, R10=0x0000000000000032, R11=0x0000000000000032
R12=0x000000001b35a2c0, R13=0x000000001b35a2c8, R14=0x000000001b35a2b0, R15=0x00000000327169f0
RIP=0x000000005556a62e, EFLAGS=0x0000000000010246

Top of Stack: (sp=0x00000000212eec30)
0x00000000212eec30:   000000001aa58af8 000000001aa58af8
0x00000000212eec40:   00000000212eec98 00000000212eecc8
0x00000000212eec50:   000000001aa58af8 000000005548ea67
0x00000000212eec60:   000000001b559000 0000000000000032
0x00000000212eec70:   0000000032717570 00000000212eecc8
0x00000000212eec80:   000000001b5591f8 000000001b559000
0x00000000212eec90:   0000000000000000 000000001aa58af8
0x00000000212eeca0:   000000001b559000 0000000032717570
0x00000000212eecb0:   000000001b5591f8 0000000055561235
0x00000000212eecc0:   0000000032717570 000000001b559000
0x00000000212eecd0:   000000001b5591f8 000000018002a72b
0x00000000212eece0:   000000001b559000 0000000000000000
0x00000000212eecf0:   0000000000000000 0000000055bc1d50
0x00000000212eed00:   000000001b35a2d0 00007ffbf14c179b
0x00000000212eed10:   000000001b5591f8 000000001b35a2d0
0x00000000212eed20:   000000001b543aa0 000000001b35a2d8 

Instructions: (pc=0x000000005556a62e)
0x000000005556a60e:   00 00 00 00 74 0a 48 8d 4c 24 58 e8 82 17 13 00
0x000000005556a61e:   48 8b 0b e8 8a e1 f1 ff 4c 8b c7 33 d2 48 8b d8
0x000000005556a62e:   48 8b 00 48 8b cb ff 50 78 48 83 7f 08 00 74 04
0x000000005556a63e:   33 c0 eb 25 48 8b 03 48 8b d7 48 8b cb ff 90 90 


Register to memory mapping:

RAX=0x00000056fffffffe is an unknown value
RBX=0x00000056fffffffe is an unknown value
RCX=0x00000000d82240d0 is an oop
javax.swing.plaf.metal.MetalLabelUI 
 - klass: 'javax/swing/plaf/metal/MetalLabelUI'
RDX=0x0000000000000000 is an unknown value
RSP=0x00000000212eec30 is pointing into the stack for thread: 0x000000001b559000
RBP=0x000000001b5591f8 is an unknown value
RSI=0x000000001b5591f8 is an unknown value
RDI=0x000000001b559000 is a thread
R8 =0x000000001b559000 is a thread
R9 =0x000000001b35a2d8 is an unknown value
R10=0x0000000000000032 is an unknown value
R11=0x0000000000000032 is an unknown value
R12=0x000000001b35a2c0 is an unknown value
R13=0x000000001b35a2c8 is an unknown value
R14=0x000000001b35a2b0 is an unknown value
R15=0x00000000327169f0 is an unknown value


Stack: [0x00000000211f0000,0x00000000212f0000],  sp=0x00000000212eec30,  free space=1019k
Native frames: (J=compiled Java code, j=interpreted, Vv=VM code, C=native code)
V  [jvm.dll+0x14a62e]
C  [Jpcap.dll+0x179b]
C  0x00000000047c7f74

Java frames: (J=compiled Java code, j=interpreted, Vv=VM code)
j  jpcap.JpcapCaptor.getDeviceList()[Ljpcap/NetworkInterface;+0
j  network.host.MacSearch.macSSearch(Ljava/net/InetAddress;)[B+0
j  network.host.HostListDialog$1.run()V+142
v  ~StubRoutines::call_stub

---------------  P R O C E S S  ---------------

Java Threads: ( => current thread )
  0x000000001b6b1000 JavaThread "pool-1-thread-253" [_thread_in_native, id=1100, stack(0x0000000031300000,0x0000000031400000)]
  0x000000001b6a9800 JavaThread "pool-1-thread-252" [_thread_in_native, id=10488, stack(0x0000000031200000,0x0000000031300000)]
  0x000000001b6b0000 JavaThread "pool-1-thread-251" [_thread_blocked, id=10824, stack(0x0000000031100000,0x0000000031200000)]
  0x000000001b6a8800 JavaThread "pool-1-thread-250" [_thread_in_native, id=5932, stack(0x0000000031000000,0x0000000031100000)]
  0x000000001b6af800 JavaThread "pool-1-thread-249" [_thread_in_native, id=4992, stack(0x0000000030f00000,0x0000000031000000)]
  0x000000001b6ad000 JavaThread "pool-1-thread-248" [_thread_blocked, id=10172, stack(0x0000000030e00000,0x0000000030f00000)]
  0x000000001b6ae800 JavaThread "pool-1-thread-247" [_thread_blocked, id=11812, stack(0x0000000030d00000,0x0000000030e00000)]
  0x000000001b6a8000 JavaThread "pool-1-thread-246" [_thread_blocked, id=9644, stack(0x0000000030c00000,0x0000000030d00000)]
  0x000000001b6ac800 JavaThread "pool-1-thread-245" [_thread_blocked, id=900, stack(0x0000000030b00000,0x0000000030c00000)]
  0x000000001b6ab800 JavaThread "pool-1-thread-244" [_thread_in_native, id=12012, stack(0x0000000030a00000,0x0000000030b00000)]
  0x000000001b6a7000 JavaThread "pool-1-thread-243" [_thread_blocked, id=2472, stack(0x0000000030900000,0x0000000030a00000)]
  0x000000001b6ae000 JavaThread "pool-1-thread-242" [_thread_in_native, id=10396, stack(0x0000000030800000,0x0000000030900000)]
  0x000000001b6ab000 JavaThread "pool-1-thread-241" [_thread_blocked, id=11884, stack(0x0000000030700000,0x0000000030800000)]
  0x000000001b69f800 JavaThread "pool-1-thread-240" [_thread_in_native, id=1268, stack(0x0000000030600000,0x0000000030700000)]
  0x000000001b6a6800 JavaThread "pool-1-thread-239" [_thread_in_native, id=10320, stack(0x0000000030500000,0x0000000030600000)]
  0x000000001b6a5800 JavaThread "pool-1-thread-238" [_thread_blocked, id=12868, stack(0x0000000030400000,0x0000000030500000)]
  0x000000001b6a5000 JavaThread "pool-1-thread-237" [_thread_in_native, id=3672, stack(0x0000000030300000,0x0000000030400000)]
  0x000000001b6a4000 JavaThread "pool-1-thread-236" [_thread_in_native, id=9940, stack(0x0000000030200000,0x0000000030300000)]
  0x000000001b6a3800 JavaThread "pool-1-thread-235" [_thread_in_native, id=6308, stack(0x0000000030100000,0x0000000030200000)]
  0x000000001b6a0800 JavaThread "pool-1-thread-234" [_thread_blocked, id=10076, stack(0x0000000030000000,0x0000000030100000)]
  0x000000001b6a2800 JavaThread "pool-1-thread-233" [_thread_blocked, id=11292, stack(0x000000002ff00000,0x0000000030000000)]
  0x000000001b6a2000 JavaThread "pool-1-thread-232" [_thread_in_native, id=2864, stack(0x000000002fe00000,0x000000002ff00000)]
  0x000000001b69d800 JavaThread "pool-1-thread-231" [_thread_in_native, id=3864, stack(0x000000002fd00000,0x000000002fe00000)]
  0x000000001b6a1000 JavaThread "pool-1-thread-230" [_thread_in_native, id=12036, stack(0x000000002fc00000,0x000000002fd00000)]
  0x000000001b69f000 JavaThread "pool-1-thread-229" [_thread_in_native, id=216, stack(0x000000002fb00000,0x000000002fc00000)]
  0x000000001b699800 JavaThread "pool-1-thread-228" [_thread_in_native, id=1288, stack(0x000000002fa00000,0x000000002fb00000)]
  0x000000001b69c000 JavaThread "pool-1-thread-227" [_thread_in_native, id=6192, stack(0x000000002f620000,0x000000002f720000)]
  0x000000001b69a800 JavaThread "pool-1-thread-226" [_thread_in_native, id=11596, stack(0x000000002f520000,0x000000002f620000)]
  0x000000001b69c800 JavaThread "pool-1-thread-225" [_thread_in_native, id=12240, stack(0x000000002f420000,0x000000002f520000)]
  0x000000001b69b000 JavaThread "pool-1-thread-224" [_thread_in_native, id=6448, stack(0x000000002f320000,0x000000002f420000)]
  0x000000001b69e000 JavaThread "pool-1-thread-223" [_thread_in_native, id=9612, stack(0x000000002f220000,0x000000002f320000)]
  0x000000001b64e800 JavaThread "pool-1-thread-222" [_thread_in_native, id=13148, stack(0x000000002f120000,0x000000002f220000)]
  0x000000001b64c000 JavaThread "pool-1-thread-221" [_thread_in_native, id=11344, stack(0x000000002f020000,0x000000002f120000)]
  0x000000001b64b800 JavaThread "pool-1-thread-220" [_thread_in_native, id=7212, stack(0x000000002ef20000,0x000000002f020000)]
  0x000000001b64d800 JavaThread "pool-1-thread-219" [_thread_in_native, id=9232, stack(0x000000002ee20000,0x000000002ef20000)]
  0x000000001b64a800 JavaThread "pool-1-thread-218" [_thread_blocked, id=5740, stack(0x000000002ed20000,0x000000002ee20000)]
  0x000000001b64d000 JavaThread "pool-1-thread-217" [_thread_in_native, id=9912, stack(0x000000002ec20000,0x000000002ed20000)]
  0x000000001b644800 JavaThread "pool-1-thread-216" [_thread_in_native, id=11648, stack(0x000000002eb20000,0x000000002ec20000)]
  0x000000001b643000 JavaThread "pool-1-thread-215" [_thread_in_native, id=10848, stack(0x000000002ea20000,0x000000002eb20000)]
  0x000000001b644000 JavaThread "pool-1-thread-214" [_thread_in_native, id=2088, stack(0x000000002e920000,0x000000002ea20000)]
  0x000000001b64a000 JavaThread "pool-1-thread-213" [_thread_in_native, id=10896, stack(0x000000002e820000,0x000000002e920000)]
  0x000000001b649000 JavaThread "pool-1-thread-212" [_thread_blocked, id=1144, stack(0x000000002e720000,0x000000002e820000)]
  0x000000001b647800 JavaThread "pool-1-thread-211" [_thread_in_native, id=13092, stack(0x000000002e620000,0x000000002e720000)]
  0x000000001b648800 JavaThread "pool-1-thread-210" [_thread_blocked, id=6992, stack(0x000000002e520000,0x000000002e620000)]
  0x000000001b641800 JavaThread "pool-1-thread-209" [_thread_in_native, id=4332, stack(0x000000002e420000,0x000000002e520000)]
  0x000000001b646000 JavaThread "pool-1-thread-208" [_thread_blocked, id=10884, stack(0x000000002e320000,0x000000002e420000)]
  0x000000001b641000 JavaThread "pool-1-thread-207" [_thread_blocked, id=11448, stack(0x000000002e220000,0x000000002e320000)]
  0x000000001b647000 JavaThread "pool-1-thread-206" [_thread_in_native, id=12552, stack(0x000000002e120000,0x000000002e220000)]
  0x000000001b640000 JavaThread "pool-1-thread-205" [_thread_blocked, id=10972, stack(0x000000002e020000,0x000000002e120000)]
  0x000000001b642800 JavaThread "pool-1-thread-204" [_thread_in_native, id=3064, stack(0x000000002df20000,0x000000002e020000)]
  0x000000001b645800 JavaThread "pool-1-thread-203" [_thread_in_native, id=7224, stack(0x000000002de20000,0x000000002df20000)]
  0x000000001b638800 JavaThread "pool-1-thread-202" [_thread_in_native, id=12696, stack(0x000000002dd20000,0x000000002de20000)]
  0x000000001b63f800 JavaThread "pool-1-thread-201" [_thread_in_native, id=5808, stack(0x000000002dc20000,0x000000002dd20000)]
  0x000000001b63e800 JavaThread "pool-1-thread-200" [_thread_in_native, id=10708, stack(0x000000002db20000,0x000000002dc20000)]
  0x000000001b63c800 JavaThread "pool-1-thread-199" [_thread_in_native, id=6808, stack(0x000000002da20000,0x000000002db20000)]
  0x000000001b63b800 JavaThread "pool-1-thread-198" [_thread_blocked, id=13112, stack(0x000000002d920000,0x000000002da20000)]
  0x000000001b638000 JavaThread "pool-1-thread-197" [_thread_blocked, id=10984, stack(0x000000002d820000,0x000000002d920000)]
  0x000000001b63d000 JavaThread "pool-1-thread-196" [_thread_in_native, id=8060, stack(0x000000002d720000,0x000000002d820000)]
  0x000000001b63e000 JavaThread "pool-1-thread-195" [_thread_blocked, id=1244, stack(0x000000002d620000,0x000000002d720000)]
  0x000000001b63a000 JavaThread "pool-1-thread-194" [_thread_blocked, id=11380, stack(0x000000002d520000,0x000000002d620000)]
  0x000000001b63b000 JavaThread "pool-1-thread-193" [_thread_in_native, id=12980, stack(0x000000002d420000,0x000000002d520000)]
  0x000000001b634000 JavaThread "pool-1-thread-192" [_thread_in_native, id=8224, stack(0x000000002d320000,0x000000002d420000)]
  0x000000001b639800 JavaThread "pool-1-thread-191" [_thread_blocked, id=616, stack(0x000000002d220000,0x000000002d320000)]
  0x000000001b630800 JavaThread "pool-1-thread-190" [_thread_in_native, id=10772, stack(0x000000002d120000,0x000000002d220000)]
  0x000000001b632800 JavaThread "pool-1-thread-189" [_thread_in_native, id=3788, stack(0x000000002d020000,0x000000002d120000)]
  0x000000001b633800 JavaThread "pool-1-thread-188" [_thread_blocked, id=3428, stack(0x000000002cf20000,0x000000002d020000)]
  0x000000001b637000 JavaThread "pool-1-thread-187" [_thread_blocked, id=6380, stack(0x000000002ce20000,0x000000002cf20000)]
  0x000000001b62f800 JavaThread "pool-1-thread-186" [_thread_in_native, id=11736, stack(0x000000002cd20000,0x000000002ce20000)]
  0x000000001b632000 JavaThread "pool-1-thread-185" [_thread_blocked, id=4244, stack(0x000000002cc20000,0x000000002cd20000)]
  0x000000001b635000 JavaThread "pool-1-thread-184" [_thread_blocked, id=5948, stack(0x000000002cb20000,0x000000002cc20000)]
  0x000000001b631000 JavaThread "pool-1-thread-183" [_thread_blocked, id=11188, stack(0x000000002ca20000,0x000000002cb20000)]
  0x000000001b635800 JavaThread "pool-1-thread-182" [_thread_blocked, id=9680, stack(0x000000002c920000,0x000000002ca20000)]
  0x000000001b636800 JavaThread "pool-1-thread-181" [_thread_in_native, id=11484, stack(0x000000002c820000,0x000000002c920000)]
  0x000000001b437000 JavaThread "pool-1-thread-180" [_thread_in_native, id=7824, stack(0x000000002c720000,0x000000002c820000)]
  0x000000001b436000 JavaThread "pool-1-thread-179" [_thread_in_native, id=10716, stack(0x000000002c620000,0x000000002c720000)]
  0x000000001b431800 JavaThread "pool-1-thread-178" [_thread_in_native, id=3764, stack(0x000000002c520000,0x000000002c620000)]
  0x000000001b433000 JavaThread "pool-1-thread-177" [_thread_in_native, id=13268, stack(0x000000002c420000,0x000000002c520000)]
  0x000000001b433800 JavaThread "pool-1-thread-176" [_thread_in_native, id=6120, stack(0x000000002c320000,0x000000002c420000)]
  0x000000001b432000 JavaThread "pool-1-thread-175" [_thread_in_native, id=1888, stack(0x000000002c220000,0x000000002c320000)]
  0x000000001b435800 JavaThread "pool-1-thread-174" [_thread_in_native, id=9404, stack(0x000000002c120000,0x000000002c220000)]
  0x000000001b434800 JavaThread "pool-1-thread-173" [_thread_in_native, id=6428, stack(0x000000002c020000,0x000000002c120000)]
  0x000000001b42a000 JavaThread "pool-1-thread-172" [_thread_in_native, id=12244, stack(0x000000002bf20000,0x000000002c020000)]
  0x000000001b430800 JavaThread "pool-1-thread-171" [_thread_blocked, id=11052, stack(0x000000002be20000,0x000000002bf20000)]
  0x000000001b429000 JavaThread "pool-1-thread-170" [_thread_in_native, id=9696, stack(0x000000002bd20000,0x000000002be20000)]
  0x000000001b430000 JavaThread "pool-1-thread-169" [_thread_in_native, id=13048, stack(0x000000002bc20000,0x000000002bd20000)]
  0x000000001b42e800 JavaThread "pool-1-thread-168" [_thread_in_native, id=4608, stack(0x000000002bb20000,0x000000002bc20000)]
  0x000000001b428800 JavaThread "pool-1-thread-167" [_thread_in_native, id=5272, stack(0x000000002ba20000,0x000000002bb20000)]
  0x000000001b42a800 JavaThread "pool-1-thread-166" [_thread_in_native, id=6224, stack(0x000000002b920000,0x000000002ba20000)]
  0x000000001b42d800 JavaThread "pool-1-thread-165" [_thread_in_native, id=7096, stack(0x000000002b820000,0x000000002b920000)]
  0x000000001b42d000 JavaThread "pool-1-thread-164" [_thread_in_native, id=5704, stack(0x000000002b720000,0x000000002b820000)]
  0x000000001b42f000 JavaThread "pool-1-thread-163" [_thread_in_native, id=10780, stack(0x000000002b620000,0x000000002b720000)]
  0x000000001b42b800 JavaThread "pool-1-thread-162" [_thread_in_native, id=5512, stack(0x000000002b520000,0x000000002b620000)]
  0x000000001b42c000 JavaThread "pool-1-thread-161" [_thread_blocked, id=11112, stack(0x000000002b420000,0x000000002b520000)]
  0x000000001b427800 JavaThread "pool-1-thread-160" [_thread_in_native, id=12976, stack(0x000000002b320000,0x000000002b420000)]
  0x000000001b407000 JavaThread "pool-1-thread-159" [_thread_in_native, id=8388, stack(0x000000002b220000,0x000000002b320000)]
  0x000000001b40a000 JavaThread "pool-1-thread-158" [_thread_in_native, id=6420, stack(0x000000002b120000,0x000000002b220000)]
  0x000000001b406000 JavaThread "pool-1-thread-157" [_thread_in_native, id=9788, stack(0x000000002b020000,0x000000002b120000)]
  0x000000001b408800 JavaThread "pool-1-thread-156" [_thread_in_native, id=11096, stack(0x000000002af20000,0x000000002b020000)]
  0x000000001b409000 JavaThread "pool-1-thread-155" [_thread_blocked, id=7480, stack(0x000000002ae20000,0x000000002af20000)]
  0x000000001b407800 JavaThread "pool-1-thread-154" [_thread_in_native, id=5024, stack(0x000000002ad20000,0x000000002ae20000)]
  0x000000001b405800 JavaThread "pool-1-thread-153" [_thread_in_native, id=10876, stack(0x000000002ac20000,0x000000002ad20000)]
  0x000000001b40a800 JavaThread "pool-1-thread-152" [_thread_in_native, id=2704, stack(0x000000002ab20000,0x000000002ac20000)]
  0x000000001b404800 JavaThread "pool-1-thread-151" [_thread_in_native, id=5612, stack(0x000000002aa20000,0x000000002ab20000)]
  0x000000001b3fd000 JavaThread "pool-1-thread-150" [_thread_in_native, id=1416, stack(0x000000002a920000,0x000000002aa20000)]
  0x000000001b404000 JavaThread "pool-1-thread-149" [_thread_in_native, id=1872, stack(0x000000002a820000,0x000000002a920000)]
  0x000000001b3fc800 JavaThread "pool-1-thread-148" [_thread_blocked, id=3628, stack(0x000000002a720000,0x000000002a820000)]
  0x000000001b3fe000 JavaThread "pool-1-thread-147" [_thread_blocked, id=3872, stack(0x000000002a620000,0x000000002a720000)]
  0x000000001b401000 JavaThread "pool-1-thread-146" [_thread_in_native, id=8412, stack(0x000000002a520000,0x000000002a620000)]
  0x000000001b3ff800 JavaThread "pool-1-thread-145" [_thread_in_native, id=11272, stack(0x000000002a420000,0x000000002a520000)]
  0x000000001b3fe800 JavaThread "pool-1-thread-144" [_thread_in_native, id=4356, stack(0x000000002a320000,0x000000002a420000)]
  0x000000001b402800 JavaThread "pool-1-thread-143" [_thread_blocked, id=9988, stack(0x000000002a220000,0x000000002a320000)]
  0x000000001b401800 JavaThread "pool-1-thread-142" [_thread_in_native, id=5208, stack(0x000000002a120000,0x000000002a220000)]
  0x000000001b403000 JavaThread "pool-1-thread-141" [_thread_in_native, id=180, stack(0x000000002a020000,0x000000002a120000)]
  0x000000001b3fb800 JavaThread "pool-1-thread-140" [_thread_in_native, id=6940, stack(0x0000000029f20000,0x000000002a020000)]
  0x000000001b400000 JavaThread "pool-1-thread-139" [_thread_in_native, id=2236, stack(0x0000000029e20000,0x0000000029f20000)]
  0x000000001b3ec000 JavaThread "pool-1-thread-138" [_thread_blocked, id=10620, stack(0x0000000029d20000,0x0000000029e20000)]
  0x000000001b3ea800 JavaThread "pool-1-thread-137" [_thread_blocked, id=3760, stack(0x0000000029c20000,0x0000000029d20000)]
  0x000000001b3eb000 JavaThread "pool-1-thread-136" [_thread_in_native, id=1156, stack(0x0000000029b20000,0x0000000029c20000)]
  0x000000001b3e9800 JavaThread "pool-1-thread-135" [_thread_in_native, id=4744, stack(0x0000000029a20000,0x0000000029b20000)]
  0x000000001b3ec800 JavaThread "pool-1-thread-134" [_thread_in_native, id=3976, stack(0x0000000029920000,0x0000000029a20000)]
  0x000000001b3e2000 JavaThread "pool-1-thread-133" [_thread_in_native, id=10704, stack(0x0000000029820000,0x0000000029920000)]
  0x000000001b3e8000 JavaThread "pool-1-thread-132" [_thread_blocked, id=8828, stack(0x0000000029720000,0x0000000029820000)]
  0x000000001b3e9000 JavaThread "pool-1-thread-131" [_thread_in_native, id=3268, stack(0x0000000029620000,0x0000000029720000)]
  0x000000001b3e4800 JavaThread "pool-1-thread-130" [_thread_in_native, id=4116, stack(0x0000000029520000,0x0000000029620000)]
  0x000000001b3e7800 JavaThread "pool-1-thread-129" [_thread_in_native, id=12344, stack(0x0000000029420000,0x0000000029520000)]
  0x000000001b3e0000 JavaThread "pool-1-thread-128" [_thread_in_native, id=10616, stack(0x0000000029320000,0x0000000029420000)]
  0x000000001b3e6800 JavaThread "pool-1-thread-127" [_thread_in_native, id=9424, stack(0x0000000029220000,0x0000000029320000)]
  0x000000001b3e6000 JavaThread "pool-1-thread-126" [_thread_in_native, id=9060, stack(0x0000000029120000,0x0000000029220000)]
  0x000000001b3e5000 JavaThread "pool-1-thread-125" [_thread_blocked, id=6316, stack(0x0000000029020000,0x0000000029120000)]
  0x000000001b3de800 JavaThread "pool-1-thread-124" [_thread_in_native, id=12848, stack(0x0000000028f20000,0x0000000029020000)]
  0x000000001b3e1800 JavaThread "pool-1-thread-123" [_thread_in_native, id=5972, stack(0x0000000028e20000,0x0000000028f20000)]
  0x000000001b3e3800 JavaThread "pool-1-thread-122" [_thread_in_native, id=8544, stack(0x0000000028d20000,0x0000000028e20000)]
  0x000000001b3dd800 JavaThread "pool-1-thread-121" [_thread_blocked, id=11316, stack(0x0000000028c20000,0x0000000028d20000)]
  0x000000001b3df000 JavaThread "pool-1-thread-120" [_thread_blocked, id=3380, stack(0x0000000028b20000,0x0000000028c20000)]
  0x000000001b3e0800 JavaThread "pool-1-thread-119" [_thread_in_native, id=4268, stack(0x0000000028a20000,0x0000000028b20000)]
  0x000000001b3e3000 JavaThread "pool-1-thread-118" [_thread_in_native, id=8248, stack(0x0000000028920000,0x0000000028a20000)]
  0x000000001b3c0000 JavaThread "pool-1-thread-117" [_thread_blocked, id=5368, stack(0x0000000028820000,0x0000000028920000)]
  0x000000001b3bb800 JavaThread "pool-1-thread-116" [_thread_in_native, id=13200, stack(0x0000000028720000,0x0000000028820000)]
  0x000000001b3bf000 JavaThread "pool-1-thread-115" [_thread_in_native, id=7032, stack(0x0000000028620000,0x0000000028720000)]
  0x000000001b3bc000 JavaThread "pool-1-thread-114" [_thread_blocked, id=11688, stack(0x0000000028520000,0x0000000028620000)]
  0x000000001b3be800 JavaThread "pool-1-thread-113" [_thread_in_native, id=252, stack(0x0000000028420000,0x0000000028520000)]
  0x000000001b3ba800 JavaThread "pool-1-thread-112" [_thread_blocked, id=3192, stack(0x0000000028320000,0x0000000028420000)]
  0x000000001b3bd800 JavaThread "pool-1-thread-111" [_thread_blocked, id=10132, stack(0x0000000028220000,0x0000000028320000)]
  0x000000001b3bd000 JavaThread "pool-1-thread-110" [_thread_in_native, id=13128, stack(0x0000000028120000,0x0000000028220000)]
  0x000000001b3c0800 JavaThread "pool-1-thread-109" [_thread_in_native, id=6292, stack(0x0000000028020000,0x0000000028120000)]
  0x000000001b3b3000 JavaThread "pool-1-thread-108" [_thread_blocked, id=10836, stack(0x0000000027f20000,0x0000000028020000)]
  0x000000001b3ba000 JavaThread "pool-1-thread-107" [_thread_in_native, id=5660, stack(0x0000000027e20000,0x0000000027f20000)]
  0x000000001b3b9000 JavaThread "pool-1-thread-106" [_thread_blocked, id=5180, stack(0x0000000027d20000,0x0000000027e20000)]
  0x000000001b3b1800 JavaThread "pool-1-thread-105" [_thread_in_native, id=1592, stack(0x0000000027c20000,0x0000000027d20000)]
  0x000000001b3b7000 JavaThread "pool-1-thread-104" [_thread_in_native, id=5672, stack(0x0000000027b20000,0x0000000027c20000)]
  0x000000001b3b4800 JavaThread "pool-1-thread-103" [_thread_blocked, id=200, stack(0x0000000027a20000,0x0000000027b20000)]
  0x000000001b3b6000 JavaThread "pool-1-thread-102" [_thread_blocked, id=6356, stack(0x0000000027920000,0x0000000027a20000)]
  0x000000001b3b8800 JavaThread "pool-1-thread-101" [_thread_in_native, id=1756, stack(0x0000000027820000,0x0000000027920000)]
  0x000000001b3b4000 JavaThread "pool-1-thread-100" [_thread_in_native, id=6096, stack(0x0000000027720000,0x0000000027820000)]
  0x000000001b3b7800 JavaThread "pool-1-thread-99" [_thread_in_native, id=8604, stack(0x0000000027620000,0x0000000027720000)]
  0x000000001b3b2800 JavaThread "pool-1-thread-98" [_thread_in_native, id=6044, stack(0x0000000027520000,0x0000000027620000)]
  0x000000001b3b5800 JavaThread "pool-1-thread-97" [_thread_in_native, id=13220, stack(0x0000000027420000,0x0000000027520000)]
  0x000000001b602800 JavaThread "pool-1-thread-96" [_thread_blocked, id=10128, stack(0x0000000027320000,0x0000000027420000)]
  0x000000001b602000 JavaThread "pool-1-thread-95" [_thread_blocked, id=9224, stack(0x0000000027220000,0x0000000027320000)]
  0x000000001b601000 JavaThread "pool-1-thread-94" [_thread_in_native, id=13248, stack(0x0000000027120000,0x0000000027220000)]
  0x000000001b5fe000 JavaThread "pool-1-thread-93" [_thread_blocked, id=12548, stack(0x0000000027020000,0x0000000027120000)]
  0x000000001b600800 JavaThread "pool-1-thread-92" [_thread_in_native, id=6756, stack(0x0000000026f20000,0x0000000027020000)]
  0x000000001b5ff800 JavaThread "pool-1-thread-91" [_thread_blocked, id=12828, stack(0x0000000026e20000,0x0000000026f20000)]
  0x000000001b5fd800 JavaThread "pool-1-thread-90" [_thread_blocked, id=12492, stack(0x0000000026d20000,0x0000000026e20000)]
  0x000000001b5fc800 JavaThread "pool-1-thread-89" [_thread_blocked, id=6520, stack(0x0000000026c20000,0x0000000026d20000)]
  0x000000001b5ff000 JavaThread "pool-1-thread-88" [_thread_blocked, id=11612, stack(0x0000000026a20000,0x0000000026b20000)]
  0x000000001b5f5000 JavaThread "pool-1-thread-87" [_thread_in_native, id=5436, stack(0x0000000026920000,0x0000000026a20000)]
  0x000000001b5fc000 JavaThread "pool-1-thread-86" [_thread_in_native, id=12296, stack(0x0000000026820000,0x0000000026920000)]
  0x000000001b5f8000 JavaThread "pool-1-thread-85" [_thread_in_native, id=5448, stack(0x0000000026720000,0x0000000026820000)]
  0x000000001b5f4000 JavaThread "pool-1-thread-84" [_thread_in_native, id=68, stack(0x0000000026620000,0x0000000026720000)]
  0x000000001b5fb000 JavaThread "pool-1-thread-83" [_thread_in_native, id=11256, stack(0x0000000026520000,0x0000000026620000)]
  0x000000001b5f3800 JavaThread "pool-1-thread-82" [_thread_blocked, id=7440, stack(0x0000000026420000,0x0000000026520000)]
  0x000000001b5fa800 JavaThread "pool-1-thread-81" [_thread_blocked, id=10632, stack(0x0000000026320000,0x0000000026420000)]
  0x000000001b5f7000 JavaThread "pool-1-thread-80" [_thread_in_native, id=11740, stack(0x0000000026220000,0x0000000026320000)]
  0x000000001b5f6800 JavaThread "pool-1-thread-79" [_thread_blocked, id=9968, stack(0x0000000026120000,0x0000000026220000)]
  0x000000001b5f9800 JavaThread "pool-1-thread-78" [_thread_in_native, id=5920, stack(0x0000000026020000,0x0000000026120000)]
  0x000000001b5f5800 JavaThread "pool-1-thread-77" [_thread_in_native, id=5860, stack(0x0000000025f20000,0x0000000026020000)]
  0x000000001b5f9000 JavaThread "pool-1-thread-76" [_thread_in_native, id=10452, stack(0x0000000025e20000,0x0000000025f20000)]
  0x000000001b5d8000 JavaThread "pool-1-thread-75" [_thread_in_native, id=11172, stack(0x0000000025d20000,0x0000000025e20000)]
  0x000000001b5d7000 JavaThread "pool-1-thread-74" [_thread_in_native, id=12540, stack(0x0000000025c20000,0x0000000025d20000)]
  0x000000001b5d6800 JavaThread "pool-1-thread-73" [_thread_in_native, id=11192, stack(0x0000000025b20000,0x0000000025c20000)]
  0x000000001b5d5800 JavaThread "pool-1-thread-72" [_thread_in_native, id=13152, stack(0x0000000025a20000,0x0000000025b20000)]
  0x000000001b5d5000 JavaThread "pool-1-thread-71" [_thread_blocked, id=7528, stack(0x0000000025920000,0x0000000025a20000)]
  0x000000001b5cd000 JavaThread "pool-1-thread-70" [_thread_in_native, id=10212, stack(0x0000000025820000,0x0000000025920000)]
  0x000000001b5d4000 JavaThread "pool-1-thread-69" [_thread_blocked, id=12572, stack(0x0000000025720000,0x0000000025820000)]
  0x000000001b5d3800 JavaThread "pool-1-thread-68" [_thread_in_native, id=11828, stack(0x0000000025620000,0x0000000025720000)]
  0x000000001b5cb800 JavaThread "pool-1-thread-67" [_thread_in_native, id=5240, stack(0x0000000025520000,0x0000000025620000)]
  0x000000001b5d2800 JavaThread "pool-1-thread-66" [_thread_in_native, id=9352, stack(0x0000000025420000,0x0000000025520000)]
  0x000000001b5d2000 JavaThread "pool-1-thread-65" [_thread_in_native, id=7936, stack(0x0000000025320000,0x0000000025420000)]
  0x000000001b5d0800 JavaThread "pool-1-thread-64" [_thread_in_native, id=10540, stack(0x0000000025220000,0x0000000025320000)]
  0x000000001b5cb000 JavaThread "pool-1-thread-63" [_thread_in_native, id=11608, stack(0x0000000025120000,0x0000000025220000)]
  0x000000001b5ca000 JavaThread "pool-1-thread-62" [_thread_in_native, id=11220, stack(0x0000000025020000,0x0000000025120000)]
  0x000000001b5cc800 JavaThread "pool-1-thread-61" [_thread_in_native, id=12836, stack(0x0000000024f20000,0x0000000025020000)]
  0x000000001b5d1000 JavaThread "pool-1-thread-60" [_thread_blocked, id=10912, stack(0x0000000024e20000,0x0000000024f20000)]
  0x000000001b5c8800 JavaThread "pool-1-thread-59" [_thread_in_native, id=6304, stack(0x0000000024d20000,0x0000000024e20000)]
  0x000000001b5ce000 JavaThread "pool-1-thread-58" [_thread_in_native, id=7204, stack(0x0000000024c20000,0x0000000024d20000)]
  0x000000001b5cf000 JavaThread "pool-1-thread-57" [_thread_in_native, id=1820, stack(0x0000000024b20000,0x0000000024c20000)]
  0x000000001b5cf800 JavaThread "pool-1-thread-56" [_thread_in_native, id=11680, stack(0x0000000024a20000,0x0000000024b20000)]
  0x000000001b5c9800 JavaThread "pool-1-thread-55" [_thread_in_native, id=5708, stack(0x0000000024920000,0x0000000024a20000)]
  0x000000001b5ab800 JavaThread "pool-1-thread-54" [_thread_in_native, id=9496, stack(0x0000000024820000,0x0000000024920000)]
  0x000000001b5ab000 JavaThread "pool-1-thread-53" [_thread_in_native, id=1608, stack(0x0000000024720000,0x0000000024820000)]
  0x000000001b5ac800 JavaThread "pool-1-thread-52" [_thread_in_native, id=728, stack(0x0000000024620000,0x0000000024720000)]
  0x000000001b5a8000 JavaThread "pool-1-thread-51" [_thread_blocked, id=988, stack(0x0000000024520000,0x0000000024620000)]
  0x000000001b5aa000 JavaThread "pool-1-thread-50" [_thread_in_native, id=5528, stack(0x0000000024420000,0x0000000024520000)]
  0x000000001b5a9800 JavaThread "pool-1-thread-49" [_thread_blocked, id=11836, stack(0x0000000024320000,0x0000000024420000)]
  0x000000001b5a7000 JavaThread "pool-1-thread-48" [_thread_blocked, id=5976, stack(0x0000000024220000,0x0000000024320000)]
  0x000000001b5ad000 JavaThread "pool-1-thread-47" [_thread_in_native, id=5256, stack(0x0000000024120000,0x0000000024220000)]
  0x000000001b5a2000 JavaThread "pool-1-thread-46" [_thread_in_native, id=9588, stack(0x0000000024020000,0x0000000024120000)]
  0x000000001b5a8800 JavaThread "pool-1-thread-45" [_thread_blocked, id=6672, stack(0x0000000023f20000,0x0000000024020000)]
  0x000000001b59f800 JavaThread "pool-1-thread-44" [_thread_in_native, id=13176, stack(0x0000000023e20000,0x0000000023f20000)]
  0x000000001b5a6800 JavaThread "pool-1-thread-43" [_thread_in_native, id=1620, stack(0x0000000023d20000,0x0000000023e20000)]
  0x000000001b59f000 JavaThread "pool-1-thread-42" [_thread_blocked, id=8684, stack(0x0000000023c20000,0x0000000023d20000)]
  0x000000001b5a5800 JavaThread "pool-1-thread-41" [_thread_in_native, id=11972, stack(0x0000000023b20000,0x0000000023c20000)]
  0x000000001b5a1000 JavaThread "pool-1-thread-40" [_thread_blocked, id=5788, stack(0x0000000023a20000,0x0000000023b20000)]
  0x000000001b5a5000 JavaThread "pool-1-thread-39" [_thread_in_native, id=6460, stack(0x0000000023920000,0x0000000023a20000)]
  0x000000001b5a4000 JavaThread "pool-1-thread-38" [_thread_blocked, id=11620, stack(0x0000000023820000,0x0000000023920000)]
  0x000000001b5a0800 JavaThread "pool-1-thread-37" [_thread_in_native, id=9584, stack(0x0000000023720000,0x0000000023820000)]
  0x000000001b5a3800 JavaThread "pool-1-thread-36" [_thread_in_native, id=9468, stack(0x0000000023620000,0x0000000023720000)]
  0x000000001b5a2800 JavaThread "pool-1-thread-35" [_thread_in_native, id=10268, stack(0x0000000023520000,0x0000000023620000)]
  0x000000001b59e000 JavaThread "pool-1-thread-34" [_thread_in_native, id=12176, stack(0x0000000023420000,0x0000000023520000)]
  0x000000001b580800 JavaThread "pool-1-thread-33" [_thread_blocked, id=4080, stack(0x0000000023320000,0x0000000023420000)]
  0x000000001b582800 JavaThread "pool-1-thread-32" [_thread_in_native, id=968, stack(0x0000000023220000,0x0000000023320000)]
  0x000000001b582000 JavaThread "pool-1-thread-31" [_thread_blocked, id=12780, stack(0x0000000023120000,0x0000000023220000)]
  0x000000001b57f800 JavaThread "pool-1-thread-30" [_thread_in_native, id=10336, stack(0x0000000023020000,0x0000000023120000)]
  0x000000001b57f000 JavaThread "pool-1-thread-29" [_thread_blocked, id=5652, stack(0x0000000022f20000,0x0000000023020000)]
  0x000000001b581000 JavaThread "pool-1-thread-28" [_thread_blocked, id=2160, stack(0x0000000022e20000,0x0000000022f20000)]
  0x000000001b57d800 JavaThread "pool-1-thread-27" [_thread_blocked, id=9712, stack(0x0000000022d20000,0x0000000022e20000)]
  0x000000001b57e000 JavaThread "pool-1-thread-26" [_thread_blocked, id=6324, stack(0x0000000022c20000,0x0000000022d20000)]
  0x000000001b576000 JavaThread "pool-1-thread-25" [_thread_blocked, id=4000, stack(0x0000000022b20000,0x0000000022c20000)]
  0x000000001b57c800 JavaThread "pool-1-thread-24" [_thread_blocked, id=11988, stack(0x0000000022a20000,0x0000000022b20000)]
  0x000000001b575000 JavaThread "pool-1-thread-23" [_thread_in_native, id=12668, stack(0x0000000022920000,0x0000000022a20000)]
  0x000000001b57c000 JavaThread "pool-1-thread-22" [_thread_in_native, id=4796, stack(0x0000000022820000,0x0000000022920000)]
  0x000000001b574800 JavaThread "pool-1-thread-21" [_thread_in_native, id=8400, stack(0x0000000022720000,0x0000000022820000)]
  0x000000001b57b000 JavaThread "pool-1-thread-20" [_thread_in_native, id=1664, stack(0x0000000022620000,0x0000000022720000)]
  0x000000001b573800 JavaThread "pool-1-thread-19" [_thread_in_native, id=4828, stack(0x0000000022520000,0x0000000022620000)]
  0x000000001b579000 JavaThread "pool-1-thread-18" [_thread_in_native, id=9384, stack(0x0000000022420000,0x0000000022520000)]
  0x000000001b57a800 JavaThread "pool-1-thread-17" [_thread_blocked, id=5812, stack(0x0000000022320000,0x0000000022420000)]
  0x000000001b579800 JavaThread "pool-1-thread-16" [_thread_in_native, id=3144, stack(0x0000000022220000,0x0000000022320000)]
  0x000000001b576800 JavaThread "pool-1-thread-15" [_thread_blocked, id=12820, stack(0x0000000022120000,0x0000000022220000)]
  0x000000001b578000 JavaThread "pool-1-thread-14" [_thread_blocked, id=9996, stack(0x0000000022020000,0x0000000022120000)]
  0x000000001b577800 JavaThread "pool-1-thread-13" [_thread_in_native, id=8364, stack(0x0000000021f20000,0x0000000022020000)]
  0x000000001b564800 JavaThread "pool-1-thread-12" [_thread_in_native, id=12352, stack(0x0000000021e20000,0x0000000021f20000)]
  0x000000001b563000 JavaThread "pool-1-thread-11" [_thread_in_native, id=12784, stack(0x0000000021d20000,0x0000000021e20000)]
  0x000000001b562800 JavaThread "pool-1-thread-10" [_thread_in_native, id=8700, stack(0x0000000021c20000,0x0000000021d20000)]
  0x000000001b567800 JavaThread "pool-1-thread-9" [_thread_in_native, id=4628, stack(0x0000000021b20000,0x0000000021c20000)]
  0x000000001b567000 JavaThread "pool-1-thread-8" [_thread_in_native, id=3000, stack(0x0000000021a20000,0x0000000021b20000)]
  0x000000001b566000 JavaThread "pool-1-thread-7" [_thread_blocked, id=9028, stack(0x0000000021920000,0x0000000021a20000)]
  0x000000001b564000 JavaThread "pool-1-thread-6" [_thread_in_native, id=6112, stack(0x0000000021820000,0x0000000021920000)]
  0x000000001b568800 JavaThread "pool-1-thread-5" [_thread_in_native, id=6796, stack(0x0000000021720000,0x0000000021820000)]
  0x000000001b565800 JavaThread "pool-1-thread-4" [_thread_in_native, id=11464, stack(0x0000000021620000,0x0000000021720000)]
  0x000000001b561800 JavaThread "pool-1-thread-3" [_thread_in_native, id=3304, stack(0x0000000021520000,0x0000000021620000)]
  0x000000001b561000 JavaThread "pool-1-thread-2" [_thread_blocked, id=11388, stack(0x0000000021420000,0x0000000021520000)]
  0x000000001b560000 JavaThread "pool-1-thread-1" [_thread_in_native, id=12752, stack(0x00000000212f0000,0x00000000213f0000)]
=>0x000000001b559000 JavaThread "Thread-2" [_thread_in_vm, id=10808, stack(0x00000000211f0000,0x00000000212f0000)]
  0x000000001b545800 JavaThread "TimerQueue" daemon [_thread_blocked, id=5020, stack(0x0000000020ef0000,0x0000000020ff0000)]
  0x0000000002a0e000 JavaThread "DestroyJavaVM" [_thread_blocked, id=8480, stack(0x00000000045b0000,0x00000000046b0000)]
  0x000000001b2cc800 JavaThread "AWT-EventQueue-0" [_thread_blocked, id=6124, stack(0x000000001c560000,0x000000001c660000)]
  0x000000001b2c1800 JavaThread "Image Fetcher 0" daemon [_thread_blocked, id=12920, stack(0x000000001c260000,0x000000001c360000)]
  0x000000001aa57000 JavaThread "AWT-Windows" daemon [_thread_blocked, id=11968, stack(0x000000001bc90000,0x000000001bd90000)]
  0x000000001aa4b800 JavaThread "AWT-Shutdown" [_thread_blocked, id=8752, stack(0x000000001bb90000,0x000000001bc90000)]
  0x000000001aa4a800 JavaThread "Java2D Disposer" daemon [_thread_blocked, id=7296, stack(0x000000001ba10000,0x000000001bb10000)]
  0x000000001a706000 JavaThread "Service Thread" daemon [_thread_blocked, id=12192, stack(0x000000001af70000,0x000000001b070000)]
  0x000000001a681800 JavaThread "C1 CompilerThread2" daemon [_thread_blocked, id=2804, stack(0x000000001ae70000,0x000000001af70000)]
  0x000000001a67e800 JavaThread "C2 CompilerThread1" daemon [_thread_blocked, id=11440, stack(0x000000001ad70000,0x000000001ae70000)]
  0x000000001937b000 JavaThread "C2 CompilerThread0" daemon [_thread_blocked, id=4516, stack(0x000000001ac70000,0x000000001ad70000)]
  0x000000001937a800 JavaThread "Attach Listener" daemon [_thread_blocked, id=8516, stack(0x000000001ab70000,0x000000001ac70000)]
  0x000000001932e000 JavaThread "Signal Dispatcher" daemon [_thread_blocked, id=4952, stack(0x000000001aa70000,0x000000001ab70000)]
  0x0000000019309000 JavaThread "Finalizer" daemon [_thread_blocked, id=5036, stack(0x000000001a570000,0x000000001a670000)]
  0x00000000047a1000 JavaThread "Reference Handler" daemon [_thread_blocked, id=1860, stack(0x000000001a470000,0x000000001a570000)]

Other Threads:
  0x00000000192e7000 VMThread [stack: 0x000000001a370000,0x000000001a470000] [id=13156]
  0x000000001a734800 WatcherThread [stack: 0x000000001b070000,0x000000001b170000] [id=608]

VM state:synchronizing (normal execution)

VM Mutex/Monitor currently owned by a thread:  ([mutex/lock_event])
[0x0000000002a0ca80] Threads_lock - owner thread: 0x00000000192e7000

Heap:
 PSYoungGen      total 38400K, used 25961K [0x00000000d5c00000, 0x00000000da700000, 0x0000000100000000)
  eden space 33280K, 64% used [0x00000000d5c00000,0x00000000d70e1378,0x00000000d7c80000)
  from space 5120K, 89% used [0x00000000d8180000,0x00000000d85f9180,0x00000000d8680000)
  to   space 5120K, 0% used [0x00000000d7c80000,0x00000000d7c80000,0x00000000d8180000)
 ParOldGen       total 87552K, used 4336K [0x0000000081400000, 0x0000000086980000, 0x00000000d5c00000)
  object space 87552K, 4% used [0x0000000081400000,0x000000008183c2e0,0x0000000086980000)
 Metaspace       used 12131K, capacity 12322K, committed 12672K, reserved 1060864K
  class space    used 1490K, capacity 1568K, committed 1664K, reserved 1048576K

Card table byte_map: [0x0000000013b70000,0x0000000013f70000] byte_map_base: 0x0000000013766000

Marking Bits: (ParMarkBitMap*) 0x0000000055c3d850
 Begin Bits: [0x0000000014620000, 0x00000000165d0000)
 End Bits:   [0x00000000165d0000, 0x0000000018580000)

Polling page: 0x0000000002560000

CodeCache: size=245760Kb used=3406Kb max_used=3406Kb free=242353Kb
 bounds [0x00000000047b0000, 0x0000000004b10000, 0x00000000137b0000]
 total_blobs=1471 nmethods=980 adapters=403
 compilation: enabled

Compilation events (10 events):
Event: 4.145 Thread 0x000000001a67e800  968       4       java.lang.Object::equals (11 bytes)
Event: 4.145 Thread 0x000000001a67e800 nmethod 968 0x0000000004aea9d0 code [0x0000000004aeab00, 0x0000000004aeab78]
Event: 4.154 Thread 0x000000001937b000  969       4       java.util.HashMap::putVal (300 bytes)
Event: 4.166 Thread 0x000000001937b000 nmethod 969 0x0000000004aff910 code [0x0000000004affae0, 0x0000000004b004b0]
Event: 4.356 Thread 0x000000001a681800  970       3       java.util.Hashtable$Enumerator::nextElement (111 bytes)
Event: 4.356 Thread 0x000000001a681800 nmethod 970 0x0000000004b03990 code [0x0000000004b03b20, 0x0000000004b03f48]
Event: 4.357 Thread 0x000000001a681800  971       1       javax.swing.InputMap::getParent (5 bytes)
Event: 4.357 Thread 0x000000001a681800 nmethod 971 0x0000000004aff650 code [0x0000000004aff7a0, 0x0000000004aff8b0]
Event: 4.357 Thread 0x000000001a681800  972       3       java.util.concurrent.atomic.AtomicInteger::getAndIncrement (12 bytes)
Event: 4.357 Thread 0x000000001a681800 nmethod 972 0x0000000004b03690 code [0x0000000004b037e0, 0x0000000004b03930]

GC Heap History (4 events):
Event: 1.672 GC heap before
{Heap before GC invocations=1 (full 0):
 PSYoungGen      total 38400K, used 33280K [0x00000000d5c00000, 0x00000000d8680000, 0x0000000100000000)
  eden space 33280K, 100% used [0x00000000d5c00000,0x00000000d7c80000,0x00000000d7c80000)
  from space 5120K, 0% used [0x00000000d8180000,0x00000000d8180000,0x00000000d8680000)
  to   space 5120K, 0% used [0x00000000d7c80000,0x00000000d7c80000,0x00000000d8180000)
 ParOldGen       total 87552K, used 0K [0x0000000081400000, 0x0000000086980000, 0x00000000d5c00000)
  object space 87552K, 0% used [0x0000000081400000,0x0000000081400000,0x0000000086980000)
 Metaspace       used 11844K, capacity 12048K, committed 12416K, reserved 1060864K
  class space    used 1477K, capacity 1563K, committed 1664K, reserved 1048576K
Event: 1.677 GC heap after
Heap after GC invocations=1 (full 0):
 PSYoungGen      total 38400K, used 4516K [0x00000000d5c00000, 0x00000000d8680000, 0x0000000100000000)
  eden space 33280K, 0% used [0x00000000d5c00000,0x00000000d5c00000,0x00000000d7c80000)
  from space 5120K, 88% used [0x00000000d7c80000,0x00000000d80e91a0,0x00000000d8180000)
  to   space 5120K, 0% used [0x00000000d8180000,0x00000000d8180000,0x00000000d8680000)
 ParOldGen       total 87552K, used 16K [0x0000000081400000, 0x0000000086980000, 0x00000000d5c00000)
  object space 87552K, 0% used [0x0000000081400000,0x0000000081404000,0x0000000086980000)
 Metaspace       used 11844K, capacity 12048K, committed 12416K, reserved 1060864K
  class space    used 1477K, capacity 1563K, committed 1664K, reserved 1048576K
}
Event: 1.687 GC heap before
{Heap before GC invocations=2 (full 0):
 PSYoungGen      total 38400K, used 37796K [0x00000000d5c00000, 0x00000000d8680000, 0x0000000100000000)
  eden space 33280K, 100% used [0x00000000d5c00000,0x00000000d7c80000,0x00000000d7c80000)
  from space 5120K, 88% used [0x00000000d7c80000,0x00000000d80e91a0,0x00000000d8180000)
  to   space 5120K, 0% used [0x00000000d8180000,0x00000000d8180000,0x00000000d8680000)
 ParOldGen       total 87552K, used 16K [0x0000000081400000, 0x0000000086980000, 0x00000000d5c00000)
  object space 87552K, 0% used [0x0000000081400000,0x0000000081404000,0x0000000086980000)
 Metaspace       used 11848K, capacity 12048K, committed 12416K, reserved 1060864K
  class space    used 1477K, capacity 1563K, committed 1664K, reserved 1048576K
Event: 1.692 GC heap after
Heap after GC invocations=2 (full 0):
 PSYoungGen      total 38400K, used 4580K [0x00000000d5c00000, 0x00000000da700000, 0x0000000100000000)
  eden space 33280K, 0% used [0x00000000d5c00000,0x00000000d5c00000,0x00000000d7c80000)
  from space 5120K, 89% used [0x00000000d8180000,0x00000000d85f9180,0x00000000d8680000)
  to   space 5120K, 0% used [0x00000000d7c80000,0x00000000d7c80000,0x00000000d8180000)
 ParOldGen       total 87552K, used 4336K [0x0000000081400000, 0x0000000086980000, 0x00000000d5c00000)
  object space 87552K, 4% used [0x0000000081400000,0x000000008183c2e0,0x0000000086980000)
 Metaspace       used 11848K, capacity 12048K, committed 12416K, reserved 1060864K
  class space    used 1477K, capacity 1563K, committed 1664K, reserved 1048576K
}

Deoptimization events (4 events):
Event: 1.195 Thread 0x000000001b2cc800 Uncommon trap: reason=class_check action=maybe_recompile pc=0x000000000491de5c method=java.lang.String.equals(Ljava/lang/Object;)Z @ 8
Event: 1.195 Thread 0x000000001b2cc800 Uncommon trap: reason=class_check action=maybe_recompile pc=0x000000000491de5c method=java.lang.String.equals(Ljava/lang/Object;)Z @ 8
Event: 1.195 Thread 0x000000001b2cc800 Uncommon trap: reason=class_check action=maybe_recompile pc=0x000000000491de5c method=java.lang.String.equals(Ljava/lang/Object;)Z @ 8
Event: 1.617 Thread 0x000000001b2cc800 Uncommon trap: reason=class_check action=maybe_recompile pc=0x000000000491de5c method=java.lang.String.equals(Ljava/lang/Object;)Z @ 8

Internal exceptions (6 events):
Event: 0.041 Thread 0x0000000002a0e000 Exception <a 'java/lang/NoSuchMethodError': Method sun.misc.Unsafe.defineClass(Ljava/lang/String;[BII)Ljava/lang/Class; name or signature does not match> (0x00000000d5c07ca8) thrown at [C:\re\workspace\8-2-build-windows-amd64-cygwin\jdk8u144\9417\hotspot\
Event: 0.041 Thread 0x0000000002a0e000 Exception <a 'java/lang/NoSuchMethodError': Method sun.misc.Unsafe.prefetchRead(Ljava/lang/Object;J)V name or signature does not match> (0x00000000d5c07f90) thrown at [C:\re\workspace\8-2-build-windows-amd64-cygwin\jdk8u144\9417\hotspot\src\share\vm\prims
Event: 0.153 Thread 0x0000000002a0e000 Exception <a 'java/io/FileNotFoundException'> (0x00000000d5cffe70) thrown at [C:\re\workspace\8-2-build-windows-amd64-cygwin\jdk8u144\9417\hotspot\src\share\vm\prims\jni.cpp, line 709]
Event: 0.188 Thread 0x0000000002a0e000 Exception <a 'java/lang/NoSuchFieldError': method resolution failed> (0x00000000d5e73690) thrown at [C:\re\workspace\8-2-build-windows-amd64-cygwin\jdk8u144\9417\hotspot\src\share\vm\prims\methodHandles.cpp, line 1146]
Event: 0.189 Thread 0x0000000002a0e000 Exception <a 'java/lang/NoSuchFieldError': method resolution failed> (0x00000000d5e80a60) thrown at [C:\re\workspace\8-2-build-windows-amd64-cygwin\jdk8u144\9417\hotspot\src\share\vm\prims\methodHandles.cpp, line 1146]
Event: 0.234 Thread 0x0000000002a0e000 Exception <a 'java/io/FileNotFoundException'> (0x00000000d5f2bfd0) thrown at [C:\re\workspace\8-2-build-windows-amd64-cygwin\jdk8u144\9417\hotspot\src\share\vm\prims\jni.cpp, line 709]

Events (10 events):
Event: 3.106 loading class java/awt/KeyboardFocusManager$2
Event: 3.106 loading class java/awt/KeyboardFocusManager$2 done
Event: 3.106 loading class sun/awt/SunToolkit$1
Event: 3.107 loading class sun/awt/SunToolkit$1 done
Event: 3.312 loading class java/util/ArrayList$1
Event: 3.312 loading class java/util/ArrayList$1 done
Event: 4.181 Executing VM operation: EnableBiasedLocking
Event: 4.181 Executing VM operation: EnableBiasedLocking done
Event: 4.356 loading class network/host/NetCardList
Event: 4.356 loading class network/host/NetCardList done


Dynamic libraries:
0x00007ff75c4e0000 - 0x00007ff75c517000 	F:\tool\jdk\java_jdk_8\jdk_version\bin\javaw.exe
0x00007ffc08a30000 - 0x00007ffc08c10000 	C:\Windows\SYSTEM32\ntdll.dll
0x00007ffc05f20000 - 0x00007ffc05fce000 	C:\Windows\System32\KERNEL32.DLL
0x00007ffc05c30000 - 0x00007ffc05e96000 	C:\Windows\System32\KERNELBASE.dll
0x00007ffc07ef0000 - 0x00007ffc07f91000 	C:\Windows\System32\ADVAPI32.dll
0x00007ffc08180000 - 0x00007ffc0821d000 	C:\Windows\System32\msvcrt.dll
0x00007ffc08120000 - 0x00007ffc0817b000 	C:\Windows\System32\sechost.dll
0x00007ffc07dd0000 - 0x00007ffc07eef000 	C:\Windows\System32\RPCRT4.dll
0x00007ffc08220000 - 0x00007ffc083af000 	C:\Windows\System32\USER32.dll
0x00007ffc04eb0000 - 0x00007ffc04ed0000 	C:\Windows\System32\win32u.dll
0x00007ffc07fa0000 - 0x00007ffc07fc8000 	C:\Windows\System32\GDI32.dll
0x00007ffc04fc0000 - 0x00007ffc05153000 	C:\Windows\System32\gdi32full.dll
0x00007ffc04ed0000 - 0x00007ffc04f6b000 	C:\Windows\System32\msvcp_win.dll
0x00007ffc058b0000 - 0x00007ffc059a5000 	C:\Windows\System32\ucrtbase.dll
0x00007ffbfd980000 - 0x00007ffbfdbe9000 	C:\Windows\WinSxS\amd64_microsoft.windows.common-controls_6595b64144ccf1df_6.0.16299.726_none_15ccdb369361144a\COMCTL32.dll
0x00007ffc08520000 - 0x00007ffc08827000 	C:\Windows\System32\combase.dll
0x00007ffc04e30000 - 0x00007ffc04ea2000 	C:\Windows\System32\bcryptPrimitives.dll
0x00007ffc089d0000 - 0x00007ffc089fd000 	C:\Windows\System32\IMM32.DLL
0x0000000057730000 - 0x0000000057802000 	F:\tool\jdk\java_jdk_8\jdk_version\jre\bin\msvcr100.dll
0x0000000055420000 - 0x0000000055cbd000 	F:\tool\jdk\java_jdk_8\jdk_version\jre\bin\server\jvm.dll
0x00007ffc08960000 - 0x00007ffc08968000 	C:\Windows\System32\PSAPI.DLL
0x00007ffc01de0000 - 0x00007ffc01e03000 	C:\Windows\SYSTEM32\WINMM.dll
0x00007ffbe65a0000 - 0x00007ffbe65a9000 	C:\Windows\SYSTEM32\WSOCK32.dll
0x00007ffbf6440000 - 0x00007ffbf644a000 	C:\Windows\SYSTEM32\VERSION.dll
0x00007ffc084b0000 - 0x00007ffc0851c000 	C:\Windows\System32\WS2_32.dll
0x00007ffc01d80000 - 0x00007ffc01daa000 	C:\Windows\SYSTEM32\WINMMBASE.dll
0x00007ffc04f70000 - 0x00007ffc04fba000 	C:\Windows\System32\cfgmgr32.dll
0x0000000057720000 - 0x000000005772f000 	F:\tool\jdk\java_jdk_8\jdk_version\jre\bin\verify.dll
0x00000000576f0000 - 0x0000000057719000 	F:\tool\jdk\java_jdk_8\jdk_version\jre\bin\java.dll
0x00000000576d0000 - 0x00000000576e6000 	F:\tool\jdk\java_jdk_8\jdk_version\jre\bin\zip.dll
0x00007ffc06990000 - 0x00007ffc07dc8000 	C:\Windows\System32\SHELL32.dll
0x00007ffc088b0000 - 0x00007ffc08956000 	C:\Windows\System32\shcore.dll
0x00007ffc05160000 - 0x00007ffc058a7000 	C:\Windows\System32\windows.storage.dll
0x00007ffc05fd0000 - 0x00007ffc06021000 	C:\Windows\System32\shlwapi.dll
0x00007ffc04e10000 - 0x00007ffc04e21000 	C:\Windows\System32\kernel.appcore.dll
0x00007ffc04d80000 - 0x00007ffc04dcc000 	C:\Windows\System32\powrprof.dll
0x00007ffc04dd0000 - 0x00007ffc04deb000 	C:\Windows\System32\profapi.dll
0x00000000569b0000 - 0x0000000056b48000 	F:\tool\jdk\java_jdk_8\jdk_version\jre\bin\awt.dll
0x00007ffc06740000 - 0x00007ffc06805000 	C:\Windows\System32\OLEAUT32.dll
0x00007ffc031f0000 - 0x00007ffc03278000 	C:\Windows\SYSTEM32\apphelp.dll
0x00007ffc035e0000 - 0x00007ffc0360a000 	C:\Windows\system32\DWMAPI.DLL
0x00007ffc032d0000 - 0x00007ffc03365000 	C:\Windows\system32\uxtheme.dll
0x00007ffbf10c0000 - 0x00007ffbf11de000 	C:\Windows\system32\opengl32.dll
0x00007ffbf3200000 - 0x00007ffbf322c000 	C:\Windows\SYSTEM32\GLU32.dll
0x00007ffc06820000 - 0x00007ffc06987000 	C:\Windows\System32\MSCTF.dll
0x00007ffc07fd0000 - 0x00007ffc08119000 	C:\Windows\System32\ole32.dll
0x0000000057690000 - 0x00000000576c1000 	F:\tool\jdk\java_jdk_8\jdk_version\jre\bin\jpeg.dll
0x0000000056850000 - 0x0000000056897000 	F:\tool\jdk\java_jdk_8\jdk_version\jre\bin\fontmanager.dll
0x0000000056990000 - 0x00000000569aa000 	F:\tool\jdk\java_jdk_8\jdk_version\jre\bin\net.dll
0x00007ffc045f0000 - 0x00007ffc04656000 	C:\Windows\system32\mswsock.dll
0x0000000056970000 - 0x0000000056981000 	F:\tool\jdk\java_jdk_8\jdk_version\jre\bin\nio.dll
0x0000000056800000 - 0x0000000056842000 	F:\tool\jdk\java_jdk_8\jdk_version\jre\bin\t2k.dll
0x00007ffbfe090000 - 0x00007ffbfe128000 	C:\Windows\System32\TextInputFramework.dll
0x00007ffc02be0000 - 0x00007ffc02cbc000 	C:\Windows\System32\CoreMessaging.dll
0x00007ffc00200000 - 0x00007ffc004ee000 	C:\Windows\System32\CoreUIComponents.dll
0x00007ffc03fa0000 - 0x00007ffc03fd1000 	C:\Windows\SYSTEM32\ntmarta.dll
0x00007ffc00f80000 - 0x00007ffc010b6000 	C:\Windows\SYSTEM32\wintypes.dll
0x00007ffc08410000 - 0x00007ffc084ae000 	C:\Windows\System32\clbcatq.dll
0x00007ffbe7a90000 - 0x00007ffbe7c79000 	C:\Windows\system32\SogouTSF.ime
0x00007ffc01e50000 - 0x00007ffc01e57000 	C:\Windows\system32\MSIMG32.dll
0x00007ffbe1a80000 - 0x00007ffbe22f7000 	C:\Windows\system32\SogouPy.ime
0x00007ffc00020000 - 0x00007ffc0008e000 	C:\Windows\SYSTEM32\OLEACC.dll
0x00007ffbff290000 - 0x00007ffbff36e000 	C:\Windows\SYSTEM32\WINHTTP.dll
0x000000001e600000 - 0x000000001e73c000 	F:\SogouInput\9.3.0.3129\Resource.dll
0x00007ffbe7220000 - 0x00007ffbe7489000 	F:\SogouInput\Components\PicFace\1.1.0.1859\PicFace64.dll
0x00007ffc06490000 - 0x00007ffc0659a000 	C:\Windows\System32\COMDLG32.dll
0x00007ffbf5440000 - 0x00007ffbf5456000 	C:\Windows\system32\napinsp.dll
0x00007ffbf5420000 - 0x00007ffbf543a000 	C:\Windows\system32\pnrpnsp.dll
0x00007ffc019e0000 - 0x00007ffc019f8000 	C:\Windows\system32\NLAapi.dll
0x00007ffc043c0000 - 0x00007ffc04476000 	C:\Windows\SYSTEM32\DNSAPI.dll
0x00007ffc06810000 - 0x00007ffc06818000 	C:\Windows\System32\NSI.dll
0x00007ffc04380000 - 0x00007ffc043b9000 	C:\Windows\SYSTEM32\IPHLPAPI.DLL
0x00007ffbf5410000 - 0x00007ffbf541e000 	C:\Windows\System32\winrnr.dll
0x00007ffbf53f0000 - 0x00007ffbf5405000 	C:\Windows\System32\wshbth.dll
0x00000000561e0000 - 0x0000000056206000 	C:\Program Files\Bonjour\mdnsNSP.dll
0x00007ffbf67d0000 - 0x00007ffbf68dd000 	C:\Windows\SysWOW64\ierd_tgp_lsp64.dll
0x00007ffbff240000 - 0x00007ffbff24a000 	C:\Windows\system32\wshqos.dll
0x00007ffbff230000 - 0x00007ffbff238000 	C:\Windows\SYSTEM32\wshtcpip.DLL
0x00007ffbff220000 - 0x00007ffbff228000 	C:\Windows\SYSTEM32\wship6.dll
0x00007ffbf79e0000 - 0x00007ffbf79ea000 	C:\Windows\System32\rasadhlp.dll
0x00007ffbf88f0000 - 0x00007ffbf8960000 	C:\Windows\System32\fwpuclnt.dll
0x00007ffc048c0000 - 0x00007ffc048e5000 	C:\Windows\SYSTEM32\bcrypt.dll
0x00007ffbf14c0000 - 0x00007ffbf14eb000 	F:\tool\jdk\java_jdk_8\jdk_version\jre\bin\Jpcap.dll
0x0000000180000000 - 0x0000000180065000 	C:\Windows\SYSTEM32\wpcap.dll
0x000000001e300000 - 0x000000001e31f000 	C:\Windows\SYSTEM32\packet.dll
0x00007ffbff530000 - 0x00007ffbff546000 	C:\Windows\SYSTEM32\dhcpcsvc6.DLL
0x00007ffbffa50000 - 0x00007ffbffa6a000 	C:\Windows\SYSTEM32\dhcpcsvc.DLL
0x00007ffbf5620000 - 0x00007ffbf57e8000 	C:\Windows\SYSTEM32\dbghelp.dll

VM Arguments:
jvm_args: -Dfile.encoding=GBK -Xbootclasspath:F:\tool\jdk\java_jdk_8\jdk_version\jre\lib\resources.jar;F:\tool\jdk\java_jdk_8\jdk_version\jre\lib\rt.jar;F:\tool\jdk\java_jdk_8\jdk_version\jre\lib\jsse.jar;F:\tool\jdk\java_jdk_8\jdk_version\jre\lib\jce.jar;F:\tool\jdk\java_jdk_8\jdk_version\jre\lib\charsets.jar;F:\tool\jdk\java_jdk_8\jdk_version\jre\lib\jfr.jar 
java_command: network.controller.Main
java_class_path (initial): F:\tool\jdk\java_jdk_8\jdk_version\jre\lib\resources.jar;F:\tool\jdk\java_jdk_8\jdk_version\jre\lib\rt.jar;F:\tool\jdk\java_jdk_8\jdk_version\jre\lib\jsse.jar;F:\tool\jdk\java_jdk_8\jdk_version\jre\lib\jce.jar;F:\tool\jdk\java_jdk_8\jdk_version\jre\lib\charsets.jar;F:\tool\jdk\java_jdk_8\jdk_version\jre\lib\jfr.jar;F:\workspace\NetworkProtocolAnalyzer\bin
Launcher Type: SUN_STANDARD

Environment Variables:
JAVA_HOME=F:\shxt\soft\java\jdk1.8.0_77_64
CLASSPATH=.;F:\tool\jdk\java_jdk_8\jdk_version\lib\dt.jar;F:\tool\jdk\java_jdk_8\jdk_version\lib\tools.jar
PATH=C:/Program Files (x86)/Java/jre1.8.0_162/bin/client;C:/Program Files (x86)/Java/jre1.8.0_162/bin;C:/Program Files (x86)/Java/jre1.8.0_162/lib/i386;C:\ProgramData\Oracle\Java\javapath;E:\app\Administrator\product\11.2.0\dbhome_1\bin;C:\Windows\system32;C:\Windows;C:\Windows\System32\Wbem;C:\Windows\System32\WindowsPowerShell\v1.0\;F:\tool\jdk\java_jdk_8\jdk_version\bin;F:\tool\jdk\java_jdk_8\jdk_version\jre\bin;F:\tool\tomcat\apache-tomcat-7\lib;F:\tool\tomcat\apache-tomcat-7\bin;C:\Program Files\MySQL\MySQL Utilities 1.6\;E:\Program Files\python0327\Scripts;E:\Program Files\python0327;E:\Program Files\MATLAB\R2016a\runtime\win64;E:\Program Files\MATLAB\R2016a\bin;E:\Program Files\MATLAB\R2016a\polyspace\bin;C:\Users\Administrator\AppData\Local\Microsoft\WindowsApps;;F:\eclipse-jee-oxygen-3a-win32[1]\eclipse;
USERNAME=Administrator
OS=Windows_NT
PROCESSOR_IDENTIFIER=Intel64 Family 6 Model 60 Stepping 3, GenuineIntel



---------------  S Y S T E M  ---------------

OS: Windows 10.0 , 64 bit Build 16299 (10.0.16299.431)

CPU:total 4 (initial active 4) (2 cores per cpu, 2 threads per core) family 6 model 60 stepping 3, cmov, cx8, fxsr, mmx, sse, sse2, sse3, ssse3, sse4.1, sse4.2, popcnt, avx, avx2, aes, clmul, erms, lzcnt, ht, tsc, tscinvbit, bmi1, bmi2

Memory: 4k page, physical 8302956k(4706376k free), swap 8827244k(4314244k free)

vm_info: Java HotSpot(TM) 64-Bit Server VM (25.144-b01) for windows-amd64 JRE (1.8.0_144-b01), built on Jul 21 2017 21:57:33 by "java_re" with MS VC++ 10.0 (VS2010)

time: Tue Sep 17 12:55:15 2019
elapsed time: 4 seconds (0d 0h 0m 4s)

