#
# A fatal error has been detected by the Java Runtime Environment:
#
#  EXCEPTION_ACCESS_VIOLATION (0xc0000005) at pc=0x000000005556a62e, pid=2060, tid=0x0000000000002e3c
#
# JRE version: Java(TM) SE Runtime Environment (8.0_144-b01) (build 1.8.0_144-b01)
# Java VM: Java HotSpot(TM) 64-Bit Server VM (25.144-b01 mixed mode windows-amd64 compressed oops)
# Problematic frame:
# V  [jvm.dll+0x14a62e]
#
# Failed to write core dump. Minidumps are not enabled by default on client versions of Windows
#
# If you would like to submit a bug report, please visit:
#   http://bugreport.java.com/bugreport/crash.jsp
#

---------------  T H R E A D  ---------------

Current thread (0x000000001bfc2000):  JavaThread "Thread-3" [_thread_in_vm, id=11836, stack(0x0000000024ba0000,0x0000000024ca0000)]

siginfo: ExceptionCode=0xc0000005, reading address 0xffffffffffffffff

Registers:
RAX=0x7463656c6665722f, RBX=0x7463656c6665722f, RCX=0x00000000d77eedd8, RDX=0x0000000000000000
RSP=0x0000000024c9e8c0, RBP=0x000000001bfc21f8, RSI=0x000000001bfc21f8, RDI=0x000000001bfc2000
R8 =0x000000001bfc2000, R9 =0x000000001aea72a0, R10=0x000000001bfc2000, R11=0x0000000000000032
R12=0x000000001aea7288, R13=0x000000001aea7290, R14=0x000000001b9ffc18, R15=0x00000000223c6b40
RIP=0x000000005556a62e, EFLAGS=0x0000000000010246

Top of Stack: (sp=0x0000000024c9e8c0)
0x0000000024c9e8c0:   000000001b979f40 000000001b979f40
0x0000000024c9e8d0:   0000000024c9e928 0000000024c9e958
0x0000000024c9e8e0:   000000001b979f40 000000005548ea67
0x0000000024c9e8f0:   000000001bfc2000 0000000000000032
0x0000000024c9e900:   00000000223c75f0 0000000024c9e958
0x0000000024c9e910:   000000001bfc21f8 000000001bfc2000
0x0000000024c9e920:   000000001b979f38 0000000000000db7
0x0000000024c9e930:   0000000055a26dc0 00000000223c75f0
0x0000000024c9e940:   000000001bfc21f8 0000000055561235
0x0000000024c9e950:   00000000223c75f0 000000001bfc2000
0x0000000024c9e960:   000000001bfc21f8 000000018002a72b
0x0000000024c9e970:   000000001bfc2000 000000001b979f38
0x0000000024c9e980:   0000000000000000 0000000055bc1d50
0x0000000024c9e990:   000000001aea7298 00007ffbf14c179b
0x0000000024c9e9a0:   000000001bfc21f8 000000001aea7298
0x0000000024c9e9b0:   000000001bc870d0 000000001aea72a0 

Instructions: (pc=0x000000005556a62e)
0x000000005556a60e:   00 00 00 00 74 0a 48 8d 4c 24 58 e8 82 17 13 00
0x000000005556a61e:   48 8b 0b e8 8a e1 f1 ff 4c 8b c7 33 d2 48 8b d8
0x000000005556a62e:   48 8b 00 48 8b cb ff 50 78 48 83 7f 08 00 74 04
0x000000005556a63e:   33 c0 eb 25 48 8b 03 48 8b d7 48 8b cb ff 90 90 


Register to memory mapping:

RAX=0x7463656c6665722f is an unknown value
RBX=0x7463656c6665722f is an unknown value
RCX=0x00000000d77eedd8 is an oop
[Ljava.lang.Class; 
 - klass: 'java/lang/Class'[]
 - length: 0
RDX=0x0000000000000000 is an unknown value
RSP=0x0000000024c9e8c0 is pointing into the stack for thread: 0x000000001bfc2000
RBP=0x000000001bfc21f8 is an unknown value
RSI=0x000000001bfc21f8 is an unknown value
RDI=0x000000001bfc2000 is a thread
R8 =0x000000001bfc2000 is a thread
R9 =0x000000001aea72a0 is an unknown value
R10=0x000000001bfc2000 is a thread
R11=0x0000000000000032 is an unknown value
R12=0x000000001aea7288 is an unknown value
R13=0x000000001aea7290 is an unknown value
R14=0x000000001b9ffc18 is an unknown value
R15=0x00000000223c6b40 is an unknown value


Stack: [0x0000000024ba0000,0x0000000024ca0000],  sp=0x0000000024c9e8c0,  free space=1018k
Native frames: (J=compiled Java code, j=interpreted, Vv=VM code, C=native code)
V  [jvm.dll+0x14a62e]
C  [Jpcap.dll+0x179b]
C  0x0000000004ed7f74

Java frames: (J=compiled Java code, j=interpreted, Vv=VM code)
j  jpcap.JpcapCaptor.getDeviceList()[Ljpcap/NetworkInterface;+0
j  network.host.MacSearch.macSSearch(Ljava/net/InetAddress;)[B+0
j  network.host.HostListDialog$1.run()V+142
v  ~StubRoutines::call_stub

---------------  P R O C E S S  ---------------

Java Threads: ( => current thread )
  0x0000000022c92800 JavaThread "pool-1-thread-253" [_thread_in_native, id=13028, stack(0x0000000034b00000,0x0000000034c00000)]
  0x0000000022c95800 JavaThread "pool-1-thread-252" [_thread_in_native, id=4924, stack(0x0000000034a00000,0x0000000034b00000)]
  0x0000000022c98800 JavaThread "pool-1-thread-251" [_thread_blocked, id=2628, stack(0x0000000034900000,0x0000000034a00000)]
  0x0000000022c8a000 JavaThread "pool-1-thread-250" [_thread_in_native, id=1532, stack(0x0000000034800000,0x0000000034900000)]
  0x0000000022c91000 JavaThread "pool-1-thread-249" [_thread_in_native, id=5100, stack(0x0000000034700000,0x0000000034800000)]
  0x0000000022c90800 JavaThread "pool-1-thread-248" [_thread_blocked, id=11664, stack(0x0000000034600000,0x0000000034700000)]
  0x0000000022c8f800 JavaThread "pool-1-thread-247" [_thread_blocked, id=8000, stack(0x0000000034500000,0x0000000034600000)]
  0x0000000022c88000 JavaThread "pool-1-thread-246" [_thread_blocked, id=8168, stack(0x0000000034400000,0x0000000034500000)]
  0x0000000022c8f000 JavaThread "pool-1-thread-245" [_thread_blocked, id=5888, stack(0x0000000034300000,0x0000000034400000)]
  0x0000000022c8e000 JavaThread "pool-1-thread-244" [_thread_in_native, id=11488, stack(0x0000000034200000,0x0000000034300000)]
  0x0000000022c89800 JavaThread "pool-1-thread-243" [_thread_blocked, id=12564, stack(0x0000000034100000,0x0000000034200000)]
  0x0000000022c8d000 JavaThread "pool-1-thread-242" [_thread_in_native, id=10560, stack(0x0000000034000000,0x0000000034100000)]
  0x0000000022c8b000 JavaThread "pool-1-thread-241" [_thread_blocked, id=9724, stack(0x0000000033f00000,0x0000000034000000)]
  0x0000000022c88800 JavaThread "pool-1-thread-240" [_thread_in_native, id=4392, stack(0x0000000033e00000,0x0000000033f00000)]
  0x0000000022c8c800 JavaThread "pool-1-thread-239" [_thread_in_native, id=10604, stack(0x0000000033d00000,0x0000000033e00000)]
  0x0000000022c8b800 JavaThread "pool-1-thread-238" [_thread_blocked, id=1912, stack(0x0000000033c00000,0x0000000033d00000)]
  0x0000000022c80800 JavaThread "pool-1-thread-237" [_thread_in_native, id=10036, stack(0x0000000033b00000,0x0000000033c00000)]
  0x0000000022c87000 JavaThread "pool-1-thread-236" [_thread_in_native, id=12188, stack(0x0000000033a00000,0x0000000033b00000)]
  0x0000000022c7f800 JavaThread "pool-1-thread-235" [_thread_in_native, id=1680, stack(0x0000000033900000,0x0000000033a00000)]
  0x0000000022c86800 JavaThread "pool-1-thread-234" [_thread_blocked, id=8052, stack(0x0000000033800000,0x0000000033900000)]
  0x0000000022c7f000 JavaThread "pool-1-thread-233" [_thread_blocked, id=9928, stack(0x0000000033700000,0x0000000033800000)]
  0x0000000022c85800 JavaThread "pool-1-thread-232" [_thread_in_native, id=9908, stack(0x0000000033600000,0x0000000033700000)]
  0x0000000022c7e000 JavaThread "pool-1-thread-231" [_thread_in_native, id=5700, stack(0x0000000033500000,0x0000000033600000)]
  0x0000000022c85000 JavaThread "pool-1-thread-230" [_thread_in_native, id=12324, stack(0x0000000033400000,0x0000000033500000)]
  0x0000000022c7d800 JavaThread "pool-1-thread-229" [_thread_in_native, id=11228, stack(0x0000000033300000,0x0000000033400000)]
  0x0000000022c84000 JavaThread "pool-1-thread-228" [_thread_in_native, id=3488, stack(0x0000000033200000,0x0000000033300000)]
  0x0000000022c83800 JavaThread "pool-1-thread-227" [_thread_in_native, id=12936, stack(0x0000000032ea0000,0x0000000032fa0000)]
  0x0000000022c81000 JavaThread "pool-1-thread-226" [_thread_in_native, id=6704, stack(0x0000000032da0000,0x0000000032ea0000)]
  0x0000000022c82800 JavaThread "pool-1-thread-225" [_thread_in_native, id=4724, stack(0x0000000032ca0000,0x0000000032da0000)]
  0x0000000022c82000 JavaThread "pool-1-thread-224" [_thread_in_native, id=480, stack(0x0000000032ba0000,0x0000000032ca0000)]
  0x0000000022c7c800 JavaThread "pool-1-thread-223" [_thread_in_native, id=1068, stack(0x0000000032aa0000,0x0000000032ba0000)]
  0x0000000022ab8800 JavaThread "pool-1-thread-222" [_thread_in_native, id=10044, stack(0x00000000329a0000,0x0000000032aa0000)]
  0x0000000022ab8000 JavaThread "pool-1-thread-221" [_thread_in_native, id=11244, stack(0x00000000328a0000,0x00000000329a0000)]
  0x0000000022ab0800 JavaThread "pool-1-thread-220" [_thread_in_native, id=8868, stack(0x00000000327a0000,0x00000000328a0000)]
  0x0000000022ab2000 JavaThread "pool-1-thread-219" [_thread_in_native, id=4888, stack(0x00000000326a0000,0x00000000327a0000)]
  0x0000000022ab7000 JavaThread "pool-1-thread-218" [_thread_blocked, id=10512, stack(0x00000000325a0000,0x00000000326a0000)]
  0x0000000022aaf800 JavaThread "pool-1-thread-217" [_thread_in_native, id=11372, stack(0x00000000324a0000,0x00000000325a0000)]
  0x0000000022ab6800 JavaThread "pool-1-thread-216" [_thread_in_native, id=12724, stack(0x00000000323a0000,0x00000000324a0000)]
  0x0000000022ab5800 JavaThread "pool-1-thread-215" [_thread_in_native, id=13196, stack(0x00000000322a0000,0x00000000323a0000)]
  0x0000000022ab5000 JavaThread "pool-1-thread-214" [_thread_in_native, id=11308, stack(0x00000000321a0000,0x00000000322a0000)]
  0x0000000022ab1000 JavaThread "pool-1-thread-213" [_thread_in_native, id=9316, stack(0x00000000320a0000,0x00000000321a0000)]
  0x0000000022aad800 JavaThread "pool-1-thread-212" [_thread_blocked, id=6132, stack(0x0000000031fa0000,0x00000000320a0000)]
  0x0000000022ab3800 JavaThread "pool-1-thread-211" [_thread_in_native, id=8324, stack(0x0000000031ea0000,0x0000000031fa0000)]
  0x0000000022ab4000 JavaThread "pool-1-thread-210" [_thread_blocked, id=7688, stack(0x0000000031da0000,0x0000000031ea0000)]
  0x0000000022aae000 JavaThread "pool-1-thread-209" [_thread_in_native, id=11656, stack(0x0000000031ca0000,0x0000000031da0000)]
  0x0000000022aaf000 JavaThread "pool-1-thread-208" [_thread_blocked, id=11460, stack(0x0000000031ba0000,0x0000000031ca0000)]
  0x0000000022ab2800 JavaThread "pool-1-thread-207" [_thread_blocked, id=9264, stack(0x0000000031aa0000,0x0000000031ba0000)]
  0x0000000022aac000 JavaThread "pool-1-thread-206" [_thread_in_native, id=7036, stack(0x00000000319a0000,0x0000000031aa0000)]
  0x0000000022aac800 JavaThread "pool-1-thread-205" [_thread_blocked, id=6468, stack(0x00000000318a0000,0x00000000319a0000)]
  0x0000000022aa4800 JavaThread "pool-1-thread-204" [_thread_in_native, id=12164, stack(0x00000000317a0000,0x00000000318a0000)]
  0x0000000022aab000 JavaThread "pool-1-thread-203" [_thread_in_native, id=11280, stack(0x00000000316a0000,0x00000000317a0000)]
  0x0000000022aaa800 JavaThread "pool-1-thread-202" [_thread_in_native, id=9944, stack(0x00000000315a0000,0x00000000316a0000)]
  0x0000000022aa6800 JavaThread "pool-1-thread-201" [_thread_in_native, id=9880, stack(0x00000000314a0000,0x00000000315a0000)]
  0x0000000022aa5000 JavaThread "pool-1-thread-200" [_thread_in_native, id=8280, stack(0x00000000313a0000,0x00000000314a0000)]
  0x0000000022aa6000 JavaThread "pool-1-thread-199" [_thread_in_native, id=11344, stack(0x00000000312a0000,0x00000000313a0000)]
  0x0000000022aa3000 JavaThread "pool-1-thread-198" [_thread_blocked, id=900, stack(0x00000000311a0000,0x00000000312a0000)]
  0x0000000022aa9800 JavaThread "pool-1-thread-197" [_thread_blocked, id=9332, stack(0x00000000310a0000,0x00000000311a0000)]
  0x0000000022aa2000 JavaThread "pool-1-thread-196" [_thread_in_native, id=6736, stack(0x0000000030fa0000,0x00000000310a0000)]
  0x0000000022aa3800 JavaThread "pool-1-thread-195" [_thread_blocked, id=6428, stack(0x0000000030ea0000,0x0000000030fa0000)]
  0x0000000022aa9000 JavaThread "pool-1-thread-194" [_thread_blocked, id=3564, stack(0x0000000030da0000,0x0000000030ea0000)]
  0x0000000022aa8000 JavaThread "pool-1-thread-193" [_thread_in_native, id=10172, stack(0x0000000030ca0000,0x0000000030da0000)]
  0x0000000022aa7800 JavaThread "pool-1-thread-192" [_thread_in_native, id=3984, stack(0x0000000030ba0000,0x0000000030ca0000)]
  0x0000000022a9a800 JavaThread "pool-1-thread-191" [_thread_blocked, id=10644, stack(0x0000000030aa0000,0x0000000030ba0000)]
  0x0000000022aa1800 JavaThread "pool-1-thread-190" [_thread_in_native, id=3672, stack(0x00000000309a0000,0x0000000030aa0000)]
  0x0000000022a9e800 JavaThread "pool-1-thread-189" [_thread_in_native, id=6352, stack(0x00000000308a0000,0x00000000309a0000)]
  0x0000000022a9d000 JavaThread "pool-1-thread-188" [_thread_blocked, id=10800, stack(0x00000000307a0000,0x00000000308a0000)]
  0x0000000022a9b800 JavaThread "pool-1-thread-187" [_thread_blocked, id=12204, stack(0x00000000306a0000,0x00000000307a0000)]
  0x0000000022a9a000 JavaThread "pool-1-thread-186" [_thread_in_native, id=9920, stack(0x00000000305a0000,0x00000000306a0000)]
  0x0000000022a9d800 JavaThread "pool-1-thread-185" [_thread_blocked, id=11936, stack(0x00000000304a0000,0x00000000305a0000)]
  0x0000000022aa0800 JavaThread "pool-1-thread-184" [_thread_blocked, id=9556, stack(0x00000000303a0000,0x00000000304a0000)]
  0x0000000022aa0000 JavaThread "pool-1-thread-183" [_thread_blocked, id=12180, stack(0x00000000302a0000,0x00000000303a0000)]
  0x0000000022a9c000 JavaThread "pool-1-thread-182" [_thread_blocked, id=5360, stack(0x00000000301a0000,0x00000000302a0000)]
  0x0000000022a9f000 JavaThread "pool-1-thread-181" [_thread_in_native, id=1764, stack(0x00000000300a0000,0x00000000301a0000)]
  0x0000000023ebf000 JavaThread "pool-1-thread-180" [_thread_in_native, id=2240, stack(0x000000002ffa0000,0x00000000300a0000)]
  0x0000000023ec3800 JavaThread "pool-1-thread-179" [_thread_in_native, id=10352, stack(0x000000002fea0000,0x000000002ffa0000)]
  0x0000000023ec2800 JavaThread "pool-1-thread-178" [_thread_in_native, id=9932, stack(0x000000002fda0000,0x000000002fea0000)]
  0x0000000023ec2000 JavaThread "pool-1-thread-177" [_thread_in_native, id=2948, stack(0x000000002fca0000,0x000000002fda0000)]
  0x0000000023ec1000 JavaThread "pool-1-thread-176" [_thread_in_native, id=8220, stack(0x000000002fba0000,0x000000002fca0000)]
  0x0000000023ec0800 JavaThread "pool-1-thread-175" [_thread_in_native, id=8880, stack(0x000000002faa0000,0x000000002fba0000)]
  0x0000000023ebe000 JavaThread "pool-1-thread-174" [_thread_in_native, id=11964, stack(0x000000002f9a0000,0x000000002faa0000)]
  0x0000000023ebf800 JavaThread "pool-1-thread-173" [_thread_in_native, id=500, stack(0x000000002f8a0000,0x000000002f9a0000)]
  0x0000000023eb8000 JavaThread "pool-1-thread-172" [_thread_in_native, id=6900, stack(0x000000002f7a0000,0x000000002f8a0000)]
  0x0000000023ebc000 JavaThread "pool-1-thread-171" [_thread_blocked, id=6436, stack(0x000000002f6a0000,0x000000002f7a0000)]
  0x0000000023ebd800 JavaThread "pool-1-thread-170" [_thread_in_native, id=12796, stack(0x000000002f5a0000,0x000000002f6a0000)]
  0x0000000023ebc800 JavaThread "pool-1-thread-169" [_thread_in_native, id=7456, stack(0x000000002f4a0000,0x000000002f5a0000)]
  0x0000000023eb7800 JavaThread "pool-1-thread-168" [_thread_in_native, id=12128, stack(0x000000002f3a0000,0x000000002f4a0000)]
  0x0000000023eb5000 JavaThread "pool-1-thread-167" [_thread_in_native, id=5832, stack(0x000000002f2a0000,0x000000002f3a0000)]
  0x0000000023eb6000 JavaThread "pool-1-thread-166" [_thread_in_native, id=8368, stack(0x000000002f1a0000,0x000000002f2a0000)]
  0x0000000023eb4800 JavaThread "pool-1-thread-165" [_thread_in_native, id=4804, stack(0x000000002f0a0000,0x000000002f1a0000)]
  0x0000000023ebb000 JavaThread "pool-1-thread-164" [_thread_in_native, id=7376, stack(0x000000002efa0000,0x000000002f0a0000)]
  0x0000000023eb9800 JavaThread "pool-1-thread-163" [_thread_in_native, id=5132, stack(0x000000002eea0000,0x000000002efa0000)]
  0x0000000023eb6800 JavaThread "pool-1-thread-162" [_thread_in_native, id=13008, stack(0x000000002eda0000,0x000000002eea0000)]
  0x0000000023eba800 JavaThread "pool-1-thread-161" [_thread_blocked, id=820, stack(0x000000002eca0000,0x000000002eda0000)]
  0x0000000023eb9000 JavaThread "pool-1-thread-160" [_thread_in_native, id=12448, stack(0x000000002eba0000,0x000000002eca0000)]
  0x0000000022c70800 JavaThread "pool-1-thread-159" [_thread_in_native, id=11364, stack(0x000000002eaa0000,0x000000002eba0000)]
  0x0000000022c77800 JavaThread "pool-1-thread-158" [_thread_in_native, id=12872, stack(0x000000002e9a0000,0x000000002eaa0000)]
  0x0000000022c76800 JavaThread "pool-1-thread-157" [_thread_in_native, id=6148, stack(0x000000002e8a0000,0x000000002e9a0000)]
  0x0000000022c6f000 JavaThread "pool-1-thread-156" [_thread_in_native, id=13148, stack(0x000000002e7a0000,0x000000002e8a0000)]
  0x0000000022c76000 JavaThread "pool-1-thread-155" [_thread_blocked, id=7580, stack(0x000000002e6a0000,0x000000002e7a0000)]
  0x0000000022c6e800 JavaThread "pool-1-thread-154" [_thread_in_native, id=10988, stack(0x000000002e5a0000,0x000000002e6a0000)]
  0x0000000022c75000 JavaThread "pool-1-thread-153" [_thread_in_native, id=8608, stack(0x000000002e4a0000,0x000000002e5a0000)]
  0x0000000022c74800 JavaThread "pool-1-thread-152" [_thread_in_native, id=12692, stack(0x000000002e3a0000,0x000000002e4a0000)]
  0x0000000022c72000 JavaThread "pool-1-thread-151" [_thread_in_native, id=268, stack(0x000000002e2a0000,0x000000002e3a0000)]
  0x0000000022c71800 JavaThread "pool-1-thread-150" [_thread_in_native, id=5500, stack(0x000000002e1a0000,0x000000002e2a0000)]
  0x0000000022c73000 JavaThread "pool-1-thread-149" [_thread_in_native, id=11512, stack(0x000000002e0a0000,0x000000002e1a0000)]
  0x0000000022c73800 JavaThread "pool-1-thread-148" [_thread_blocked, id=32, stack(0x000000002dfa0000,0x000000002e0a0000)]
  0x0000000022c69000 JavaThread "pool-1-thread-147" [_thread_blocked, id=6424, stack(0x000000002dea0000,0x000000002dfa0000)]
  0x0000000022c6d800 JavaThread "pool-1-thread-146" [_thread_in_native, id=5420, stack(0x000000002dda0000,0x000000002dea0000)]
  0x0000000022c6d000 JavaThread "pool-1-thread-145" [_thread_in_native, id=13080, stack(0x000000002dca0000,0x000000002dda0000)]
  0x0000000022c6b800 JavaThread "pool-1-thread-144" [_thread_in_native, id=8748, stack(0x000000002dba0000,0x000000002dca0000)]
  0x0000000022c6a800 JavaThread "pool-1-thread-143" [_thread_blocked, id=9504, stack(0x000000002daa0000,0x000000002dba0000)]
  0x0000000022c70000 JavaThread "pool-1-thread-142" [_thread_in_native, id=7488, stack(0x000000002d9a0000,0x000000002daa0000)]
  0x0000000022c6a000 JavaThread "pool-1-thread-141" [_thread_in_native, id=7424, stack(0x000000002d8a0000,0x000000002d9a0000)]
  0x0000000022c6c000 JavaThread "pool-1-thread-140" [_thread_in_native, id=1140, stack(0x000000002d7a0000,0x000000002d8a0000)]
  0x0000000022c68000 JavaThread "pool-1-thread-139" [_thread_in_native, id=13300, stack(0x000000002d6a0000,0x000000002d7a0000)]
  0x0000000022d64000 JavaThread "pool-1-thread-138" [_thread_blocked, id=6692, stack(0x000000002d5a0000,0x000000002d6a0000)]
  0x0000000022d63000 JavaThread "pool-1-thread-137" [_thread_blocked, id=3748, stack(0x000000002d4a0000,0x000000002d5a0000)]
  0x0000000022d62800 JavaThread "pool-1-thread-136" [_thread_in_native, id=8756, stack(0x000000002d3a0000,0x000000002d4a0000)]
  0x0000000022d61800 JavaThread "pool-1-thread-135" [_thread_in_native, id=6860, stack(0x000000002d2a0000,0x000000002d3a0000)]
  0x0000000022d67000 JavaThread "pool-1-thread-134" [_thread_in_native, id=8116, stack(0x000000002d1a0000,0x000000002d2a0000)]
  0x0000000022d65800 JavaThread "pool-1-thread-133" [_thread_in_native, id=12328, stack(0x000000002d0a0000,0x000000002d1a0000)]
  0x0000000022d66000 JavaThread "pool-1-thread-132" [_thread_blocked, id=4136, stack(0x000000002cfa0000,0x000000002d0a0000)]
  0x0000000022d64800 JavaThread "pool-1-thread-131" [_thread_in_native, id=520, stack(0x000000002cea0000,0x000000002cfa0000)]
  0x0000000022d5a000 JavaThread "pool-1-thread-130" [_thread_in_native, id=3888, stack(0x000000002cda0000,0x000000002cea0000)]
  0x0000000022d61000 JavaThread "pool-1-thread-129" [_thread_in_native, id=7060, stack(0x000000002cca0000,0x000000002cda0000)]
  0x0000000022d60000 JavaThread "pool-1-thread-128" [_thread_in_native, id=4208, stack(0x000000002cba0000,0x000000002cca0000)]
  0x0000000022d5f800 JavaThread "pool-1-thread-127" [_thread_in_native, id=2660, stack(0x000000002caa0000,0x000000002cba0000)]
  0x0000000022d5c800 JavaThread "pool-1-thread-126" [_thread_in_native, id=8720, stack(0x000000002c9a0000,0x000000002caa0000)]
  0x0000000022d5e000 JavaThread "pool-1-thread-125" [_thread_blocked, id=2764, stack(0x000000002c8a0000,0x000000002c9a0000)]
  0x0000000022d58000 JavaThread "pool-1-thread-124" [_thread_in_native, id=13024, stack(0x000000002c7a0000,0x000000002c8a0000)]
  0x0000000022d58800 JavaThread "pool-1-thread-123" [_thread_in_native, id=13252, stack(0x000000002c6a0000,0x000000002c7a0000)]
  0x0000000022d59800 JavaThread "pool-1-thread-122" [_thread_in_native, id=10024, stack(0x000000002c5a0000,0x000000002c6a0000)]
  0x0000000022d5b800 JavaThread "pool-1-thread-121" [_thread_blocked, id=8988, stack(0x000000002c4a0000,0x000000002c5a0000)]
  0x0000000022d5e800 JavaThread "pool-1-thread-120" [_thread_blocked, id=12024, stack(0x000000002c3a0000,0x000000002c4a0000)]
  0x0000000022d5d000 JavaThread "pool-1-thread-119" [_thread_in_native, id=10192, stack(0x000000002c2a0000,0x000000002c3a0000)]
  0x0000000022d5b000 JavaThread "pool-1-thread-118" [_thread_in_native, id=184, stack(0x000000002c1a0000,0x000000002c2a0000)]
  0x0000000022d38000 JavaThread "pool-1-thread-117" [_thread_blocked, id=4372, stack(0x000000002c0a0000,0x000000002c1a0000)]
  0x0000000022d37000 JavaThread "pool-1-thread-116" [_thread_in_native, id=212, stack(0x000000002bfa0000,0x000000002c0a0000)]
  0x0000000022d36800 JavaThread "pool-1-thread-115" [_thread_in_native, id=2220, stack(0x000000002bea0000,0x000000002bfa0000)]
  0x0000000022d35800 JavaThread "pool-1-thread-114" [_thread_blocked, id=7752, stack(0x000000002bda0000,0x000000002bea0000)]
  0x0000000022d3a000 JavaThread "pool-1-thread-113" [_thread_in_native, id=1628, stack(0x000000002bca0000,0x000000002bda0000)]
  0x0000000022d39800 JavaThread "pool-1-thread-112" [_thread_blocked, id=12680, stack(0x000000002bba0000,0x000000002bca0000)]
  0x0000000022d35000 JavaThread "pool-1-thread-111" [_thread_blocked, id=8076, stack(0x000000002baa0000,0x000000002bba0000)]
  0x0000000022d38800 JavaThread "pool-1-thread-110" [_thread_in_native, id=1348, stack(0x000000002b9a0000,0x000000002baa0000)]
  0x0000000022d3b000 JavaThread "pool-1-thread-109" [_thread_in_native, id=6972, stack(0x000000002b8a0000,0x000000002b9a0000)]
  0x0000000022d2d800 JavaThread "pool-1-thread-108" [_thread_blocked, id=9292, stack(0x000000002b7a0000,0x000000002b8a0000)]
  0x0000000022d30800 JavaThread "pool-1-thread-107" [_thread_in_native, id=4892, stack(0x000000002b6a0000,0x000000002b7a0000)]
  0x0000000022d34000 JavaThread "pool-1-thread-106" [_thread_blocked, id=3912, stack(0x000000002b5a0000,0x000000002b6a0000)]
  0x0000000022d33800 JavaThread "pool-1-thread-105" [_thread_in_native, id=4568, stack(0x000000002b4a0000,0x000000002b5a0000)]
  0x0000000022d2b800 JavaThread "pool-1-thread-104" [_thread_in_native, id=13280, stack(0x000000002b3a0000,0x000000002b4a0000)]
  0x0000000022d32000 JavaThread "pool-1-thread-103" [_thread_blocked, id=9768, stack(0x000000002b2a0000,0x000000002b3a0000)]
  0x0000000022d31000 JavaThread "pool-1-thread-102" [_thread_blocked, id=6504, stack(0x000000002b1a0000,0x000000002b2a0000)]
  0x0000000022d2f800 JavaThread "pool-1-thread-101" [_thread_in_native, id=2000, stack(0x000000002b0a0000,0x000000002b1a0000)]
  0x0000000022d2e000 JavaThread "pool-1-thread-100" [_thread_in_native, id=1372, stack(0x000000002afa0000,0x000000002b0a0000)]
  0x0000000022d32800 JavaThread "pool-1-thread-99" [_thread_in_native, id=13136, stack(0x000000002aea0000,0x000000002afa0000)]
  0x0000000022d2c800 JavaThread "pool-1-thread-98" [_thread_in_native, id=8960, stack(0x000000002ada0000,0x000000002aea0000)]
  0x0000000022d2f000 JavaThread "pool-1-thread-97" [_thread_in_native, id=4992, stack(0x000000002aca0000,0x000000002ada0000)]
  0x000000001bd71800 JavaThread "pool-1-thread-96" [_thread_blocked, id=6432, stack(0x000000002aba0000,0x000000002aca0000)]
  0x000000001bd77800 JavaThread "pool-1-thread-95" [_thread_blocked, id=3060, stack(0x000000002aaa0000,0x000000002aba0000)]
  0x000000001bd75000 JavaThread "pool-1-thread-94" [_thread_in_native, id=12868, stack(0x000000002a9a0000,0x000000002aaa0000)]
  0x000000001bd74800 JavaThread "pool-1-thread-93" [_thread_blocked, id=6192, stack(0x000000002a8a0000,0x000000002a9a0000)]
  0x000000001bd73800 JavaThread "pool-1-thread-92" [_thread_in_native, id=12696, stack(0x000000002a7a0000,0x000000002a8a0000)]
  0x000000001bd70000 JavaThread "pool-1-thread-91" [_thread_blocked, id=12036, stack(0x000000002a6a0000,0x000000002a7a0000)]
  0x000000001bd76000 JavaThread "pool-1-thread-90" [_thread_blocked, id=216, stack(0x000000002a5a0000,0x000000002a6a0000)]
  0x000000001bd73000 JavaThread "pool-1-thread-89" [_thread_blocked, id=12240, stack(0x000000002a4a0000,0x000000002a5a0000)]
  0x000000001bd76800 JavaThread "pool-1-thread-88" [_thread_blocked, id=1288, stack(0x000000002a3a0000,0x000000002a4a0000)]
  0x000000001bd70800 JavaThread "pool-1-thread-87" [_thread_in_native, id=10076, stack(0x000000002a2a0000,0x000000002a3a0000)]
  0x000000001bd72000 JavaThread "pool-1-thread-86" [_thread_in_native, id=11292, stack(0x000000002a1a0000,0x000000002a2a0000)]
  0x000000001bd68800 JavaThread "pool-1-thread-85" [_thread_in_native, id=2864, stack(0x000000002a0a0000,0x000000002a1a0000)]
  0x000000001bd6a000 JavaThread "pool-1-thread-84" [_thread_in_native, id=9940, stack(0x0000000029fa0000,0x000000002a0a0000)]
  0x000000001bd6f000 JavaThread "pool-1-thread-83" [_thread_in_native, id=1268, stack(0x0000000029ea0000,0x0000000029fa0000)]
  0x000000001bd6d800 JavaThread "pool-1-thread-82" [_thread_blocked, id=10320, stack(0x0000000029da0000,0x0000000029ea0000)]
  0x000000001bd6c000 JavaThread "pool-1-thread-81" [_thread_blocked, id=11884, stack(0x0000000029ca0000,0x0000000029da0000)]
  0x000000001bd69000 JavaThread "pool-1-thread-80" [_thread_in_native, id=2472, stack(0x0000000029ba0000,0x0000000029ca0000)]
  0x000000001bd6d000 JavaThread "pool-1-thread-79" [_thread_blocked, id=10396, stack(0x0000000029aa0000,0x0000000029ba0000)]
  0x000000001bd6b800 JavaThread "pool-1-thread-78" [_thread_in_native, id=12012, stack(0x00000000299a0000,0x0000000029aa0000)]
  0x000000001bd6a800 JavaThread "pool-1-thread-77" [_thread_in_native, id=3412, stack(0x00000000298a0000,0x00000000299a0000)]
  0x000000001bd6e800 JavaThread "pool-1-thread-76" [_thread_in_native, id=6212, stack(0x00000000297a0000,0x00000000298a0000)]
  0x000000001afde800 JavaThread "pool-1-thread-75" [_thread_in_native, id=844, stack(0x00000000296a0000,0x00000000297a0000)]
  0x000000001afdd000 JavaThread "pool-1-thread-74" [_thread_in_native, id=11956, stack(0x00000000295a0000,0x00000000296a0000)]
  0x000000001afdc800 JavaThread "pool-1-thread-73" [_thread_in_native, id=12628, stack(0x00000000294a0000,0x00000000295a0000)]
  0x000000001afdb000 JavaThread "pool-1-thread-72" [_thread_in_native, id=9644, stack(0x00000000293a0000,0x00000000294a0000)]
  0x000000001afdb800 JavaThread "pool-1-thread-71" [_thread_blocked, id=13192, stack(0x00000000292a0000,0x00000000293a0000)]
  0x000000001afdf800 JavaThread "pool-1-thread-70" [_thread_in_native, id=3428, stack(0x00000000291a0000,0x00000000292a0000)]
  0x000000001afe0000 JavaThread "pool-1-thread-69" [_thread_blocked, id=5704, stack(0x00000000290a0000,0x00000000291a0000)]
  0x000000001afe1000 JavaThread "pool-1-thread-68" [_thread_in_native, id=6224, stack(0x0000000028fa0000,0x00000000290a0000)]
  0x000000001afde000 JavaThread "pool-1-thread-67" [_thread_in_native, id=11448, stack(0x0000000028ea0000,0x0000000028fa0000)]
  0x000000001afe1800 JavaThread "pool-1-thread-66" [_thread_in_native, id=6992, stack(0x0000000028da0000,0x0000000028ea0000)]
  0x000000001afd3000 JavaThread "pool-1-thread-65" [_thread_in_native, id=13092, stack(0x0000000028ca0000,0x0000000028da0000)]
  0x000000001afda000 JavaThread "pool-1-thread-64" [_thread_in_native, id=4332, stack(0x0000000028ba0000,0x0000000028ca0000)]
  0x000000001afd2800 JavaThread "pool-1-thread-63" [_thread_in_native, id=10896, stack(0x0000000028aa0000,0x0000000028ba0000)]
  0x000000001afd9800 JavaThread "pool-1-thread-62" [_thread_in_native, id=10884, stack(0x00000000289a0000,0x0000000028aa0000)]
  0x000000001afd8000 JavaThread "pool-1-thread-61" [_thread_in_native, id=10984, stack(0x00000000288a0000,0x00000000289a0000)]
  0x000000001afd7000 JavaThread "pool-1-thread-60" [_thread_blocked, id=12552, stack(0x00000000287a0000,0x00000000288a0000)]
  0x000000001afd6000 JavaThread "pool-1-thread-59" [_thread_in_native, id=3064, stack(0x00000000286a0000,0x00000000287a0000)]
  0x000000001afd4800 JavaThread "pool-1-thread-58" [_thread_in_native, id=10972, stack(0x00000000285a0000,0x00000000286a0000)]
  0x000000001afd4000 JavaThread "pool-1-thread-57" [_thread_in_native, id=7224, stack(0x00000000284a0000,0x00000000285a0000)]
  0x000000001afd5800 JavaThread "pool-1-thread-56" [_thread_in_native, id=5808, stack(0x00000000283a0000,0x00000000284a0000)]
  0x000000001afd8800 JavaThread "pool-1-thread-55" [_thread_in_native, id=10708, stack(0x00000000282a0000,0x00000000283a0000)]
  0x0000000023be6000 JavaThread "pool-1-thread-54" [_thread_in_native, id=1244, stack(0x00000000281a0000,0x00000000282a0000)]
  0x0000000023be7800 JavaThread "pool-1-thread-53" [_thread_in_native, id=6808, stack(0x00000000280a0000,0x00000000281a0000)]
  0x0000000023be6800 JavaThread "pool-1-thread-52" [_thread_in_native, id=13112, stack(0x0000000027fa0000,0x00000000280a0000)]
  0x0000000023be5000 JavaThread "pool-1-thread-51" [_thread_blocked, id=8060, stack(0x0000000027ea0000,0x0000000027fa0000)]
  0x0000000023be4800 JavaThread "pool-1-thread-50" [_thread_in_native, id=12980, stack(0x0000000027da0000,0x0000000027ea0000)]
  0x0000000023bdd000 JavaThread "pool-1-thread-49" [_thread_blocked, id=11380, stack(0x0000000027ca0000,0x0000000027da0000)]
  0x0000000023be2000 JavaThread "pool-1-thread-48" [_thread_blocked, id=8224, stack(0x0000000027ba0000,0x0000000027ca0000)]
  0x0000000023be0800 JavaThread "pool-1-thread-47" [_thread_in_native, id=10772, stack(0x0000000027aa0000,0x0000000027ba0000)]
  0x0000000023be3800 JavaThread "pool-1-thread-46" [_thread_in_native, id=616, stack(0x00000000279a0000,0x0000000027aa0000)]
  0x0000000023be3000 JavaThread "pool-1-thread-45" [_thread_blocked, id=3788, stack(0x00000000278a0000,0x00000000279a0000)]
  0x0000000023be0000 JavaThread "pool-1-thread-44" [_thread_in_native, id=5948, stack(0x00000000277a0000,0x00000000278a0000)]
  0x0000000023be1800 JavaThread "pool-1-thread-43" [_thread_in_native, id=6380, stack(0x00000000276a0000,0x00000000277a0000)]
  0x0000000023bdb800 JavaThread "pool-1-thread-42" [_thread_blocked, id=4244, stack(0x00000000275a0000,0x00000000276a0000)]
  0x0000000023bd8800 JavaThread "pool-1-thread-41" [_thread_in_native, id=11736, stack(0x00000000274a0000,0x00000000275a0000)]
  0x0000000023bdf000 JavaThread "pool-1-thread-40" [_thread_blocked, id=13268, stack(0x00000000273a0000,0x00000000274a0000)]
  0x0000000023bdd800 JavaThread "pool-1-thread-39" [_thread_in_native, id=10716, stack(0x00000000272a0000,0x00000000273a0000)]
  0x0000000023bda800 JavaThread "pool-1-thread-38" [_thread_blocked, id=11112, stack(0x00000000271a0000,0x00000000272a0000)]
  0x0000000023bda000 JavaThread "pool-1-thread-37" [_thread_in_native, id=12244, stack(0x00000000270a0000,0x00000000271a0000)]
  0x0000000023bd9000 JavaThread "pool-1-thread-36" [_thread_in_native, id=9696, stack(0x0000000026fa0000,0x00000000270a0000)]
  0x0000000023bdc000 JavaThread "pool-1-thread-35" [_thread_in_native, id=7824, stack(0x0000000026ea0000,0x0000000026fa0000)]
  0x0000000023bde800 JavaThread "pool-1-thread-34" [_thread_in_native, id=3764, stack(0x0000000026da0000,0x0000000026ea0000)]
  0x000000001c0de800 JavaThread "pool-1-thread-33" [_thread_blocked, id=1888, stack(0x0000000026ca0000,0x0000000026da0000)]
  0x000000001c0df800 JavaThread "pool-1-thread-32" [_thread_in_native, id=9404, stack(0x0000000026ba0000,0x0000000026ca0000)]
  0x000000001c0dd000 JavaThread "pool-1-thread-31" [_thread_blocked, id=11052, stack(0x0000000026aa0000,0x0000000026ba0000)]
  0x000000001c0db800 JavaThread "pool-1-thread-30" [_thread_in_native, id=4608, stack(0x00000000269a0000,0x0000000026aa0000)]
  0x000000001c0e2800 JavaThread "pool-1-thread-29" [_thread_blocked, id=13048, stack(0x00000000268a0000,0x00000000269a0000)]
  0x000000001c0e1000 JavaThread "pool-1-thread-28" [_thread_blocked, id=5512, stack(0x00000000267a0000,0x00000000268a0000)]
  0x000000001c0db000 JavaThread "pool-1-thread-27" [_thread_blocked, id=5272, stack(0x00000000266a0000,0x00000000267a0000)]
  0x000000001c0dc800 JavaThread "pool-1-thread-26" [_thread_blocked, id=7096, stack(0x00000000265a0000,0x00000000266a0000)]
  0x000000001c0e1800 JavaThread "pool-1-thread-25" [_thread_blocked, id=11096, stack(0x00000000264a0000,0x00000000265a0000)]
  0x000000001c0e0000 JavaThread "pool-1-thread-24" [_thread_blocked, id=9788, stack(0x00000000263a0000,0x00000000264a0000)]
  0x000000001c0de000 JavaThread "pool-1-thread-23" [_thread_in_native, id=6420, stack(0x00000000262a0000,0x00000000263a0000)]
  0x000000001c0d3800 JavaThread "pool-1-thread-22" [_thread_in_native, id=12976, stack(0x00000000261a0000,0x00000000262a0000)]
  0x000000001c0d5000 JavaThread "pool-1-thread-21" [_thread_in_native, id=1872, stack(0x00000000260a0000,0x00000000261a0000)]
  0x000000001c0d9800 JavaThread "pool-1-thread-20" [_thread_in_native, id=5024, stack(0x0000000025fa0000,0x00000000260a0000)]
  0x000000001c0d8800 JavaThread "pool-1-thread-19" [_thread_in_native, id=5612, stack(0x0000000025ea0000,0x0000000025fa0000)]
  0x000000001c0d4000 JavaThread "pool-1-thread-18" [_thread_in_native, id=2704, stack(0x0000000025da0000,0x0000000025ea0000)]
  0x000000001c0d7000 JavaThread "pool-1-thread-17" [_thread_blocked, id=1416, stack(0x0000000025ca0000,0x0000000025da0000)]
  0x000000001c0da000 JavaThread "pool-1-thread-16" [_thread_in_native, id=5208, stack(0x0000000025ba0000,0x0000000025ca0000)]
  0x000000001c0d6800 JavaThread "pool-1-thread-15" [_thread_blocked, id=11272, stack(0x0000000025aa0000,0x0000000025ba0000)]
  0x000000001c0d5800 JavaThread "pool-1-thread-14" [_thread_blocked, id=8412, stack(0x00000000259a0000,0x0000000025aa0000)]
  0x000000001c0d8000 JavaThread "pool-1-thread-13" [_thread_in_native, id=4356, stack(0x00000000258a0000,0x00000000259a0000)]
  0x0000000023730000 JavaThread "pool-1-thread-12" [_thread_in_native, id=9988, stack(0x00000000257a0000,0x00000000258a0000)]
  0x000000002372f000 JavaThread "pool-1-thread-11" [_thread_in_native, id=6940, stack(0x00000000256a0000,0x00000000257a0000)]
  0x000000002372d800 JavaThread "pool-1-thread-10" [_thread_in_native, id=180, stack(0x00000000255a0000,0x00000000256a0000)]
  0x0000000023733800 JavaThread "pool-1-thread-9" [_thread_in_native, id=2236, stack(0x00000000254a0000,0x00000000255a0000)]
  0x0000000023733000 JavaThread "pool-1-thread-8" [_thread_in_native, id=10212, stack(0x00000000253a0000,0x00000000254a0000)]
  0x0000000023731800 JavaThread "pool-1-thread-7" [_thread_blocked, id=7204, stack(0x00000000252a0000,0x00000000253a0000)]
  0x000000002372e800 JavaThread "pool-1-thread-6" [_thread_in_native, id=5660, stack(0x00000000251a0000,0x00000000252a0000)]
  0x0000000023732000 JavaThread "pool-1-thread-5" [_thread_in_native, id=4000, stack(0x00000000250a0000,0x00000000251a0000)]
  0x0000000023730800 JavaThread "pool-1-thread-4" [_thread_in_native, id=5180, stack(0x0000000024fa0000,0x00000000250a0000)]
  0x0000000023734800 JavaThread "pool-1-thread-3" [_thread_in_native, id=4828, stack(0x0000000024ea0000,0x0000000024fa0000)]
  0x000000001bfc5800 JavaThread "pool-1-thread-2" [_thread_blocked, id=9712, stack(0x0000000024da0000,0x0000000024ea0000)]
  0x000000001bfc4800 JavaThread "pool-1-thread-1" [_thread_in_native, id=6672, stack(0x0000000024ca0000,0x0000000024da0000)]
=>0x000000001bfc2000 JavaThread "Thread-3" [_thread_in_vm, id=11836, stack(0x0000000024ba0000,0x0000000024ca0000)]
  0x000000001bc8e800 JavaThread "TimerQueue" daemon [_thread_blocked, id=9680, stack(0x00000000221f0000,0x00000000222f0000)]
  0x0000000004cbe000 JavaThread "DestroyJavaVM" [_thread_blocked, id=6316, stack(0x0000000004cc0000,0x0000000004dc0000)]
  0x000000001ba2b800 JavaThread "AWT-EventQueue-0" [_thread_blocked, id=7032, stack(0x000000001cc60000,0x000000001cd60000)]
  0x000000001b97d800 JavaThread "AWT-Windows" daemon [_thread_blocked, id=13200, stack(0x000000001c390000,0x000000001c490000)]
  0x000000001b979000 JavaThread "AWT-Shutdown" [_thread_blocked, id=4268, stack(0x000000001c290000,0x000000001c390000)]
  0x000000001b98f000 JavaThread "Java2D Disposer" daemon [_thread_blocked, id=3380, stack(0x000000001c130000,0x000000001c230000)]
  0x000000001ae2a800 JavaThread "Service Thread" daemon [_thread_blocked, id=8248, stack(0x000000001b690000,0x000000001b790000)]
  0x000000001add9000 JavaThread "C1 CompilerThread2" daemon [_thread_blocked, id=9060, stack(0x000000001b590000,0x000000001b690000)]
  0x000000001ad9b800 JavaThread "C2 CompilerThread1" daemon [_thread_blocked, id=4116, stack(0x000000001b490000,0x000000001b590000)]
  0x0000000019a8b800 JavaThread "C2 CompilerThread0" daemon [_thread_blocked, id=10616, stack(0x000000001b390000,0x000000001b490000)]
  0x000000001ad98800 JavaThread "Attach Listener" daemon [_thread_blocked, id=12344, stack(0x000000001b290000,0x000000001b390000)]
  0x0000000019a3f000 JavaThread "Signal Dispatcher" daemon [_thread_blocked, id=3012, stack(0x000000001b190000,0x000000001b290000)]
  0x0000000019a1a800 JavaThread "Finalizer" daemon [_thread_blocked, id=3268, stack(0x000000001ac90000,0x000000001ad90000)]
  0x0000000004eb0000 JavaThread "Reference Handler" daemon [_thread_blocked, id=9424, stack(0x000000001ab90000,0x000000001ac90000)]

Other Threads:
  0x00000000199f6800 VMThread [stack: 0x000000001aa90000,0x000000001ab90000] [id=3760]
  0x000000001ae45000 WatcherThread [stack: 0x000000001b790000,0x000000001b890000] [id=5368]

VM state:synchronizing (normal execution)

VM Mutex/Monitor currently owned by a thread:  ([mutex/lock_event])
[0x0000000004cbca00] Threads_lock - owner thread: 0x00000000199f6800

Heap:
 PSYoungGen      total 38400K, used 33912K [0x00000000d5c00000, 0x00000000d8680000, 0x0000000100000000)
  eden space 33280K, 86% used [0x00000000d5c00000,0x00000000d7824ed0,0x00000000d7c80000)
  from space 5120K, 99% used [0x00000000d8180000,0x00000000d8679180,0x00000000d8680000)
  to   space 5120K, 0% used [0x00000000d7c80000,0x00000000d7c80000,0x00000000d8180000)
 ParOldGen       total 87552K, used 32K [0x0000000081400000, 0x0000000086980000, 0x00000000d5c00000)
  object space 87552K, 0% used [0x0000000081400000,0x0000000081408000,0x0000000086980000)
 Metaspace       used 14563K, capacity 14834K, committed 15232K, reserved 1062912K
  class space    used 1806K, capacity 1893K, committed 1920K, reserved 1048576K

Card table byte_map: [0x0000000014280000,0x0000000014680000] byte_map_base: 0x0000000013e76000

Marking Bits: (ParMarkBitMap*) 0x0000000055c3d850
 Begin Bits: [0x0000000014d30000, 0x0000000016ce0000)
 End Bits:   [0x0000000016ce0000, 0x0000000018c90000)

Polling page: 0x0000000003070000

CodeCache: size=245760Kb used=6171Kb max_used=6381Kb free=239588Kb
 bounds [0x0000000004ec0000, 0x0000000005510000, 0x0000000013ec0000]
 total_blobs=2346 nmethods=1819 adapters=438
 compilation: enabled

Compilation events (10 events):
Event: 51.157 Thread 0x000000001add9000 nmethod 1974 0x00000000052da950 code [0x00000000052daaa0, 0x00000000052dabf0]
Event: 51.644 Thread 0x0000000019a8b800 1975       4       java.awt.KeyboardFocusManager::getCurrentKeyboardFocusManager (7 bytes)
Event: 51.644 Thread 0x000000001add9000 1976       3       sun.reflect.ReflectionFactory::inflationThreshold (4 bytes)
Event: 51.645 Thread 0x000000001add9000 nmethod 1976 0x00000000052fd010 code [0x00000000052fd160, 0x00000000052fd290]
Event: 51.645 Thread 0x000000001add9000 1977       3       javax.swing.JComponent::clientPropertyChanged (1 bytes)
Event: 51.645 Thread 0x000000001add9000 nmethod 1977 0x000000000518ac10 code [0x000000000518ad60, 0x000000000518aeb0]
Event: 51.645 Thread 0x000000001add9000 1978       3       javax.swing.LookAndFeel::installProperty (37 bytes)
Event: 51.645 Thread 0x000000001add9000 nmethod 1978 0x0000000005110750 code [0x0000000005110920, 0x0000000005111038]
Event: 51.646 Thread 0x0000000019a8b800 nmethod 1975 0x00000000050effd0 code [0x00000000050f0140, 0x00000000050f0508]
Event: 51.646 Thread 0x000000001ad9b800 1979       4       sun.reflect.ByteVectorImpl::add (38 bytes)

GC Heap History (4 events):
Event: 24.529 GC heap before
{Heap before GC invocations=1 (full 0):
 PSYoungGen      total 38400K, used 33280K [0x00000000d5c00000, 0x00000000d8680000, 0x0000000100000000)
  eden space 33280K, 100% used [0x00000000d5c00000,0x00000000d7c80000,0x00000000d7c80000)
  from space 5120K, 0% used [0x00000000d8180000,0x00000000d8180000,0x00000000d8680000)
  to   space 5120K, 0% used [0x00000000d7c80000,0x00000000d7c80000,0x00000000d8180000)
 ParOldGen       total 87552K, used 0K [0x0000000081400000, 0x0000000086980000, 0x00000000d5c00000)
  object space 87552K, 0% used [0x0000000081400000,0x0000000081400000,0x0000000086980000)
 Metaspace       used 14297K, capacity 14566K, committed 14720K, reserved 1062912K
  class space    used 1781K, capacity 1891K, committed 1920K, reserved 1048576K
Event: 24.540 GC heap after
Heap after GC invocations=1 (full 0):
 PSYoungGen      total 38400K, used 4804K [0x00000000d5c00000, 0x00000000d8680000, 0x0000000100000000)
  eden space 33280K, 0% used [0x00000000d5c00000,0x00000000d5c00000,0x00000000d7c80000)
  from space 5120K, 93% used [0x00000000d7c80000,0x00000000d81311a0,0x00000000d8180000)
  to   space 5120K, 0% used [0x00000000d8180000,0x00000000d8180000,0x00000000d8680000)
 ParOldGen       total 87552K, used 16K [0x0000000081400000, 0x0000000086980000, 0x00000000d5c00000)
  object space 87552K, 0% used [0x0000000081400000,0x0000000081404000,0x0000000086980000)
 Metaspace       used 14297K, capacity 14566K, committed 14720K, reserved 1062912K
  class space    used 1781K, capacity 1891K, committed 1920K, reserved 1048576K
}
Event: 47.114 GC heap before
{Heap before GC invocations=2 (full 0):
 PSYoungGen      total 38400K, used 38084K [0x00000000d5c00000, 0x00000000d8680000, 0x0000000100000000)
  eden space 33280K, 100% used [0x00000000d5c00000,0x00000000d7c80000,0x00000000d7c80000)
  from space 5120K, 93% used [0x00000000d7c80000,0x00000000d81311a0,0x00000000d8180000)
  to   space 5120K, 0% used [0x00000000d8180000,0x00000000d8180000,0x00000000d8680000)
 ParOldGen       total 87552K, used 16K [0x0000000081400000, 0x0000000086980000, 0x00000000d5c00000)
  object space 87552K, 0% used [0x0000000081400000,0x0000000081404000,0x0000000086980000)
 Metaspace       used 14528K, capacity 14828K, committed 14976K, reserved 1062912K
  class space    used 1800K, capacity 1892K, committed 1920K, reserved 1048576K
Event: 47.120 GC heap after
Heap after GC invocations=2 (full 0):
 PSYoungGen      total 38400K, used 5092K [0x00000000d5c00000, 0x00000000d8680000, 0x0000000100000000)
  eden space 33280K, 0% used [0x00000000d5c00000,0x00000000d5c00000,0x00000000d7c80000)
  from space 5120K, 99% used [0x00000000d8180000,0x00000000d8679180,0x00000000d8680000)
  to   space 5120K, 0% used [0x00000000d7c80000,0x00000000d7c80000,0x00000000d8180000)
 ParOldGen       total 87552K, used 32K [0x0000000081400000, 0x0000000086980000, 0x00000000d5c00000)
  object space 87552K, 0% used [0x0000000081400000,0x0000000081408000,0x0000000086980000)
 Metaspace       used 14528K, capacity 14828K, committed 14976K, reserved 1062912K
  class space    used 1800K, capacity 1892K, committed 1920K, reserved 1048576K
}

Deoptimization events (10 events):
Event: 48.023 Thread 0x000000001ba2b800 Uncommon trap: reason=bimorphic action=maybe_recompile pc=0x00000000053fbd8c method=java.awt.Component.setFont(Ljava/awt/Font;)V @ 32
Event: 48.023 Thread 0x000000001ba2b800 Uncommon trap: reason=class_check action=maybe_recompile pc=0x0000000005431d40 method=javax.swing.JTable.prepareRenderer(Ljavax/swing/table/TableCellRenderer;II)Ljava/awt/Component; @ 108
Event: 48.023 Thread 0x000000001ba2b800 Uncommon trap: reason=bimorphic action=maybe_recompile pc=0x00000000053ff208 method=java.awt.Component.setBackground(Ljava/awt/Color;)V @ 20
Event: 48.023 Thread 0x000000001ba2b800 Uncommon trap: reason=bimorphic action=maybe_recompile pc=0x00000000053fbd8c method=java.awt.Component.setFont(Ljava/awt/Font;)V @ 32
Event: 48.457 Thread 0x000000001ba2b800 Uncommon trap: reason=class_check action=maybe_recompile pc=0x0000000005431d40 method=javax.swing.JTable.prepareRenderer(Ljavax/swing/table/TableCellRenderer;II)Ljava/awt/Component; @ 108
Event: 48.457 Thread 0x000000001ba2b800 Uncommon trap: reason=bimorphic action=maybe_recompile pc=0x00000000053ff208 method=java.awt.Component.setBackground(Ljava/awt/Color;)V @ 20
Event: 48.457 Thread 0x000000001ba2b800 Uncommon trap: reason=bimorphic action=maybe_recompile pc=0x00000000053fbd8c method=java.awt.Component.setFont(Ljava/awt/Font;)V @ 32
Event: 48.457 Thread 0x000000001ba2b800 Uncommon trap: reason=bimorphic action=maybe_recompile pc=0x00000000053ff208 method=java.awt.Component.setBackground(Ljava/awt/Color;)V @ 20
Event: 48.457 Thread 0x000000001ba2b800 Uncommon trap: reason=bimorphic action=maybe_recompile pc=0x00000000053fbd8c method=java.awt.Component.setFont(Ljava/awt/Font;)V @ 32
Event: 48.457 Thread 0x000000001ba2b800 Uncommon trap: reason=bimorphic action=maybe_recompile pc=0x00000000053cc808 method=java.awt.Component.setFont(Ljava/awt/Font;)V @ 32

Internal exceptions (10 events):
Event: 0.036 Thread 0x0000000004cbe000 Exception <a 'java/lang/NoSuchMethodError': Method sun.misc.Unsafe.defineClass(Ljava/lang/String;[BII)Ljava/lang/Class; name or signature does not match> (0x00000000d5c07ca8) thrown at [C:\re\workspace\8-2-build-windows-amd64-cygwin\jdk8u144\9417\hotspot\
Event: 0.036 Thread 0x0000000004cbe000 Exception <a 'java/lang/NoSuchMethodError': Method sun.misc.Unsafe.prefetchRead(Ljava/lang/Object;J)V name or signature does not match> (0x00000000d5c07f90) thrown at [C:\re\workspace\8-2-build-windows-amd64-cygwin\jdk8u144\9417\hotspot\src\share\vm\prims
Event: 0.155 Thread 0x0000000004cbe000 Exception <a 'java/io/FileNotFoundException'> (0x00000000d5cffe70) thrown at [C:\re\workspace\8-2-build-windows-amd64-cygwin\jdk8u144\9417\hotspot\src\share\vm\prims\jni.cpp, line 709]
Event: 0.196 Thread 0x0000000004cbe000 Exception <a 'java/lang/NoSuchFieldError': method resolution failed> (0x00000000d5e73690) thrown at [C:\re\workspace\8-2-build-windows-amd64-cygwin\jdk8u144\9417\hotspot\src\share\vm\prims\methodHandles.cpp, line 1146]
Event: 0.198 Thread 0x0000000004cbe000 Exception <a 'java/lang/NoSuchFieldError': method resolution failed> (0x00000000d5e80a60) thrown at [C:\re\workspace\8-2-build-windows-amd64-cygwin\jdk8u144\9417\hotspot\src\share\vm\prims\methodHandles.cpp, line 1146]
Event: 0.243 Thread 0x0000000004cbe000 Exception <a 'java/io/FileNotFoundException'> (0x00000000d5f2bfd0) thrown at [C:\re\workspace\8-2-build-windows-amd64-cygwin\jdk8u144\9417\hotspot\src\share\vm\prims\jni.cpp, line 709]
Event: 47.027 Thread 0x000000001ba2b800 Implicit null exception at 0x00000000053c6b1f to 0x00000000053c6c42
Event: 47.027 Thread 0x000000001ba2b800 Implicit null exception at 0x00000000053fea6a to 0x00000000053feb4c
Event: 51.645 Thread 0x000000001bfc2000 Exception <a 'java/lang/ArrayStoreException'> (0x00000000d6e1aa40) thrown at [C:\re\workspace\8-2-build-windows-amd64-cygwin\jdk8u144\9417\hotspot\src\share\vm\prims\jni.cpp, line 3511]
Event: 51.645 Thread 0x000000001bfc2000 Exception <a 'java/lang/ArrayStoreException'> (0x00000000d6e1af98) thrown at [C:\re\workspace\8-2-build-windows-amd64-cygwin\jdk8u144\9417\hotspot\src\share\vm\prims\jni.cpp, line 3511]

Events (10 events):
Event: 49.344 Thread 0x000000001add9000 flushing nmethod 0x000000000528e410
Event: 49.344 Thread 0x000000001add9000 flushing nmethod 0x00000000052918d0
Event: 49.344 Thread 0x000000001add9000 flushing nmethod 0x000000000529d050
Event: 49.344 Thread 0x000000001add9000 flushing nmethod 0x00000000052a3690
Event: 49.344 Thread 0x000000001add9000 flushing nmethod 0x00000000052a62d0
Event: 49.345 Thread 0x000000001add9000 flushing nmethod 0x00000000052b1710
Event: 49.345 Thread 0x000000001add9000 flushing nmethod 0x00000000052fbf10
Event: 49.345 Thread 0x000000001add9000 flushing nmethod 0x00000000052fdc90
Event: 51.155 loading class network/host/NetCardList
Event: 51.155 loading class network/host/NetCardList done


Dynamic libraries:
0x00007ff75c4e0000 - 0x00007ff75c517000 	F:\tool\jdk\java_jdk_8\jdk_version\bin\javaw.exe
0x00007ffc08a30000 - 0x00007ffc08c10000 	C:\Windows\SYSTEM32\ntdll.dll
0x00007ffc05f20000 - 0x00007ffc05fce000 	C:\Windows\System32\KERNEL32.DLL
0x00007ffc05c30000 - 0x00007ffc05e96000 	C:\Windows\System32\KERNELBASE.dll
0x00007ffc07ef0000 - 0x00007ffc07f91000 	C:\Windows\System32\ADVAPI32.dll
0x00007ffc08180000 - 0x00007ffc0821d000 	C:\Windows\System32\msvcrt.dll
0x00007ffc08120000 - 0x00007ffc0817b000 	C:\Windows\System32\sechost.dll
0x00007ffc07dd0000 - 0x00007ffc07eef000 	C:\Windows\System32\RPCRT4.dll
0x00007ffc08220000 - 0x00007ffc083af000 	C:\Windows\System32\USER32.dll
0x00007ffc04eb0000 - 0x00007ffc04ed0000 	C:\Windows\System32\win32u.dll
0x00007ffc07fa0000 - 0x00007ffc07fc8000 	C:\Windows\System32\GDI32.dll
0x00007ffc04fc0000 - 0x00007ffc05153000 	C:\Windows\System32\gdi32full.dll
0x00007ffc04ed0000 - 0x00007ffc04f6b000 	C:\Windows\System32\msvcp_win.dll
0x00007ffc058b0000 - 0x00007ffc059a5000 	C:\Windows\System32\ucrtbase.dll
0x00007ffbfd980000 - 0x00007ffbfdbe9000 	C:\Windows\WinSxS\amd64_microsoft.windows.common-controls_6595b64144ccf1df_6.0.16299.726_none_15ccdb369361144a\COMCTL32.dll
0x00007ffc08520000 - 0x00007ffc08827000 	C:\Windows\System32\combase.dll
0x00007ffc04e30000 - 0x00007ffc04ea2000 	C:\Windows\System32\bcryptPrimitives.dll
0x00007ffc089d0000 - 0x00007ffc089fd000 	C:\Windows\System32\IMM32.DLL
0x0000000057730000 - 0x0000000057802000 	F:\tool\jdk\java_jdk_8\jdk_version\jre\bin\msvcr100.dll
0x0000000055420000 - 0x0000000055cbd000 	F:\tool\jdk\java_jdk_8\jdk_version\jre\bin\server\jvm.dll
0x00007ffc08960000 - 0x00007ffc08968000 	C:\Windows\System32\PSAPI.DLL
0x00007ffc01de0000 - 0x00007ffc01e03000 	C:\Windows\SYSTEM32\WINMM.dll
0x00007ffbf6440000 - 0x00007ffbf644a000 	C:\Windows\SYSTEM32\VERSION.dll
0x00007ffbe65a0000 - 0x00007ffbe65a9000 	C:\Windows\SYSTEM32\WSOCK32.dll
0x00007ffc01d80000 - 0x00007ffc01daa000 	C:\Windows\SYSTEM32\WINMMBASE.dll
0x00007ffc084b0000 - 0x00007ffc0851c000 	C:\Windows\System32\WS2_32.dll
0x00007ffc04f70000 - 0x00007ffc04fba000 	C:\Windows\System32\cfgmgr32.dll
0x0000000057720000 - 0x000000005772f000 	F:\tool\jdk\java_jdk_8\jdk_version\jre\bin\verify.dll
0x00000000576f0000 - 0x0000000057719000 	F:\tool\jdk\java_jdk_8\jdk_version\jre\bin\java.dll
0x00000000576d0000 - 0x00000000576e6000 	F:\tool\jdk\java_jdk_8\jdk_version\jre\bin\zip.dll
0x00007ffc06990000 - 0x00007ffc07dc8000 	C:\Windows\System32\SHELL32.dll
0x00007ffc088b0000 - 0x00007ffc08956000 	C:\Windows\System32\shcore.dll
0x00007ffc05160000 - 0x00007ffc058a7000 	C:\Windows\System32\windows.storage.dll
0x00007ffc05fd0000 - 0x00007ffc06021000 	C:\Windows\System32\shlwapi.dll
0x00007ffc04e10000 - 0x00007ffc04e21000 	C:\Windows\System32\kernel.appcore.dll
0x00007ffc04d80000 - 0x00007ffc04dcc000 	C:\Windows\System32\powrprof.dll
0x00007ffc04dd0000 - 0x00007ffc04deb000 	C:\Windows\System32\profapi.dll
0x00000000569b0000 - 0x0000000056b48000 	F:\tool\jdk\java_jdk_8\jdk_version\jre\bin\awt.dll
0x00007ffc06740000 - 0x00007ffc06805000 	C:\Windows\System32\OLEAUT32.dll
0x00007ffc031f0000 - 0x00007ffc03278000 	C:\Windows\SYSTEM32\apphelp.dll
0x00007ffc035e0000 - 0x00007ffc0360a000 	C:\Windows\system32\DWMAPI.DLL
0x00007ffc032d0000 - 0x00007ffc03365000 	C:\Windows\system32\uxtheme.dll
0x00007ffbf10c0000 - 0x00007ffbf11de000 	C:\Windows\system32\opengl32.dll
0x00007ffbf3200000 - 0x00007ffbf322c000 	C:\Windows\SYSTEM32\GLU32.dll
0x00007ffc06820000 - 0x00007ffc06987000 	C:\Windows\System32\MSCTF.dll
0x00007ffc07fd0000 - 0x00007ffc08119000 	C:\Windows\System32\ole32.dll
0x0000000057690000 - 0x00000000576c1000 	F:\tool\jdk\java_jdk_8\jdk_version\jre\bin\jpeg.dll
0x0000000056850000 - 0x0000000056897000 	F:\tool\jdk\java_jdk_8\jdk_version\jre\bin\fontmanager.dll
0x0000000056990000 - 0x00000000569aa000 	F:\tool\jdk\java_jdk_8\jdk_version\jre\bin\net.dll
0x00007ffc045f0000 - 0x00007ffc04656000 	C:\Windows\system32\mswsock.dll
0x0000000056970000 - 0x0000000056981000 	F:\tool\jdk\java_jdk_8\jdk_version\jre\bin\nio.dll
0x0000000056800000 - 0x0000000056842000 	F:\tool\jdk\java_jdk_8\jdk_version\jre\bin\t2k.dll
0x00007ffbfe090000 - 0x00007ffbfe128000 	C:\Windows\System32\TextInputFramework.dll
0x00007ffc00200000 - 0x00007ffc004ee000 	C:\Windows\System32\CoreUIComponents.dll
0x00007ffc02be0000 - 0x00007ffc02cbc000 	C:\Windows\System32\CoreMessaging.dll
0x00007ffc03fa0000 - 0x00007ffc03fd1000 	C:\Windows\SYSTEM32\ntmarta.dll
0x00007ffc00f80000 - 0x00007ffc010b6000 	C:\Windows\SYSTEM32\wintypes.dll
0x00007ffc08410000 - 0x00007ffc084ae000 	C:\Windows\System32\clbcatq.dll
0x00007ffbe7a90000 - 0x00007ffbe7c79000 	C:\Windows\system32\SogouTSF.ime
0x00007ffc01e50000 - 0x00007ffc01e57000 	C:\Windows\system32\MSIMG32.dll
0x00007ffbe1a80000 - 0x00007ffbe22f7000 	C:\Windows\system32\SogouPy.ime
0x00007ffc00020000 - 0x00007ffc0008e000 	C:\Windows\SYSTEM32\OLEACC.dll
0x00007ffbff290000 - 0x00007ffbff36e000 	C:\Windows\SYSTEM32\WINHTTP.dll
0x000000001ed20000 - 0x000000001ee5c000 	F:\SogouInput\9.3.0.3129\Resource.dll
0x00007ffbe7220000 - 0x00007ffbe7489000 	F:\SogouInput\Components\PicFace\1.1.0.1859\PicFace64.dll
0x00007ffc06490000 - 0x00007ffc0659a000 	C:\Windows\System32\COMDLG32.dll
0x00007ffbf14c0000 - 0x00007ffbf14eb000 	F:\tool\jdk\java_jdk_8\jdk_version\jre\bin\Jpcap.dll
0x0000000180000000 - 0x0000000180065000 	C:\Windows\SYSTEM32\wpcap.dll
0x00007ffc04380000 - 0x00007ffc043b9000 	C:\Windows\SYSTEM32\IPHLPAPI.DLL
0x000000001ea20000 - 0x000000001ea3f000 	C:\Windows\SYSTEM32\packet.dll
0x00007ffc06810000 - 0x00007ffc06818000 	C:\Windows\System32\NSI.dll
0x00007ffbff530000 - 0x00007ffbff546000 	C:\Windows\SYSTEM32\dhcpcsvc6.DLL
0x00007ffbffa50000 - 0x00007ffbffa6a000 	C:\Windows\SYSTEM32\dhcpcsvc.DLL
0x00007ffc00ab0000 - 0x00007ffc00c5c000 	C:\Windows\SYSTEM32\WindowsCodecs.dll
0x00007ffbf3250000 - 0x00007ffbf329f000 	C:\Windows\system32\dataexchange.dll
0x00007ffc01f00000 - 0x00007ffc021e2000 	C:\Windows\system32\d3d11.dll
0x00007ffc02cc0000 - 0x00007ffc02e02000 	C:\Windows\system32\dcomp.dll
0x00007ffc03bc0000 - 0x00007ffc03c6f000 	C:\Windows\system32\dxgi.dll
0x00007ffc03720000 - 0x00007ffc0389b000 	C:\Windows\system32\twinapi.appcore.dll
0x00007ffc048c0000 - 0x00007ffc048e5000 	C:\Windows\system32\bcrypt.dll
0x00007ffc036d0000 - 0x00007ffc036f0000 	C:\Windows\system32\RMCLIENT.dll
0x00007ffbfcf30000 - 0x00007ffbfd136000 	C:\Windows\System32\uiautomationcore.dll
0x00007ffbf5440000 - 0x00007ffbf5456000 	C:\Windows\system32\napinsp.dll
0x00007ffbf5420000 - 0x00007ffbf543a000 	C:\Windows\system32\pnrpnsp.dll
0x00007ffc019e0000 - 0x00007ffc019f8000 	C:\Windows\system32\NLAapi.dll
0x00007ffc043c0000 - 0x00007ffc04476000 	C:\Windows\SYSTEM32\DNSAPI.dll
0x00007ffbf5410000 - 0x00007ffbf541e000 	C:\Windows\System32\winrnr.dll
0x00007ffbf53f0000 - 0x00007ffbf5405000 	C:\Windows\System32\wshbth.dll
0x00000000561e0000 - 0x0000000056206000 	C:\Program Files\Bonjour\mdnsNSP.dll
0x00007ffbf67d0000 - 0x00007ffbf68dd000 	C:\Windows\SysWOW64\ierd_tgp_lsp64.dll
0x00007ffbff240000 - 0x00007ffbff24a000 	C:\Windows\system32\wshqos.dll
0x00007ffbff230000 - 0x00007ffbff238000 	C:\Windows\SYSTEM32\wshtcpip.DLL
0x00007ffbff220000 - 0x00007ffbff228000 	C:\Windows\SYSTEM32\wship6.dll
0x00007ffbf79e0000 - 0x00007ffbf79ea000 	C:\Windows\System32\rasadhlp.dll
0x00007ffbf88f0000 - 0x00007ffbf8960000 	C:\Windows\System32\fwpuclnt.dll
0x00007ffbf5620000 - 0x00007ffbf57e8000 	C:\Windows\SYSTEM32\dbghelp.dll

VM Arguments:
jvm_args: -Dfile.encoding=GBK -Xbootclasspath:F:\tool\jdk\java_jdk_8\jdk_version\jre\lib\resources.jar;F:\tool\jdk\java_jdk_8\jdk_version\jre\lib\rt.jar;F:\tool\jdk\java_jdk_8\jdk_version\jre\lib\jsse.jar;F:\tool\jdk\java_jdk_8\jdk_version\jre\lib\jce.jar;F:\tool\jdk\java_jdk_8\jdk_version\jre\lib\charsets.jar;F:\tool\jdk\java_jdk_8\jdk_version\jre\lib\jfr.jar 
java_command: network.controller.Main
java_class_path (initial): F:\tool\jdk\java_jdk_8\jdk_version\jre\lib\resources.jar;F:\tool\jdk\java_jdk_8\jdk_version\jre\lib\rt.jar;F:\tool\jdk\java_jdk_8\jdk_version\jre\lib\jsse.jar;F:\tool\jdk\java_jdk_8\jdk_version\jre\lib\jce.jar;F:\tool\jdk\java_jdk_8\jdk_version\jre\lib\charsets.jar;F:\tool\jdk\java_jdk_8\jdk_version\jre\lib\jfr.jar;F:\workspace\NetworkProtocolAnalyzer\bin
Launcher Type: SUN_STANDARD

Environment Variables:
JAVA_HOME=F:\shxt\soft\java\jdk1.8.0_77_64
CLASSPATH=.;F:\tool\jdk\java_jdk_8\jdk_version\lib\dt.jar;F:\tool\jdk\java_jdk_8\jdk_version\lib\tools.jar
PATH=C:/Program Files (x86)/Java/jre1.8.0_162/bin/client;C:/Program Files (x86)/Java/jre1.8.0_162/bin;C:/Program Files (x86)/Java/jre1.8.0_162/lib/i386;C:\ProgramData\Oracle\Java\javapath;E:\app\Administrator\product\11.2.0\dbhome_1\bin;C:\Windows\system32;C:\Windows;C:\Windows\System32\Wbem;C:\Windows\System32\WindowsPowerShell\v1.0\;F:\tool\jdk\java_jdk_8\jdk_version\bin;F:\tool\jdk\java_jdk_8\jdk_version\jre\bin;F:\tool\tomcat\apache-tomcat-7\lib;F:\tool\tomcat\apache-tomcat-7\bin;C:\Program Files\MySQL\MySQL Utilities 1.6\;E:\Program Files\python0327\Scripts;E:\Program Files\python0327;E:\Program Files\MATLAB\R2016a\runtime\win64;E:\Program Files\MATLAB\R2016a\bin;E:\Program Files\MATLAB\R2016a\polyspace\bin;C:\Users\Administrator\AppData\Local\Microsoft\WindowsApps;;F:\eclipse-jee-oxygen-3a-win32[1]\eclipse;
USERNAME=Administrator
OS=Windows_NT
PROCESSOR_IDENTIFIER=Intel64 Family 6 Model 60 Stepping 3, GenuineIntel



---------------  S Y S T E M  ---------------

OS: Windows 10.0 , 64 bit Build 16299 (10.0.16299.431)

CPU:total 4 (initial active 4) (2 cores per cpu, 2 threads per core) family 6 model 60 stepping 3, cmov, cx8, fxsr, mmx, sse, sse2, sse3, ssse3, sse4.1, sse4.2, popcnt, avx, avx2, aes, clmul, erms, lzcnt, ht, tsc, tscinvbit, bmi1, bmi2

Memory: 4k page, physical 8302956k(4559928k free), swap 8827244k(4192160k free)

vm_info: Java HotSpot(TM) 64-Bit Server VM (25.144-b01) for windows-amd64 JRE (1.8.0_144-b01), built on Jul 21 2017 21:57:33 by "java_re" with MS VC++ 10.0 (VS2010)

time: Tue Sep 17 13:00:37 2019
elapsed time: 51 seconds (0d 0h 0m 51s)

