#
# A fatal error has been detected by the Java Runtime Environment:
#
#  EXCEPTION_ACCESS_VIOLATION (0xc0000005) at pc=0x00000000608ea62e, pid=13052, tid=0x0000000000000f88
#
# JRE version: Java(TM) SE Runtime Environment (8.0_144-b01) (build 1.8.0_144-b01)
# Java VM: Java HotSpot(TM) 64-Bit Server VM (25.144-b01 mixed mode windows-amd64 compressed oops)
# Problematic frame:
# V  [jvm.dll+0x14a62e]
#
# Failed to write core dump. Minidumps are not enabled by default on client versions of Windows
#
# If you would like to submit a bug report, please visit:
#   http://bugreport.java.com/bugreport/crash.jsp
#

---------------  T H R E A D  ---------------

Current thread (0x000000001b5ab800):  JavaThread "Thread-2" [_thread_in_vm, id=3976, stack(0x0000000022b50000,0x0000000022c50000)]

siginfo: ExceptionCode=0xc0000005, reading address 0x00000056fffffffe

Registers:
RAX=0x00000056fffffffe, RBX=0x00000056fffffffe, RCX=0x00000000d7cff710, RDX=0x0000000000000000
RSP=0x0000000022c4ecb0, RBP=0x000000001b5ab9f8, RSI=0x000000001b5ab9f8, RDI=0x000000001b5ab800
R8 =0x000000001b5ab800, R9 =0x000000001b31b260, R10=0x0000000000000032, R11=0x0000000000000032
R12=0x000000001b31b248, R13=0x000000001b31b250, R14=0x000000001b31b238, R15=0x00000000338f6910
RIP=0x00000000608ea62e, EFLAGS=0x0000000000010246

Top of Stack: (sp=0x0000000022c4ecb0)
0x0000000022c4ecb0:   000000001b22acf8 000000001b22acf8
0x0000000022c4ecc0:   0000000022c4ed18 0000000022c4ed48
0x0000000022c4ecd0:   000000001b22acf8 000000006080ea67
0x0000000022c4ece0:   000000001b5ab800 0000000000000032
0x0000000022c4ecf0:   00000000338f76b0 0000000022c4ed48
0x0000000022c4ed00:   000000001b5ab9f8 000000001b5ab800
0x0000000022c4ed10:   0000000000000000 000000001b22acf8
0x0000000022c4ed20:   000000001b5ab800 00000000338f76b0
0x0000000022c4ed30:   000000001b5ab9f8 00000000608e1235
0x0000000022c4ed40:   00000000338f76b0 000000001b5ab800
0x0000000022c4ed50:   000000001b5ab9f8 000000018002a72b
0x0000000022c4ed60:   000000001b5ab800 0000000000000000
0x0000000022c4ed70:   0000000000000000 0000000060f41d50
0x0000000022c4ed80:   000000001b31b258 00007ffaa694179b
0x0000000022c4ed90:   000000001b5ab9f8 000000001b31b258
0x0000000022c4eda0:   000000001b56a2a0 000000001b31b260 

Instructions: (pc=0x00000000608ea62e)
0x00000000608ea60e:   00 00 00 00 74 0a 48 8d 4c 24 58 e8 82 17 13 00
0x00000000608ea61e:   48 8b 0b e8 8a e1 f1 ff 4c 8b c7 33 d2 48 8b d8
0x00000000608ea62e:   48 8b 00 48 8b cb ff 50 78 48 83 7f 08 00 74 04
0x00000000608ea63e:   33 c0 eb 25 48 8b 03 48 8b d7 48 8b cb ff 90 90 


Register to memory mapping:

RAX=0x00000056fffffffe is an unknown value
RBX=0x00000056fffffffe is an unknown value
RCX=0x00000000d7cff710 is an oop
javax.swing.plaf.metal.MetalLabelUI 
 - klass: 'javax/swing/plaf/metal/MetalLabelUI'
RDX=0x0000000000000000 is an unknown value
RSP=0x0000000022c4ecb0 is pointing into the stack for thread: 0x000000001b5ab800
RBP=0x000000001b5ab9f8 is an unknown value
RSI=0x000000001b5ab9f8 is an unknown value
RDI=0x000000001b5ab800 is a thread
R8 =0x000000001b5ab800 is a thread
R9 =0x000000001b31b260 is an unknown value
R10=0x0000000000000032 is an unknown value
R11=0x0000000000000032 is an unknown value
R12=0x000000001b31b248 is an unknown value
R13=0x000000001b31b250 is an unknown value
R14=0x000000001b31b238 is an unknown value
R15=0x00000000338f6910 is an unknown value


Stack: [0x0000000022b50000,0x0000000022c50000],  sp=0x0000000022c4ecb0,  free space=1019k
Native frames: (J=compiled Java code, j=interpreted, Vv=VM code, C=native code)
V  [jvm.dll+0x14a62e]
C  [Jpcap.dll+0x179b]
C  0x0000000004747f74

Java frames: (J=compiled Java code, j=interpreted, Vv=VM code)
j  jpcap.JpcapCaptor.getDeviceList()[Ljpcap/NetworkInterface;+0
j  network.host.MacSearch.macSSearch(Ljava/net/InetAddress;)[B+0
j  network.host.HostListDialog$1.run()V+142
v  ~StubRoutines::call_stub

---------------  P R O C E S S  ---------------

Java Threads: ( => current thread )
  0x0000000021cbd800 JavaThread "pool-1-thread-253" [_thread_blocked, id=12520, stack(0x0000000033500000,0x0000000033600000)]
  0x0000000021cb4800 JavaThread "pool-1-thread-252" [_thread_blocked, id=9040, stack(0x0000000033400000,0x0000000033500000)]
  0x0000000021cba800 JavaThread "pool-1-thread-251" [_thread_blocked, id=5812, stack(0x0000000033300000,0x0000000033400000)]
  0x0000000021cb3000 JavaThread "pool-1-thread-250" [_thread_blocked, id=7940, stack(0x0000000033200000,0x0000000033300000)]
  0x0000000021cba000 JavaThread "pool-1-thread-249" [_thread_blocked, id=3112, stack(0x0000000033100000,0x0000000033200000)]
  0x0000000021cb5800 JavaThread "pool-1-thread-248" [_thread_blocked, id=10208, stack(0x0000000033000000,0x0000000033100000)]
  0x0000000021cb9000 JavaThread "pool-1-thread-247" [_thread_blocked, id=10036, stack(0x0000000032f00000,0x0000000033000000)]
  0x0000000021cb7000 JavaThread "pool-1-thread-246" [_thread_blocked, id=3420, stack(0x0000000032e00000,0x0000000032f00000)]
  0x0000000021cb1800 JavaThread "pool-1-thread-245" [_thread_blocked, id=4564, stack(0x0000000032d00000,0x0000000032e00000)]
  0x0000000021cb2800 JavaThread "pool-1-thread-244" [_thread_blocked, id=12832, stack(0x0000000032c00000,0x0000000032d00000)]
  0x0000000021cb7800 JavaThread "pool-1-thread-243" [_thread_blocked, id=11700, stack(0x0000000032b00000,0x0000000032c00000)]
  0x0000000021cb8800 JavaThread "pool-1-thread-242" [_thread_blocked, id=10992, stack(0x0000000032a00000,0x0000000032b00000)]
  0x0000000021cb4000 JavaThread "pool-1-thread-241" [_thread_blocked, id=12728, stack(0x0000000032900000,0x0000000032a00000)]
  0x0000000021cb1000 JavaThread "pool-1-thread-240" [_thread_blocked, id=1012, stack(0x0000000032800000,0x0000000032900000)]
  0x0000000021cb6000 JavaThread "pool-1-thread-239" [_thread_blocked, id=10368, stack(0x0000000032700000,0x0000000032800000)]
  0x0000000021ca9800 JavaThread "pool-1-thread-238" [_thread_blocked, id=7112, stack(0x0000000032600000,0x0000000032700000)]
  0x0000000021cb0000 JavaThread "pool-1-thread-237" [_thread_blocked, id=11128, stack(0x0000000032500000,0x0000000032600000)]
  0x0000000021caf800 JavaThread "pool-1-thread-236" [_thread_blocked, id=12912, stack(0x0000000032400000,0x0000000032500000)]
  0x0000000021ca8000 JavaThread "pool-1-thread-235" [_thread_blocked, id=12132, stack(0x0000000032300000,0x0000000032400000)]
  0x0000000021cae800 JavaThread "pool-1-thread-234" [_thread_blocked, id=11620, stack(0x0000000032200000,0x0000000032300000)]
  0x0000000021ca7000 JavaThread "pool-1-thread-233" [_thread_blocked, id=12596, stack(0x0000000032100000,0x0000000032200000)]
  0x0000000021cae000 JavaThread "pool-1-thread-232" [_thread_blocked, id=8104, stack(0x0000000032000000,0x0000000032100000)]
  0x0000000021ca6800 JavaThread "pool-1-thread-231" [_thread_blocked, id=1668, stack(0x0000000031f00000,0x0000000032000000)]
  0x0000000021cad000 JavaThread "pool-1-thread-230" [_thread_blocked, id=10264, stack(0x0000000031e00000,0x0000000031f00000)]
  0x0000000021ca5800 JavaThread "pool-1-thread-229" [_thread_blocked, id=8004, stack(0x0000000031d00000,0x0000000031e00000)]
  0x0000000021cac800 JavaThread "pool-1-thread-228" [_thread_blocked, id=8804, stack(0x0000000031c00000,0x0000000031d00000)]
  0x0000000021cab000 JavaThread "pool-1-thread-227" [_thread_blocked, id=4696, stack(0x0000000031850000,0x0000000031950000)]
  0x0000000021caa000 JavaThread "pool-1-thread-226" [_thread_blocked, id=6796, stack(0x0000000031750000,0x0000000031850000)]
  0x0000000021ca5000 JavaThread "pool-1-thread-225" [_thread_blocked, id=2188, stack(0x0000000031650000,0x0000000031750000)]
  0x0000000021cab800 JavaThread "pool-1-thread-224" [_thread_blocked, id=404, stack(0x0000000031550000,0x0000000031650000)]
  0x0000000021ca8800 JavaThread "pool-1-thread-223" [_thread_blocked, id=3352, stack(0x0000000031450000,0x0000000031550000)]
  0x0000000021c6e000 JavaThread "pool-1-thread-222" [_thread_blocked, id=10876, stack(0x0000000031350000,0x0000000031450000)]
  0x0000000021c6f000 JavaThread "pool-1-thread-221" [_thread_blocked, id=12940, stack(0x0000000031250000,0x0000000031350000)]
  0x0000000021c6c800 JavaThread "pool-1-thread-220" [_thread_blocked, id=7404, stack(0x0000000031150000,0x0000000031250000)]
  0x0000000021c6c000 JavaThread "pool-1-thread-219" [_thread_blocked, id=2204, stack(0x0000000031050000,0x0000000031150000)]
  0x0000000021c6d800 JavaThread "pool-1-thread-218" [_thread_blocked, id=9004, stack(0x0000000030f50000,0x0000000031050000)]
  0x0000000021c6f800 JavaThread "pool-1-thread-217" [_thread_blocked, id=5724, stack(0x0000000030e50000,0x0000000030f50000)]
  0x0000000021c66000 JavaThread "pool-1-thread-216" [_thread_blocked, id=3076, stack(0x0000000030d50000,0x0000000030e50000)]
  0x0000000021c6b000 JavaThread "pool-1-thread-215" [_thread_blocked, id=3424, stack(0x0000000030c50000,0x0000000030d50000)]
  0x0000000021c66800 JavaThread "pool-1-thread-214" [_thread_blocked, id=8436, stack(0x0000000030b50000,0x0000000030c50000)]
  0x0000000021c69000 JavaThread "pool-1-thread-213" [_thread_blocked, id=6564, stack(0x0000000030a50000,0x0000000030b50000)]
  0x0000000021c63800 JavaThread "pool-1-thread-212" [_thread_blocked, id=5104, stack(0x0000000030950000,0x0000000030a50000)]
  0x0000000021c69800 JavaThread "pool-1-thread-211" [_thread_blocked, id=5612, stack(0x0000000030850000,0x0000000030950000)]
  0x0000000021c68000 JavaThread "pool-1-thread-210" [_thread_blocked, id=12672, stack(0x0000000030750000,0x0000000030850000)]
  0x0000000021c6a800 JavaThread "pool-1-thread-209" [_thread_blocked, id=2868, stack(0x0000000030650000,0x0000000030750000)]
  0x0000000021c67800 JavaThread "pool-1-thread-208" [_thread_blocked, id=8096, stack(0x0000000030550000,0x0000000030650000)]
  0x0000000021c64800 JavaThread "pool-1-thread-207" [_thread_blocked, id=2052, stack(0x0000000030450000,0x0000000030550000)]
  0x0000000021c65000 JavaThread "pool-1-thread-206" [_thread_blocked, id=12200, stack(0x0000000030350000,0x0000000030450000)]
  0x0000000021c5d000 JavaThread "pool-1-thread-205" [_thread_blocked, id=8316, stack(0x0000000030250000,0x0000000030350000)]
  0x0000000021c62000 JavaThread "pool-1-thread-204" [_thread_blocked, id=11400, stack(0x0000000030150000,0x0000000030250000)]
  0x0000000021c63000 JavaThread "pool-1-thread-203" [_thread_blocked, id=5556, stack(0x0000000030050000,0x0000000030150000)]
  0x0000000021c60000 JavaThread "pool-1-thread-202" [_thread_blocked, id=5864, stack(0x000000002ff50000,0x0000000030050000)]
  0x0000000021c5f000 JavaThread "pool-1-thread-201" [_thread_blocked, id=8244, stack(0x000000002fe50000,0x000000002ff50000)]
  0x0000000021c5e800 JavaThread "pool-1-thread-200" [_thread_blocked, id=9764, stack(0x000000002fd50000,0x000000002fe50000)]
  0x0000000021c5a800 JavaThread "pool-1-thread-199" [_thread_blocked, id=4440, stack(0x000000002fc50000,0x000000002fd50000)]
  0x0000000021c5d800 JavaThread "pool-1-thread-198" [_thread_blocked, id=8772, stack(0x000000002fb50000,0x000000002fc50000)]
  0x0000000021c5b800 JavaThread "pool-1-thread-197" [_thread_blocked, id=7520, stack(0x000000002fa50000,0x000000002fb50000)]
  0x0000000021c61800 JavaThread "pool-1-thread-196" [_thread_blocked, id=12588, stack(0x000000002f950000,0x000000002fa50000)]
  0x0000000021c5a000 JavaThread "pool-1-thread-195" [_thread_blocked, id=8220, stack(0x000000002f850000,0x000000002f950000)]
  0x0000000021c5c000 JavaThread "pool-1-thread-194" [_thread_blocked, id=13028, stack(0x000000002f750000,0x000000002f850000)]
  0x0000000021c60800 JavaThread "pool-1-thread-193" [_thread_blocked, id=11832, stack(0x000000002f650000,0x000000002f750000)]
  0x0000000021c52800 JavaThread "pool-1-thread-192" [_thread_blocked, id=11812, stack(0x000000002f550000,0x000000002f650000)]
  0x0000000021c59000 JavaThread "pool-1-thread-191" [_thread_blocked, id=9988, stack(0x000000002f450000,0x000000002f550000)]
  0x0000000021c51800 JavaThread "pool-1-thread-190" [_thread_blocked, id=13024, stack(0x000000002f350000,0x000000002f450000)]
  0x0000000021c57000 JavaThread "pool-1-thread-189" [_thread_blocked, id=9416, stack(0x000000002f250000,0x000000002f350000)]
  0x0000000021c56000 JavaThread "pool-1-thread-188" [_thread_blocked, id=12116, stack(0x000000002f150000,0x000000002f250000)]
  0x0000000021c54800 JavaThread "pool-1-thread-187" [_thread_blocked, id=6848, stack(0x000000002f050000,0x000000002f150000)]
  0x0000000021c58800 JavaThread "pool-1-thread-186" [_thread_blocked, id=9364, stack(0x000000002ef50000,0x000000002f050000)]
  0x0000000021c53000 JavaThread "pool-1-thread-185" [_thread_blocked, id=6080, stack(0x000000002ee50000,0x000000002ef50000)]
  0x0000000021c51000 JavaThread "pool-1-thread-184" [_thread_blocked, id=6840, stack(0x000000002ed50000,0x000000002ee50000)]
  0x0000000021c55800 JavaThread "pool-1-thread-183" [_thread_blocked, id=3324, stack(0x000000002ec50000,0x000000002ed50000)]
  0x0000000021c54000 JavaThread "pool-1-thread-182" [_thread_blocked, id=10312, stack(0x000000002eb50000,0x000000002ec50000)]
  0x0000000021c57800 JavaThread "pool-1-thread-181" [_thread_blocked, id=10416, stack(0x000000002ea50000,0x000000002eb50000)]
  0x000000001b413800 JavaThread "pool-1-thread-180" [_thread_blocked, id=2396, stack(0x000000002e950000,0x000000002ea50000)]
  0x000000001b413000 JavaThread "pool-1-thread-179" [_thread_blocked, id=244, stack(0x000000002e850000,0x000000002e950000)]
  0x000000001b411800 JavaThread "pool-1-thread-178" [_thread_blocked, id=2636, stack(0x000000002e750000,0x000000002e850000)]
  0x000000001b410800 JavaThread "pool-1-thread-177" [_thread_blocked, id=2904, stack(0x000000002e650000,0x000000002e750000)]
  0x000000001b412000 JavaThread "pool-1-thread-176" [_thread_blocked, id=1088, stack(0x000000002e550000,0x000000002e650000)]
  0x000000001b416000 JavaThread "pool-1-thread-175" [_thread_blocked, id=13268, stack(0x000000002e450000,0x000000002e550000)]
  0x000000001b414800 JavaThread "pool-1-thread-174" [_thread_blocked, id=7608, stack(0x000000002e350000,0x000000002e450000)]
  0x000000001b415000 JavaThread "pool-1-thread-173" [_thread_blocked, id=6984, stack(0x000000002e250000,0x000000002e350000)]
  0x000000001b409000 JavaThread "pool-1-thread-172" [_thread_blocked, id=4768, stack(0x000000002e150000,0x000000002e250000)]
  0x000000001b410000 JavaThread "pool-1-thread-171" [_thread_blocked, id=2320, stack(0x000000002e050000,0x000000002e150000)]
  0x000000001b408800 JavaThread "pool-1-thread-170" [_thread_blocked, id=1676, stack(0x000000002df50000,0x000000002e050000)]
  0x000000001b40f000 JavaThread "pool-1-thread-169" [_thread_blocked, id=2168, stack(0x000000002de50000,0x000000002df50000)]
  0x000000001b40e800 JavaThread "pool-1-thread-168" [_thread_blocked, id=4576, stack(0x000000002dd50000,0x000000002de50000)]
  0x000000001b40d800 JavaThread "pool-1-thread-167" [_thread_blocked, id=12680, stack(0x000000002dc50000,0x000000002dd50000)]
  0x000000001b407000 JavaThread "pool-1-thread-166" [_thread_blocked, id=9516, stack(0x000000002db50000,0x000000002dc50000)]
  0x000000001b40a000 JavaThread "pool-1-thread-165" [_thread_blocked, id=12128, stack(0x000000002da50000,0x000000002db50000)]
  0x000000001b40a800 JavaThread "pool-1-thread-164" [_thread_blocked, id=7188, stack(0x000000002d150000,0x000000002d250000)]
  0x000000001b40d000 JavaThread "pool-1-thread-163" [_thread_blocked, id=10984, stack(0x000000002d050000,0x000000002d150000)]
  0x000000001b40c000 JavaThread "pool-1-thread-162" [_thread_blocked, id=2152, stack(0x000000002cf50000,0x000000002d050000)]
  0x000000001b407800 JavaThread "pool-1-thread-161" [_thread_blocked, id=5524, stack(0x000000002ce50000,0x000000002cf50000)]
  0x000000001b40b800 JavaThread "pool-1-thread-160" [_thread_blocked, id=11168, stack(0x000000002cd50000,0x000000002ce50000)]
  0x000000001b3e8000 JavaThread "pool-1-thread-159" [_thread_blocked, id=12888, stack(0x000000002cc50000,0x000000002cd50000)]
  0x000000001b3e7000 JavaThread "pool-1-thread-158" [_thread_blocked, id=7580, stack(0x000000002cb50000,0x000000002cc50000)]
  0x000000001b3e6800 JavaThread "pool-1-thread-157" [_thread_blocked, id=6952, stack(0x000000002ca50000,0x000000002cb50000)]
  0x000000001b3e5800 JavaThread "pool-1-thread-156" [_thread_blocked, id=12808, stack(0x000000002c950000,0x000000002ca50000)]
  0x000000001b3de000 JavaThread "pool-1-thread-155" [_thread_blocked, id=10252, stack(0x000000002c850000,0x000000002c950000)]
  0x000000001b3e5000 JavaThread "pool-1-thread-154" [_thread_blocked, id=6128, stack(0x000000002c750000,0x000000002c850000)]
  0x000000001b3e4000 JavaThread "pool-1-thread-153" [_thread_blocked, id=7944, stack(0x000000002c650000,0x000000002c750000)]
  0x000000001b3e2000 JavaThread "pool-1-thread-152" [_thread_blocked, id=4920, stack(0x000000002c550000,0x000000002c650000)]
  0x000000001b3df000 JavaThread "pool-1-thread-151" [_thread_blocked, id=11092, stack(0x000000002c450000,0x000000002c550000)]
  0x000000001b3e0800 JavaThread "pool-1-thread-150" [_thread_blocked, id=11628, stack(0x000000002c350000,0x000000002c450000)]
  0x000000001b3e1000 JavaThread "pool-1-thread-149" [_thread_blocked, id=10308, stack(0x000000002c250000,0x000000002c350000)]
  0x000000001b3e3800 JavaThread "pool-1-thread-148" [_thread_blocked, id=3240, stack(0x000000002c150000,0x000000002c250000)]
  0x000000001b3e2800 JavaThread "pool-1-thread-147" [_thread_blocked, id=856, stack(0x000000002c050000,0x000000002c150000)]
  0x000000001b3dc800 JavaThread "pool-1-thread-146" [_thread_blocked, id=1320, stack(0x000000002bf50000,0x000000002c050000)]
  0x000000001b3db000 JavaThread "pool-1-thread-145" [_thread_blocked, id=6436, stack(0x000000002be50000,0x000000002bf50000)]
  0x000000001b3d9000 JavaThread "pool-1-thread-144" [_thread_blocked, id=9440, stack(0x000000002bd50000,0x000000002be50000)]
  0x000000001b3da800 JavaThread "pool-1-thread-143" [_thread_blocked, id=1568, stack(0x000000002bc50000,0x000000002bd50000)]
  0x000000001b3dd800 JavaThread "pool-1-thread-142" [_thread_blocked, id=10612, stack(0x000000002bb50000,0x000000002bc50000)]
  0x000000001b3df800 JavaThread "pool-1-thread-141" [_thread_blocked, id=5500, stack(0x000000002ba50000,0x000000002bb50000)]
  0x000000001b3dc000 JavaThread "pool-1-thread-140" [_thread_blocked, id=716, stack(0x000000002b950000,0x000000002ba50000)]
  0x000000001b3d9800 JavaThread "pool-1-thread-139" [_thread_blocked, id=6920, stack(0x000000002b850000,0x000000002b950000)]
  0x000000001b3c9000 JavaThread "pool-1-thread-138" [_thread_blocked, id=11660, stack(0x000000002b750000,0x000000002b850000)]
  0x000000001b3c8800 JavaThread "pool-1-thread-137" [_thread_blocked, id=5300, stack(0x000000002b650000,0x000000002b750000)]
  0x000000001b3c7000 JavaThread "pool-1-thread-136" [_thread_blocked, id=8584, stack(0x000000002b550000,0x000000002b650000)]
  0x000000001b3c6000 JavaThread "pool-1-thread-135" [_thread_blocked, id=10652, stack(0x000000002b450000,0x000000002b550000)]
  0x000000001b3ca000 JavaThread "pool-1-thread-134" [_thread_blocked, id=1000, stack(0x000000002b350000,0x000000002b450000)]
  0x000000001b3c7800 JavaThread "pool-1-thread-133" [_thread_blocked, id=13208, stack(0x000000002b250000,0x000000002b350000)]
  0x000000001b3c5800 JavaThread "pool-1-thread-132" [_thread_blocked, id=12416, stack(0x000000002b150000,0x000000002b250000)]
  0x000000001b3be000 JavaThread "pool-1-thread-131" [_thread_blocked, id=8752, stack(0x000000002b050000,0x000000002b150000)]
  0x000000001b3c4800 JavaThread "pool-1-thread-130" [_thread_blocked, id=10696, stack(0x000000002af50000,0x000000002b050000)]
  0x000000001b3c4000 JavaThread "pool-1-thread-129" [_thread_blocked, id=4412, stack(0x000000002ae50000,0x000000002af50000)]
  0x000000001b3bc800 JavaThread "pool-1-thread-128" [_thread_blocked, id=12764, stack(0x000000002ad50000,0x000000002ae50000)]
  0x000000001b3c3000 JavaThread "pool-1-thread-127" [_thread_blocked, id=5732, stack(0x000000002ac50000,0x000000002ad50000)]
  0x000000001b3c2800 JavaThread "pool-1-thread-126" [_thread_blocked, id=12828, stack(0x000000002ab50000,0x000000002ac50000)]
  0x000000001b3bd000 JavaThread "pool-1-thread-125" [_thread_blocked, id=6468, stack(0x000000002aa50000,0x000000002ab50000)]
  0x000000001b3bb800 JavaThread "pool-1-thread-124" [_thread_blocked, id=10816, stack(0x000000002a950000,0x000000002aa50000)]
  0x000000001b3c0000 JavaThread "pool-1-thread-123" [_thread_blocked, id=12980, stack(0x000000002a850000,0x000000002a950000)]
  0x000000001b3bb000 JavaThread "pool-1-thread-122" [_thread_blocked, id=9980, stack(0x000000002a750000,0x000000002a850000)]
  0x000000001b3bf800 JavaThread "pool-1-thread-121" [_thread_blocked, id=1636, stack(0x000000002a650000,0x000000002a750000)]
  0x000000001b3be800 JavaThread "pool-1-thread-120" [_thread_blocked, id=7380, stack(0x000000002a550000,0x000000002a650000)]
  0x000000001b3c1800 JavaThread "pool-1-thread-119" [_thread_blocked, id=11656, stack(0x000000002a450000,0x000000002a550000)]
  0x000000001b3c1000 JavaThread "pool-1-thread-118" [_thread_blocked, id=11576, stack(0x000000002a350000,0x000000002a450000)]
  0x0000000021c27800 JavaThread "pool-1-thread-117" [_thread_blocked, id=5216, stack(0x000000002a250000,0x000000002a350000)]
  0x0000000021c26000 JavaThread "pool-1-thread-116" [_thread_blocked, id=5512, stack(0x000000002a150000,0x000000002a250000)]
  0x0000000021c23000 JavaThread "pool-1-thread-115" [_thread_blocked, id=8740, stack(0x000000002a050000,0x000000002a150000)]
  0x0000000021c25000 JavaThread "pool-1-thread-114" [_thread_blocked, id=8960, stack(0x0000000029f50000,0x000000002a050000)]
  0x0000000021c22000 JavaThread "pool-1-thread-113" [_thread_blocked, id=3016, stack(0x0000000029e50000,0x0000000029f50000)]
  0x0000000021c26800 JavaThread "pool-1-thread-112" [_thread_blocked, id=7000, stack(0x0000000029d50000,0x0000000029e50000)]
  0x0000000021c23800 JavaThread "pool-1-thread-111" [_thread_blocked, id=5708, stack(0x0000000029c50000,0x0000000029d50000)]
  0x0000000021c24800 JavaThread "pool-1-thread-110" [_thread_blocked, id=8964, stack(0x0000000029b50000,0x0000000029c50000)]
  0x0000000021c1a800 JavaThread "pool-1-thread-109" [_thread_blocked, id=10016, stack(0x0000000029a50000,0x0000000029b50000)]
  0x0000000021c1d800 JavaThread "pool-1-thread-108" [_thread_blocked, id=4436, stack(0x0000000029950000,0x0000000029a50000)]
  0x0000000021c21800 JavaThread "pool-1-thread-107" [_thread_blocked, id=9104, stack(0x0000000029850000,0x0000000029950000)]
  0x0000000021c20800 JavaThread "pool-1-thread-106" [_thread_blocked, id=12972, stack(0x0000000029750000,0x0000000029850000)]
  0x0000000021c1d000 JavaThread "pool-1-thread-105" [_thread_blocked, id=10568, stack(0x0000000029650000,0x0000000029750000)]
  0x0000000021c20000 JavaThread "pool-1-thread-104" [_thread_blocked, id=6024, stack(0x0000000029550000,0x0000000029650000)]
  0x0000000021c1e800 JavaThread "pool-1-thread-103" [_thread_blocked, id=2692, stack(0x0000000029450000,0x0000000029550000)]
  0x0000000021c1b800 JavaThread "pool-1-thread-102" [_thread_blocked, id=5108, stack(0x0000000029350000,0x0000000029450000)]
  0x0000000021c1c000 JavaThread "pool-1-thread-101" [_thread_blocked, id=8152, stack(0x0000000029250000,0x0000000029350000)]
  0x0000000021c18800 JavaThread "pool-1-thread-100" [_thread_blocked, id=11352, stack(0x0000000029150000,0x0000000029250000)]
  0x0000000021c19000 JavaThread "pool-1-thread-99" [_thread_blocked, id=9804, stack(0x0000000029050000,0x0000000029150000)]
  0x0000000021c1a000 JavaThread "pool-1-thread-98" [_thread_blocked, id=12852, stack(0x0000000028f50000,0x0000000029050000)]
  0x0000000021c1f000 JavaThread "pool-1-thread-97" [_thread_blocked, id=7648, stack(0x0000000028e50000,0x0000000028f50000)]
  0x0000000021bfd800 JavaThread "pool-1-thread-96" [_thread_blocked, id=3032, stack(0x0000000028d50000,0x0000000028e50000)]
  0x0000000021bfc000 JavaThread "pool-1-thread-95" [_thread_blocked, id=8644, stack(0x0000000028c50000,0x0000000028d50000)]
  0x0000000021bfb000 JavaThread "pool-1-thread-94" [_thread_blocked, id=4140, stack(0x0000000028b50000,0x0000000028c50000)]
  0x0000000021bf9000 JavaThread "pool-1-thread-93" [_thread_blocked, id=5152, stack(0x0000000028a50000,0x0000000028b50000)]
  0x0000000021bf8000 JavaThread "pool-1-thread-92" [_thread_blocked, id=4796, stack(0x0000000028950000,0x0000000028a50000)]
  0x0000000021bf9800 JavaThread "pool-1-thread-91" [_thread_blocked, id=9176, stack(0x0000000028850000,0x0000000028950000)]
  0x0000000021bfa800 JavaThread "pool-1-thread-90" [_thread_blocked, id=7072, stack(0x0000000028750000,0x0000000028850000)]
  0x0000000021bfc800 JavaThread "pool-1-thread-89" [_thread_blocked, id=6072, stack(0x0000000028650000,0x0000000028750000)]
  0x0000000021bf0800 JavaThread "pool-1-thread-88" [_thread_blocked, id=1276, stack(0x0000000028550000,0x0000000028650000)]
  0x0000000021bf7800 JavaThread "pool-1-thread-87" [_thread_blocked, id=10760, stack(0x0000000028450000,0x0000000028550000)]
  0x0000000021bf0000 JavaThread "pool-1-thread-86" [_thread_blocked, id=6036, stack(0x0000000028350000,0x0000000028450000)]
  0x0000000021bf6800 JavaThread "pool-1-thread-85" [_thread_blocked, id=2856, stack(0x0000000028250000,0x0000000028350000)]
  0x0000000021bf6000 JavaThread "pool-1-thread-84" [_thread_blocked, id=1092, stack(0x0000000028150000,0x0000000028250000)]
  0x0000000021bee800 JavaThread "pool-1-thread-83" [_thread_blocked, id=9716, stack(0x0000000028050000,0x0000000028150000)]
  0x0000000021bf3800 JavaThread "pool-1-thread-82" [_thread_blocked, id=11104, stack(0x0000000027f50000,0x0000000028050000)]
  0x0000000021bf3000 JavaThread "pool-1-thread-81" [_thread_blocked, id=6420, stack(0x0000000027e50000,0x0000000027f50000)]
  0x0000000021bf5000 JavaThread "pool-1-thread-80" [_thread_blocked, id=4524, stack(0x0000000027d50000,0x0000000027e50000)]
  0x0000000021bef000 JavaThread "pool-1-thread-79" [_thread_blocked, id=4376, stack(0x0000000027c50000,0x0000000027d50000)]
  0x0000000021bf4800 JavaThread "pool-1-thread-78" [_thread_blocked, id=2232, stack(0x0000000027b50000,0x0000000027c50000)]
  0x0000000021bf2000 JavaThread "pool-1-thread-77" [_thread_blocked, id=11808, stack(0x0000000027a50000,0x0000000027b50000)]
  0x0000000021bf1800 JavaThread "pool-1-thread-76" [_thread_blocked, id=11556, stack(0x0000000027950000,0x0000000027a50000)]
  0x0000000021bcd800 JavaThread "pool-1-thread-75" [_thread_blocked, id=7108, stack(0x0000000027850000,0x0000000027950000)]
  0x0000000021bc6000 JavaThread "pool-1-thread-74" [_thread_blocked, id=3092, stack(0x0000000027750000,0x0000000027850000)]
  0x0000000021bcc800 JavaThread "pool-1-thread-73" [_thread_blocked, id=9100, stack(0x0000000027650000,0x0000000027750000)]
  0x0000000021bcc000 JavaThread "pool-1-thread-72" [_thread_blocked, id=6460, stack(0x0000000027550000,0x0000000027650000)]
  0x0000000021bcb000 JavaThread "pool-1-thread-71" [_thread_blocked, id=4224, stack(0x0000000027450000,0x0000000027550000)]
  0x0000000021bca800 JavaThread "pool-1-thread-70" [_thread_blocked, id=4476, stack(0x0000000027350000,0x0000000027450000)]
  0x0000000021bc9800 JavaThread "pool-1-thread-69" [_thread_blocked, id=11380, stack(0x0000000027250000,0x0000000027350000)]
  0x0000000021bc9000 JavaThread "pool-1-thread-68" [_thread_blocked, id=3844, stack(0x0000000027150000,0x0000000027250000)]
  0x0000000021bc8000 JavaThread "pool-1-thread-67" [_thread_blocked, id=13224, stack(0x0000000027050000,0x0000000027150000)]
  0x0000000021bc0800 JavaThread "pool-1-thread-66" [_thread_blocked, id=6176, stack(0x0000000026f50000,0x0000000027050000)]
  0x0000000021bc6800 JavaThread "pool-1-thread-65" [_thread_blocked, id=6780, stack(0x0000000026e50000,0x0000000026f50000)]
  0x0000000021bc2800 JavaThread "pool-1-thread-64" [_thread_blocked, id=9032, stack(0x0000000026d50000,0x0000000026e50000)]
  0x0000000021bc3800 JavaThread "pool-1-thread-63" [_thread_blocked, id=11000, stack(0x0000000026c50000,0x0000000026d50000)]
  0x0000000021bc1000 JavaThread "pool-1-thread-62" [_thread_blocked, id=13304, stack(0x0000000026b50000,0x0000000026c50000)]
  0x0000000021bc7800 JavaThread "pool-1-thread-61" [_thread_blocked, id=13144, stack(0x0000000026a50000,0x0000000026b50000)]
  0x0000000021bc2000 JavaThread "pool-1-thread-60" [_thread_blocked, id=2124, stack(0x0000000026950000,0x0000000026a50000)]
  0x0000000021bbf800 JavaThread "pool-1-thread-59" [_thread_blocked, id=10768, stack(0x0000000026850000,0x0000000026950000)]
  0x0000000021bbe000 JavaThread "pool-1-thread-58" [_thread_blocked, id=2440, stack(0x0000000026750000,0x0000000026850000)]
  0x0000000021bbf000 JavaThread "pool-1-thread-57" [_thread_blocked, id=9544, stack(0x0000000026650000,0x0000000026750000)]
  0x0000000021bc4800 JavaThread "pool-1-thread-56" [_thread_blocked, id=4044, stack(0x0000000026550000,0x0000000026650000)]
  0x0000000021bc5000 JavaThread "pool-1-thread-55" [_thread_blocked, id=10904, stack(0x0000000026450000,0x0000000026550000)]
  0x000000001b6bd000 JavaThread "pool-1-thread-54" [_thread_blocked, id=4484, stack(0x0000000026350000,0x0000000026450000)]
  0x000000001b6bc000 JavaThread "pool-1-thread-53" [_thread_blocked, id=2404, stack(0x0000000026250000,0x0000000026350000)]
  0x000000001b6bd800 JavaThread "pool-1-thread-52" [_thread_blocked, id=2876, stack(0x0000000026150000,0x0000000026250000)]
  0x000000001b6ba000 JavaThread "pool-1-thread-51" [_thread_blocked, id=9300, stack(0x0000000026050000,0x0000000026150000)]
  0x000000001b6b9000 JavaThread "pool-1-thread-50" [_thread_blocked, id=9812, stack(0x0000000025e50000,0x0000000025f50000)]
  0x000000001b6bf000 JavaThread "pool-1-thread-49" [_thread_blocked, id=5756, stack(0x0000000025d50000,0x0000000025e50000)]
  0x000000001b6be800 JavaThread "pool-1-thread-48" [_thread_blocked, id=2836, stack(0x0000000025c50000,0x0000000025d50000)]
  0x000000001b6b8800 JavaThread "pool-1-thread-47" [_thread_blocked, id=4308, stack(0x0000000025b50000,0x0000000025c50000)]
  0x000000001b6bb800 JavaThread "pool-1-thread-46" [_thread_blocked, id=11964, stack(0x0000000025a50000,0x0000000025b50000)]
  0x000000001b6ba800 JavaThread "pool-1-thread-45" [_thread_blocked, id=5292, stack(0x0000000025950000,0x0000000025a50000)]
  0x000000001b6b0800 JavaThread "pool-1-thread-44" [_thread_blocked, id=5984, stack(0x0000000025850000,0x0000000025950000)]
  0x000000001b6b7800 JavaThread "pool-1-thread-43" [_thread_blocked, id=10712, stack(0x0000000025750000,0x0000000025850000)]
  0x000000001b6b7000 JavaThread "pool-1-thread-42" [_thread_blocked, id=11036, stack(0x0000000025650000,0x0000000025750000)]
  0x000000001b6b6000 JavaThread "pool-1-thread-41" [_thread_blocked, id=6440, stack(0x0000000025550000,0x0000000025650000)]
  0x000000001b6b4800 JavaThread "pool-1-thread-40" [_thread_blocked, id=9296, stack(0x0000000025450000,0x0000000025550000)]
  0x000000001b6b3800 JavaThread "pool-1-thread-39" [_thread_blocked, id=2328, stack(0x0000000025350000,0x0000000025450000)]
  0x000000001b6b3000 JavaThread "pool-1-thread-38" [_thread_blocked, id=1724, stack(0x0000000025250000,0x0000000025350000)]
  0x000000001b6b2000 JavaThread "pool-1-thread-37" [_thread_blocked, id=7688, stack(0x0000000025150000,0x0000000025250000)]
  0x000000001b6b0000 JavaThread "pool-1-thread-36" [_thread_blocked, id=4264, stack(0x0000000025050000,0x0000000025150000)]
  0x000000001b6b5000 JavaThread "pool-1-thread-35" [_thread_blocked, id=6432, stack(0x0000000024f50000,0x0000000025050000)]
  0x000000001b6b1800 JavaThread "pool-1-thread-34" [_thread_blocked, id=9120, stack(0x0000000024e50000,0x0000000024f50000)]
  0x0000000021bab800 JavaThread "pool-1-thread-33" [_thread_blocked, id=8736, stack(0x0000000024d50000,0x0000000024e50000)]
  0x0000000021baa800 JavaThread "pool-1-thread-32" [_thread_blocked, id=136, stack(0x0000000024c50000,0x0000000024d50000)]
  0x0000000021baa000 JavaThread "pool-1-thread-31" [_thread_blocked, id=13252, stack(0x0000000024b50000,0x0000000024c50000)]
  0x0000000021ba9000 JavaThread "pool-1-thread-30" [_thread_blocked, id=8300, stack(0x0000000024a50000,0x0000000024b50000)]
  0x0000000021ba8800 JavaThread "pool-1-thread-29" [_thread_blocked, id=2888, stack(0x0000000024950000,0x0000000024a50000)]
  0x0000000021ba0800 JavaThread "pool-1-thread-28" [_thread_blocked, id=7500, stack(0x0000000024850000,0x0000000024950000)]
  0x0000000021ba7800 JavaThread "pool-1-thread-27" [_thread_blocked, id=12684, stack(0x0000000024750000,0x0000000024850000)]
  0x0000000021ba6000 JavaThread "pool-1-thread-26" [_thread_blocked, id=6928, stack(0x0000000024650000,0x0000000024750000)]
  0x0000000021ba0000 JavaThread "pool-1-thread-25" [_thread_blocked, id=10856, stack(0x0000000024550000,0x0000000024650000)]
  0x0000000021ba5000 JavaThread "pool-1-thread-24" [_thread_blocked, id=8472, stack(0x0000000024450000,0x0000000024550000)]
  0x0000000021ba7000 JavaThread "pool-1-thread-23" [_thread_blocked, id=8340, stack(0x0000000024350000,0x0000000024450000)]
  0x0000000021b9e800 JavaThread "pool-1-thread-22" [_thread_blocked, id=10656, stack(0x0000000024250000,0x0000000024350000)]
  0x0000000021b9d800 JavaThread "pool-1-thread-21" [_thread_blocked, id=696, stack(0x0000000024150000,0x0000000024250000)]
  0x0000000021ba4800 JavaThread "pool-1-thread-20" [_thread_blocked, id=11372, stack(0x0000000024050000,0x0000000024150000)]
  0x0000000021ba3800 JavaThread "pool-1-thread-19" [_thread_blocked, id=5996, stack(0x0000000023f50000,0x0000000024050000)]
  0x0000000021b9f000 JavaThread "pool-1-thread-18" [_thread_blocked, id=8832, stack(0x0000000023e50000,0x0000000023f50000)]
  0x0000000021b9c000 JavaThread "pool-1-thread-17" [_thread_blocked, id=1928, stack(0x0000000023d50000,0x0000000023e50000)]
  0x0000000021ba3000 JavaThread "pool-1-thread-16" [_thread_blocked, id=3204, stack(0x0000000023c50000,0x0000000023d50000)]
  0x0000000021b9d000 JavaThread "pool-1-thread-15" [_thread_blocked, id=7388, stack(0x0000000023b50000,0x0000000023c50000)]
  0x0000000021ba2000 JavaThread "pool-1-thread-14" [_thread_blocked, id=12256, stack(0x0000000023a50000,0x0000000023b50000)]
  0x0000000021ba1800 JavaThread "pool-1-thread-13" [_thread_blocked, id=2468, stack(0x0000000023950000,0x0000000023a50000)]
  0x0000000021b82800 JavaThread "pool-1-thread-12" [_thread_blocked, id=5128, stack(0x0000000023850000,0x0000000023950000)]
  0x0000000021b85000 JavaThread "pool-1-thread-11" [_thread_blocked, id=7088, stack(0x0000000023750000,0x0000000023850000)]
  0x0000000021b82000 JavaThread "pool-1-thread-10" [_thread_blocked, id=11592, stack(0x0000000023650000,0x0000000023750000)]
  0x0000000021b87000 JavaThread "pool-1-thread-9" [_thread_blocked, id=8352, stack(0x0000000023550000,0x0000000023650000)]
  0x0000000021b83800 JavaThread "pool-1-thread-8" [_thread_blocked, id=5768, stack(0x0000000023450000,0x0000000023550000)]
  0x0000000021b85800 JavaThread "pool-1-thread-7" [_thread_blocked, id=11292, stack(0x0000000023350000,0x0000000023450000)]
  0x0000000021b86800 JavaThread "pool-1-thread-6" [_thread_blocked, id=6512, stack(0x0000000023250000,0x0000000023350000)]
  0x0000000021b80800 JavaThread "pool-1-thread-5" [_thread_blocked, id=11680, stack(0x0000000023150000,0x0000000023250000)]
  0x0000000021b81000 JavaThread "pool-1-thread-4" [_thread_blocked, id=12432, stack(0x0000000023050000,0x0000000023150000)]
  0x0000000021b84000 JavaThread "pool-1-thread-3" [_thread_blocked, id=12556, stack(0x0000000022f50000,0x0000000023050000)]
  0x000000001b6d3800 JavaThread "pool-1-thread-2" [_thread_blocked, id=6644, stack(0x0000000022e50000,0x0000000022f50000)]
  0x000000001b6d2800 JavaThread "pool-1-thread-1" [_thread_blocked, id=6856, stack(0x0000000022c50000,0x0000000022d50000)]
=>0x000000001b5ab800 JavaThread "Thread-2" [_thread_in_vm, id=3976, stack(0x0000000022b50000,0x0000000022c50000)]
  0x000000001b574000 JavaThread "TimerQueue" daemon [_thread_blocked, id=10912, stack(0x0000000020ff0000,0x00000000210f0000)]
  0x000000000248e000 JavaThread "DestroyJavaVM" [_thread_blocked, id=3808, stack(0x0000000004530000,0x0000000004630000)]
  0x000000001b2a3000 JavaThread "AWT-EventQueue-0" [_thread_blocked, id=11432, stack(0x000000001c4e0000,0x000000001c5e0000)]
  0x000000001b22f800 JavaThread "AWT-Windows" daemon [_thread_blocked, id=5988, stack(0x000000001bc10000,0x000000001bd10000)]
  0x000000001b22d000 JavaThread "AWT-Shutdown" [_thread_blocked, id=9912, stack(0x000000001bb10000,0x000000001bc10000)]
  0x000000001b22a000 JavaThread "Java2D Disposer" daemon [_thread_blocked, id=11360, stack(0x000000001b9a0000,0x000000001baa0000)]
  0x000000001a694000 JavaThread "Service Thread" daemon [_thread_blocked, id=7704, stack(0x000000001af00000,0x000000001b000000)]
  0x000000001a623000 JavaThread "C1 CompilerThread2" daemon [_thread_blocked, id=4288, stack(0x000000001ae00000,0x000000001af00000)]
  0x00000000192fd800 JavaThread "C2 CompilerThread1" daemon [_thread_blocked, id=492, stack(0x000000001ad00000,0x000000001ae00000)]
  0x00000000192fa000 JavaThread "C2 CompilerThread0" daemon [_thread_blocked, id=6232, stack(0x000000001ac00000,0x000000001ad00000)]
  0x000000001a608800 JavaThread "Attach Listener" daemon [_thread_blocked, id=10936, stack(0x000000001ab00000,0x000000001ac00000)]
  0x00000000192af000 JavaThread "Signal Dispatcher" daemon [_thread_blocked, id=11488, stack(0x000000001aa00000,0x000000001ab00000)]
  0x0000000019289800 JavaThread "Finalizer" daemon [_thread_blocked, id=12704, stack(0x000000001a500000,0x000000001a600000)]
  0x0000000004721000 JavaThread "Reference Handler" daemon [_thread_blocked, id=12816, stack(0x000000001a400000,0x000000001a500000)]

Other Threads:
  0x0000000019267000 VMThread [stack: 0x000000001a300000,0x000000001a400000] [id=4116]
  0x000000001a6e9000 WatcherThread [stack: 0x000000001b000000,0x000000001b100000] [id=7920]

VM state:synchronizing (normal execution)

VM Mutex/Monitor currently owned by a thread:  ([mutex/lock_event])
[0x000000000248d4d0] Threads_lock - owner thread: 0x0000000019267000

Heap:
 PSYoungGen      total 38400K, used 37535K [0x00000000d5c00000, 0x00000000da700000, 0x0000000100000000)
  eden space 33280K, 98% used [0x00000000d5c00000,0x00000000d7c22e60,0x00000000d7c80000)
  from space 5120K, 90% used [0x00000000d7c80000,0x00000000d8105190,0x00000000d8180000)
  to   space 5120K, 0% used [0x00000000da200000,0x00000000da200000,0x00000000da700000)
 ParOldGen       total 87552K, used 8657K [0x0000000081400000, 0x0000000086980000, 0x00000000d5c00000)
  object space 87552K, 9% used [0x0000000081400000,0x0000000081c745c0,0x0000000086980000)
 Metaspace       used 12505K, capacity 12696K, committed 12928K, reserved 1060864K
  class space    used 1489K, capacity 1587K, committed 1664K, reserved 1048576K

Card table byte_map: [0x0000000013af0000,0x0000000013ef0000] byte_map_base: 0x00000000136e6000

Marking Bits: (ParMarkBitMap*) 0x0000000060fbd850
 Begin Bits: [0x00000000145a0000, 0x0000000016550000)
 End Bits:   [0x0000000016550000, 0x0000000018500000)

Polling page: 0x0000000002450000

CodeCache: size=245760Kb used=4464Kb max_used=4473Kb free=241295Kb
 bounds [0x0000000004730000, 0x0000000004ba0000, 0x0000000013730000]
 total_blobs=1852 nmethods=1359 adapters=405
 compilation: enabled

Compilation events (10 events):
Event: 20.465 Thread 0x000000001a623000 1354       3       java.nio.Buffer::checkIndex (22 bytes)
Event: 20.465 Thread 0x000000001a623000 nmethod 1354 0x0000000004b8cb10 code [0x0000000004b8cc80, 0x0000000004b8cec8]
Event: 20.466 Thread 0x000000001a623000 1355       1       javax.swing.InputMap::getParent (5 bytes)
Event: 20.466 Thread 0x000000001a623000 nmethod 1355 0x0000000004b8cf90 code [0x0000000004b8d0e0, 0x0000000004b8d1f0]
Event: 20.466 Thread 0x000000001a623000 1356       3       java.util.concurrent.atomic.AtomicInteger::getAndIncrement (12 bytes)
Event: 20.466 Thread 0x000000001a623000 nmethod 1356 0x0000000004b8d250 code [0x0000000004b8d3a0, 0x0000000004b8d4f0]
Event: 20.670 Thread 0x00000000192fa000 1357       4       sun.awt.SunToolkit::getAppContext (42 bytes)
Event: 20.672 Thread 0x00000000192fa000 nmethod 1357 0x0000000004b90210 code [0x0000000004b90360, 0x0000000004b90418]
Event: 21.308 Thread 0x000000001a623000 1359       1       javax.swing.JScrollPane::getVerticalScrollBar (5 bytes)
Event: 21.308 Thread 0x000000001a623000 nmethod 1359 0x0000000004b8fb90 code [0x0000000004b8fce0, 0x0000000004b8fdf0]

GC Heap History (6 events):
Event: 2.530 GC heap before
{Heap before GC invocations=1 (full 0):
 PSYoungGen      total 38400K, used 33280K [0x00000000d5c00000, 0x00000000d8680000, 0x0000000100000000)
  eden space 33280K, 100% used [0x00000000d5c00000,0x00000000d7c80000,0x00000000d7c80000)
  from space 5120K, 0% used [0x00000000d8180000,0x00000000d8180000,0x00000000d8680000)
  to   space 5120K, 0% used [0x00000000d7c80000,0x00000000d7c80000,0x00000000d8180000)
 ParOldGen       total 87552K, used 0K [0x0000000081400000, 0x0000000086980000, 0x00000000d5c00000)
  object space 87552K, 0% used [0x0000000081400000,0x0000000081400000,0x0000000086980000)
 Metaspace       used 12015K, capacity 12248K, committed 12672K, reserved 1060864K
  class space    used 1477K, capacity 1587K, committed 1664K, reserved 1048576K
Event: 2.562 GC heap after
Heap after GC invocations=1 (full 0):
 PSYoungGen      total 38400K, used 4621K [0x00000000d5c00000, 0x00000000d8680000, 0x0000000100000000)
  eden space 33280K, 0% used [0x00000000d5c00000,0x00000000d5c00000,0x00000000d7c80000)
  from space 5120K, 90% used [0x00000000d7c80000,0x00000000d8103530,0x00000000d8180000)
  to   space 5120K, 0% used [0x00000000d8180000,0x00000000d8180000,0x00000000d8680000)
 ParOldGen       total 87552K, used 16K [0x0000000081400000, 0x0000000086980000, 0x00000000d5c00000)
  object space 87552K, 0% used [0x0000000081400000,0x0000000081404000,0x0000000086980000)
 Metaspace       used 12015K, capacity 12248K, committed 12672K, reserved 1060864K
  class space    used 1477K, capacity 1587K, committed 1664K, reserved 1048576K
}
Event: 2.576 GC heap before
{Heap before GC invocations=2 (full 0):
 PSYoungGen      total 38400K, used 37901K [0x00000000d5c00000, 0x00000000d8680000, 0x0000000100000000)
  eden space 33280K, 100% used [0x00000000d5c00000,0x00000000d7c80000,0x00000000d7c80000)
  from space 5120K, 90% used [0x00000000d7c80000,0x00000000d8103530,0x00000000d8180000)
  to   space 5120K, 0% used [0x00000000d8180000,0x00000000d8180000,0x00000000d8680000)
 ParOldGen       total 87552K, used 16K [0x0000000081400000, 0x0000000086980000, 0x00000000d5c00000)
  object space 87552K, 0% used [0x0000000081400000,0x0000000081404000,0x0000000086980000)
 Metaspace       used 12016K, capacity 12248K, committed 12672K, reserved 1060864K
  class space    used 1477K, capacity 1587K, committed 1664K, reserved 1048576K
Event: 2.582 GC heap after
Heap after GC invocations=2 (full 0):
 PSYoungGen      total 38400K, used 4644K [0x00000000d5c00000, 0x00000000da700000, 0x0000000100000000)
  eden space 33280K, 0% used [0x00000000d5c00000,0x00000000d5c00000,0x00000000d7c80000)
  from space 5120K, 90% used [0x00000000d8180000,0x00000000d8609180,0x00000000d8680000)
  to   space 5120K, 0% used [0x00000000d7c80000,0x00000000d7c80000,0x00000000d8180000)
 ParOldGen       total 87552K, used 4336K [0x0000000081400000, 0x0000000086980000, 0x00000000d5c00000)
  object space 87552K, 4% used [0x0000000081400000,0x000000008183c2e0,0x0000000086980000)
 Metaspace       used 12016K, capacity 12248K, committed 12672K, reserved 1060864K
  class space    used 1477K, capacity 1587K, committed 1664K, reserved 1048576K
}
Event: 2.585 GC heap before
{Heap before GC invocations=3 (full 0):
 PSYoungGen      total 38400K, used 37924K [0x00000000d5c00000, 0x00000000da700000, 0x0000000100000000)
  eden space 33280K, 100% used [0x00000000d5c00000,0x00000000d7c80000,0x00000000d7c80000)
  from space 5120K, 90% used [0x00000000d8180000,0x00000000d8609180,0x00000000d8680000)
  to   space 5120K, 0% used [0x00000000d7c80000,0x00000000d7c80000,0x00000000d8180000)
 ParOldGen       total 87552K, used 4336K [0x0000000081400000, 0x0000000086980000, 0x00000000d5c00000)
  object space 87552K, 4% used [0x0000000081400000,0x000000008183c2e0,0x0000000086980000)
 Metaspace       used 12016K, capacity 12248K, committed 12672K, reserved 1060864K
  class space    used 1477K, capacity 1587K, committed 1664K, reserved 1048576K
Event: 2.589 GC heap after
Heap after GC invocations=3 (full 0):
 PSYoungGen      total 38400K, used 4628K [0x00000000d5c00000, 0x00000000da700000, 0x0000000100000000)
  eden space 33280K, 0% used [0x00000000d5c00000,0x00000000d5c00000,0x00000000d7c80000)
  from space 5120K, 90% used [0x00000000d7c80000,0x00000000d8105190,0x00000000d8180000)
  to   space 5120K, 0% used [0x00000000da200000,0x00000000da200000,0x00000000da700000)
 ParOldGen       total 87552K, used 8657K [0x0000000081400000, 0x0000000086980000, 0x00000000d5c00000)
  object space 87552K, 9% used [0x0000000081400000,0x0000000081c745c0,0x0000000086980000)
 Metaspace       used 12016K, capacity 12248K, committed 12672K, reserved 1060864K
  class space    used 1477K, capacity 1587K, committed 1664K, reserved 1048576K
}

Deoptimization events (5 events):
Event: 1.289 Thread 0x000000001b2a3000 Uncommon trap: reason=unstable_if action=reinterpret pc=0x000000000499dc08 method=java.awt.Component.inside(II)Z @ 13
Event: 1.655 Thread 0x000000001b2a3000 Uncommon trap: reason=class_check action=maybe_recompile pc=0x00000000048a7d5c method=java.lang.String.equals(Ljava/lang/Object;)Z @ 8
Event: 1.655 Thread 0x000000001b2a3000 Uncommon trap: reason=class_check action=maybe_recompile pc=0x00000000048a7d5c method=java.lang.String.equals(Ljava/lang/Object;)Z @ 8
Event: 1.655 Thread 0x000000001b2a3000 Uncommon trap: reason=class_check action=maybe_recompile pc=0x00000000048a7d5c method=java.lang.String.equals(Ljava/lang/Object;)Z @ 8
Event: 2.320 Thread 0x000000001b2a3000 Uncommon trap: reason=class_check action=maybe_recompile pc=0x00000000048a7d5c method=java.lang.String.equals(Ljava/lang/Object;)Z @ 8

Internal exceptions (10 events):
Event: 0.051 Thread 0x000000000248e000 Exception <a 'java/lang/NoSuchMethodError': Method sun.misc.Unsafe.defineClass(Ljava/lang/String;[BII)Ljava/lang/Class; name or signature does not match> (0x00000000d5c07ca8) thrown at [C:\re\workspace\8-2-build-windows-amd64-cygwin\jdk8u144\9417\hotspot\
Event: 0.051 Thread 0x000000000248e000 Exception <a 'java/lang/NoSuchMethodError': Method sun.misc.Unsafe.prefetchRead(Ljava/lang/Object;J)V name or signature does not match> (0x00000000d5c07f90) thrown at [C:\re\workspace\8-2-build-windows-amd64-cygwin\jdk8u144\9417\hotspot\src\share\vm\prims
Event: 0.185 Thread 0x000000000248e000 Exception <a 'java/io/FileNotFoundException'> (0x00000000d5d44a28) thrown at [C:\re\workspace\8-2-build-windows-amd64-cygwin\jdk8u144\9417\hotspot\src\share\vm\prims\jni.cpp, line 709]
Event: 0.216 Thread 0x000000000248e000 Exception <a 'java/lang/NoSuchFieldError': method resolution failed> (0x00000000d5eb8260) thrown at [C:\re\workspace\8-2-build-windows-amd64-cygwin\jdk8u144\9417\hotspot\src\share\vm\prims\methodHandles.cpp, line 1146]
Event: 0.217 Thread 0x000000000248e000 Exception <a 'java/lang/NoSuchFieldError': method resolution failed> (0x00000000d5ec5630) thrown at [C:\re\workspace\8-2-build-windows-amd64-cygwin\jdk8u144\9417\hotspot\src\share\vm\prims\methodHandles.cpp, line 1146]
Event: 0.252 Thread 0x000000000248e000 Exception <a 'java/io/FileNotFoundException'> (0x00000000d5f60238) thrown at [C:\re\workspace\8-2-build-windows-amd64-cygwin\jdk8u144\9417\hotspot\src\share\vm\prims\jni.cpp, line 709]
Event: 4.813 Thread 0x0000000021b85800 Exception <a 'java/net/UnknownHostException': kis-macbook-pro> (0x00000000d795fc70) thrown at [C:\re\workspace\8-2-build-windows-amd64-cygwin\jdk8u144\9417\hotspot\src\share\vm\prims\jni.cpp, line 735]
Event: 4.843 Thread 0x000000001b6d2800 Exception <a 'java/net/UnknownHostException': h268a> (0x00000000d7995dc0) thrown at [C:\re\workspace\8-2-build-windows-amd64-cygwin\jdk8u144\9417\hotspot\src\share\vm\prims\jni.cpp, line 735]
Event: 4.873 Thread 0x0000000021baa800 Exception <a 'java/net/UnknownHostException': iphone-2> (0x00000000d6714c98) thrown at [C:\re\workspace\8-2-build-windows-amd64-cygwin\jdk8u144\9417\hotspot\src\share\vm\prims\jni.cpp, line 735]
Event: 4.873 Thread 0x0000000021ba6000 Exception <a 'java/net/UnknownHostException': lijunjiede-ipad> (0x00000000d65c12e0) thrown at [C:\re\workspace\8-2-build-windows-amd64-cygwin\jdk8u144\9417\hotspot\src\share\vm\prims\jni.cpp, line 735]

Events (10 events):
Event: 13.939 Executing VM operation: RevokeBias done
Event: 17.442 loading class java/util/ArrayList$1
Event: 17.442 loading class java/util/ArrayList$1 done
Event: 18.683 loading class java/awt/KeyboardFocusManager$2
Event: 18.683 loading class java/awt/KeyboardFocusManager$2 done
Event: 18.683 loading class sun/awt/SunToolkit$1
Event: 18.683 loading class sun/awt/SunToolkit$1 done
Event: 20.464 loading class network/host/NetCardList
Event: 20.464 loading class network/host/NetCardList done
Event: 21.311 Executing VM operation: RevokeBias


Dynamic libraries:
0x00007ff69b6c0000 - 0x00007ff69b6f7000 	F:\tool\jdk\java_jdk_8\jdk_version\bin\javaw.exe
0x00007ffaaebe0000 - 0x00007ffaaedc0000 	C:\Windows\SYSTEM32\ntdll.dll
0x00007ffaae7d0000 - 0x00007ffaae87e000 	C:\Windows\System32\KERNEL32.DLL
0x00007ffaab6f0000 - 0x00007ffaab956000 	C:\Windows\System32\KERNELBASE.dll
0x00007ffaadf70000 - 0x00007ffaae011000 	C:\Windows\System32\ADVAPI32.dll
0x00007ffaadb30000 - 0x00007ffaadbcd000 	C:\Windows\System32\msvcrt.dll
0x00007ffaadad0000 - 0x00007ffaadb2b000 	C:\Windows\System32\sechost.dll
0x00007ffaac280000 - 0x00007ffaac39f000 	C:\Windows\System32\RPCRT4.dll
0x00007ffaae9b0000 - 0x00007ffaaeb3f000 	C:\Windows\System32\USER32.dll
0x00007ffaab0e0000 - 0x00007ffaab100000 	C:\Windows\System32\win32u.dll
0x00007ffaac0e0000 - 0x00007ffaac108000 	C:\Windows\System32\GDI32.dll
0x00007ffaab4d0000 - 0x00007ffaab663000 	C:\Windows\System32\gdi32full.dll
0x00007ffaab2d0000 - 0x00007ffaab36b000 	C:\Windows\System32\msvcp_win.dll
0x00007ffaaafe0000 - 0x00007ffaab0d5000 	C:\Windows\System32\ucrtbase.dll
0x00007ffaa4220000 - 0x00007ffaa4489000 	C:\Windows\WinSxS\amd64_microsoft.windows.common-controls_6595b64144ccf1df_6.0.16299.726_none_15ccdb369361144a\COMCTL32.dll
0x00007ffaadbf0000 - 0x00007ffaadef7000 	C:\Windows\System32\combase.dll
0x00007ffaab670000 - 0x00007ffaab6e2000 	C:\Windows\System32\bcryptPrimitives.dll
0x00007ffaac0b0000 - 0x00007ffaac0dd000 	C:\Windows\System32\IMM32.DLL
0x0000000062be0000 - 0x0000000062cb2000 	F:\tool\jdk\java_jdk_8\jdk_version\jre\bin\msvcr100.dll
0x00000000607a0000 - 0x000000006103d000 	F:\tool\jdk\java_jdk_8\jdk_version\jre\bin\server\jvm.dll
0x00007ffaadf60000 - 0x00007ffaadf68000 	C:\Windows\System32\PSAPI.DLL
0x00007ffa98a80000 - 0x00007ffa98a89000 	C:\Windows\SYSTEM32\WSOCK32.dll
0x00007ffaaeb40000 - 0x00007ffaaebac000 	C:\Windows\System32\WS2_32.dll
0x00007ffaa7fc0000 - 0x00007ffaa7fe3000 	C:\Windows\SYSTEM32\WINMM.dll
0x00007ffa9d8d0000 - 0x00007ffa9d8da000 	C:\Windows\SYSTEM32\VERSION.dll
0x00007ffaa7f60000 - 0x00007ffaa7f8a000 	C:\Windows\SYSTEM32\WINMMBASE.dll
0x00007ffaab480000 - 0x00007ffaab4ca000 	C:\Windows\System32\cfgmgr32.dll
0x0000000062bd0000 - 0x0000000062bdf000 	F:\tool\jdk\java_jdk_8\jdk_version\jre\bin\verify.dll
0x0000000062ba0000 - 0x0000000062bc9000 	F:\tool\jdk\java_jdk_8\jdk_version\jre\bin\java.dll
0x0000000062b80000 - 0x0000000062b96000 	F:\tool\jdk\java_jdk_8\jdk_version\jre\bin\zip.dll
0x00007ffaac4c0000 - 0x00007ffaad8f8000 	C:\Windows\System32\SHELL32.dll
0x00007ffaae880000 - 0x00007ffaae926000 	C:\Windows\System32\shcore.dll
0x00007ffaab960000 - 0x00007ffaac0a7000 	C:\Windows\System32\windows.storage.dll
0x00007ffaada70000 - 0x00007ffaadac1000 	C:\Windows\System32\shlwapi.dll
0x00007ffaaaf50000 - 0x00007ffaaaf61000 	C:\Windows\System32\kernel.appcore.dll
0x00007ffaaaf70000 - 0x00007ffaaafbc000 	C:\Windows\System32\powrprof.dll
0x00007ffaaaf30000 - 0x00007ffaaaf4b000 	C:\Windows\System32\profapi.dll
0x00000000619e0000 - 0x0000000061b78000 	F:\tool\jdk\java_jdk_8\jdk_version\jre\bin\awt.dll
0x00007ffaac110000 - 0x00007ffaac1d5000 	C:\Windows\System32\OLEAUT32.dll
0x00007ffaa93a0000 - 0x00007ffaa9428000 	C:\Windows\SYSTEM32\apphelp.dll
0x00007ffaa9790000 - 0x00007ffaa97ba000 	C:\Windows\system32\DWMAPI.DLL
0x00007ffaa9480000 - 0x00007ffaa9515000 	C:\Windows\system32\uxtheme.dll
0x00007ffa9ca10000 - 0x00007ffa9cb2e000 	C:\Windows\system32\opengl32.dll
0x00007ffa9c2c0000 - 0x00007ffa9c2ec000 	C:\Windows\SYSTEM32\GLU32.dll
0x00007ffaad900000 - 0x00007ffaada67000 	C:\Windows\System32\MSCTF.dll
0x00007ffaae680000 - 0x00007ffaae7c9000 	C:\Windows\System32\ole32.dll
0x0000000062b40000 - 0x0000000062b71000 	F:\tool\jdk\java_jdk_8\jdk_version\jre\bin\jpeg.dll
0x0000000060750000 - 0x0000000060797000 	F:\tool\jdk\java_jdk_8\jdk_version\jre\bin\fontmanager.dll
0x0000000060730000 - 0x000000006074a000 	F:\tool\jdk\java_jdk_8\jdk_version\jre\bin\net.dll
0x00007ffaaa7a0000 - 0x00007ffaaa806000 	C:\Windows\system32\mswsock.dll
0x0000000060710000 - 0x0000000060721000 	F:\tool\jdk\java_jdk_8\jdk_version\jre\bin\nio.dll
0x00000000606c0000 - 0x0000000060702000 	F:\tool\jdk\java_jdk_8\jdk_version\jre\bin\t2k.dll
0x00007ffaa5ba0000 - 0x00007ffaa5c38000 	C:\Windows\System32\TextInputFramework.dll
0x00007ffaa6fd0000 - 0x00007ffaa72be000 	C:\Windows\System32\CoreUIComponents.dll
0x00007ffaa8d90000 - 0x00007ffaa8e6c000 	C:\Windows\System32\CoreMessaging.dll
0x00007ffaaa040000 - 0x00007ffaaa071000 	C:\Windows\SYSTEM32\ntmarta.dll
0x00007ffaa7720000 - 0x00007ffaa7856000 	C:\Windows\SYSTEM32\wintypes.dll
0x00007ffaac1e0000 - 0x00007ffaac27e000 	C:\Windows\System32\clbcatq.dll
0x00007ffa8b6f0000 - 0x00007ffa8b8d9000 	C:\Windows\system32\SogouTSF.ime
0x00007ffaa80a0000 - 0x00007ffaa80a7000 	C:\Windows\system32\MSIMG32.dll
0x00007ffa89420000 - 0x00007ffa89c97000 	C:\Windows\system32\SogouPy.ime
0x00007ffaa5850000 - 0x00007ffaa592e000 	C:\Windows\SYSTEM32\WINHTTP.dll
0x00007ffaa6df0000 - 0x00007ffaa6e5e000 	C:\Windows\SYSTEM32\OLEACC.dll
0x000000001e5d0000 - 0x000000001e70c000 	F:\SogouInput\9.3.0.3129\Resource.dll
0x00007ffa8b370000 - 0x00007ffa8b5d9000 	F:\SogouInput\Components\PicFace\1.1.0.1859\PicFace64.dll
0x00007ffaac3a0000 - 0x00007ffaac4aa000 	C:\Windows\System32\COMDLG32.dll
0x00007ffa9ae70000 - 0x00007ffa9ae86000 	C:\Windows\system32\napinsp.dll
0x00007ffa9adc0000 - 0x00007ffa9adda000 	C:\Windows\system32\pnrpnsp.dll
0x00007ffaa5d10000 - 0x00007ffaa5d28000 	C:\Windows\system32\NLAapi.dll
0x00007ffaaa570000 - 0x00007ffaaa626000 	C:\Windows\SYSTEM32\DNSAPI.dll
0x00007ffaae220000 - 0x00007ffaae228000 	C:\Windows\System32\NSI.dll
0x00007ffaaa530000 - 0x00007ffaaa569000 	C:\Windows\SYSTEM32\IPHLPAPI.DLL
0x00007ffa9ae60000 - 0x00007ffa9ae6e000 	C:\Windows\System32\winrnr.dll
0x00007ffa9ae40000 - 0x00007ffa9ae55000 	C:\Windows\System32\wshbth.dll
0x0000000062b10000 - 0x0000000062b36000 	C:\Program Files\Bonjour\mdnsNSP.dll
0x00007ffa9d4e0000 - 0x00007ffa9d5ed000 	C:\Windows\SysWOW64\ierd_tgp_lsp64.dll
0x00007ffaa5770000 - 0x00007ffaa577a000 	C:\Windows\system32\wshqos.dll
0x00007ffaa5760000 - 0x00007ffaa5768000 	C:\Windows\SYSTEM32\wshtcpip.DLL
0x00007ffaa5750000 - 0x00007ffaa5758000 	C:\Windows\SYSTEM32\wship6.dll
0x00007ffa9dfa0000 - 0x00007ffa9dfaa000 	C:\Windows\System32\rasadhlp.dll
0x00007ffa9e660000 - 0x00007ffa9e6d0000 	C:\Windows\System32\fwpuclnt.dll
0x00007ffaaaa70000 - 0x00007ffaaaa95000 	C:\Windows\SYSTEM32\bcrypt.dll
0x00007ffaa6940000 - 0x00007ffaa696b000 	F:\tool\jdk\java_jdk_8\jdk_version\jre\bin\Jpcap.dll
0x0000000180000000 - 0x0000000180065000 	C:\Windows\SYSTEM32\wpcap.dll
0x000000001e350000 - 0x000000001e36f000 	C:\Windows\SYSTEM32\packet.dll
0x00007ffaa5e80000 - 0x00007ffaa5e96000 	C:\Windows\SYSTEM32\dhcpcsvc6.DLL
0x00007ffaa5ee0000 - 0x00007ffaa5efa000 	C:\Windows\SYSTEM32\dhcpcsvc.DLL
0x00007ffa95660000 - 0x00007ffa95679000 	C:\Windows\SYSTEM32\CLDAPI.dll
0x00007ffa955e0000 - 0x00007ffa95656000 	C:\Windows\SYSTEM32\AEPIC.dll
0x00007ffa9e330000 - 0x00007ffa9e33a000 	C:\Windows\SYSTEM32\FLTLIB.DLL
0x00007ffaaa960000 - 0x00007ffaaa977000 	C:\Windows\SYSTEM32\cryptsp.dll
0x00007ffaa7d10000 - 0x00007ffaa7ec1000 	C:\Windows\SYSTEM32\PROPSYS.dll
0x00007ffa9cc60000 - 0x00007ffa9cca4000 	C:\Windows\SYSTEM32\edputil.dll
0x00007ffa9e9c0000 - 0x00007ffa9eae3000 	C:\Windows\System32\Windows.StateRepositoryPS.dll
0x00007ffaa0d30000 - 0x00007ffaa0ef9000 	C:\Windows\SYSTEM32\urlmon.dll
0x00007ffaadbd0000 - 0x00007ffaadbed000 	C:\Windows\System32\imagehlp.dll
0x00007ffaa12c0000 - 0x00007ffaa155f000 	C:\Windows\SYSTEM32\iertutil.dll
0x00007ffaaa980000 - 0x00007ffaaa98b000 	C:\Windows\SYSTEM32\CRYPTBASE.DLL
0x00007ffaa6600000 - 0x00007ffaa666f000 	C:\Windows\SYSTEM32\msiso.dll
0x00007ffaaae30000 - 0x00007ffaaae60000 	C:\Windows\SYSTEM32\SspiCli.dll
0x00007ffa9eb20000 - 0x00007ffa9ece8000 	C:\Windows\SYSTEM32\dbghelp.dll

VM Arguments:
jvm_args: -Dfile.encoding=GBK -Xbootclasspath:F:\tool\jdk\java_jdk_8\jdk_version\jre\lib\resources.jar;F:\tool\jdk\java_jdk_8\jdk_version\jre\lib\rt.jar;F:\tool\jdk\java_jdk_8\jdk_version\jre\lib\jsse.jar;F:\tool\jdk\java_jdk_8\jdk_version\jre\lib\jce.jar;F:\tool\jdk\java_jdk_8\jdk_version\jre\lib\charsets.jar;F:\tool\jdk\java_jdk_8\jdk_version\jre\lib\jfr.jar 
java_command: network.controller.Main
java_class_path (initial): F:\tool\jdk\java_jdk_8\jdk_version\jre\lib\resources.jar;F:\tool\jdk\java_jdk_8\jdk_version\jre\lib\rt.jar;F:\tool\jdk\java_jdk_8\jdk_version\jre\lib\jsse.jar;F:\tool\jdk\java_jdk_8\jdk_version\jre\lib\jce.jar;F:\tool\jdk\java_jdk_8\jdk_version\jre\lib\charsets.jar;F:\tool\jdk\java_jdk_8\jdk_version\jre\lib\jfr.jar;F:\workspace\NetworkProtocolAnalyzer\bin;F:\tool\jdk\java_jdk_8\jdk_version\jre\lib\ext\jfreechart-1.5.0.jar
Launcher Type: SUN_STANDARD

Environment Variables:
JAVA_HOME=F:\shxt\soft\java\jdk1.8.0_77_64
CLASSPATH=.;F:\tool\jdk\java_jdk_8\jdk_version\lib\dt.jar;F:\tool\jdk\java_jdk_8\jdk_version\lib\tools.jar
PATH=C:/Program Files (x86)/Java/jre1.8.0_162/bin/client;C:/Program Files (x86)/Java/jre1.8.0_162/bin;C:/Program Files (x86)/Java/jre1.8.0_162/lib/i386;C:\ProgramData\Oracle\Java\javapath;E:\app\Administrator\product\11.2.0\dbhome_1\bin;C:\Windows\system32;C:\Windows;C:\Windows\System32\Wbem;C:\Windows\System32\WindowsPowerShell\v1.0\;F:\tool\jdk\java_jdk_8\jdk_version\bin;F:\tool\jdk\java_jdk_8\jdk_version\jre\bin;F:\tool\tomcat\apache-tomcat-7\lib;F:\tool\tomcat\apache-tomcat-7\bin;C:\Program Files\MySQL\MySQL Utilities 1.6\;E:\Program Files\python0327\Scripts;E:\Program Files\python0327;E:\Program Files\MATLAB\R2016a\runtime\win64;E:\Program Files\MATLAB\R2016a\bin;E:\Program Files\MATLAB\R2016a\polyspace\bin;C:\Users\Administrator\AppData\Local\Microsoft\WindowsApps;;F:\eclipse-jee-oxygen-3a-win32[1]\eclipse;
USERNAME=Administrator
OS=Windows_NT
PROCESSOR_IDENTIFIER=Intel64 Family 6 Model 60 Stepping 3, GenuineIntel



---------------  S Y S T E M  ---------------

OS: Windows 10.0 , 64 bit Build 16299 (10.0.16299.431)

CPU:total 4 (initial active 4) (2 cores per cpu, 2 threads per core) family 6 model 60 stepping 3, cmov, cx8, fxsr, mmx, sse, sse2, sse3, ssse3, sse4.1, sse4.2, popcnt, avx, avx2, aes, clmul, erms, lzcnt, ht, tsc, tscinvbit, bmi1, bmi2

Memory: 4k page, physical 8302956k(5015060k free), swap 8827244k(4758204k free)

vm_info: Java HotSpot(TM) 64-Bit Server VM (25.144-b01) for windows-amd64 JRE (1.8.0_144-b01), built on Jul 21 2017 21:57:33 by "java_re" with MS VC++ 10.0 (VS2010)

time: Thu Oct 31 14:51:20 2019
elapsed time: 21 seconds (0d 0h 0m 21s)

