#
# A fatal error has been detected by the Java Runtime Environment:
#
#  EXCEPTION_ACCESS_VIOLATION (0xc0000005) at pc=0x000000005556a62e, pid=12204, tid=0x0000000000000cd4
#
# JRE version: Java(TM) SE Runtime Environment (8.0_144-b01) (build 1.8.0_144-b01)
# Java VM: Java HotSpot(TM) 64-Bit Server VM (25.144-b01 mixed mode windows-amd64 compressed oops)
# Problematic frame:
# V  [jvm.dll+0x14a62e]
#
# Failed to write core dump. Minidumps are not enabled by default on client versions of Windows
#
# If you would like to submit a bug report, please visit:
#   http://bugreport.java.com/bugreport/crash.jsp
#

---------------  T H R E A D  ---------------

Current thread (0x0000000023854000):  JavaThread "Thread-257" [_thread_in_vm, id=3284, stack(0x0000000035a00000,0x0000000035b00000)]

siginfo: ExceptionCode=0xc0000005, reading address 0xffffffffffffffff

Registers:
RAX=0x7774656e20740a0d, RBX=0x7774656e20740a0d, RCX=0x00000000d8105448, RDX=0x0000000000000000
RSP=0x0000000035aff060, RBP=0x00000000238541f8, RSI=0x00000000238541f8, RDI=0x0000000023854000
R8 =0x0000000023854000, R9 =0x00000000235b29a8, R10=0x0000000000000032, R11=0x0000000000000032
R12=0x00000000235b2990, R13=0x00000000235b2998, R14=0x00000000235b2980, R15=0x0000000022b129f0
RIP=0x000000005556a62e, EFLAGS=0x0000000000010246

Top of Stack: (sp=0x0000000035aff060)
0x0000000035aff060:   0000000023b0ee78 0000000023b0ee78
0x0000000035aff070:   0000000035aff0c8 0000000035aff0f8
0x0000000035aff080:   0000000023b0ee78 000000005548ea67
0x0000000035aff090:   0000000023854000 0000000000000032
0x0000000035aff0a0:   000000001f117a70 0000000035aff0f8
0x0000000035aff0b0:   00000000238541f8 0000000023854000
0x0000000035aff0c0:   0000000000000000 0000000023b0ee78
0x0000000035aff0d0:   0000000023854000 000000001f117a70
0x0000000035aff0e0:   00000000238541f8 0000000055561235
0x0000000035aff0f0:   000000001f117a70 0000000023854000
0x0000000035aff100:   00000000238541f8 000000018002a72b
0x0000000035aff110:   0000000023854000 0000000000000000
0x0000000035aff120:   0000000000000000 0000000055bc1d50
0x0000000035aff130:   00000000235b29a0 00007ffbf84b179b
0x0000000035aff140:   00000000238541f8 00000000235b29a0
0x0000000035aff150:   000000001c2afcf0 00000000235b29a8 

Instructions: (pc=0x000000005556a62e)
0x000000005556a60e:   00 00 00 00 74 0a 48 8d 4c 24 58 e8 82 17 13 00
0x000000005556a61e:   48 8b 0b e8 8a e1 f1 ff 4c 8b c7 33 d2 48 8b d8
0x000000005556a62e:   48 8b 00 48 8b cb ff 50 78 48 83 7f 08 00 74 04
0x000000005556a63e:   33 c0 eb 25 48 8b 03 48 8b d7 48 8b cb ff 90 90 


Register to memory mapping:

RAX=0x7774656e20740a0d is an unknown value
RBX=0x7774656e20740a0d is an unknown value
RCX=0x00000000d8105448 is an oop
java.io.FileDescriptor 
 - klass: 'java/io/FileDescriptor'
RDX=0x0000000000000000 is an unknown value
RSP=0x0000000035aff060 is pointing into the stack for thread: 0x0000000023854000
RBP=0x00000000238541f8 is an unknown value
RSI=0x00000000238541f8 is an unknown value
RDI=0x0000000023854000 is a thread
R8 =0x0000000023854000 is a thread
R9 =0x00000000235b29a8 is an unknown value
R10=0x0000000000000032 is an unknown value
R11=0x0000000000000032 is an unknown value
R12=0x00000000235b2990 is an unknown value
R13=0x00000000235b2998 is an unknown value
R14=0x00000000235b2980 is an unknown value
R15=0x0000000022b129f0 is an unknown value


Stack: [0x0000000035a00000,0x0000000035b00000],  sp=0x0000000035aff060,  free space=1020k
Native frames: (J=compiled Java code, j=interpreted, Vv=VM code, C=native code)
V  [jvm.dll+0x14a62e]
C  [Jpcap.dll+0x179b]
C  0x00000000054e7f74

Java frames: (J=compiled Java code, j=interpreted, Vv=VM code)
j  jpcap.JpcapCaptor.getDeviceList()[Ljpcap/NetworkInterface;+0
j  network.host.MacSearch.macSSearch(Ljava/net/InetAddress;)[B+0
j  network.host.HostListDialog$1.run()V+142
v  ~StubRoutines::call_stub

---------------  P R O C E S S  ---------------

Java Threads: ( => current thread )
  0x000000001b541000 JavaThread "pool-4-thread-253" [_thread_blocked, id=10036, stack(0x0000000057350000,0x0000000057450000)]
  0x000000001b542800 JavaThread "pool-4-thread-252" [_thread_blocked, id=8156, stack(0x0000000057250000,0x0000000057350000)]
  0x000000001c52f800 JavaThread "pool-4-thread-251" [_thread_blocked, id=10392, stack(0x0000000057150000,0x0000000057250000)]
  0x000000001c531800 JavaThread "pool-4-thread-250" [_thread_blocked, id=964, stack(0x0000000057050000,0x0000000057150000)]
  0x000000001c527000 JavaThread "pool-4-thread-249" [_thread_blocked, id=13104, stack(0x0000000056f50000,0x0000000057050000)]
  0x000000001c52e000 JavaThread "pool-4-thread-248" [_thread_blocked, id=10308, stack(0x0000000056e50000,0x0000000056f50000)]
  0x000000001c52a000 JavaThread "pool-4-thread-247" [_thread_blocked, id=2696, stack(0x0000000056d50000,0x0000000056e50000)]
  0x000000001c52b800 JavaThread "pool-4-thread-246" [_thread_blocked, id=10520, stack(0x0000000056c50000,0x0000000056d50000)]
  0x000000001c524000 JavaThread "pool-4-thread-245" [_thread_blocked, id=6572, stack(0x0000000056b50000,0x0000000056c50000)]
  0x000000001c52b000 JavaThread "pool-4-thread-244" [_thread_blocked, id=2860, stack(0x0000000056810000,0x0000000056910000)]
  0x000000001c523000 JavaThread "pool-4-thread-243" [_thread_blocked, id=5856, stack(0x0000000056710000,0x0000000056810000)]
  0x000000001c526800 JavaThread "pool-4-thread-242" [_thread_blocked, id=12600, stack(0x0000000056610000,0x0000000056710000)]
  0x000000001c730000 JavaThread "pool-4-thread-241" [_thread_blocked, id=6224, stack(0x0000000056510000,0x0000000056610000)]
  0x000000001c72f000 JavaThread "pool-4-thread-240" [_thread_blocked, id=4372, stack(0x0000000056410000,0x0000000056510000)]
  0x000000001c735000 JavaThread "pool-4-thread-239" [_thread_blocked, id=1244, stack(0x0000000056310000,0x0000000056410000)]
  0x000000001c733800 JavaThread "pool-4-thread-238" [_thread_blocked, id=12944, stack(0x0000000056210000,0x0000000056310000)]
  0x000000001c72e800 JavaThread "pool-4-thread-237" [_thread_blocked, id=4856, stack(0x00000000560c0000,0x00000000561c0000)]
  0x000000001c734800 JavaThread "pool-4-thread-236" [_thread_blocked, id=12724, stack(0x0000000055fc0000,0x00000000560c0000)]
  0x000000001c727000 JavaThread "pool-4-thread-235" [_thread_blocked, id=9788, stack(0x0000000055ec0000,0x0000000055fc0000)]
  0x000000001c72d800 JavaThread "pool-4-thread-234" [_thread_blocked, id=8168, stack(0x0000000055dc0000,0x0000000055ec0000)]
  0x000000001c728800 JavaThread "pool-4-thread-233" [_thread_blocked, id=13184, stack(0x0000000055cc0000,0x0000000055dc0000)]
  0x000000001c726000 JavaThread "pool-4-thread-232" [_thread_blocked, id=11112, stack(0x0000000055200000,0x0000000055300000)]
  0x000000001c72d000 JavaThread "pool-4-thread-231" [_thread_blocked, id=6472, stack(0x0000000055100000,0x0000000055200000)]
  0x000000001c72a800 JavaThread "pool-4-thread-230" [_thread_blocked, id=2960, stack(0x0000000055000000,0x0000000055100000)]
  0x000000001c72a000 JavaThread "pool-4-thread-229" [_thread_blocked, id=13252, stack(0x0000000054cd0000,0x0000000054dd0000)]
  0x000000001c72c000 JavaThread "pool-4-thread-228" [_thread_blocked, id=11868, stack(0x0000000054bd0000,0x0000000054cd0000)]
  0x0000000023dde000 JavaThread "pool-4-thread-227" [_thread_blocked, id=5572, stack(0x0000000054ad0000,0x0000000054bd0000)]
  0x0000000023ddd000 JavaThread "pool-4-thread-226" [_thread_blocked, id=10992, stack(0x00000000549d0000,0x0000000054ad0000)]
  0x0000000023ddf800 JavaThread "pool-4-thread-225" [_thread_blocked, id=8080, stack(0x00000000548d0000,0x00000000549d0000)]
  0x0000000023de0000 JavaThread "pool-4-thread-224" [_thread_blocked, id=2652, stack(0x00000000547d0000,0x00000000548d0000)]
  0x0000000023ddc800 JavaThread "pool-4-thread-223" [_thread_blocked, id=1428, stack(0x00000000546d0000,0x00000000547d0000)]
  0x0000000023ddb800 JavaThread "pool-4-thread-222" [_thread_blocked, id=220, stack(0x00000000545d0000,0x00000000546d0000)]
  0x0000000023dde800 JavaThread "pool-4-thread-221" [_thread_blocked, id=3976, stack(0x00000000544d0000,0x00000000545d0000)]
  0x0000000023dd4000 JavaThread "pool-4-thread-220" [_thread_blocked, id=11512, stack(0x00000000543d0000,0x00000000544d0000)]
  0x0000000023dda000 JavaThread "pool-4-thread-219" [_thread_blocked, id=6484, stack(0x00000000542d0000,0x00000000543d0000)]
  0x0000000023ddb000 JavaThread "pool-4-thread-218" [_thread_blocked, id=9332, stack(0x00000000541d0000,0x00000000542d0000)]
  0x0000000023dd2800 JavaThread "pool-4-thread-217" [_thread_blocked, id=6860, stack(0x00000000540d0000,0x00000000541d0000)]
  0x0000000023dd5800 JavaThread "pool-4-thread-216" [_thread_blocked, id=12876, stack(0x0000000053fd0000,0x00000000540d0000)]
  0x0000000023dd9800 JavaThread "pool-4-thread-215" [_thread_blocked, id=1940, stack(0x0000000053ed0000,0x0000000053fd0000)]
  0x0000000023dd8000 JavaThread "pool-4-thread-214" [_thread_blocked, id=8024, stack(0x0000000053dd0000,0x0000000053ed0000)]
  0x0000000023dd7000 JavaThread "pool-4-thread-213" [_thread_blocked, id=9556, stack(0x0000000053cd0000,0x0000000053dd0000)]
  0x000000001b67f000 JavaThread "pool-4-thread-212" [_thread_blocked, id=4724, stack(0x0000000053bd0000,0x0000000053cd0000)]
  0x000000001b686000 JavaThread "pool-4-thread-211" [_thread_blocked, id=7740, stack(0x0000000053ad0000,0x0000000053bd0000)]
  0x000000001b67e800 JavaThread "pool-4-thread-210" [_thread_blocked, id=1284, stack(0x00000000539d0000,0x0000000053ad0000)]
  0x000000001b685000 JavaThread "pool-4-thread-209" [_thread_blocked, id=9856, stack(0x00000000538d0000,0x00000000539d0000)]
  0x000000001b684800 JavaThread "pool-4-thread-208" [_thread_blocked, id=9360, stack(0x00000000537d0000,0x00000000538d0000)]
  0x000000001b67d000 JavaThread "pool-4-thread-207" [_thread_blocked, id=11032, stack(0x00000000536d0000,0x00000000537d0000)]
  0x000000001b683800 JavaThread "pool-4-thread-206" [_thread_blocked, id=11848, stack(0x00000000535d0000,0x00000000536d0000)]
  0x000000001b683000 JavaThread "pool-4-thread-205" [_thread_blocked, id=1028, stack(0x00000000534d0000,0x00000000535d0000)]
  0x000000001b679000 JavaThread "pool-4-thread-204" [_thread_blocked, id=12100, stack(0x00000000533d0000,0x00000000534d0000)]
  0x000000001b67d800 JavaThread "pool-4-thread-203" [_thread_blocked, id=12164, stack(0x00000000532d0000,0x00000000533d0000)]
  0x000000001b678000 JavaThread "pool-4-thread-202" [_thread_blocked, id=2764, stack(0x00000000531d0000,0x00000000532d0000)]
  0x000000001b67c000 JavaThread "pool-4-thread-201" [_thread_blocked, id=8988, stack(0x00000000530d0000,0x00000000531d0000)]
  0x000000001b677800 JavaThread "pool-4-thread-200" [_thread_blocked, id=8720, stack(0x0000000052fd0000,0x00000000530d0000)]
  0x000000001b676800 JavaThread "pool-4-thread-199" [_thread_blocked, id=480, stack(0x0000000052ed0000,0x0000000052fd0000)]
  0x000000001b67a000 JavaThread "pool-4-thread-198" [_thread_blocked, id=3984, stack(0x0000000052dd0000,0x0000000052ed0000)]
  0x0000000023b7b800 JavaThread "pool-4-thread-197" [_thread_blocked, id=1640, stack(0x0000000052cd0000,0x0000000052dd0000)]
  0x0000000023b7a800 JavaThread "pool-4-thread-196" [_thread_blocked, id=11772, stack(0x0000000052bd0000,0x0000000052cd0000)]
  0x0000000023b7a000 JavaThread "pool-4-thread-195" [_thread_blocked, id=8468, stack(0x0000000052ad0000,0x0000000052bd0000)]
  0x0000000023b79000 JavaThread "pool-4-thread-194" [_thread_blocked, id=7212, stack(0x00000000529d0000,0x0000000052ad0000)]
  0x0000000023b71800 JavaThread "pool-4-thread-193" [_thread_blocked, id=9972, stack(0x00000000528d0000,0x00000000529d0000)]
  0x0000000023b78800 JavaThread "pool-4-thread-192" [_thread_blocked, id=9396, stack(0x00000000527d0000,0x00000000528d0000)]
  0x0000000023b70000 JavaThread "pool-4-thread-191" [_thread_blocked, id=5564, stack(0x00000000526d0000,0x00000000527d0000)]
  0x0000000023b77000 JavaThread "pool-4-thread-190" [_thread_blocked, id=5540, stack(0x00000000525d0000,0x00000000526d0000)]
  0x0000000023b76000 JavaThread "pool-4-thread-189" [_thread_blocked, id=11476, stack(0x00000000524d0000,0x00000000525d0000)]
  0x0000000023b75800 JavaThread "pool-4-thread-188" [_thread_blocked, id=6996, stack(0x00000000523d0000,0x00000000524d0000)]
  0x0000000023b6e000 JavaThread "pool-4-thread-187" [_thread_blocked, id=8868, stack(0x00000000522d0000,0x00000000523d0000)]
  0x0000000023b73000 JavaThread "pool-4-thread-186" [_thread_blocked, id=552, stack(0x00000000521d0000,0x00000000522d0000)]
  0x0000000023b71000 JavaThread "pool-4-thread-185" [_thread_blocked, id=4868, stack(0x00000000520d0000,0x00000000521d0000)]
  0x0000000023b74800 JavaThread "pool-4-thread-184" [_thread_blocked, id=12596, stack(0x0000000051fd0000,0x00000000520d0000)]
  0x0000000023b72800 JavaThread "pool-4-thread-183" [_thread_blocked, id=11196, stack(0x0000000051ed0000,0x0000000051fd0000)]
  0x00000000239c5000 JavaThread "pool-4-thread-182" [_thread_blocked, id=3568, stack(0x0000000051dd0000,0x0000000051ed0000)]
  0x00000000239bf000 JavaThread "pool-4-thread-181" [_thread_blocked, id=11960, stack(0x0000000051cd0000,0x0000000051dd0000)]
  0x00000000239be800 JavaThread "pool-4-thread-180" [_thread_blocked, id=5980, stack(0x0000000051bd0000,0x0000000051cd0000)]
  0x00000000239c4800 JavaThread "pool-4-thread-179" [_thread_blocked, id=9456, stack(0x0000000051ad0000,0x0000000051bd0000)]
  0x00000000239c3800 JavaThread "pool-4-thread-178" [_thread_blocked, id=11448, stack(0x00000000519d0000,0x0000000051ad0000)]
  0x00000000239c3000 JavaThread "pool-4-thread-177" [_thread_blocked, id=10356, stack(0x00000000518d0000,0x00000000519d0000)]
  0x00000000239c2000 JavaThread "pool-4-thread-176" [_thread_blocked, id=10160, stack(0x00000000517d0000,0x00000000518d0000)]
  0x00000000239c1800 JavaThread "pool-4-thread-175" [_thread_blocked, id=7744, stack(0x00000000516d0000,0x00000000517d0000)]
  0x00000000239c0000 JavaThread "pool-4-thread-174" [_thread_blocked, id=10524, stack(0x00000000515d0000,0x00000000516d0000)]
  0x00000000239ba800 JavaThread "pool-4-thread-173" [_thread_blocked, id=11020, stack(0x00000000514d0000,0x00000000515d0000)]
  0x00000000239b6000 JavaThread "pool-4-thread-172" [_thread_blocked, id=5776, stack(0x00000000513d0000,0x00000000514d0000)]
  0x00000000239bd000 JavaThread "pool-4-thread-171" [_thread_blocked, id=7224, stack(0x00000000512d0000,0x00000000513d0000)]
  0x00000000239ba000 JavaThread "pool-4-thread-170" [_thread_blocked, id=2888, stack(0x00000000511d0000,0x00000000512d0000)]
  0x00000000239b8800 JavaThread "pool-4-thread-169" [_thread_blocked, id=6892, stack(0x00000000510d0000,0x00000000511d0000)]
  0x00000000239bc000 JavaThread "pool-4-thread-168" [_thread_blocked, id=12900, stack(0x0000000050fd0000,0x00000000510d0000)]
  0x00000000239b9000 JavaThread "pool-4-thread-167" [_thread_blocked, id=9772, stack(0x0000000050ed0000,0x0000000050fd0000)]
  0x00000000239bb800 JavaThread "pool-4-thread-166" [_thread_blocked, id=6668, stack(0x0000000050dd0000,0x0000000050ed0000)]
  0x000000001c54f000 JavaThread "pool-4-thread-165" [_thread_blocked, id=2660, stack(0x0000000050cd0000,0x0000000050dd0000)]
  0x000000001c554000 JavaThread "pool-4-thread-164" [_thread_blocked, id=7476, stack(0x0000000050bd0000,0x0000000050cd0000)]
  0x000000001c553000 JavaThread "pool-4-thread-163" [_thread_blocked, id=12704, stack(0x0000000050ad0000,0x0000000050bd0000)]
  0x000000001c552000 JavaThread "pool-4-thread-162" [_thread_blocked, id=10844, stack(0x00000000509d0000,0x0000000050ad0000)]
  0x000000001c556000 JavaThread "pool-4-thread-161" [_thread_blocked, id=8472, stack(0x00000000508d0000,0x00000000509d0000)]
  0x000000001c555800 JavaThread "pool-4-thread-160" [_thread_blocked, id=12924, stack(0x00000000507d0000,0x00000000508d0000)]
  0x000000001c554800 JavaThread "pool-4-thread-159" [_thread_blocked, id=2936, stack(0x00000000506d0000,0x00000000507d0000)]
  0x000000001c550800 JavaThread "pool-4-thread-158" [_thread_blocked, id=3296, stack(0x00000000505d0000,0x00000000506d0000)]
  0x000000001c547800 JavaThread "pool-4-thread-157" [_thread_blocked, id=8992, stack(0x00000000504d0000,0x00000000505d0000)]
  0x000000001c54e800 JavaThread "pool-4-thread-156" [_thread_blocked, id=7452, stack(0x00000000503d0000,0x00000000504d0000)]
  0x000000001c54d800 JavaThread "pool-4-thread-155" [_thread_blocked, id=10124, stack(0x00000000502d0000,0x00000000503d0000)]
  0x000000001c54d000 JavaThread "pool-4-thread-154" [_thread_blocked, id=11152, stack(0x00000000501d0000,0x00000000502d0000)]
  0x000000001c548800 JavaThread "pool-4-thread-153" [_thread_blocked, id=4484, stack(0x00000000500d0000,0x00000000501d0000)]
  0x000000001c54c000 JavaThread "pool-4-thread-152" [_thread_blocked, id=12436, stack(0x000000004ffd0000,0x00000000500d0000)]
  0x000000001c54b800 JavaThread "pool-4-thread-151" [_thread_blocked, id=9144, stack(0x000000004fed0000,0x000000004ffd0000)]
  0x000000001c54a800 JavaThread "pool-4-thread-150" [_thread_blocked, id=1124, stack(0x000000004fdd0000,0x000000004fed0000)]
  0x000000001c549000 JavaThread "pool-4-thread-149" [_thread_blocked, id=13212, stack(0x000000004fcd0000,0x000000004fdd0000)]
  0x000000001c547000 JavaThread "pool-4-thread-148" [_thread_blocked, id=3016, stack(0x000000004fbd0000,0x000000004fcd0000)]
  0x00000000238ee800 JavaThread "pool-4-thread-147" [_thread_blocked, id=3536, stack(0x000000004fad0000,0x000000004fbd0000)]
  0x00000000238ed000 JavaThread "pool-4-thread-146" [_thread_blocked, id=12208, stack(0x000000004f9d0000,0x000000004fad0000)]
  0x00000000238ed800 JavaThread "pool-4-thread-145" [_thread_blocked, id=13116, stack(0x000000004f8d0000,0x000000004f9d0000)]
  0x00000000238eb800 JavaThread "pool-4-thread-144" [_thread_blocked, id=1136, stack(0x000000004f7d0000,0x000000004f8d0000)]
  0x00000000238ea800 JavaThread "pool-4-thread-143" [_thread_blocked, id=604, stack(0x000000004f6d0000,0x000000004f7d0000)]
  0x00000000238ec000 JavaThread "pool-4-thread-142" [_thread_blocked, id=8000, stack(0x000000004f5d0000,0x000000004f6d0000)]
  0x00000000238ea000 JavaThread "pool-4-thread-141" [_thread_blocked, id=10544, stack(0x000000004f4d0000,0x000000004f5d0000)]
  0x00000000238e9000 JavaThread "pool-4-thread-140" [_thread_blocked, id=1052, stack(0x000000004f3d0000,0x000000004f4d0000)]
  0x00000000238e1000 JavaThread "pool-4-thread-139" [_thread_blocked, id=12156, stack(0x000000004f2d0000,0x000000004f3d0000)]
  0x00000000238e7800 JavaThread "pool-4-thread-138" [_thread_blocked, id=9596, stack(0x000000004f1d0000,0x000000004f2d0000)]
  0x00000000238e0000 JavaThread "pool-4-thread-137" [_thread_blocked, id=8532, stack(0x000000004f0d0000,0x000000004f1d0000)]
  0x00000000238e7000 JavaThread "pool-4-thread-136" [_thread_blocked, id=6156, stack(0x000000004efd0000,0x000000004f0d0000)]
  0x00000000238df800 JavaThread "pool-4-thread-135" [_thread_blocked, id=3216, stack(0x000000004eed0000,0x000000004efd0000)]
  0x00000000238e4800 JavaThread "pool-4-thread-134" [_thread_blocked, id=10904, stack(0x000000004edd0000,0x000000004eed0000)]
  0x00000000238e4000 JavaThread "pool-4-thread-133" [_thread_blocked, id=2528, stack(0x000000004ecd0000,0x000000004edd0000)]
  0x00000000238e5800 JavaThread "pool-4-thread-132" [_thread_blocked, id=984, stack(0x000000004ebd0000,0x000000004ecd0000)]
  0x00000000238e3000 JavaThread "pool-4-thread-131" [_thread_blocked, id=10068, stack(0x000000004ead0000,0x000000004ebd0000)]
  0x00000000238e2800 JavaThread "pool-4-thread-130" [_thread_blocked, id=7020, stack(0x000000004e9d0000,0x000000004ead0000)]
  0x00000000238e1800 JavaThread "pool-4-thread-129" [_thread_blocked, id=10304, stack(0x000000004e8d0000,0x000000004e9d0000)]
  0x0000000023862800 JavaThread "pool-4-thread-128" [_thread_blocked, id=7360, stack(0x000000004e7d0000,0x000000004e8d0000)]
  0x0000000023864800 JavaThread "pool-4-thread-127" [_thread_blocked, id=1504, stack(0x000000004e6d0000,0x000000004e7d0000)]
  0x0000000023865800 JavaThread "pool-4-thread-126" [_thread_blocked, id=9796, stack(0x000000004e5d0000,0x000000004e6d0000)]
  0x0000000023861800 JavaThread "pool-4-thread-125" [_thread_blocked, id=12184, stack(0x000000004e4d0000,0x000000004e5d0000)]
  0x0000000023859000 JavaThread "pool-4-thread-124" [_thread_blocked, id=7064, stack(0x000000004e3d0000,0x000000004e4d0000)]
  0x000000002385d800 JavaThread "pool-4-thread-123" [_thread_blocked, id=7892, stack(0x000000004e2d0000,0x000000004e3d0000)]
  0x000000002385b800 JavaThread "pool-4-thread-122" [_thread_blocked, id=7344, stack(0x000000004e1d0000,0x000000004e2d0000)]
  0x0000000023858800 JavaThread "pool-4-thread-121" [_thread_blocked, id=10652, stack(0x000000004e0d0000,0x000000004e1d0000)]
  0x000000002385e800 JavaThread "pool-4-thread-120" [_thread_blocked, id=12404, stack(0x000000004dfd0000,0x000000004e0d0000)]
  0x000000002385d000 JavaThread "pool-4-thread-119" [_thread_blocked, id=11200, stack(0x000000004ded0000,0x000000004dfd0000)]
  0x000000002385a800 JavaThread "pool-4-thread-118" [_thread_blocked, id=9608, stack(0x000000004ddd0000,0x000000004ded0000)]
  0x000000002385a000 JavaThread "pool-4-thread-117" [_thread_blocked, id=5324, stack(0x000000004dcd0000,0x000000004ddd0000)]
  0x0000000023851000 JavaThread "pool-4-thread-116" [_thread_blocked, id=5780, stack(0x000000004dbd0000,0x000000004dcd0000)]
  0x0000000023857800 JavaThread "pool-4-thread-115" [_thread_blocked, id=7572, stack(0x000000004dad0000,0x000000004dbd0000)]
  0x0000000023857000 JavaThread "pool-4-thread-114" [_thread_blocked, id=6060, stack(0x000000004d9d0000,0x000000004dad0000)]
  0x0000000023856000 JavaThread "pool-4-thread-113" [_thread_blocked, id=8676, stack(0x000000004d8d0000,0x000000004d9d0000)]
  0x0000000023855800 JavaThread "pool-4-thread-112" [_thread_blocked, id=12960, stack(0x000000004d7d0000,0x000000004d8d0000)]
  0x0000000023854800 JavaThread "pool-4-thread-111" [_thread_blocked, id=3040, stack(0x000000004d6d0000,0x000000004d7d0000)]
  0x0000000023853000 JavaThread "pool-4-thread-110" [_thread_blocked, id=12628, stack(0x000000004d5d0000,0x000000004d6d0000)]
  0x0000000023852800 JavaThread "pool-4-thread-109" [_thread_blocked, id=9916, stack(0x000000004d4d0000,0x000000004d5d0000)]
  0x0000000023eda800 JavaThread "pool-4-thread-108" [_thread_blocked, id=6376, stack(0x000000004d3d0000,0x000000004d4d0000)]
  0x0000000023ed7000 JavaThread "pool-4-thread-107" [_thread_blocked, id=3528, stack(0x000000004d2d0000,0x000000004d3d0000)]
  0x0000000023edc000 JavaThread "pool-4-thread-106" [_thread_blocked, id=8668, stack(0x000000004d1d0000,0x000000004d2d0000)]
  0x0000000023ed9000 JavaThread "pool-4-thread-105" [_thread_blocked, id=1220, stack(0x000000004d0d0000,0x000000004d1d0000)]
  0x0000000023edb800 JavaThread "pool-4-thread-104" [_thread_blocked, id=4292, stack(0x000000004cfd0000,0x000000004d0d0000)]
  0x0000000023ed8800 JavaThread "pool-4-thread-103" [_thread_blocked, id=6580, stack(0x000000004ced0000,0x000000004cfd0000)]
  0x0000000023ecf800 JavaThread "pool-4-thread-102" [_thread_blocked, id=12896, stack(0x000000004cdd0000,0x000000004ced0000)]
  0x0000000023ed6000 JavaThread "pool-4-thread-101" [_thread_blocked, id=5380, stack(0x000000004ccd0000,0x000000004cdd0000)]
  0x0000000023ece800 JavaThread "pool-4-thread-100" [_thread_blocked, id=12336, stack(0x000000004cbd0000,0x000000004ccd0000)]
  0x0000000023ed1800 JavaThread "pool-4-thread-99" [_thread_blocked, id=12992, stack(0x000000004cad0000,0x000000004cbd0000)]
  0x0000000023ed2800 JavaThread "pool-4-thread-98" [_thread_blocked, id=9936, stack(0x000000004c9d0000,0x000000004cad0000)]
  0x0000000023ed5800 JavaThread "pool-4-thread-97" [_thread_blocked, id=9920, stack(0x000000004c8d0000,0x000000004c9d0000)]
  0x0000000023ed4800 JavaThread "pool-4-thread-96" [_thread_blocked, id=12004, stack(0x000000004c7d0000,0x000000004c8d0000)]
  0x0000000023ed1000 JavaThread "pool-4-thread-95" [_thread_blocked, id=9836, stack(0x000000004c6d0000,0x000000004c7d0000)]
  0x0000000023ece000 JavaThread "pool-4-thread-94" [_thread_blocked, id=6700, stack(0x000000004c5d0000,0x000000004c6d0000)]
  0x0000000023ed4000 JavaThread "pool-4-thread-93" [_thread_blocked, id=7948, stack(0x000000004c4d0000,0x000000004c5d0000)]
  0x0000000023ed3000 JavaThread "pool-4-thread-92" [_thread_blocked, id=12912, stack(0x000000004c3d0000,0x000000004c4d0000)]
  0x0000000023ec6000 JavaThread "pool-4-thread-91" [_thread_blocked, id=12588, stack(0x000000004c2d0000,0x000000004c3d0000)]
  0x0000000023eca000 JavaThread "pool-4-thread-90" [_thread_blocked, id=12584, stack(0x000000004c1d0000,0x000000004c2d0000)]
  0x0000000023ecd000 JavaThread "pool-4-thread-89" [_thread_blocked, id=12424, stack(0x000000004c0d0000,0x000000004c1d0000)]
  0x0000000023ec8800 JavaThread "pool-4-thread-88" [_thread_blocked, id=12784, stack(0x000000004bfd0000,0x000000004c0d0000)]
  0x0000000023ecc000 JavaThread "pool-4-thread-87" [_thread_blocked, id=5396, stack(0x000000004bed0000,0x000000004bfd0000)]
  0x0000000023ec5800 JavaThread "pool-4-thread-86" [_thread_blocked, id=12420, stack(0x000000004bdd0000,0x000000004bed0000)]
  0x0000000023ec4800 JavaThread "pool-4-thread-85" [_thread_blocked, id=2000, stack(0x000000004bcd0000,0x000000004bdd0000)]
  0x0000000023ebd000 JavaThread "pool-4-thread-84" [_thread_blocked, id=3188, stack(0x000000004bbd0000,0x000000004bcd0000)]
  0x0000000023ebf800 JavaThread "pool-4-thread-83" [_thread_blocked, id=8632, stack(0x000000004bad0000,0x000000004bbd0000)]
  0x0000000023ec1000 JavaThread "pool-4-thread-82" [_thread_blocked, id=9516, stack(0x000000004b9d0000,0x000000004bad0000)]
  0x0000000023d9f800 JavaThread "pool-4-thread-81" [_thread_blocked, id=1544, stack(0x000000004b8d0000,0x000000004b9d0000)]
  0x0000000023da5000 JavaThread "pool-4-thread-80" [_thread_blocked, id=1332, stack(0x000000004b7d0000,0x000000004b8d0000)]
  0x0000000023da3800 JavaThread "pool-4-thread-79" [_thread_blocked, id=11272, stack(0x000000004b6d0000,0x000000004b7d0000)]
  0x0000000023da2000 JavaThread "pool-4-thread-78" [_thread_blocked, id=13264, stack(0x000000004b5d0000,0x000000004b6d0000)]
  0x0000000023da2800 JavaThread "pool-4-thread-77" [_thread_blocked, id=5212, stack(0x000000004b4d0000,0x000000004b5d0000)]
  0x0000000023da4000 JavaThread "pool-4-thread-76" [_thread_blocked, id=7988, stack(0x000000004b3d0000,0x000000004b4d0000)]
  0x0000000023da5800 JavaThread "pool-4-thread-75" [_thread_blocked, id=6196, stack(0x000000004b2d0000,0x000000004b3d0000)]
  0x0000000023da1000 JavaThread "pool-4-thread-74" [_thread_blocked, id=6968, stack(0x000000004b1d0000,0x000000004b2d0000)]
  0x0000000023da0800 JavaThread "pool-4-thread-73" [_thread_blocked, id=9668, stack(0x000000004b0d0000,0x000000004b1d0000)]
  0x0000000023d98000 JavaThread "pool-4-thread-72" [_thread_blocked, id=3336, stack(0x000000004afd0000,0x000000004b0d0000)]
  0x0000000023d9f000 JavaThread "pool-4-thread-71" [_thread_blocked, id=8708, stack(0x000000004aed0000,0x000000004afd0000)]
  0x0000000023d97800 JavaThread "pool-4-thread-70" [_thread_blocked, id=7924, stack(0x000000004add0000,0x000000004aed0000)]
  0x0000000023d9d800 JavaThread "pool-4-thread-69" [_thread_blocked, id=12048, stack(0x000000004acd0000,0x000000004add0000)]
  0x0000000023d99800 JavaThread "pool-4-thread-68" [_thread_blocked, id=9404, stack(0x000000004abd0000,0x000000004acd0000)]
  0x0000000023d9b000 JavaThread "pool-4-thread-67" [_thread_blocked, id=10260, stack(0x000000004aad0000,0x000000004abd0000)]
  0x0000000023d99000 JavaThread "pool-4-thread-66" [_thread_blocked, id=13228, stack(0x000000004a9d0000,0x000000004aad0000)]
  0x0000000023d9c800 JavaThread "pool-4-thread-65" [_thread_blocked, id=5740, stack(0x000000004a8d0000,0x000000004a9d0000)]
  0x0000000023d9e000 JavaThread "pool-4-thread-64" [_thread_blocked, id=7320, stack(0x000000004a7d0000,0x000000004a8d0000)]
  0x0000000023d9a800 JavaThread "pool-4-thread-63" [_thread_blocked, id=3564, stack(0x000000004a6d0000,0x000000004a7d0000)]
  0x0000000023d9c000 JavaThread "pool-4-thread-62" [_thread_blocked, id=6428, stack(0x000000004a5d0000,0x000000004a6d0000)]
  0x0000000023d90800 JavaThread "pool-4-thread-61" [_thread_blocked, id=10288, stack(0x000000004a4d0000,0x000000004a5d0000)]
  0x0000000023d96800 JavaThread "pool-4-thread-60" [_thread_blocked, id=6976, stack(0x000000004a3d0000,0x000000004a4d0000)]
  0x0000000023d90000 JavaThread "pool-4-thread-59" [_thread_blocked, id=8180, stack(0x000000004a2d0000,0x000000004a3d0000)]
  0x0000000023d96000 JavaThread "pool-4-thread-58" [_thread_blocked, id=108, stack(0x000000004a1d0000,0x000000004a2d0000)]
  0x0000000023d95000 JavaThread "pool-4-thread-57" [_thread_blocked, id=7124, stack(0x000000004a0d0000,0x000000004a1d0000)]
  0x0000000023d94800 JavaThread "pool-4-thread-56" [_thread_blocked, id=11004, stack(0x0000000049fd0000,0x000000004a0d0000)]
  0x0000000023d92000 JavaThread "pool-4-thread-55" [_thread_blocked, id=9316, stack(0x0000000049ed0000,0x0000000049fd0000)]
  0x0000000023d93800 JavaThread "pool-4-thread-54" [_thread_blocked, id=4400, stack(0x0000000049dd0000,0x0000000049ed0000)]
  0x0000000023d8c800 JavaThread "pool-4-thread-53" [_thread_blocked, id=6132, stack(0x0000000049cd0000,0x0000000049dd0000)]
  0x0000000023d91800 JavaThread "pool-4-thread-52" [_thread_blocked, id=11008, stack(0x0000000049bd0000,0x0000000049cd0000)]
  0x0000000023d8f000 JavaThread "pool-4-thread-51" [_thread_blocked, id=7800, stack(0x0000000049ad0000,0x0000000049bd0000)]
  0x0000000023d93000 JavaThread "pool-4-thread-50" [_thread_blocked, id=13204, stack(0x00000000499d0000,0x0000000049ad0000)]
  0x0000000023d87800 JavaThread "pool-4-thread-49" [_thread_blocked, id=3632, stack(0x00000000498d0000,0x00000000499d0000)]
  0x0000000023d8c000 JavaThread "pool-4-thread-48" [_thread_blocked, id=11952, stack(0x00000000497d0000,0x00000000498d0000)]
  0x0000000023d88000 JavaThread "pool-4-thread-47" [_thread_blocked, id=11832, stack(0x00000000496d0000,0x00000000497d0000)]
  0x0000000023d8e000 JavaThread "pool-4-thread-46" [_thread_blocked, id=8044, stack(0x00000000495d0000,0x00000000496d0000)]
  0x0000000023d8a800 JavaThread "pool-4-thread-45" [_thread_blocked, id=3324, stack(0x00000000494d0000,0x00000000495d0000)]
  0x0000000023d8d800 JavaThread "pool-4-thread-44" [_thread_blocked, id=13108, stack(0x00000000493d0000,0x00000000494d0000)]
  0x0000000023d89800 JavaThread "pool-4-thread-43" [_thread_blocked, id=892, stack(0x00000000492d0000,0x00000000493d0000)]
  0x0000000023d86800 JavaThread "pool-4-thread-42" [_thread_blocked, id=9860, stack(0x00000000491d0000,0x00000000492d0000)]
  0x0000000023d89000 JavaThread "pool-4-thread-41" [_thread_blocked, id=11560, stack(0x00000000490d0000,0x00000000491d0000)]
  0x0000000023d8b000 JavaThread "pool-4-thread-40" [_thread_blocked, id=10044, stack(0x0000000048fd0000,0x00000000490d0000)]
  0x0000000023d7f000 JavaThread "pool-4-thread-39" [_thread_blocked, id=13092, stack(0x0000000048ed0000,0x0000000048fd0000)]
  0x0000000023d86000 JavaThread "pool-4-thread-38" [_thread_blocked, id=11956, stack(0x0000000048dd0000,0x0000000048ed0000)]
  0x0000000023d81800 JavaThread "pool-4-thread-37" [_thread_blocked, id=3788, stack(0x0000000048cd0000,0x0000000048dd0000)]
  0x0000000023d85000 JavaThread "pool-4-thread-36" [_thread_blocked, id=5948, stack(0x0000000048bd0000,0x0000000048cd0000)]
  0x0000000023d83800 JavaThread "pool-4-thread-35" [_thread_blocked, id=9848, stack(0x0000000048ad0000,0x0000000048bd0000)]
  0x0000000023d83000 JavaThread "pool-4-thread-34" [_thread_blocked, id=6352, stack(0x00000000489d0000,0x0000000048ad0000)]
  0x0000000023d84800 JavaThread "pool-4-thread-33" [_thread_blocked, id=10984, stack(0x00000000488d0000,0x00000000489d0000)]
  0x0000000023d80800 JavaThread "pool-4-thread-32" [_thread_blocked, id=8060, stack(0x00000000487d0000,0x00000000488d0000)]
  0x0000000023d82000 JavaThread "pool-4-thread-31" [_thread_blocked, id=10592, stack(0x00000000486d0000,0x00000000487d0000)]
  0x0000000023d79000 JavaThread "pool-4-thread-30" [_thread_blocked, id=11648, stack(0x00000000485d0000,0x00000000486d0000)]
  0x0000000023d7e800 JavaThread "pool-4-thread-29" [_thread_blocked, id=1992, stack(0x00000000484d0000,0x00000000485d0000)]
  0x0000000023d80000 JavaThread "pool-4-thread-28" [_thread_blocked, id=10884, stack(0x00000000483d0000,0x00000000484d0000)]
  0x0000000023d77000 JavaThread "pool-4-thread-27" [_thread_blocked, id=4280, stack(0x00000000482d0000,0x00000000483d0000)]
  0x0000000023d7d800 JavaThread "pool-4-thread-26" [_thread_blocked, id=9736, stack(0x00000000481d0000,0x00000000482d0000)]
  0x0000000023d76000 JavaThread "pool-4-thread-25" [_thread_blocked, id=11188, stack(0x00000000480d0000,0x00000000481d0000)]
  0x0000000023d7c000 JavaThread "pool-4-thread-24" [_thread_blocked, id=8388, stack(0x0000000047fd0000,0x00000000480d0000)]
  0x0000000023d78800 JavaThread "pool-4-thread-23" [_thread_blocked, id=13268, stack(0x0000000047ed0000,0x0000000047fd0000)]
  0x0000000023d7d000 JavaThread "pool-4-thread-22" [_thread_blocked, id=6420, stack(0x0000000047dd0000,0x0000000047ed0000)]
  0x0000000023d77800 JavaThread "pool-4-thread-21" [_thread_blocked, id=11484, stack(0x0000000047cd0000,0x0000000047dd0000)]
  0x0000000023d7b800 JavaThread "pool-4-thread-20" [_thread_blocked, id=13120, stack(0x0000000047bd0000,0x0000000047cd0000)]
  0x0000000023d7a800 JavaThread "pool-4-thread-19" [_thread_blocked, id=13192, stack(0x0000000047ad0000,0x0000000047bd0000)]
  0x0000000023d7a000 JavaThread "pool-4-thread-18" [_thread_blocked, id=12552, stack(0x00000000479d0000,0x0000000047ad0000)]
  0x0000000023db1800 JavaThread "pool-4-thread-17" [_thread_blocked, id=10088, stack(0x00000000478d0000,0x00000000479d0000)]
  0x0000000023db1000 JavaThread "pool-4-thread-16" [_thread_blocked, id=11636, stack(0x00000000477d0000,0x00000000478d0000)]
  0x0000000023db0000 JavaThread "pool-4-thread-15" [_thread_blocked, id=12244, stack(0x00000000476d0000,0x00000000477d0000)]
  0x0000000023db3000 JavaThread "pool-4-thread-14" [_thread_blocked, id=1872, stack(0x00000000475d0000,0x00000000476d0000)]
  0x0000000023db4000 JavaThread "pool-4-thread-13" [_thread_blocked, id=13224, stack(0x00000000474d0000,0x00000000475d0000)]
  0x0000000023db2800 JavaThread "pool-4-thread-12" [_thread_blocked, id=11364, stack(0x00000000473d0000,0x00000000474d0000)]
  0x0000000023db4800 JavaThread "pool-4-thread-11" [_thread_blocked, id=12800, stack(0x00000000472d0000,0x00000000473d0000)]
  0x0000000023daf800 JavaThread "pool-4-thread-10" [_thread_blocked, id=10932, stack(0x00000000471d0000,0x00000000472d0000)]
  0x0000000023db5800 JavaThread "pool-4-thread-9" [_thread_blocked, id=9744, stack(0x00000000470d0000,0x00000000471d0000)]
  0x0000000023da8000 JavaThread "pool-4-thread-8" [_thread_blocked, id=12808, stack(0x0000000046fd0000,0x00000000470d0000)]
  0x0000000023dae800 JavaThread "pool-4-thread-7" [_thread_blocked, id=2088, stack(0x0000000046ed0000,0x0000000046fd0000)]
  0x0000000023da7000 JavaThread "pool-4-thread-6" [_thread_blocked, id=4332, stack(0x0000000046dd0000,0x0000000046ed0000)]
  0x0000000023dae000 JavaThread "pool-4-thread-5" [_thread_blocked, id=7824, stack(0x0000000046cd0000,0x0000000046dd0000)]
  0x0000000023daa000 JavaThread "pool-4-thread-4" [_thread_blocked, id=5644, stack(0x0000000046bd0000,0x0000000046cd0000)]
  0x0000000023da6800 JavaThread "pool-4-thread-3" [_thread_blocked, id=6052, stack(0x0000000046ad0000,0x0000000046bd0000)]
  0x0000000023dad000 JavaThread "pool-4-thread-2" [_thread_blocked, id=6992, stack(0x00000000469d0000,0x0000000046ad0000)]
  0x0000000023da9800 JavaThread "pool-4-thread-1" [_thread_blocked, id=6468, stack(0x00000000468d0000,0x00000000469d0000)]
  0x0000000023dac800 JavaThread "Thread-511" [_thread_in_native, id=6096, stack(0x00000000467d0000,0x00000000468d0000)]
  0x0000000023dab800 JavaThread "pool-2-thread-253" [_thread_blocked, id=7060, stack(0x0000000045700000,0x0000000045800000)]
  0x0000000023dab000 JavaThread "pool-2-thread-252" [_thread_blocked, id=11808, stack(0x0000000045600000,0x0000000045700000)]
  0x0000000023da8800 JavaThread "pool-2-thread-251" [_thread_blocked, id=3416, stack(0x0000000045500000,0x0000000045600000)]
  0x0000000023202000 JavaThread "pool-2-thread-250" [_thread_blocked, id=5100, stack(0x0000000045400000,0x0000000045500000)]
  0x0000000023201000 JavaThread "pool-2-thread-249" [_thread_blocked, id=12680, stack(0x0000000045300000,0x0000000045400000)]
  0x0000000023200800 JavaThread "pool-2-thread-248" [_thread_blocked, id=5852, stack(0x0000000045200000,0x0000000045300000)]
  0x00000000231ff800 JavaThread "pool-2-thread-247" [_thread_blocked, id=8748, stack(0x0000000045100000,0x0000000045200000)]
  0x00000000231ff000 JavaThread "pool-2-thread-246" [_thread_blocked, id=7752, stack(0x0000000045000000,0x0000000045100000)]
  0x00000000231fe000 JavaThread "pool-2-thread-245" [_thread_blocked, id=3748, stack(0x0000000044f00000,0x0000000045000000)]
  0x00000000231f7800 JavaThread "pool-2-thread-244" [_thread_blocked, id=9816, stack(0x0000000044e00000,0x0000000044f00000)]
  0x00000000231f6800 JavaThread "pool-2-thread-243" [_thread_blocked, id=5888, stack(0x0000000044d00000,0x0000000044e00000)]
  0x00000000231fd800 JavaThread "pool-2-thread-242" [_thread_blocked, id=11280, stack(0x0000000044c00000,0x0000000044d00000)]
  0x00000000231f6000 JavaThread "pool-2-thread-241" [_thread_blocked, id=4136, stack(0x0000000044b00000,0x0000000044c00000)]
  0x00000000231f9800 JavaThread "pool-2-thread-240" [_thread_blocked, id=11664, stack(0x0000000044a00000,0x0000000044b00000)]
  0x00000000231fc800 JavaThread "pool-2-thread-239" [_thread_blocked, id=1140, stack(0x0000000044900000,0x0000000044a00000)]
  0x00000000231fc000 JavaThread "pool-2-thread-238" [_thread_blocked, id=8732, stack(0x0000000044800000,0x0000000044900000)]
  0x00000000231f9000 JavaThread "pool-2-thread-237" [_thread_blocked, id=13300, stack(0x0000000044700000,0x0000000044800000)]
  0x00000000231fa800 JavaThread "pool-2-thread-236" [_thread_blocked, id=4208, stack(0x0000000044600000,0x0000000044700000)]
  0x00000000231fb000 JavaThread "pool-2-thread-235" [_thread_blocked, id=12024, stack(0x0000000044500000,0x0000000044600000)]
  0x00000000231f3800 JavaThread "pool-2-thread-234" [_thread_blocked, id=12408, stack(0x0000000044400000,0x0000000044500000)]
  0x00000000231f8000 JavaThread "pool-2-thread-233" [_thread_blocked, id=7488, stack(0x0000000044300000,0x0000000044400000)]
  0x00000000231f5000 JavaThread "pool-2-thread-232" [_thread_blocked, id=9768, stack(0x0000000044200000,0x0000000044300000)]
  0x00000000231f4000 JavaThread "pool-2-thread-231" [_thread_blocked, id=8960, stack(0x0000000044100000,0x0000000044200000)]
  0x00000000231f2800 JavaThread "pool-2-thread-230" [_thread_blocked, id=7424, stack(0x0000000044000000,0x0000000044100000)]
  0x00000000231f1000 JavaThread "pool-2-thread-229" [_thread_blocked, id=13136, stack(0x0000000043f00000,0x0000000044000000)]
  0x00000000231f0800 JavaThread "pool-2-thread-228" [_thread_blocked, id=7992, stack(0x0000000043e00000,0x0000000043f00000)]
  0x00000000231f2000 JavaThread "pool-2-thread-227" [_thread_blocked, id=5352, stack(0x0000000043d00000,0x0000000043e00000)]
  0x00000000231e9000 JavaThread "pool-2-thread-226" [_thread_blocked, id=13024, stack(0x0000000043c00000,0x0000000043d00000)]
  0x00000000231e9800 JavaThread "pool-2-thread-225" [_thread_blocked, id=11328, stack(0x0000000043b00000,0x0000000043c00000)]
  0x00000000231eb000 JavaThread "pool-2-thread-224" [_thread_blocked, id=9504, stack(0x0000000043a00000,0x0000000043b00000)]
  0x00000000231ea800 JavaThread "pool-2-thread-223" [_thread_blocked, id=212, stack(0x0000000043900000,0x0000000043a00000)]
  0x00000000231ef800 JavaThread "pool-2-thread-222" [_thread_blocked, id=12328, stack(0x0000000043800000,0x0000000043900000)]
  0x00000000231e8000 JavaThread "pool-2-thread-221" [_thread_blocked, id=32, stack(0x0000000043700000,0x0000000043800000)]
  0x00000000231ef000 JavaThread "pool-2-thread-220" [_thread_blocked, id=6504, stack(0x0000000043600000,0x0000000043700000)]
  0x00000000231ed800 JavaThread "pool-2-thread-219" [_thread_blocked, id=6716, stack(0x0000000043500000,0x0000000043600000)]
  0x00000000231e7800 JavaThread "pool-2-thread-218" [_thread_blocked, id=6128, stack(0x0000000043400000,0x0000000043500000)]
  0x00000000231ec800 JavaThread "pool-2-thread-217" [_thread_blocked, id=8644, stack(0x0000000043300000,0x0000000043400000)]
  0x00000000231ee000 JavaThread "pool-2-thread-216" [_thread_blocked, id=5420, stack(0x0000000043200000,0x0000000043300000)]
  0x00000000231ec000 JavaThread "pool-2-thread-215" [_thread_blocked, id=6424, stack(0x0000000043100000,0x0000000043200000)]
  0x00000000231e0000 JavaThread "pool-2-thread-214" [_thread_blocked, id=8756, stack(0x0000000043000000,0x0000000043100000)]
  0x00000000231e6000 JavaThread "pool-2-thread-213" [_thread_blocked, id=1628, stack(0x0000000042f00000,0x0000000043000000)]
  0x00000000231e6800 JavaThread "pool-2-thread-212" [_thread_blocked, id=888, stack(0x0000000042e00000,0x0000000042f00000)]
  0x00000000231de800 JavaThread "pool-2-thread-211" [_thread_blocked, id=10936, stack(0x0000000042d00000,0x0000000042e00000)]
  0x00000000231e5000 JavaThread "pool-2-thread-210" [_thread_blocked, id=13080, stack(0x0000000042c00000,0x0000000042d00000)]
  0x00000000231dd800 JavaThread "pool-2-thread-209" [_thread_blocked, id=8116, stack(0x0000000042b00000,0x0000000042c00000)]
  0x00000000231e4800 JavaThread "pool-2-thread-208" [_thread_blocked, id=4360, stack(0x0000000042a00000,0x0000000042b00000)]
  0x00000000231e1800 JavaThread "pool-2-thread-207" [_thread_blocked, id=13008, stack(0x0000000042900000,0x0000000042a00000)]
  0x00000000231e3800 JavaThread "pool-2-thread-206" [_thread_blocked, id=820, stack(0x0000000042800000,0x0000000042900000)]
  0x00000000231e3000 JavaThread "pool-2-thread-205" [_thread_blocked, id=188, stack(0x0000000042700000,0x0000000042800000)]
  0x00000000231df000 JavaThread "pool-2-thread-204" [_thread_blocked, id=7580, stack(0x0000000042600000,0x0000000042700000)]
  0x00000000231e0800 JavaThread "pool-2-thread-203" [_thread_blocked, id=1100, stack(0x0000000042500000,0x0000000042600000)]
  0x00000000231e2000 JavaThread "pool-2-thread-202" [_thread_blocked, id=9292, stack(0x0000000042400000,0x0000000042500000)]
  0x00000000231d6000 JavaThread "pool-2-thread-201" [_thread_blocked, id=7376, stack(0x0000000042300000,0x0000000042400000)]
  0x00000000231d8800 JavaThread "pool-2-thread-200" [_thread_blocked, id=12796, stack(0x0000000042200000,0x0000000042300000)]
  0x00000000231dd000 JavaThread "pool-2-thread-199" [_thread_blocked, id=5132, stack(0x0000000042100000,0x0000000042200000)]
  0x00000000231d7000 JavaThread "pool-2-thread-198" [_thread_blocked, id=10352, stack(0x0000000042000000,0x0000000042100000)]
  0x00000000231d9000 JavaThread "pool-2-thread-197" [_thread_blocked, id=8880, stack(0x0000000041f00000,0x0000000042000000)]
  0x00000000231d7800 JavaThread "pool-2-thread-196" [_thread_blocked, id=8220, stack(0x0000000041e00000,0x0000000041f00000)]
  0x00000000231db800 JavaThread "pool-2-thread-195" [_thread_blocked, id=12180, stack(0x0000000041d00000,0x0000000041e00000)]
  0x00000000231da800 JavaThread "pool-2-thread-194" [_thread_blocked, id=10488, stack(0x0000000041c00000,0x0000000041d00000)]
  0x00000000231da000 JavaThread "pool-2-thread-193" [_thread_blocked, id=2472, stack(0x0000000041b00000,0x0000000041c00000)]
  0x00000000231dc000 JavaThread "pool-2-thread-192" [_thread_blocked, id=9944, stack(0x0000000041a00000,0x0000000041b00000)]
  0x00000000231d5800 JavaThread "pool-2-thread-191" [_thread_blocked, id=12128, stack(0x0000000041900000,0x0000000041a00000)]
  0x00000000231ce000 JavaThread "pool-2-thread-190" [_thread_blocked, id=1068, stack(0x0000000041800000,0x0000000041900000)]
  0x00000000231d4800 JavaThread "pool-2-thread-189" [_thread_blocked, id=8952, stack(0x0000000041700000,0x0000000041800000)]
  0x00000000231d4000 JavaThread "pool-2-thread-188" [_thread_blocked, id=5500, stack(0x0000000041600000,0x0000000041700000)]
  0x00000000231cf800 JavaThread "pool-2-thread-187" [_thread_blocked, id=10988, stack(0x0000000041500000,0x0000000041600000)]
  0x00000000231d1800 JavaThread "pool-2-thread-186" [_thread_blocked, id=11964, stack(0x0000000041400000,0x0000000041500000)]
  0x00000000231cd000 JavaThread "pool-2-thread-185" [_thread_blocked, id=6552, stack(0x0000000041300000,0x0000000041400000)]
  0x00000000231d1000 JavaThread "pool-2-thread-184" [_thread_blocked, id=3856, stack(0x0000000041200000,0x0000000041300000)]
  0x00000000231d2800 JavaThread "pool-2-thread-183" [_thread_blocked, id=6436, stack(0x0000000041100000,0x0000000041200000)]
  0x00000000231d0000 JavaThread "pool-2-thread-182" [_thread_blocked, id=7456, stack(0x0000000041000000,0x0000000041100000)]
  0x00000000231ce800 JavaThread "pool-2-thread-181" [_thread_blocked, id=12872, stack(0x0000000040f00000,0x0000000041000000)]
  0x00000000231d3000 JavaThread "pool-2-thread-180" [_thread_blocked, id=9448, stack(0x0000000040e00000,0x0000000040f00000)]
  0x00000000231c7000 JavaThread "pool-2-thread-179" [_thread_blocked, id=1148, stack(0x0000000040d00000,0x0000000040e00000)]
  0x00000000231c5800 JavaThread "pool-2-thread-178" [_thread_blocked, id=2144, stack(0x0000000040c00000,0x0000000040d00000)]
  0x00000000231cc800 JavaThread "pool-2-thread-177" [_thread_blocked, id=3980, stack(0x0000000040b00000,0x0000000040c00000)]
  0x00000000231c4800 JavaThread "pool-2-thread-176" [_thread_blocked, id=7028, stack(0x0000000040a00000,0x0000000040b00000)]
  0x00000000231cb800 JavaThread "pool-2-thread-175" [_thread_blocked, id=8912, stack(0x0000000040900000,0x0000000040a00000)]
  0x00000000231c6800 JavaThread "pool-2-thread-174" [_thread_blocked, id=12456, stack(0x0000000040800000,0x0000000040900000)]
  0x00000000231c4000 JavaThread "pool-2-thread-173" [_thread_blocked, id=3488, stack(0x0000000040700000,0x0000000040800000)]
  0x00000000231cb000 JavaThread "pool-2-thread-172" [_thread_blocked, id=7112, stack(0x0000000040600000,0x0000000040700000)]
  0x00000000231c3000 JavaThread "pool-2-thread-171" [_thread_blocked, id=12000, stack(0x0000000040500000,0x0000000040600000)]
  0x00000000231c8800 JavaThread "pool-2-thread-170" [_thread_blocked, id=11176, stack(0x0000000040400000,0x0000000040500000)]
  0x00000000231c8000 JavaThread "pool-2-thread-169" [_thread_blocked, id=10228, stack(0x0000000040300000,0x0000000040400000)]
  0x00000000231ca000 JavaThread "pool-2-thread-168" [_thread_blocked, id=11752, stack(0x0000000040200000,0x0000000040300000)]
  0x00000000231c9800 JavaThread "pool-2-thread-167" [_thread_blocked, id=1228, stack(0x0000000040100000,0x0000000040200000)]
  0x000000001c4ac800 JavaThread "pool-2-thread-166" [_thread_blocked, id=6872, stack(0x0000000040000000,0x0000000040100000)]
  0x000000001c4a5000 JavaThread "pool-2-thread-165" [_thread_blocked, id=3012, stack(0x000000003ff00000,0x0000000040000000)]
  0x000000001c4ac000 JavaThread "pool-2-thread-164" [_thread_blocked, id=10016, stack(0x000000003fe00000,0x000000003ff00000)]
  0x000000001c4a4800 JavaThread "pool-2-thread-163" [_thread_blocked, id=4892, stack(0x000000003fd00000,0x000000003fe00000)]
  0x000000001c4a6000 JavaThread "pool-2-thread-162" [_thread_blocked, id=2628, stack(0x000000003fc00000,0x000000003fd00000)]
  0x000000001c4ab000 JavaThread "pool-2-thread-161" [_thread_blocked, id=3352, stack(0x000000003fb00000,0x000000003fc00000)]
  0x000000001c4a9800 JavaThread "pool-2-thread-160" [_thread_blocked, id=12080, stack(0x000000003fa00000,0x000000003fb00000)]
  0x000000001c4aa800 JavaThread "pool-2-thread-159" [_thread_blocked, id=1280, stack(0x000000003f900000,0x000000003fa00000)]
  0x000000001c4a6800 JavaThread "pool-2-thread-158" [_thread_blocked, id=856, stack(0x000000003f800000,0x000000003f900000)]
  0x000000001c4a3000 JavaThread "pool-2-thread-157" [_thread_blocked, id=12044, stack(0x000000003f700000,0x000000003f800000)]
  0x000000001c4a9000 JavaThread "pool-2-thread-156" [_thread_blocked, id=1172, stack(0x000000003f600000,0x000000003f700000)]
  0x000000001c4a7800 JavaThread "pool-2-thread-155" [_thread_blocked, id=8228, stack(0x000000003f500000,0x000000003f600000)]
  0x000000001c4a8000 JavaThread "pool-2-thread-154" [_thread_blocked, id=4888, stack(0x000000003f400000,0x000000003f500000)]
  0x000000001c49d000 JavaThread "pool-2-thread-153" [_thread_blocked, id=11308, stack(0x000000003f300000,0x000000003f400000)]
  0x000000001c4a1800 JavaThread "pool-2-thread-152" [_thread_blocked, id=10660, stack(0x000000003f200000,0x000000003f300000)]
  0x000000001c4a3800 JavaThread "pool-2-thread-151" [_thread_blocked, id=9908, stack(0x000000003f100000,0x000000003f200000)]
  0x000000001c4a2000 JavaThread "pool-2-thread-150" [_thread_blocked, id=7356, stack(0x000000003f000000,0x000000003f100000)]
  0x000000001c4a0800 JavaThread "pool-2-thread-149" [_thread_blocked, id=10512, stack(0x000000003ef00000,0x000000003f000000)]
  0x000000001c4a0000 JavaThread "pool-2-thread-148" [_thread_blocked, id=1116, stack(0x000000003ee00000,0x000000003ef00000)]
  0x000000001c49f000 JavaThread "pool-2-thread-147" [_thread_blocked, id=9412, stack(0x000000003ed00000,0x000000003ee00000)]
  0x000000001c497800 JavaThread "pool-2-thread-146" [_thread_blocked, id=12580, stack(0x000000003ec00000,0x000000003ed00000)]
  0x000000001c49d800 JavaThread "pool-2-thread-145" [_thread_blocked, id=8188, stack(0x000000003eb00000,0x000000003ec00000)]
  0x000000001c49b800 JavaThread "pool-2-thread-144" [_thread_blocked, id=12744, stack(0x000000003ea00000,0x000000003eb00000)]
  0x000000001c49e800 JavaThread "pool-2-thread-143" [_thread_blocked, id=10092, stack(0x000000003e900000,0x000000003ea00000)]
  0x000000001c49a800 JavaThread "pool-2-thread-142" [_thread_blocked, id=184, stack(0x000000003e800000,0x000000003e900000)]
  0x000000001c49c000 JavaThread "pool-2-thread-141" [_thread_blocked, id=7460, stack(0x000000003e700000,0x000000003e800000)]
  0x000000001c49a000 JavaThread "pool-2-thread-140" [_thread_blocked, id=272, stack(0x000000003e600000,0x000000003e700000)]
  0x000000001c499000 JavaThread "pool-2-thread-139" [_thread_blocked, id=712, stack(0x000000003e500000,0x000000003e600000)]
  0x000000001c498800 JavaThread "pool-2-thread-138" [_thread_blocked, id=1180, stack(0x000000003e400000,0x000000003e500000)]
  0x000000001c491000 JavaThread "pool-2-thread-137" [_thread_blocked, id=1676, stack(0x000000003e300000,0x000000003e400000)]
  0x000000001c497000 JavaThread "pool-2-thread-136" [_thread_blocked, id=11804, stack(0x000000003e200000,0x000000003e300000)]
  0x000000001c48f800 JavaThread "pool-2-thread-135" [_thread_blocked, id=9616, stack(0x000000003e100000,0x000000003e200000)]
  0x000000001c496000 JavaThread "pool-2-thread-134" [_thread_blocked, id=9108, stack(0x000000003e000000,0x000000003e100000)]
  0x000000001c48e800 JavaThread "pool-2-thread-133" [_thread_blocked, id=1532, stack(0x000000003df00000,0x000000003e000000)]
  0x000000001c490000 JavaThread "pool-2-thread-132" [_thread_blocked, id=8460, stack(0x000000003de00000,0x000000003df00000)]
  0x000000001c494800 JavaThread "pool-2-thread-131" [_thread_blocked, id=12936, stack(0x000000003dd00000,0x000000003de00000)]
  0x000000001c494000 JavaThread "pool-2-thread-130" [_thread_blocked, id=5160, stack(0x000000003dc00000,0x000000003dd00000)]
  0x000000001c495800 JavaThread "pool-2-thread-129" [_thread_blocked, id=3888, stack(0x000000003db00000,0x000000003dc00000)]
  0x000000001c48e000 JavaThread "pool-2-thread-128" [_thread_blocked, id=6212, stack(0x000000003da00000,0x000000003db00000)]
  0x000000001c493000 JavaThread "pool-2-thread-127" [_thread_blocked, id=10320, stack(0x000000003d900000,0x000000003da00000)]
  0x000000001c492800 JavaThread "pool-2-thread-126" [_thread_blocked, id=12868, stack(0x000000003d800000,0x000000003d900000)]
  0x000000001c491800 JavaThread "pool-2-thread-125" [_thread_blocked, id=1268, stack(0x000000003d700000,0x000000003d800000)]
  0x000000001c486000 JavaThread "pool-2-thread-124" [_thread_blocked, id=12656, stack(0x000000003d600000,0x000000003d700000)]
  0x000000001c48c800 JavaThread "pool-2-thread-123" [_thread_blocked, id=6792, stack(0x000000003d500000,0x000000003d600000)]
  0x000000001c48c000 JavaThread "pool-2-thread-122" [_thread_blocked, id=10300, stack(0x000000003d400000,0x000000003d500000)]
  0x000000001c48b000 JavaThread "pool-2-thread-121" [_thread_blocked, id=3860, stack(0x000000003d300000,0x000000003d400000)]
  0x000000001c489800 JavaThread "pool-2-thread-120" [_thread_blocked, id=4996, stack(0x000000003d200000,0x000000003d300000)]
  0x000000001c489000 JavaThread "pool-2-thread-119" [_thread_blocked, id=12536, stack(0x000000003d100000,0x000000003d200000)]
  0x000000001c483800 JavaThread "pool-2-thread-118" [_thread_blocked, id=11100, stack(0x000000003d000000,0x000000003d100000)]
  0x000000001c485000 JavaThread "pool-2-thread-117" [_thread_blocked, id=6344, stack(0x000000003cf00000,0x000000003d000000)]
  0x000000001c484800 JavaThread "pool-2-thread-116" [_thread_blocked, id=6464, stack(0x000000003ce00000,0x000000003cf00000)]
  0x000000001c48a800 JavaThread "pool-2-thread-115" [_thread_blocked, id=12524, stack(0x000000003cd00000,0x000000003ce00000)]
  0x000000001c481800 JavaThread "pool-2-thread-114" [_thread_blocked, id=7904, stack(0x000000003cc00000,0x000000003cd00000)]
  0x000000001c488000 JavaThread "pool-2-thread-113" [_thread_blocked, id=8256, stack(0x000000003cb00000,0x000000003cc00000)]
  0x000000001c483000 JavaThread "pool-2-thread-112" [_thread_blocked, id=2216, stack(0x000000003ca00000,0x000000003cb00000)]
  0x000000001c480800 JavaThread "pool-2-thread-111" [_thread_blocked, id=3992, stack(0x000000003c900000,0x000000003ca00000)]
  0x000000001c487800 JavaThread "pool-2-thread-110" [_thread_blocked, id=6692, stack(0x000000003c800000,0x000000003c900000)]
  0x000000001c482000 JavaThread "pool-2-thread-109" [_thread_blocked, id=7208, stack(0x000000003c700000,0x000000003c800000)]
  0x000000001c486800 JavaThread "pool-2-thread-108" [_thread_blocked, id=11524, stack(0x000000003c600000,0x000000003c700000)]
  0x000000001c479000 JavaThread "pool-2-thread-107" [_thread_blocked, id=1920, stack(0x000000003c500000,0x000000003c600000)]
  0x000000001c480000 JavaThread "pool-2-thread-106" [_thread_blocked, id=12412, stack(0x000000003c400000,0x000000003c500000)]
  0x000000001c478800 JavaThread "pool-2-thread-105" [_thread_blocked, id=3680, stack(0x000000003c300000,0x000000003c400000)]
  0x000000001c47f000 JavaThread "pool-2-thread-104" [_thread_blocked, id=3432, stack(0x000000003c200000,0x000000003c300000)]
  0x000000001c47c000 JavaThread "pool-2-thread-103" [_thread_blocked, id=11760, stack(0x000000003c100000,0x000000003c200000)]
  0x000000001c47b800 JavaThread "pool-2-thread-102" [_thread_blocked, id=8524, stack(0x000000003c000000,0x000000003c100000)]
  0x000000001c47a800 JavaThread "pool-2-thread-101" [_thread_blocked, id=1164, stack(0x000000003bf00000,0x000000003c000000)]
  0x000000001c477800 JavaThread "pool-2-thread-100" [_thread_blocked, id=6256, stack(0x000000003be00000,0x000000003bf00000)]
  0x000000001c47e800 JavaThread "pool-2-thread-99" [_thread_blocked, id=11796, stack(0x000000003bd00000,0x000000003be00000)]
  0x000000001c47d800 JavaThread "pool-2-thread-98" [_thread_blocked, id=3148, stack(0x000000003bc00000,0x000000003bd00000)]
  0x000000001c47d000 JavaThread "pool-2-thread-97" [_thread_blocked, id=9432, stack(0x000000003bb00000,0x000000003bc00000)]
  0x000000001c476000 JavaThread "pool-2-thread-96" [_thread_blocked, id=13060, stack(0x000000003ba00000,0x000000003bb00000)]
  0x000000001c47a000 JavaThread "pool-2-thread-95" [_thread_blocked, id=6028, stack(0x000000003b900000,0x000000003ba00000)]
  0x000000001c470000 JavaThread "pool-2-thread-94" [_thread_blocked, id=12012, stack(0x000000003b800000,0x000000003b900000)]
  0x000000001c475800 JavaThread "pool-2-thread-93" [_thread_blocked, id=2304, stack(0x000000003b700000,0x000000003b800000)]
  0x000000001c471000 JavaThread "pool-2-thread-92" [_thread_blocked, id=8280, stack(0x000000003b600000,0x000000003b700000)]
  0x000000001c477000 JavaThread "pool-2-thread-91" [_thread_blocked, id=12692, stack(0x000000003b500000,0x000000003b600000)]
  0x000000001c46e000 JavaThread "pool-2-thread-90" [_thread_blocked, id=7484, stack(0x000000003b400000,0x000000003b500000)]
  0x000000001c46f800 JavaThread "pool-2-thread-89" [_thread_blocked, id=13216, stack(0x000000003b300000,0x000000003b400000)]
  0x000000001c472800 JavaThread "pool-2-thread-88" [_thread_blocked, id=2956, stack(0x000000003b200000,0x000000003b300000)]
  0x000000001c46e800 JavaThread "pool-2-thread-87" [_thread_blocked, id=9428, stack(0x000000003b100000,0x000000003b200000)]
  0x000000001c471800 JavaThread "pool-2-thread-86" [_thread_blocked, id=11452, stack(0x000000003b000000,0x000000003b100000)]
  0x000000001c474800 JavaThread "pool-2-thread-85" [_thread_blocked, id=860, stack(0x000000003af00000,0x000000003b000000)]
  0x000000001c474000 JavaThread "pool-2-thread-84" [_thread_blocked, id=8304, stack(0x000000003ae00000,0x000000003af00000)]
  0x000000001c473000 JavaThread "pool-2-thread-83" [_thread_blocked, id=5536, stack(0x000000003ad00000,0x000000003ae00000)]
  0x000000001b544800 JavaThread "pool-2-thread-82" [_thread_blocked, id=8136, stack(0x000000003ac00000,0x000000003ad00000)]
  0x00000000238e8800 JavaThread "pool-2-thread-81" [_thread_blocked, id=1460, stack(0x000000003ab00000,0x000000003ac00000)]
  0x00000000238e6000 JavaThread "pool-2-thread-80" [_thread_blocked, id=11096, stack(0x000000003aa00000,0x000000003ab00000)]
  0x000000001c551800 JavaThread "pool-2-thread-79" [_thread_blocked, id=9632, stack(0x000000003a900000,0x000000003aa00000)]
  0x000000001c54a000 JavaThread "pool-2-thread-78" [_thread_blocked, id=5832, stack(0x000000003a800000,0x000000003a900000)]
  0x000000001c550000 JavaThread "pool-2-thread-77" [_thread_blocked, id=8324, stack(0x000000003a700000,0x000000003a800000)]
  0x00000000239c0800 JavaThread "pool-2-thread-76" [_thread_blocked, id=10996, stack(0x000000003a600000,0x000000003a700000)]
  0x00000000239b7800 JavaThread "pool-2-thread-75" [_thread_blocked, id=11984, stack(0x000000003a500000,0x000000003a600000)]
  0x00000000239b7000 JavaThread "pool-2-thread-74" [_thread_blocked, id=6736, stack(0x000000003a400000,0x000000003a500000)]
  0x00000000239bd800 JavaThread "pool-2-thread-73" [_thread_blocked, id=6400, stack(0x000000003a300000,0x000000003a400000)]
  0x000000001b682000 JavaThread "pool-2-thread-72" [_thread_blocked, id=1576, stack(0x000000003a200000,0x000000003a300000)]
  0x000000001b67a800 JavaThread "pool-2-thread-71" [_thread_blocked, id=5932, stack(0x000000003a100000,0x000000003a200000)]
  0x000000001b681800 JavaThread "pool-2-thread-70" [_thread_blocked, id=6900, stack(0x000000003a000000,0x000000003a100000)]
  0x000000001b680800 JavaThread "pool-2-thread-69" [_thread_blocked, id=12988, stack(0x0000000039f00000,0x000000003a000000)]
  0x000000001b67b800 JavaThread "pool-2-thread-68" [_thread_blocked, id=6800, stack(0x0000000039e00000,0x0000000039f00000)]
  0x000000001b680000 JavaThread "pool-2-thread-67" [_thread_blocked, id=3412, stack(0x0000000039d00000,0x0000000039e00000)]
  0x0000000023de1800 JavaThread "pool-2-thread-66" [_thread_blocked, id=8608, stack(0x0000000039c00000,0x0000000039d00000)]
  0x0000000023de1000 JavaThread "pool-2-thread-65" [_thread_blocked, id=11480, stack(0x0000000039b00000,0x0000000039c00000)]
  0x0000000023dd3800 JavaThread "pool-2-thread-64" [_thread_blocked, id=10416, stack(0x0000000039a00000,0x0000000039b00000)]
  0x0000000023dd8800 JavaThread "pool-2-thread-63" [_thread_blocked, id=2176, stack(0x0000000039900000,0x0000000039a00000)]
  0x0000000023dd6800 JavaThread "pool-2-thread-62" [_thread_blocked, id=4084, stack(0x0000000039800000,0x0000000039900000)]
  0x0000000023dd5000 JavaThread "pool-2-thread-61" [_thread_blocked, id=616, stack(0x0000000039700000,0x0000000039800000)]
  0x0000000023b77800 JavaThread "pool-2-thread-60" [_thread_blocked, id=6308, stack(0x0000000039600000,0x0000000039700000)]
  0x0000000023b7c000 JavaThread "pool-2-thread-59" [_thread_blocked, id=11884, stack(0x0000000039500000,0x0000000039600000)]
  0x0000000023b6e800 JavaThread "pool-2-thread-58" [_thread_blocked, id=4356, stack(0x0000000039400000,0x0000000039500000)]
  0x0000000023b6f800 JavaThread "pool-2-thread-57" [_thread_blocked, id=10076, stack(0x0000000039300000,0x0000000039400000)]
  0x0000000023b74000 JavaThread "pool-2-thread-56" [_thread_blocked, id=4244, stack(0x0000000039200000,0x0000000039300000)]
  0x0000000023b6d000 JavaThread "pool-2-thread-55" [_thread_blocked, id=5224, stack(0x0000000039100000,0x0000000039200000)]
  0x000000001c733000 JavaThread "pool-2-thread-54" [_thread_blocked, id=12976, stack(0x0000000039000000,0x0000000039100000)]
  0x000000001c732000 JavaThread "pool-2-thread-53" [_thread_blocked, id=7480, stack(0x0000000038f00000,0x0000000039000000)]
  0x000000001c731800 JavaThread "pool-2-thread-52" [_thread_blocked, id=9764, stack(0x0000000038e00000,0x0000000038f00000)]
  0x000000001c72b800 JavaThread "pool-2-thread-51" [_thread_blocked, id=6364, stack(0x0000000038d00000,0x0000000038e00000)]
  0x000000001c730800 JavaThread "pool-2-thread-50" [_thread_blocked, id=12916, stack(0x0000000038c00000,0x0000000038d00000)]
  0x000000001c727800 JavaThread "pool-2-thread-49" [_thread_blocked, id=5360, stack(0x0000000038b00000,0x0000000038c00000)]
  0x000000001c729000 JavaThread "pool-2-thread-48" [_thread_blocked, id=8888, stack(0x0000000038a00000,0x0000000038b00000)]
  0x000000001c532800 JavaThread "pool-2-thread-47" [_thread_blocked, id=2324, stack(0x0000000038900000,0x0000000038a00000)]
  0x000000001c531000 JavaThread "pool-2-thread-46" [_thread_blocked, id=5344, stack(0x0000000038800000,0x0000000038900000)]
  0x000000001c529800 JavaThread "pool-2-thread-45" [_thread_blocked, id=280, stack(0x0000000038700000,0x0000000038800000)]
  0x000000001c530000 JavaThread "pool-2-thread-44" [_thread_blocked, id=9932, stack(0x0000000038600000,0x0000000038700000)]
  0x000000001c528000 JavaThread "pool-2-thread-43" [_thread_blocked, id=10440, stack(0x0000000038500000,0x0000000038600000)]
  0x000000001c528800 JavaThread "pool-2-thread-42" [_thread_blocked, id=10824, stack(0x0000000038400000,0x0000000038500000)]
  0x000000001c52e800 JavaThread "pool-2-thread-41" [_thread_blocked, id=7584, stack(0x0000000038300000,0x0000000038400000)]
  0x000000001c52d000 JavaThread "pool-2-thread-40" [_thread_blocked, id=9800, stack(0x0000000038200000,0x0000000038300000)]
  0x000000001c525800 JavaThread "pool-2-thread-39" [_thread_blocked, id=5168, stack(0x0000000038100000,0x0000000038200000)]
  0x000000001c52c800 JavaThread "pool-2-thread-38" [_thread_blocked, id=12272, stack(0x0000000038000000,0x0000000038100000)]
  0x000000001c524800 JavaThread "pool-2-thread-37" [_thread_blocked, id=8892, stack(0x0000000037f00000,0x0000000038000000)]
  0x0000000023eda000 JavaThread "pool-2-thread-36" [_thread_blocked, id=7728, stack(0x0000000037e00000,0x0000000037f00000)]
  0x0000000023ed7800 JavaThread "pool-2-thread-35" [_thread_blocked, id=844, stack(0x0000000037d00000,0x0000000037e00000)]
  0x0000000023ecb800 JavaThread "pool-2-thread-34" [_thread_blocked, id=5184, stack(0x0000000037c00000,0x0000000037d00000)]
  0x0000000023ed0000 JavaThread "pool-2-thread-33" [_thread_blocked, id=6148, stack(0x0000000037b00000,0x0000000037c00000)]
  0x0000000023ec9000 JavaThread "pool-2-thread-32" [_thread_blocked, id=9644, stack(0x0000000037a00000,0x0000000037b00000)]
  0x0000000023ec7800 JavaThread "pool-2-thread-31" [_thread_blocked, id=6676, stack(0x0000000037900000,0x0000000037a00000)]
  0x0000000023eca800 JavaThread "pool-2-thread-30" [_thread_blocked, id=2948, stack(0x0000000037800000,0x0000000037900000)]
  0x0000000023ec4000 JavaThread "pool-2-thread-29" [_thread_blocked, id=7820, stack(0x0000000037700000,0x0000000037800000)]
  0x0000000023ec7000 JavaThread "pool-2-thread-28" [_thread_blocked, id=8412, stack(0x0000000037600000,0x0000000037700000)]
  0x0000000023ebe000 JavaThread "pool-2-thread-27" [_thread_blocked, id=6208, stack(0x0000000037500000,0x0000000037600000)]
  0x0000000023ec2800 JavaThread "pool-2-thread-26" [_thread_blocked, id=11780, stack(0x0000000037400000,0x0000000037500000)]
  0x0000000023ec1800 JavaThread "pool-2-thread-25" [_thread_blocked, id=13112, stack(0x0000000037300000,0x0000000037400000)]
  0x0000000023ec0000 JavaThread "pool-2-thread-24" [_thread_blocked, id=10972, stack(0x0000000037200000,0x0000000037300000)]
  0x0000000023ebe800 JavaThread "pool-2-thread-23" [_thread_blocked, id=10560, stack(0x0000000037100000,0x0000000037200000)]
  0x0000000023ec3000 JavaThread "pool-2-thread-22" [_thread_blocked, id=5024, stack(0x0000000037000000,0x0000000037100000)]
  0x000000002386f000 JavaThread "pool-2-thread-21" [_thread_blocked, id=11812, stack(0x0000000036f00000,0x0000000037000000)]
  0x000000002386e800 JavaThread "pool-2-thread-20" [_thread_blocked, id=12852, stack(0x0000000036e00000,0x0000000036f00000)]
  0x000000002386d000 JavaThread "pool-2-thread-19" [_thread_blocked, id=11024, stack(0x0000000036d00000,0x0000000036e00000)]
  0x000000002386c000 JavaThread "pool-2-thread-18" [_thread_blocked, id=11048, stack(0x0000000036c00000,0x0000000036d00000)]
  0x000000002386b800 JavaThread "pool-2-thread-17" [_thread_blocked, id=10396, stack(0x0000000036b00000,0x0000000036c00000)]
  0x0000000023870000 JavaThread "pool-2-thread-16" [_thread_blocked, id=6328, stack(0x0000000036a00000,0x0000000036b00000)]
  0x000000002386d800 JavaThread "pool-2-thread-15" [_thread_blocked, id=10696, stack(0x0000000036900000,0x0000000036a00000)]
  0x0000000023864000 JavaThread "pool-2-thread-14" [_thread_blocked, id=11604, stack(0x0000000036800000,0x0000000036900000)]
  0x000000002386a000 JavaThread "pool-2-thread-13" [_thread_blocked, id=2220, stack(0x0000000036700000,0x0000000036800000)]
  0x000000002386a800 JavaThread "pool-2-thread-12" [_thread_blocked, id=2976, stack(0x0000000036600000,0x0000000036700000)]
  0x0000000023867800 JavaThread "pool-2-thread-11" [_thread_blocked, id=11128, stack(0x0000000036500000,0x0000000036600000)]
  0x0000000023869000 JavaThread "pool-2-thread-10" [_thread_blocked, id=11540, stack(0x0000000036400000,0x0000000036500000)]
  0x0000000023868800 JavaThread "pool-2-thread-9" [_thread_blocked, id=900, stack(0x0000000036300000,0x0000000036400000)]
  0x0000000023867000 JavaThread "pool-2-thread-8" [_thread_blocked, id=10172, stack(0x0000000036200000,0x0000000036300000)]
  0x000000002385f800 JavaThread "pool-2-thread-7" [_thread_blocked, id=9088, stack(0x0000000036100000,0x0000000036200000)]
  0x0000000023866000 JavaThread "pool-2-thread-6" [_thread_blocked, id=12332, stack(0x0000000036000000,0x0000000036100000)]
  0x0000000023863000 JavaThread "pool-2-thread-5" [_thread_blocked, id=9940, stack(0x0000000035f00000,0x0000000036000000)]
  0x0000000023860000 JavaThread "pool-2-thread-4" [_thread_blocked, id=4992, stack(0x0000000035e00000,0x0000000035f00000)]
  0x0000000023861000 JavaThread "pool-2-thread-3" [_thread_blocked, id=9600, stack(0x0000000035d00000,0x0000000035e00000)]
  0x000000002385c000 JavaThread "pool-2-thread-2" [_thread_blocked, id=6544, stack(0x0000000035c00000,0x0000000035d00000)]
  0x0000000023851800 JavaThread "pool-2-thread-1" [_thread_blocked, id=7952, stack(0x0000000035b00000,0x0000000035c00000)]
=>0x0000000023854000 JavaThread "Thread-257" [_thread_in_vm, id=3284, stack(0x0000000035a00000,0x0000000035b00000)]
  0x000000001c2b2000 JavaThread "TimerQueue" daemon [_thread_blocked, id=10264, stack(0x0000000021c90000,0x0000000021d90000)]
  0x000000000507e000 JavaThread "DestroyJavaVM" [_thread_blocked, id=10828, stack(0x0000000004f30000,0x0000000005030000)]
  0x000000001c027000 JavaThread "AWT-EventQueue-0" [_thread_blocked, id=12756, stack(0x000000001d2b0000,0x000000001d3b0000)]
  0x000000001b7b1800 JavaThread "AWT-Windows" daemon [_thread_in_native, id=696, stack(0x000000001c9e0000,0x000000001cae0000)]
  0x000000001b7af000 JavaThread "AWT-Shutdown" [_thread_blocked, id=3612, stack(0x000000001c8e0000,0x000000001c9e0000)]
  0x000000001b7ad000 JavaThread "Java2D Disposer" daemon [_thread_blocked, id=10152, stack(0x000000001c7e0000,0x000000001c8e0000)]
  0x000000001b48b000 JavaThread "Service Thread" daemon [_thread_blocked, id=5368, stack(0x000000001bcf0000,0x000000001bdf0000)]
  0x000000001b400800 JavaThread "C1 CompilerThread2" daemon [_thread_blocked, id=8248, stack(0x000000001bbf0000,0x000000001bcf0000)]
  0x000000001b3fa000 JavaThread "C2 CompilerThread1" daemon [_thread_blocked, id=3428, stack(0x000000001baf0000,0x000000001bbf0000)]
  0x000000001a09c000 JavaThread "C2 CompilerThread0" daemon [_thread_blocked, id=8544, stack(0x000000001b9f0000,0x000000001baf0000)]
  0x000000001a09b800 JavaThread "Attach Listener" daemon [_thread_blocked, id=4392, stack(0x000000001b8f0000,0x000000001b9f0000)]
  0x000000001a04f000 JavaThread "Signal Dispatcher" daemon [_thread_blocked, id=12848, stack(0x000000001b7f0000,0x000000001b8f0000)]
  0x000000001a029000 JavaThread "Finalizer" daemon [_thread_blocked, id=3380, stack(0x000000001b290000,0x000000001b390000)]
  0x00000000054c1000 JavaThread "Reference Handler" daemon [_thread_blocked, id=8224, stack(0x000000001b190000,0x000000001b290000)]

Other Threads:
  0x000000001a007000 VMThread [stack: 0x000000001b090000,0x000000001b190000] [id=3628]
  0x000000001b4bf000 WatcherThread [stack: 0x000000001bdf0000,0x000000001bef0000] [id=9064]

VM state:not at safepoint (normal execution)

VM Mutex/Monitor currently owned by a thread: None

Heap:
 PSYoungGen      total 38400K, used 21217K [0x00000000d5c00000, 0x00000000d8680000, 0x0000000100000000)
  eden space 33280K, 48% used [0x00000000d5c00000,0x00000000d6bbf3d8,0x00000000d7c80000)
  from space 5120K, 99% used [0x00000000d7c80000,0x00000000d81791a0,0x00000000d8180000)
  to   space 5120K, 0% used [0x00000000d8180000,0x00000000d8180000,0x00000000d8680000)
 ParOldGen       total 87552K, used 415K [0x0000000081400000, 0x0000000086980000, 0x00000000d5c00000)
  object space 87552K, 0% used [0x0000000081400000,0x0000000081467c10,0x0000000086980000)
 Metaspace       used 14733K, capacity 15074K, committed 15360K, reserved 1062912K
  class space    used 1808K, capacity 1927K, committed 2048K, reserved 1048576K

Card table byte_map: [0x0000000014890000,0x0000000014c90000] byte_map_base: 0x0000000014486000

Marking Bits: (ParMarkBitMap*) 0x0000000055c3d850
 Begin Bits: [0x0000000015340000, 0x00000000172f0000)
 End Bits:   [0x00000000172f0000, 0x00000000192a0000)

Polling page: 0x0000000003230000

CodeCache: size=245760Kb used=6307Kb max_used=6645Kb free=239452Kb
 bounds [0x00000000054d0000, 0x0000000005b60000, 0x00000000144d0000]
 total_blobs=2460 nmethods=1943 adapters=428
 compilation: enabled

Compilation events (10 events):
Event: 73.909 Thread 0x000000001b400800 2243  s    3       java.awt.Component::addComponentListener (23 bytes)
Event: 73.909 Thread 0x000000001b400800 nmethod 2243 0x0000000005aea790 code [0x0000000005aea920, 0x0000000005aeb030]
Event: 73.910 Thread 0x000000001b400800 2244       3       java.awt.AWTEventMulticaster::add (9 bytes)
Event: 73.910 Thread 0x000000001b400800 nmethod 2244 0x0000000005ae6e90 code [0x0000000005ae7020, 0x0000000005ae7470]
Event: 76.159 Thread 0x000000001b400800 2245       3       javax.swing.JComponent::processMouseEvent (27 bytes)
Event: 76.160 Thread 0x000000001b400800 nmethod 2245 0x00000000058e7ad0 code [0x00000000058e7c60, 0x00000000058e7fb8]
Event: 76.160 Thread 0x000000001b400800 2246       3       java.awt.Component::processMouseEvent (100 bytes)
Event: 76.160 Thread 0x000000001b400800 nmethod 2246 0x00000000058a36d0 code [0x00000000058a38a0, 0x00000000058a3f48]
Event: 76.390 Thread 0x000000001a09c000 2247   !   4       sun.awt.GlobalCursorManager$NativeUpdater::run (43 bytes)
Event: 76.391 Thread 0x000000001a09c000 nmethod 2247 0x00000000058a1d10 code [0x00000000058a1e60, 0x00000000058a20a8]

GC Heap History (6 events):
Event: 17.318 GC heap before
{Heap before GC invocations=1 (full 0):
 PSYoungGen      total 38400K, used 33280K [0x00000000d5c00000, 0x00000000d8680000, 0x0000000100000000)
  eden space 33280K, 100% used [0x00000000d5c00000,0x00000000d7c80000,0x00000000d7c80000)
  from space 5120K, 0% used [0x00000000d8180000,0x00000000d8180000,0x00000000d8680000)
  to   space 5120K, 0% used [0x00000000d7c80000,0x00000000d7c80000,0x00000000d8180000)
 ParOldGen       total 87552K, used 0K [0x0000000081400000, 0x0000000086980000, 0x00000000d5c00000)
  object space 87552K, 0% used [0x0000000081400000,0x0000000081400000,0x0000000086980000)
 Metaspace       used 13703K, capacity 13986K, committed 14208K, reserved 1060864K
  class space    used 1722K, capacity 1827K, committed 1920K, reserved 1048576K
Event: 17.325 GC heap after
Heap after GC invocations=1 (full 0):
 PSYoungGen      total 38400K, used 4772K [0x00000000d5c00000, 0x00000000d8680000, 0x0000000100000000)
  eden space 33280K, 0% used [0x00000000d5c00000,0x00000000d5c00000,0x00000000d7c80000)
  from space 5120K, 93% used [0x00000000d7c80000,0x00000000d8129180,0x00000000d8180000)
  to   space 5120K, 0% used [0x00000000d8180000,0x00000000d8180000,0x00000000d8680000)
 ParOldGen       total 87552K, used 8K [0x0000000081400000, 0x0000000086980000, 0x00000000d5c00000)
  object space 87552K, 0% used [0x0000000081400000,0x0000000081402000,0x0000000086980000)
 Metaspace       used 13703K, capacity 13986K, committed 14208K, reserved 1060864K
  class space    used 1722K, capacity 1827K, committed 1920K, reserved 1048576K
}
Event: 33.534 GC heap before
{Heap before GC invocations=2 (full 0):
 PSYoungGen      total 38400K, used 38052K [0x00000000d5c00000, 0x00000000d8680000, 0x0000000100000000)
  eden space 33280K, 100% used [0x00000000d5c00000,0x00000000d7c80000,0x00000000d7c80000)
  from space 5120K, 93% used [0x00000000d7c80000,0x00000000d8129180,0x00000000d8180000)
  to   space 5120K, 0% used [0x00000000d8180000,0x00000000d8180000,0x00000000d8680000)
 ParOldGen       total 87552K, used 8K [0x0000000081400000, 0x0000000086980000, 0x00000000d5c00000)
  object space 87552K, 0% used [0x0000000081400000,0x0000000081402000,0x0000000086980000)
 Metaspace       used 14500K, capacity 14826K, committed 14976K, reserved 1062912K
  class space    used 1792K, capacity 1891K, committed 1920K, reserved 1048576K
Event: 33.539 GC heap after
Heap after GC invocations=2 (full 0):
 PSYoungGen      total 38400K, used 4948K [0x00000000d5c00000, 0x00000000d8680000, 0x0000000100000000)
  eden space 33280K, 0% used [0x00000000d5c00000,0x00000000d5c00000,0x00000000d7c80000)
  from space 5120K, 96% used [0x00000000d8180000,0x00000000d8655190,0x00000000d8680000)
  to   space 5120K, 0% used [0x00000000d7c80000,0x00000000d7c80000,0x00000000d8180000)
 ParOldGen       total 87552K, used 24K [0x0000000081400000, 0x0000000086980000, 0x00000000d5c00000)
  object space 87552K, 0% used [0x0000000081400000,0x0000000081406000,0x0000000086980000)
 Metaspace       used 14500K, capacity 14826K, committed 14976K, reserved 1062912K
  class space    used 1792K, capacity 1891K, committed 1920K, reserved 1048576K
}
Event: 51.905 GC heap before
{Heap before GC invocations=3 (full 0):
 PSYoungGen      total 38400K, used 38228K [0x00000000d5c00000, 0x00000000d8680000, 0x0000000100000000)
  eden space 33280K, 100% used [0x00000000d5c00000,0x00000000d7c80000,0x00000000d7c80000)
  from space 5120K, 96% used [0x00000000d8180000,0x00000000d8655190,0x00000000d8680000)
  to   space 5120K, 0% used [0x00000000d7c80000,0x00000000d7c80000,0x00000000d8180000)
 ParOldGen       total 87552K, used 24K [0x0000000081400000, 0x0000000086980000, 0x00000000d5c00000)
  object space 87552K, 0% used [0x0000000081400000,0x0000000081406000,0x0000000086980000)
 Metaspace       used 14638K, capacity 14902K, committed 15232K, reserved 1062912K
  class space    used 1800K, capacity 1893K, committed 1920K, reserved 1048576K
Event: 51.913 GC heap after
Heap after GC invocations=3 (full 0):
 PSYoungGen      total 38400K, used 5092K [0x00000000d5c00000, 0x00000000d8680000, 0x0000000100000000)
  eden space 33280K, 0% used [0x00000000d5c00000,0x00000000d5c00000,0x00000000d7c80000)
  from space 5120K, 99% used [0x00000000d7c80000,0x00000000d81791a0,0x00000000d8180000)
  to   space 5120K, 0% used [0x00000000d8180000,0x00000000d8180000,0x00000000d8680000)
 ParOldGen       total 87552K, used 415K [0x0000000081400000, 0x0000000086980000, 0x00000000d5c00000)
  object space 87552K, 0% used [0x0000000081400000,0x0000000081467c10,0x0000000086980000)
 Metaspace       used 14638K, capacity 14902K, committed 15232K, reserved 1062912K
  class space    used 1800K, capacity 1893K, committed 1920K, reserved 1048576K
}

Deoptimization events (10 events):
Event: 46.073 Thread 0x000000001c027000 Uncommon trap: reason=unstable_if action=reinterpret pc=0x0000000005920380 method=sun.font.FontDesignMetrics.stringWidth(Ljava/lang/String;)I @ 85
Event: 46.085 Thread 0x000000001c027000 Uncommon trap: reason=unstable_if action=reinterpret pc=0x0000000005a335fc method=sun.font.CompositeGlyphMapper.charsToGlyphsNS(I[C[I)Z @ 121
Event: 46.085 Thread 0x000000001c027000 Uncommon trap: reason=unstable_if action=reinterpret pc=0x0000000005945140 method=sun.font.FileFontStrike.getSlot0GlyphImagePtrs([I[JI)I @ 23
Event: 46.085 Thread 0x000000001c027000 Uncommon trap: reason=unstable_if action=reinterpret pc=0x0000000005942858 method=sun.font.CompositeGlyphMapper.charsToGlyphsNS(I[C[I)Z @ 121
Event: 51.361 Thread 0x000000001c027000 Uncommon trap: reason=unstable_if action=reinterpret pc=0x0000000005b3e5b4 method=java.awt.LightweightDispatcher.trackMouseEnterExit(Ljava/awt/Component;Ljava/awt/event/MouseEvent;)V @ 30
Event: 51.361 Thread 0x000000001c027000 Uncommon trap: reason=unstable_if action=reinterpret pc=0x0000000005b07dc4 method=java.awt.Toolkit$SelectiveAWTEventListener.eventDispatched(Ljava/awt/AWTEvent;)V @ 230
Event: 51.849 Thread 0x0000000023dac800 Uncommon trap: reason=class_check action=maybe_recompile pc=0x0000000005844f84 method=java.util.HashMap.putVal(ILjava/lang/Object;Ljava/lang/Object;ZZ)Ljava/lang/Object; @ 253
Event: 51.913 Thread 0x0000000023d77000 Uncommon trap: reason=unstable_if action=reinterpret pc=0x0000000005b0aec0 method=java.util.concurrent.locks.ReentrantLock$Sync.nonfairTryAcquire(I)Z @ 19
Event: 51.913 Thread 0x0000000023d7c000 Uncommon trap: reason=unstable_if action=reinterpret pc=0x0000000005b0aec0 method=java.util.concurrent.locks.ReentrantLock$Sync.nonfairTryAcquire(I)Z @ 19
Event: 56.599 Thread 0x000000001c027000 Uncommon trap: reason=unstable_if action=reinterpret pc=0x0000000005751098 method=java.awt.EventQueue.coalesceMouseEvent(Ljava/awt/event/MouseEvent;)Z @ 12

Internal exceptions (10 events):
Event: 62.881 Thread 0x0000000023dde000 Exception <a 'java/net/UnknownHostException'> (0x00000000d638a010) thrown at [C:\re\workspace\8-2-build-windows-amd64-cygwin\jdk8u144\9417\hotspot\src\share\vm\prims\jni.cpp, line 735]
Event: 62.891 Thread 0x000000001b686000 Exception <a 'java/net/UnknownHostException'> (0x00000000d6377840) thrown at [C:\re\workspace\8-2-build-windows-amd64-cygwin\jdk8u144\9417\hotspot\src\share\vm\prims\jni.cpp, line 735]
Event: 62.891 Thread 0x0000000023dd8000 Exception <a 'java/net/UnknownHostException'> (0x00000000d639c7e0) thrown at [C:\re\workspace\8-2-build-windows-amd64-cygwin\jdk8u144\9417\hotspot\src\share\vm\prims\jni.cpp, line 735]
Event: 62.901 Thread 0x0000000023852800 Exception <a 'java/net/UnknownHostException'> (0x00000000d63c1780) thrown at [C:\re\workspace\8-2-build-windows-amd64-cygwin\jdk8u144\9417\hotspot\src\share\vm\prims\jni.cpp, line 735]
Event: 62.901 Thread 0x00000000238df800 Exception <a 'java/net/UnknownHostException'> (0x00000000d63aefb0) thrown at [C:\re\workspace\8-2-build-windows-amd64-cygwin\jdk8u144\9417\hotspot\src\share\vm\prims\jni.cpp, line 735]
Event: 62.911 Thread 0x00000000238e7000 Exception <a 'java/net/UnknownHostException'> (0x00000000d63b8398) thrown at [C:\re\workspace\8-2-build-windows-amd64-cygwin\jdk8u144\9417\hotspot\src\share\vm\prims\jni.cpp, line 735]
Event: 62.911 Thread 0x00000000238e4000 Exception <a 'java/net/UnknownHostException'> (0x00000000d63cab68) thrown at [C:\re\workspace\8-2-build-windows-amd64-cygwin\jdk8u144\9417\hotspot\src\share\vm\prims\jni.cpp, line 735]
Event: 62.921 Thread 0x0000000023d90000 Exception <a 'java/net/UnknownHostException'> (0x00000000d63efb00) thrown at [C:\re\workspace\8-2-build-windows-amd64-cygwin\jdk8u144\9417\hotspot\src\share\vm\prims\jni.cpp, line 735]
Event: 62.921 Thread 0x0000000023ed2800 Exception <a 'java/net/UnknownHostException'> (0x00000000d63dd330) thrown at [C:\re\workspace\8-2-build-windows-amd64-cygwin\jdk8u144\9417\hotspot\src\share\vm\prims\jni.cpp, line 735]
Event: 62.931 Thread 0x0000000023d8d800 Exception <a 'java/net/UnknownHostException'> (0x00000000d63f8ee8) thrown at [C:\re\workspace\8-2-build-windows-amd64-cygwin\jdk8u144\9417\hotspot\src\share\vm\prims\jni.cpp, line 735]

Events (10 events):
Event: 61.087 loading class network/graph/GraphNumber
Event: 61.087 loading class network/graph/GraphNumber done
Event: 61.087 loading class network/graph/TableChart
Event: 61.087 loading class network/graph/TableChart done
Event: 61.092 Executing VM operation: RevokeBias
Event: 61.093 Executing VM operation: RevokeBias done
Event: 61.093 Executing VM operation: RevokeBias
Event: 61.094 Executing VM operation: RevokeBias done
Event: 61.097 loading class javax/swing/JTable$4
Event: 61.097 loading class javax/swing/JTable$4 done


Dynamic libraries:
0x00007ff75c4e0000 - 0x00007ff75c517000 	F:\tool\jdk\java_jdk_8\jdk_version\bin\javaw.exe
0x00007ffc08a30000 - 0x00007ffc08c10000 	C:\Windows\SYSTEM32\ntdll.dll
0x00007ffc05f20000 - 0x00007ffc05fce000 	C:\Windows\System32\KERNEL32.DLL
0x00007ffc05c30000 - 0x00007ffc05e96000 	C:\Windows\System32\KERNELBASE.dll
0x00007ffc07ef0000 - 0x00007ffc07f91000 	C:\Windows\System32\ADVAPI32.dll
0x00007ffc08180000 - 0x00007ffc0821d000 	C:\Windows\System32\msvcrt.dll
0x00007ffc08120000 - 0x00007ffc0817b000 	C:\Windows\System32\sechost.dll
0x00007ffc07dd0000 - 0x00007ffc07eef000 	C:\Windows\System32\RPCRT4.dll
0x00007ffc08220000 - 0x00007ffc083af000 	C:\Windows\System32\USER32.dll
0x00007ffc04eb0000 - 0x00007ffc04ed0000 	C:\Windows\System32\win32u.dll
0x00007ffc07fa0000 - 0x00007ffc07fc8000 	C:\Windows\System32\GDI32.dll
0x00007ffc04fc0000 - 0x00007ffc05153000 	C:\Windows\System32\gdi32full.dll
0x00007ffc04ed0000 - 0x00007ffc04f6b000 	C:\Windows\System32\msvcp_win.dll
0x00007ffc058b0000 - 0x00007ffc059a5000 	C:\Windows\System32\ucrtbase.dll
0x00007ffbfd980000 - 0x00007ffbfdbe9000 	C:\Windows\WinSxS\amd64_microsoft.windows.common-controls_6595b64144ccf1df_6.0.16299.726_none_15ccdb369361144a\COMCTL32.dll
0x00007ffc08520000 - 0x00007ffc08827000 	C:\Windows\System32\combase.dll
0x00007ffc04e30000 - 0x00007ffc04ea2000 	C:\Windows\System32\bcryptPrimitives.dll
0x00007ffc089d0000 - 0x00007ffc089fd000 	C:\Windows\System32\IMM32.DLL
0x0000000057730000 - 0x0000000057802000 	F:\tool\jdk\java_jdk_8\jdk_version\jre\bin\msvcr100.dll
0x0000000055420000 - 0x0000000055cbd000 	F:\tool\jdk\java_jdk_8\jdk_version\jre\bin\server\jvm.dll
0x00007ffc08960000 - 0x00007ffc08968000 	C:\Windows\System32\PSAPI.DLL
0x00007ffbe65a0000 - 0x00007ffbe65a9000 	C:\Windows\SYSTEM32\WSOCK32.dll
0x00007ffc084b0000 - 0x00007ffc0851c000 	C:\Windows\System32\WS2_32.dll
0x00007ffc01de0000 - 0x00007ffc01e03000 	C:\Windows\SYSTEM32\WINMM.dll
0x00007ffbf6440000 - 0x00007ffbf644a000 	C:\Windows\SYSTEM32\VERSION.dll
0x00007ffc01d80000 - 0x00007ffc01daa000 	C:\Windows\SYSTEM32\WINMMBASE.dll
0x00007ffc04f70000 - 0x00007ffc04fba000 	C:\Windows\System32\cfgmgr32.dll
0x0000000057720000 - 0x000000005772f000 	F:\tool\jdk\java_jdk_8\jdk_version\jre\bin\verify.dll
0x00000000576f0000 - 0x0000000057719000 	F:\tool\jdk\java_jdk_8\jdk_version\jre\bin\java.dll
0x00000000576d0000 - 0x00000000576e6000 	F:\tool\jdk\java_jdk_8\jdk_version\jre\bin\zip.dll
0x00007ffc06990000 - 0x00007ffc07dc8000 	C:\Windows\System32\SHELL32.dll
0x00007ffc088b0000 - 0x00007ffc08956000 	C:\Windows\System32\shcore.dll
0x00007ffc05160000 - 0x00007ffc058a7000 	C:\Windows\System32\windows.storage.dll
0x00007ffc05fd0000 - 0x00007ffc06021000 	C:\Windows\System32\shlwapi.dll
0x00007ffc04e10000 - 0x00007ffc04e21000 	C:\Windows\System32\kernel.appcore.dll
0x00007ffc04d80000 - 0x00007ffc04dcc000 	C:\Windows\System32\powrprof.dll
0x00007ffc04dd0000 - 0x00007ffc04deb000 	C:\Windows\System32\profapi.dll
0x00000000569b0000 - 0x0000000056b48000 	F:\tool\jdk\java_jdk_8\jdk_version\jre\bin\awt.dll
0x00007ffc06740000 - 0x00007ffc06805000 	C:\Windows\System32\OLEAUT32.dll
0x00007ffc031f0000 - 0x00007ffc03278000 	C:\Windows\SYSTEM32\apphelp.dll
0x00007ffc035e0000 - 0x00007ffc0360a000 	C:\Windows\system32\DWMAPI.DLL
0x00007ffc032d0000 - 0x00007ffc03365000 	C:\Windows\system32\uxtheme.dll
0x00007ffbf10c0000 - 0x00007ffbf11de000 	C:\Windows\system32\opengl32.dll
0x00007ffbf3200000 - 0x00007ffbf322c000 	C:\Windows\SYSTEM32\GLU32.dll
0x00007ffc06820000 - 0x00007ffc06987000 	C:\Windows\System32\MSCTF.dll
0x00007ffc07fd0000 - 0x00007ffc08119000 	C:\Windows\System32\ole32.dll
0x0000000057690000 - 0x00000000576c1000 	F:\tool\jdk\java_jdk_8\jdk_version\jre\bin\jpeg.dll
0x00000000553d0000 - 0x0000000055417000 	F:\tool\jdk\java_jdk_8\jdk_version\jre\bin\fontmanager.dll
0x0000000056990000 - 0x00000000569aa000 	F:\tool\jdk\java_jdk_8\jdk_version\jre\bin\net.dll
0x00007ffc045f0000 - 0x00007ffc04656000 	C:\Windows\system32\mswsock.dll
0x0000000056970000 - 0x0000000056981000 	F:\tool\jdk\java_jdk_8\jdk_version\jre\bin\nio.dll
0x0000000055380000 - 0x00000000553c2000 	F:\tool\jdk\java_jdk_8\jdk_version\jre\bin\t2k.dll
0x00007ffbfe090000 - 0x00007ffbfe128000 	C:\Windows\System32\TextInputFramework.dll
0x00007ffc00200000 - 0x00007ffc004ee000 	C:\Windows\System32\CoreUIComponents.dll
0x00007ffc02be0000 - 0x00007ffc02cbc000 	C:\Windows\System32\CoreMessaging.dll
0x00007ffc03fa0000 - 0x00007ffc03fd1000 	C:\Windows\SYSTEM32\ntmarta.dll
0x00007ffc00f80000 - 0x00007ffc010b6000 	C:\Windows\SYSTEM32\wintypes.dll
0x00007ffc08410000 - 0x00007ffc084ae000 	C:\Windows\System32\clbcatq.dll
0x00007ffbe7a90000 - 0x00007ffbe7c79000 	C:\Windows\system32\SogouTSF.ime
0x00007ffc01e50000 - 0x00007ffc01e57000 	C:\Windows\system32\MSIMG32.dll
0x00007ffbe1a80000 - 0x00007ffbe22f7000 	C:\Windows\system32\SogouPy.ime
0x00007ffc00020000 - 0x00007ffc0008e000 	C:\Windows\SYSTEM32\OLEACC.dll
0x00007ffbff290000 - 0x00007ffbff36e000 	C:\Windows\SYSTEM32\WINHTTP.dll
0x000000001f3a0000 - 0x000000001f4dc000 	F:\SogouInput\9.3.0.3129\Resource.dll
0x00007ffbe7220000 - 0x00007ffbe7489000 	F:\SogouInput\Components\PicFace\1.1.0.1859\PicFace64.dll
0x00007ffc06490000 - 0x00007ffc0659a000 	C:\Windows\System32\COMDLG32.dll
0x00007ffbf84b0000 - 0x00007ffbf84db000 	F:\tool\jdk\java_jdk_8\jdk_version\jre\bin\Jpcap.dll
0x00007ffc04380000 - 0x00007ffc043b9000 	C:\Windows\SYSTEM32\IPHLPAPI.DLL
0x0000000180000000 - 0x0000000180065000 	C:\Windows\SYSTEM32\wpcap.dll
0x000000001f0a0000 - 0x000000001f0bf000 	C:\Windows\SYSTEM32\packet.dll
0x00007ffc06810000 - 0x00007ffc06818000 	C:\Windows\System32\NSI.dll
0x00007ffbff530000 - 0x00007ffbff546000 	C:\Windows\SYSTEM32\dhcpcsvc6.DLL
0x00007ffbffa50000 - 0x00007ffbffa6a000 	C:\Windows\SYSTEM32\dhcpcsvc.DLL
0x00007ffc00ab0000 - 0x00007ffc00c5c000 	C:\Windows\SYSTEM32\WindowsCodecs.dll
0x00007ffbf3250000 - 0x00007ffbf329f000 	C:\Windows\system32\dataexchange.dll
0x00007ffc01f00000 - 0x00007ffc021e2000 	C:\Windows\system32\d3d11.dll
0x00007ffc02cc0000 - 0x00007ffc02e02000 	C:\Windows\system32\dcomp.dll
0x00007ffc03bc0000 - 0x00007ffc03c6f000 	C:\Windows\system32\dxgi.dll
0x00007ffc03720000 - 0x00007ffc0389b000 	C:\Windows\system32\twinapi.appcore.dll
0x00007ffc036d0000 - 0x00007ffc036f0000 	C:\Windows\system32\RMCLIENT.dll
0x00007ffc048c0000 - 0x00007ffc048e5000 	C:\Windows\system32\bcrypt.dll
0x00007ffbf5440000 - 0x00007ffbf5456000 	C:\Windows\system32\napinsp.dll
0x00007ffbf5420000 - 0x00007ffbf543a000 	C:\Windows\system32\pnrpnsp.dll
0x00007ffc019e0000 - 0x00007ffc019f8000 	C:\Windows\system32\NLAapi.dll
0x00007ffc043c0000 - 0x00007ffc04476000 	C:\Windows\SYSTEM32\DNSAPI.dll
0x00007ffbf5410000 - 0x00007ffbf541e000 	C:\Windows\System32\winrnr.dll
0x00007ffbf53f0000 - 0x00007ffbf5405000 	C:\Windows\System32\wshbth.dll
0x00000000561e0000 - 0x0000000056206000 	C:\Program Files\Bonjour\mdnsNSP.dll
0x00007ffbf67d0000 - 0x00007ffbf68dd000 	C:\Windows\SysWOW64\ierd_tgp_lsp64.dll
0x00007ffbff240000 - 0x00007ffbff24a000 	C:\Windows\system32\wshqos.dll
0x00007ffbff230000 - 0x00007ffbff238000 	C:\Windows\SYSTEM32\wshtcpip.DLL
0x00007ffbff220000 - 0x00007ffbff228000 	C:\Windows\SYSTEM32\wship6.dll
0x00007ffbf79e0000 - 0x00007ffbf79ea000 	C:\Windows\System32\rasadhlp.dll
0x00007ffbf88f0000 - 0x00007ffbf8960000 	C:\Windows\System32\fwpuclnt.dll
0x00007ffbf5620000 - 0x00007ffbf57e8000 	C:\Windows\SYSTEM32\dbghelp.dll

VM Arguments:
jvm_args: -Dfile.encoding=GBK -Xbootclasspath:F:\tool\jdk\java_jdk_8\jdk_version\jre\lib\resources.jar;F:\tool\jdk\java_jdk_8\jdk_version\jre\lib\rt.jar;F:\tool\jdk\java_jdk_8\jdk_version\jre\lib\jsse.jar;F:\tool\jdk\java_jdk_8\jdk_version\jre\lib\jce.jar;F:\tool\jdk\java_jdk_8\jdk_version\jre\lib\charsets.jar;F:\tool\jdk\java_jdk_8\jdk_version\jre\lib\jfr.jar 
java_command: network.controller.Main
java_class_path (initial): F:\tool\jdk\java_jdk_8\jdk_version\jre\lib\resources.jar;F:\tool\jdk\java_jdk_8\jdk_version\jre\lib\rt.jar;F:\tool\jdk\java_jdk_8\jdk_version\jre\lib\jsse.jar;F:\tool\jdk\java_jdk_8\jdk_version\jre\lib\jce.jar;F:\tool\jdk\java_jdk_8\jdk_version\jre\lib\charsets.jar;F:\tool\jdk\java_jdk_8\jdk_version\jre\lib\jfr.jar;F:\workspace\NetworkProtocolAnalyzer\bin
Launcher Type: SUN_STANDARD

Environment Variables:
JAVA_HOME=F:\shxt\soft\java\jdk1.8.0_77_64
CLASSPATH=.;F:\tool\jdk\java_jdk_8\jdk_version\lib\dt.jar;F:\tool\jdk\java_jdk_8\jdk_version\lib\tools.jar
PATH=C:/Program Files (x86)/Java/jre1.8.0_162/bin/client;C:/Program Files (x86)/Java/jre1.8.0_162/bin;C:/Program Files (x86)/Java/jre1.8.0_162/lib/i386;C:\ProgramData\Oracle\Java\javapath;E:\app\Administrator\product\11.2.0\dbhome_1\bin;C:\Windows\system32;C:\Windows;C:\Windows\System32\Wbem;C:\Windows\System32\WindowsPowerShell\v1.0\;F:\tool\jdk\java_jdk_8\jdk_version\bin;F:\tool\jdk\java_jdk_8\jdk_version\jre\bin;F:\tool\tomcat\apache-tomcat-7\lib;F:\tool\tomcat\apache-tomcat-7\bin;C:\Program Files\MySQL\MySQL Utilities 1.6\;E:\Program Files\python0327\Scripts;E:\Program Files\python0327;E:\Program Files\MATLAB\R2016a\runtime\win64;E:\Program Files\MATLAB\R2016a\bin;E:\Program Files\MATLAB\R2016a\polyspace\bin;C:\Users\Administrator\AppData\Local\Microsoft\WindowsApps;;F:\eclipse-jee-oxygen-3a-win32[1]\eclipse;
USERNAME=Administrator
OS=Windows_NT
PROCESSOR_IDENTIFIER=Intel64 Family 6 Model 60 Stepping 3, GenuineIntel



---------------  S Y S T E M  ---------------

OS: Windows 10.0 , 64 bit Build 16299 (10.0.16299.431)

CPU:total 4 (initial active 4) (2 cores per cpu, 2 threads per core) family 6 model 60 stepping 3, cmov, cx8, fxsr, mmx, sse, sse2, sse3, ssse3, sse4.1, sse4.2, popcnt, avx, avx2, aes, clmul, erms, lzcnt, ht, tsc, tscinvbit, bmi1, bmi2

Memory: 4k page, physical 8302956k(4434744k free), swap 8827244k(4102404k free)

vm_info: Java HotSpot(TM) 64-Bit Server VM (25.144-b01) for windows-amd64 JRE (1.8.0_144-b01), built on Jul 21 2017 21:57:33 by "java_re" with MS VC++ 10.0 (VS2010)

time: Tue Sep 17 12:40:32 2019
elapsed time: 76 seconds (0d 0h 1m 16s)

