#
# A fatal error has been detected by the Java Runtime Environment:
#
#  EXCEPTION_ACCESS_VIOLATION (0xc0000005) at pc=0x000000005556a62e, pid=5832, tid=0x0000000000003154
#
# JRE version: Java(TM) SE Runtime Environment (8.0_144-b01) (build 1.8.0_144-b01)
# Java VM: Java HotSpot(TM) 64-Bit Server VM (25.144-b01 mixed mode windows-amd64 compressed oops)
# Problematic frame:
# V  [jvm.dll+0x14a62e]
#
# Failed to write core dump. Minidumps are not enabled by default on client versions of Windows
#
# If you would like to submit a bug report, please visit:
#   http://bugreport.java.com/bugreport/crash.jsp
#

---------------  T H R E A D  ---------------

Current thread (0x0000000022d10800):  JavaThread "Thread-2" [_thread_in_vm, id=12628, stack(0x0000000023fd0000,0x00000000240d0000)]

siginfo: ExceptionCode=0xc0000005, reading address 0xffffffffffffffff

Registers:
RAX=0x7774656e20740a0d, RBX=0x7774656e20740a0d, RCX=0x00000000d84c58c0, RDX=0x0000000000000000
RSP=0x00000000240ce920, RBP=0x0000000022d109f8, RSI=0x0000000022d109f8, RDI=0x0000000022d10800
R8 =0x0000000022d10800, R9 =0x000000001c4f5c98, R10=0x0000000000000032, R11=0x0000000000000032
R12=0x000000001c4f5c80, R13=0x000000001c4f5c88, R14=0x000000001c4f5c70, R15=0x0000000022b38300
RIP=0x000000005556a62e, EFLAGS=0x0000000000010246

Top of Stack: (sp=0x00000000240ce920)
0x00000000240ce920:   000000001b48ef58 000000001b48ef58
0x00000000240ce930:   00000000240ce988 00000000240ce9b8
0x00000000240ce940:   000000001b48ef58 000000005548ea67
0x00000000240ce950:   0000000022d10800 0000000000000032
0x00000000240ce960:   0000000022af7a70 00000000240ce9b8
0x00000000240ce970:   0000000022d109f8 0000000022d10800
0x00000000240ce980:   0000000000000000 000000001b48ef58
0x00000000240ce990:   0000000022d10800 0000000022af7a70
0x00000000240ce9a0:   0000000022d109f8 0000000055561235
0x00000000240ce9b0:   0000000022af7a70 0000000022d10800
0x00000000240ce9c0:   0000000022d109f8 000000018002a72b
0x00000000240ce9d0:   0000000022d10800 0000000000000000
0x00000000240ce9e0:   0000000000000000 0000000055bc1d50
0x00000000240ce9f0:   000000001c4f5c90 00007ffbf14c179b
0x00000000240cea00:   0000000022d109f8 000000001c4f5c90
0x00000000240cea10:   000000001c343aa0 000000001c4f5c98 

Instructions: (pc=0x000000005556a62e)
0x000000005556a60e:   00 00 00 00 74 0a 48 8d 4c 24 58 e8 82 17 13 00
0x000000005556a61e:   48 8b 0b e8 8a e1 f1 ff 4c 8b c7 33 d2 48 8b d8
0x000000005556a62e:   48 8b 00 48 8b cb ff 50 78 48 83 7f 08 00 74 04
0x000000005556a63e:   33 c0 eb 25 48 8b 03 48 8b d7 48 8b cb ff 90 90 


Register to memory mapping:

RAX=0x7774656e20740a0d is an unknown value
RBX=0x7774656e20740a0d is an unknown value
RCX=0x00000000d84c58c0 is an oop
java.io.FileDescriptor 
 - klass: 'java/io/FileDescriptor'
RDX=0x0000000000000000 is an unknown value
RSP=0x00000000240ce920 is pointing into the stack for thread: 0x0000000022d10800
RBP=0x0000000022d109f8 is an unknown value
RSI=0x0000000022d109f8 is an unknown value
RDI=0x0000000022d10800 is a thread
R8 =0x0000000022d10800 is a thread
R9 =0x000000001c4f5c98 is an unknown value
R10=0x0000000000000032 is an unknown value
R11=0x0000000000000032 is an unknown value
R12=0x000000001c4f5c80 is an unknown value
R13=0x000000001c4f5c88 is an unknown value
R14=0x000000001c4f5c70 is an unknown value
R15=0x0000000022b38300 is an unknown value


Stack: [0x0000000023fd0000,0x00000000240d0000],  sp=0x00000000240ce920,  free space=1018k
Native frames: (J=compiled Java code, j=interpreted, Vv=VM code, C=native code)
V  [jvm.dll+0x14a62e]
C  [Jpcap.dll+0x179b]
C  0x00000000051b100c

Java frames: (J=compiled Java code, j=interpreted, Vv=VM code)
j  jpcap.JpcapCaptor.getDeviceList()[Ljpcap/NetworkInterface;+0
j  network.host.MacSearch.macSSearch(Ljava/net/InetAddress;)[B+0
j  network.host.HostListDialog$1.run()V+142
v  ~StubRoutines::call_stub

---------------  P R O C E S S  ---------------

Java Threads: ( => current thread )
  0x000000001c558000 JavaThread "pool-5-thread-253" [_thread_in_native, id=13092, stack(0x0000000046800000,0x0000000046900000)]
  0x000000001c556800 JavaThread "pool-5-thread-252" [_thread_in_native, id=4332, stack(0x0000000046700000,0x0000000046800000)]
  0x000000001c55c800 JavaThread "pool-5-thread-251" [_thread_blocked, id=10896, stack(0x0000000046600000,0x0000000046700000)]
  0x000000001c557000 JavaThread "pool-5-thread-250" [_thread_in_native, id=6992, stack(0x0000000046500000,0x0000000046600000)]
  0x000000001c559800 JavaThread "pool-5-thread-249" [_thread_in_native, id=10884, stack(0x0000000046400000,0x0000000046500000)]
  0x000000001c555000 JavaThread "pool-5-thread-248" [_thread_blocked, id=11448, stack(0x0000000046300000,0x0000000046400000)]
  0x000000001c55a000 JavaThread "pool-5-thread-247" [_thread_blocked, id=12552, stack(0x0000000046200000,0x0000000046300000)]
  0x000000001c55b000 JavaThread "pool-5-thread-246" [_thread_blocked, id=3064, stack(0x0000000046100000,0x0000000046200000)]
  0x000000001c554000 JavaThread "pool-5-thread-245" [_thread_blocked, id=10972, stack(0x0000000046000000,0x0000000046100000)]
  0x000000001c553800 JavaThread "pool-5-thread-244" [_thread_in_native, id=7224, stack(0x0000000045f00000,0x0000000046000000)]
  0x000000001c552800 JavaThread "pool-5-thread-243" [_thread_blocked, id=5808, stack(0x0000000045e00000,0x0000000045f00000)]
  0x000000001c552000 JavaThread "pool-5-thread-242" [_thread_in_native, id=10708, stack(0x0000000045d00000,0x0000000045e00000)]
  0x000000001c551000 JavaThread "pool-5-thread-241" [_thread_blocked, id=1244, stack(0x0000000045c00000,0x0000000045d00000)]
  0x000000001c54a800 JavaThread "pool-5-thread-240" [_thread_in_native, id=6808, stack(0x0000000045b00000,0x0000000045c00000)]
  0x000000001c549800 JavaThread "pool-5-thread-239" [_thread_in_native, id=10984, stack(0x0000000045a00000,0x0000000045b00000)]
  0x000000001c54d800 JavaThread "pool-5-thread-238" [_thread_blocked, id=13112, stack(0x0000000045900000,0x0000000045a00000)]
  0x000000001c550800 JavaThread "pool-5-thread-237" [_thread_in_native, id=8060, stack(0x0000000045800000,0x0000000045900000)]
  0x000000001c54f800 JavaThread "pool-5-thread-236" [_thread_in_native, id=12980, stack(0x0000000045700000,0x0000000045800000)]
  0x000000001c54c800 JavaThread "pool-5-thread-235" [_thread_in_native, id=11380, stack(0x0000000045600000,0x0000000045700000)]
  0x000000001c54f000 JavaThread "pool-5-thread-234" [_thread_blocked, id=8224, stack(0x0000000045500000,0x0000000045600000)]
  0x000000001c54b000 JavaThread "pool-5-thread-233" [_thread_blocked, id=10772, stack(0x0000000045400000,0x0000000045500000)]
  0x000000001c54c000 JavaThread "pool-5-thread-232" [_thread_in_native, id=616, stack(0x0000000045300000,0x0000000045400000)]
  0x000000001c549000 JavaThread "pool-5-thread-231" [_thread_in_native, id=3788, stack(0x0000000045200000,0x0000000045300000)]
  0x000000001c54e000 JavaThread "pool-5-thread-230" [_thread_in_native, id=5948, stack(0x0000000045100000,0x0000000045200000)]
  0x000000001c541000 JavaThread "pool-5-thread-229" [_thread_in_native, id=3428, stack(0x0000000045000000,0x0000000045100000)]
  0x000000001c547800 JavaThread "pool-5-thread-228" [_thread_in_native, id=6380, stack(0x0000000044f00000,0x0000000045000000)]
  0x000000001c548000 JavaThread "pool-5-thread-227" [_thread_in_native, id=4244, stack(0x0000000044e00000,0x0000000044f00000)]
  0x000000001c546800 JavaThread "pool-5-thread-226" [_thread_in_native, id=11736, stack(0x0000000044b00000,0x0000000044c00000)]
  0x000000001c546000 JavaThread "pool-5-thread-225" [_thread_in_native, id=13268, stack(0x0000000044a00000,0x0000000044b00000)]
  0x000000001c545000 JavaThread "pool-5-thread-224" [_thread_in_native, id=10716, stack(0x0000000044900000,0x0000000044a00000)]
  0x000000001c542800 JavaThread "pool-5-thread-223" [_thread_in_native, id=7824, stack(0x0000000044800000,0x0000000044900000)]
  0x000000001c544800 JavaThread "pool-5-thread-222" [_thread_in_native, id=3764, stack(0x0000000044700000,0x0000000044800000)]
  0x000000001c543800 JavaThread "pool-5-thread-221" [_thread_in_native, id=1888, stack(0x0000000044600000,0x0000000044700000)]
  0x000000001c53c000 JavaThread "pool-5-thread-220" [_thread_in_native, id=9404, stack(0x0000000044500000,0x0000000044600000)]
  0x000000001c542000 JavaThread "pool-5-thread-219" [_thread_in_native, id=12244, stack(0x0000000044400000,0x0000000044500000)]
  0x000000001c539800 JavaThread "pool-5-thread-218" [_thread_blocked, id=11052, stack(0x0000000044300000,0x0000000044400000)]
  0x000000001c53f800 JavaThread "pool-5-thread-217" [_thread_in_native, id=4608, stack(0x0000000044200000,0x0000000044300000)]
  0x000000001c53e000 JavaThread "pool-5-thread-216" [_thread_in_native, id=13048, stack(0x0000000044100000,0x0000000044200000)]
  0x000000001c53b000 JavaThread "pool-5-thread-215" [_thread_in_native, id=9696, stack(0x0000000044000000,0x0000000044100000)]
  0x000000001c540800 JavaThread "pool-5-thread-214" [_thread_in_native, id=11112, stack(0x0000000043f00000,0x0000000044000000)]
  0x000000001c538000 JavaThread "pool-5-thread-213" [_thread_in_native, id=5512, stack(0x0000000043e00000,0x0000000043f00000)]
  0x000000001c539000 JavaThread "pool-5-thread-212" [_thread_blocked, id=5272, stack(0x0000000043d00000,0x0000000043e00000)]
  0x000000001c53a800 JavaThread "pool-5-thread-211" [_thread_in_native, id=6224, stack(0x0000000043c00000,0x0000000043d00000)]
  0x000000001c53d800 JavaThread "pool-5-thread-210" [_thread_blocked, id=7096, stack(0x0000000043b00000,0x0000000043c00000)]
  0x000000001c53f000 JavaThread "pool-5-thread-209" [_thread_in_native, id=5704, stack(0x0000000043a00000,0x0000000043b00000)]
  0x000000001c53c800 JavaThread "pool-5-thread-208" [_thread_blocked, id=11096, stack(0x0000000043900000,0x0000000043a00000)]
  0x000000001c530800 JavaThread "pool-5-thread-207" [_thread_blocked, id=9788, stack(0x0000000043800000,0x0000000043900000)]
  0x000000001c537800 JavaThread "pool-5-thread-206" [_thread_in_native, id=12976, stack(0x0000000043700000,0x0000000043800000)]
  0x000000001c530000 JavaThread "pool-5-thread-205" [_thread_blocked, id=6420, stack(0x0000000043600000,0x0000000043700000)]
  0x000000001c536800 JavaThread "pool-5-thread-204" [_thread_in_native, id=1872, stack(0x0000000043500000,0x0000000043600000)]
  0x000000001c52f000 JavaThread "pool-5-thread-203" [_thread_in_native, id=5024, stack(0x0000000043400000,0x0000000043500000)]
  0x000000001c536000 JavaThread "pool-5-thread-202" [_thread_in_native, id=5612, stack(0x0000000043300000,0x0000000043400000)]
  0x000000001c52e800 JavaThread "pool-5-thread-201" [_thread_in_native, id=2704, stack(0x0000000043200000,0x0000000043300000)]
  0x000000001c535000 JavaThread "pool-5-thread-200" [_thread_in_native, id=1416, stack(0x0000000043100000,0x0000000043200000)]
  0x000000001c533000 JavaThread "pool-5-thread-199" [_thread_in_native, id=5208, stack(0x0000000043000000,0x0000000043100000)]
  0x000000001c52d800 JavaThread "pool-5-thread-198" [_thread_blocked, id=8412, stack(0x0000000042f00000,0x0000000043000000)]
  0x000000001c532000 JavaThread "pool-5-thread-197" [_thread_blocked, id=11272, stack(0x0000000042e00000,0x0000000042f00000)]
  0x000000001c533800 JavaThread "pool-5-thread-196" [_thread_in_native, id=4356, stack(0x0000000042d00000,0x0000000042e00000)]
  0x000000001c531800 JavaThread "pool-5-thread-195" [_thread_blocked, id=9988, stack(0x0000000042c00000,0x0000000042d00000)]
  0x000000001c534800 JavaThread "pool-5-thread-194" [_thread_blocked, id=180, stack(0x0000000042b00000,0x0000000042c00000)]
  0x000000001c526000 JavaThread "pool-5-thread-193" [_thread_in_native, id=6940, stack(0x0000000042a00000,0x0000000042b00000)]
  0x000000001c52d000 JavaThread "pool-5-thread-192" [_thread_in_native, id=2236, stack(0x0000000042900000,0x0000000042a00000)]
  0x000000001c52a000 JavaThread "pool-5-thread-191" [_thread_blocked, id=10620, stack(0x0000000042800000,0x0000000042900000)]
  0x000000001c52a800 JavaThread "pool-5-thread-190" [_thread_in_native, id=3760, stack(0x0000000042700000,0x0000000042800000)]
  0x000000001c529000 JavaThread "pool-5-thread-189" [_thread_in_native, id=1156, stack(0x0000000042600000,0x0000000042700000)]
  0x000000001c528800 JavaThread "pool-5-thread-188" [_thread_blocked, id=4744, stack(0x0000000042500000,0x0000000042600000)]
  0x000000001c527800 JavaThread "pool-5-thread-187" [_thread_blocked, id=3976, stack(0x0000000042400000,0x0000000042500000)]
  0x000000001c525800 JavaThread "pool-5-thread-186" [_thread_in_native, id=6316, stack(0x0000000042300000,0x0000000042400000)]
  0x000000001c527000 JavaThread "pool-5-thread-185" [_thread_blocked, id=10704, stack(0x0000000042200000,0x0000000042300000)]
  0x000000001c52c000 JavaThread "pool-5-thread-184" [_thread_blocked, id=8828, stack(0x0000000042100000,0x0000000042200000)]
  0x000000001c52b800 JavaThread "pool-5-thread-183" [_thread_blocked, id=3268, stack(0x0000000042000000,0x0000000042100000)]
  0x000000001c524800 JavaThread "pool-5-thread-182" [_thread_blocked, id=4116, stack(0x0000000041f00000,0x0000000042000000)]
  0x0000000023cac800 JavaThread "pool-5-thread-181" [_thread_in_native, id=12344, stack(0x0000000041e00000,0x0000000041f00000)]
  0x0000000023cad800 JavaThread "pool-5-thread-180" [_thread_in_native, id=9424, stack(0x0000000041d00000,0x0000000041e00000)]
  0x0000000023cac000 JavaThread "pool-5-thread-179" [_thread_in_native, id=10616, stack(0x0000000041c00000,0x0000000041d00000)]
  0x0000000023cab000 JavaThread "pool-5-thread-178" [_thread_in_native, id=9060, stack(0x0000000041b00000,0x0000000041c00000)]
  0x0000000023caa800 JavaThread "pool-5-thread-177" [_thread_in_native, id=11316, stack(0x0000000041a00000,0x0000000041b00000)]
  0x0000000023ca9000 JavaThread "pool-5-thread-176" [_thread_in_native, id=12848, stack(0x0000000041900000,0x0000000041a00000)]
  0x0000000023ca9800 JavaThread "pool-5-thread-175" [_thread_in_native, id=5972, stack(0x0000000041800000,0x0000000041900000)]
  0x0000000023ca3000 JavaThread "pool-5-thread-174" [_thread_in_native, id=3380, stack(0x0000000041700000,0x0000000041800000)]
  0x0000000023ca1800 JavaThread "pool-5-thread-173" [_thread_in_native, id=8248, stack(0x0000000041600000,0x0000000041700000)]
  0x0000000023ca2000 JavaThread "pool-5-thread-172" [_thread_in_native, id=4268, stack(0x0000000041500000,0x0000000041600000)]
  0x0000000023ca8000 JavaThread "pool-5-thread-171" [_thread_blocked, id=5368, stack(0x0000000041400000,0x0000000041500000)]
  0x0000000023ca0800 JavaThread "pool-5-thread-170" [_thread_in_native, id=13200, stack(0x0000000041300000,0x0000000041400000)]
  0x0000000023ca7800 JavaThread "pool-5-thread-169" [_thread_in_native, id=7032, stack(0x0000000041200000,0x0000000041300000)]
  0x0000000023ca0000 JavaThread "pool-5-thread-168" [_thread_in_native, id=11688, stack(0x0000000041100000,0x0000000041200000)]
  0x0000000023ca6800 JavaThread "pool-5-thread-167" [_thread_in_native, id=10132, stack(0x0000000041000000,0x0000000041100000)]
  0x0000000023ca5000 JavaThread "pool-5-thread-166" [_thread_in_native, id=3192, stack(0x0000000040f00000,0x0000000041000000)]
  0x0000000023ca6000 JavaThread "pool-5-thread-165" [_thread_in_native, id=252, stack(0x0000000040e00000,0x0000000040f00000)]
  0x0000000023c9d800 JavaThread "pool-5-thread-164" [_thread_in_native, id=13128, stack(0x0000000040d00000,0x0000000040e00000)]
  0x0000000023ca3800 JavaThread "pool-5-thread-163" [_thread_in_native, id=6292, stack(0x0000000040c00000,0x0000000040d00000)]
  0x0000000023ca4800 JavaThread "pool-5-thread-162" [_thread_in_native, id=3864, stack(0x0000000040b00000,0x0000000040c00000)]
  0x0000000023c9f000 JavaThread "pool-5-thread-161" [_thread_blocked, id=1544, stack(0x0000000040a00000,0x0000000040b00000)]
  0x0000000023c9e800 JavaThread "pool-5-thread-160" [_thread_in_native, id=11596, stack(0x0000000040900000,0x0000000040a00000)]
  0x0000000023c9d000 JavaThread "pool-5-thread-159" [_thread_in_native, id=11484, stack(0x0000000040800000,0x0000000040900000)]
  0x0000000023c9c000 JavaThread "pool-5-thread-158" [_thread_in_native, id=9680, stack(0x0000000040700000,0x0000000040800000)]
  0x0000000023c9b800 JavaThread "pool-5-thread-157" [_thread_in_native, id=6120, stack(0x0000000040600000,0x0000000040700000)]
  0x0000000023c9a800 JavaThread "pool-5-thread-156" [_thread_in_native, id=10780, stack(0x0000000040500000,0x0000000040600000)]
  0x0000000023c93000 JavaThread "pool-5-thread-155" [_thread_blocked, id=8388, stack(0x0000000040400000,0x0000000040500000)]
  0x0000000023c94800 JavaThread "pool-5-thread-154" [_thread_in_native, id=7480, stack(0x0000000040300000,0x0000000040400000)]
  0x0000000023c9a000 JavaThread "pool-5-thread-153" [_thread_in_native, id=10876, stack(0x0000000040200000,0x0000000040300000)]
  0x0000000023c92000 JavaThread "pool-5-thread-152" [_thread_in_native, id=3872, stack(0x0000000040100000,0x0000000040200000)]
  0x0000000023c98000 JavaThread "pool-5-thread-151" [_thread_in_native, id=10836, stack(0x0000000040000000,0x0000000040100000)]
  0x0000000023c99000 JavaThread "pool-5-thread-150" [_thread_in_native, id=13220, stack(0x000000003ff00000,0x0000000040000000)]
  0x0000000023c90800 JavaThread "pool-5-thread-149" [_thread_in_native, id=9384, stack(0x000000003fe00000,0x000000003ff00000)]
  0x0000000023c91800 JavaThread "pool-5-thread-148" [_thread_blocked, id=6520, stack(0x000000003fd00000,0x000000003fe00000)]
  0x0000000023c97800 JavaThread "pool-5-thread-147" [_thread_blocked, id=4796, stack(0x000000003fc00000,0x000000003fd00000)]
  0x0000000023c96800 JavaThread "pool-5-thread-146" [_thread_in_native, id=12492, stack(0x000000003fb00000,0x000000003fc00000)]
  0x0000000023c93800 JavaThread "pool-5-thread-145" [_thread_in_native, id=12828, stack(0x000000003fa00000,0x000000003fb00000)]
  0x0000000023c8f000 JavaThread "pool-5-thread-144" [_thread_in_native, id=6756, stack(0x000000003f900000,0x000000003fa00000)]
  0x0000000023c96000 JavaThread "pool-5-thread-143" [_thread_blocked, id=12548, stack(0x000000003f800000,0x000000003f900000)]
  0x0000000023c95000 JavaThread "pool-5-thread-142" [_thread_in_native, id=13248, stack(0x000000003f700000,0x000000003f800000)]
  0x0000000023c90000 JavaThread "pool-5-thread-141" [_thread_in_native, id=9224, stack(0x000000003f600000,0x000000003f700000)]
  0x0000000023c88800 JavaThread "pool-5-thread-140" [_thread_in_native, id=6044, stack(0x000000003f500000,0x000000003f600000)]
  0x0000000023c8b800 JavaThread "pool-5-thread-139" [_thread_in_native, id=10128, stack(0x000000003f400000,0x000000003f500000)]
  0x0000000023c87800 JavaThread "pool-5-thread-138" [_thread_blocked, id=8604, stack(0x000000003f300000,0x000000003f400000)]
  0x0000000023c8e800 JavaThread "pool-5-thread-137" [_thread_blocked, id=6096, stack(0x000000003f200000,0x000000003f300000)]
  0x0000000023c87000 JavaThread "pool-5-thread-136" [_thread_in_native, id=1756, stack(0x000000003f100000,0x000000003f200000)]
  0x0000000023c8d800 JavaThread "pool-5-thread-135" [_thread_in_native, id=200, stack(0x000000003f000000,0x000000003f100000)]
  0x0000000023c8d000 JavaThread "pool-5-thread-134" [_thread_in_native, id=6356, stack(0x000000003ef00000,0x000000003f000000)]
  0x0000000023c8a800 JavaThread "pool-5-thread-133" [_thread_in_native, id=5672, stack(0x000000003ee00000,0x000000003ef00000)]
  0x0000000023c89000 JavaThread "pool-5-thread-132" [_thread_blocked, id=1592, stack(0x000000003ed00000,0x000000003ee00000)]
  0x0000000023c8a000 JavaThread "pool-5-thread-131" [_thread_in_native, id=5180, stack(0x000000003ec00000,0x000000003ed00000)]
  0x0000000023c8c000 JavaThread "pool-5-thread-130" [_thread_in_native, id=5660, stack(0x000000003eb00000,0x000000003ec00000)]
  0x0000000023c81000 JavaThread "pool-5-thread-129" [_thread_in_native, id=4000, stack(0x000000003ea00000,0x000000003eb00000)]
  0x0000000023c85800 JavaThread "pool-5-thread-128" [_thread_in_native, id=12784, stack(0x000000003e900000,0x000000003ea00000)]
  0x0000000023c84800 JavaThread "pool-5-thread-127" [_thread_in_native, id=12352, stack(0x000000003e800000,0x000000003e900000)]
  0x0000000023c7f800 JavaThread "pool-5-thread-126" [_thread_in_native, id=5812, stack(0x000000003e700000,0x000000003e800000)]
  0x0000000023c84000 JavaThread "pool-5-thread-125" [_thread_blocked, id=12820, stack(0x000000003e600000,0x000000003e700000)]
  0x0000000023c83000 JavaThread "pool-5-thread-124" [_thread_in_native, id=4828, stack(0x000000003e500000,0x000000003e600000)]
  0x0000000023c80000 JavaThread "pool-5-thread-123" [_thread_in_native, id=1664, stack(0x000000003e400000,0x000000003e500000)]
  0x0000000023c86000 JavaThread "pool-5-thread-122" [_thread_in_native, id=12668, stack(0x000000003e300000,0x000000003e400000)]
  0x0000000023c81800 JavaThread "pool-5-thread-121" [_thread_blocked, id=8400, stack(0x000000003e200000,0x000000003e300000)]
  0x0000000023c82800 JavaThread "pool-5-thread-120" [_thread_blocked, id=9712, stack(0x000000003e100000,0x000000003e200000)]
  0x0000000023c7e800 JavaThread "pool-5-thread-119" [_thread_in_native, id=11988, stack(0x000000003e000000,0x000000003e100000)]
  0x0000000023c77000 JavaThread "pool-5-thread-118" [_thread_in_native, id=2160, stack(0x000000003df00000,0x000000003e000000)]
  0x0000000023c7e000 JavaThread "pool-5-thread-117" [_thread_blocked, id=5652, stack(0x000000003de00000,0x000000003df00000)]
  0x0000000023c78000 JavaThread "pool-5-thread-116" [_thread_in_native, id=6324, stack(0x000000003dd00000,0x000000003de00000)]
  0x0000000023c7d000 JavaThread "pool-5-thread-115" [_thread_in_native, id=10336, stack(0x000000003dc00000,0x000000003dd00000)]
  0x0000000023c78800 JavaThread "pool-5-thread-114" [_thread_blocked, id=12780, stack(0x000000003db00000,0x000000003dc00000)]
  0x0000000023c7b000 JavaThread "pool-5-thread-113" [_thread_in_native, id=4080, stack(0x000000003da00000,0x000000003db00000)]
  0x0000000023c7a000 JavaThread "pool-5-thread-112" [_thread_blocked, id=968, stack(0x000000003d900000,0x000000003da00000)]
  0x0000000023c76800 JavaThread "pool-5-thread-111" [_thread_blocked, id=10912, stack(0x000000003d800000,0x000000003d900000)]
  0x0000000023c75800 JavaThread "pool-5-thread-110" [_thread_in_native, id=9468, stack(0x000000003d700000,0x000000003d800000)]
  0x0000000023c7c800 JavaThread "pool-5-thread-109" [_thread_in_native, id=11620, stack(0x000000003d600000,0x000000003d700000)]
  0x0000000023c79800 JavaThread "pool-5-thread-108" [_thread_blocked, id=7528, stack(0x000000003d500000,0x000000003d600000)]
  0x0000000023c7b800 JavaThread "pool-5-thread-107" [_thread_in_native, id=9584, stack(0x000000003d400000,0x000000003d500000)]
  0x0000000023c6e000 JavaThread "pool-5-thread-106" [_thread_blocked, id=5788, stack(0x000000003d300000,0x000000003d400000)]
  0x0000000023c75000 JavaThread "pool-5-thread-105" [_thread_in_native, id=8684, stack(0x000000003d200000,0x000000003d300000)]
  0x0000000023c6d800 JavaThread "pool-5-thread-104" [_thread_in_native, id=11972, stack(0x000000003d100000,0x000000003d200000)]
  0x0000000023c74000 JavaThread "pool-5-thread-103" [_thread_blocked, id=6672, stack(0x000000003d000000,0x000000003d100000)]
  0x0000000023c73800 JavaThread "pool-5-thread-102" [_thread_blocked, id=5976, stack(0x000000003cf00000,0x000000003d000000)]
  0x0000000023c6f000 JavaThread "pool-5-thread-101" [_thread_in_native, id=9588, stack(0x000000003ce00000,0x000000003cf00000)]
  0x0000000023c72800 JavaThread "pool-5-thread-100" [_thread_in_native, id=11836, stack(0x000000003cd00000,0x000000003ce00000)]
  0x0000000023c72000 JavaThread "pool-5-thread-99" [_thread_in_native, id=5528, stack(0x000000003cc00000,0x000000003cd00000)]
  0x0000000023c6f800 JavaThread "pool-5-thread-98" [_thread_in_native, id=988, stack(0x000000003cb00000,0x000000003cc00000)]
  0x0000000023c71000 JavaThread "pool-5-thread-97" [_thread_in_native, id=1608, stack(0x000000003ca00000,0x000000003cb00000)]
  0x0000000023c70800 JavaThread "pool-5-thread-96" [_thread_blocked, id=9496, stack(0x000000003c900000,0x000000003ca00000)]
  0x0000000022f33000 JavaThread "pool-5-thread-95" [_thread_blocked, id=11680, stack(0x000000003c800000,0x000000003c900000)]
  0x0000000022f32800 JavaThread "pool-5-thread-94" [_thread_in_native, id=1820, stack(0x000000003c700000,0x000000003c800000)]
  0x0000000022f2f000 JavaThread "pool-5-thread-93" [_thread_blocked, id=7204, stack(0x000000003c600000,0x000000003c700000)]
  0x0000000022f2e800 JavaThread "pool-5-thread-92" [_thread_in_native, id=12176, stack(0x000000003c500000,0x000000003c600000)]
  0x0000000022f35800 JavaThread "pool-5-thread-91" [_thread_blocked, id=11220, stack(0x000000003c400000,0x000000003c500000)]
  0x0000000022f34000 JavaThread "pool-5-thread-90" [_thread_blocked, id=11608, stack(0x000000003c300000,0x000000003c400000)]
  0x0000000022f31000 JavaThread "pool-5-thread-89" [_thread_blocked, id=10540, stack(0x000000003c200000,0x000000003c300000)]
  0x0000000022f31800 JavaThread "pool-5-thread-88" [_thread_blocked, id=7936, stack(0x000000003c100000,0x000000003c200000)]
  0x0000000022f30000 JavaThread "pool-5-thread-87" [_thread_in_native, id=9352, stack(0x000000003c000000,0x000000003c100000)]
  0x0000000022f34800 JavaThread "pool-5-thread-86" [_thread_in_native, id=5240, stack(0x000000003bf00000,0x000000003c000000)]
  0x0000000022f27000 JavaThread "pool-5-thread-85" [_thread_in_native, id=11828, stack(0x000000003be00000,0x000000003bf00000)]
  0x0000000022f2d800 JavaThread "pool-5-thread-84" [_thread_in_native, id=10212, stack(0x000000003bd00000,0x000000003be00000)]
  0x0000000022f2d000 JavaThread "pool-5-thread-83" [_thread_in_native, id=13152, stack(0x000000003bc00000,0x000000003bd00000)]
  0x0000000022f25800 JavaThread "pool-5-thread-82" [_thread_blocked, id=13176, stack(0x000000003bb00000,0x000000003bc00000)]
  0x0000000022f2c000 JavaThread "pool-5-thread-81" [_thread_blocked, id=11192, stack(0x000000003ba00000,0x000000003bb00000)]
  0x0000000022f24800 JavaThread "pool-5-thread-80" [_thread_in_native, id=12540, stack(0x000000003b900000,0x000000003ba00000)]
  0x0000000022f2b800 JavaThread "pool-5-thread-79" [_thread_blocked, id=10452, stack(0x000000003b800000,0x000000003b900000)]
  0x0000000022f24000 JavaThread "pool-5-thread-78" [_thread_in_native, id=5920, stack(0x000000003b700000,0x000000003b800000)]
  0x0000000022f2a800 JavaThread "pool-5-thread-77" [_thread_in_native, id=11740, stack(0x000000003b600000,0x000000003b700000)]
  0x0000000022f2a000 JavaThread "pool-5-thread-76" [_thread_in_native, id=5436, stack(0x000000003b500000,0x000000003b600000)]
  0x0000000022f28800 JavaThread "pool-5-thread-75" [_thread_in_native, id=12296, stack(0x000000003b400000,0x000000003b500000)]
  0x0000000022f29000 JavaThread "pool-5-thread-74" [_thread_in_native, id=9028, stack(0x000000003b300000,0x000000003b400000)]
  0x0000000022f21000 JavaThread "pool-5-thread-73" [_thread_in_native, id=8364, stack(0x000000003b200000,0x000000003b300000)]
  0x0000000022f23000 JavaThread "pool-5-thread-72" [_thread_in_native, id=9996, stack(0x000000003b100000,0x000000003b200000)]
  0x0000000022f26000 JavaThread "pool-5-thread-71" [_thread_blocked, id=3000, stack(0x000000003b000000,0x000000003b100000)]
  0x0000000022f27800 JavaThread "pool-5-thread-70" [_thread_in_native, id=11612, stack(0x000000003af00000,0x000000003b000000)]
  0x0000000022f1f800 JavaThread "pool-5-thread-69" [_thread_blocked, id=4628, stack(0x000000003ae00000,0x000000003af00000)]
  0x0000000022f22800 JavaThread "pool-5-thread-68" [_thread_in_native, id=5448, stack(0x000000003ad00000,0x000000003ae00000)]
  0x0000000022f21800 JavaThread "pool-5-thread-67" [_thread_in_native, id=11256, stack(0x000000003ac00000,0x000000003ad00000)]
  0x0000000022f1b800 JavaThread "pool-5-thread-66" [_thread_in_native, id=68, stack(0x000000003ab00000,0x000000003ac00000)]
  0x0000000022f1e000 JavaThread "pool-5-thread-65" [_thread_in_native, id=7440, stack(0x000000003aa00000,0x000000003ab00000)]
  0x0000000022f1d000 JavaThread "pool-5-thread-64" [_thread_in_native, id=10632, stack(0x000000003a900000,0x000000003aa00000)]
  0x0000000022f20000 JavaThread "pool-5-thread-63" [_thread_in_native, id=9968, stack(0x000000003a800000,0x000000003a900000)]
  0x0000000022f1e800 JavaThread "pool-5-thread-62" [_thread_in_native, id=11464, stack(0x000000003a700000,0x000000003a800000)]
  0x0000000022f17000 JavaThread "pool-5-thread-61" [_thread_in_native, id=5860, stack(0x000000003a600000,0x000000003a700000)]
  0x0000000022f1a000 JavaThread "pool-5-thread-60" [_thread_blocked, id=11172, stack(0x000000003a500000,0x000000003a600000)]
  0x0000000022f18800 JavaThread "pool-5-thread-59" [_thread_in_native, id=6112, stack(0x000000003a400000,0x000000003a500000)]
  0x0000000022f16800 JavaThread "pool-5-thread-58" [_thread_in_native, id=12572, stack(0x000000003a300000,0x000000003a400000)]
  0x0000000022f1b000 JavaThread "pool-5-thread-57" [_thread_in_native, id=12836, stack(0x000000003a200000,0x000000003a300000)]
  0x0000000022f19800 JavaThread "pool-5-thread-56" [_thread_in_native, id=6304, stack(0x000000003a100000,0x000000003a200000)]
  0x0000000022f18000 JavaThread "pool-5-thread-55" [_thread_in_native, id=5708, stack(0x000000003a000000,0x000000003a100000)]
  0x0000000022f1c800 JavaThread "pool-5-thread-54" [_thread_in_native, id=728, stack(0x0000000039f00000,0x000000003a000000)]
  0x0000000022f99000 JavaThread "pool-5-thread-53" [_thread_in_native, id=5256, stack(0x0000000039e00000,0x0000000039f00000)]
  0x0000000022f98000 JavaThread "pool-5-thread-52" [_thread_in_native, id=1620, stack(0x0000000039d00000,0x0000000039e00000)]
  0x0000000022f97800 JavaThread "pool-5-thread-51" [_thread_blocked, id=6460, stack(0x0000000039c00000,0x0000000039d00000)]
  0x0000000022f96800 JavaThread "pool-5-thread-50" [_thread_in_native, id=3304, stack(0x0000000039b00000,0x0000000039c00000)]
  0x0000000022f8f000 JavaThread "pool-5-thread-49" [_thread_blocked, id=10268, stack(0x0000000039a00000,0x0000000039b00000)]
  0x0000000022f96000 JavaThread "pool-5-thread-48" [_thread_blocked, id=3144, stack(0x0000000039900000,0x0000000039a00000)]
  0x0000000022f8e000 JavaThread "pool-5-thread-47" [_thread_in_native, id=8700, stack(0x0000000039800000,0x0000000039900000)]
  0x0000000022f95000 JavaThread "pool-5-thread-46" [_thread_in_native, id=12752, stack(0x0000000039700000,0x0000000039800000)]
  0x0000000022f92000 JavaThread "pool-5-thread-45" [_thread_blocked, id=6796, stack(0x0000000039600000,0x0000000039700000)]
  0x0000000022f8d800 JavaThread "pool-5-thread-44" [_thread_in_native, id=11388, stack(0x0000000039500000,0x0000000039600000)]
  0x0000000022f91000 JavaThread "pool-5-thread-43" [_thread_in_native, id=5020, stack(0x0000000039400000,0x0000000039500000)]
  0x0000000022f94000 JavaThread "pool-5-thread-42" [_thread_blocked, id=10272, stack(0x0000000039300000,0x0000000039400000)]
  0x0000000022f93800 JavaThread "pool-5-thread-41" [_thread_in_native, id=2232, stack(0x0000000039200000,0x0000000039300000)]
  0x0000000022f90800 JavaThread "pool-5-thread-40" [_thread_blocked, id=508, stack(0x0000000039100000,0x0000000039200000)]
  0x0000000022f8f800 JavaThread "pool-5-thread-39" [_thread_in_native, id=12728, stack(0x0000000039000000,0x0000000039100000)]
  0x0000000022f92800 JavaThread "pool-5-thread-38" [_thread_blocked, id=11968, stack(0x0000000038f00000,0x0000000039000000)]
  0x0000000022f86000 JavaThread "pool-5-thread-37" [_thread_in_native, id=12920, stack(0x0000000038e00000,0x0000000038f00000)]
  0x0000000022f8c800 JavaThread "pool-5-thread-36" [_thread_in_native, id=8752, stack(0x0000000038d00000,0x0000000038e00000)]
  0x0000000022f85000 JavaThread "pool-5-thread-35" [_thread_in_native, id=7296, stack(0x0000000038c00000,0x0000000038d00000)]
  0x0000000022f8c000 JavaThread "pool-5-thread-34" [_thread_in_native, id=608, stack(0x0000000038b00000,0x0000000038c00000)]
  0x0000000022f8b000 JavaThread "pool-5-thread-33" [_thread_blocked, id=12192, stack(0x0000000038a00000,0x0000000038b00000)]
  0x0000000022f83800 JavaThread "pool-5-thread-32" [_thread_in_native, id=2804, stack(0x0000000038900000,0x0000000038a00000)]
  0x0000000022f8a800 JavaThread "pool-5-thread-31" [_thread_blocked, id=11440, stack(0x0000000038800000,0x0000000038900000)]
  0x0000000022f83000 JavaThread "pool-5-thread-30" [_thread_in_native, id=4516, stack(0x0000000038700000,0x0000000038800000)]
  0x0000000022f89800 JavaThread "pool-5-thread-29" [_thread_blocked, id=8516, stack(0x0000000038600000,0x0000000038700000)]
  0x0000000022f89000 JavaThread "pool-5-thread-28" [_thread_blocked, id=4952, stack(0x0000000038500000,0x0000000038600000)]
  0x0000000022f86800 JavaThread "pool-5-thread-27" [_thread_blocked, id=5036, stack(0x0000000038400000,0x0000000038500000)]
  0x0000000022f87800 JavaThread "pool-5-thread-26" [_thread_blocked, id=1860, stack(0x0000000038300000,0x0000000038400000)]
  0x0000000022f88000 JavaThread "pool-5-thread-25" [_thread_blocked, id=13156, stack(0x0000000038200000,0x0000000038300000)]
  0x0000000022f84800 JavaThread "pool-5-thread-24" [_thread_blocked, id=5836, stack(0x0000000038100000,0x0000000038200000)]
  0x0000000022f82000 JavaThread "pool-5-thread-23" [_thread_in_native, id=1344, stack(0x0000000038000000,0x0000000038100000)]
  0x0000000022f7a800 JavaThread "pool-5-thread-22" [_thread_in_native, id=4220, stack(0x0000000037f00000,0x0000000038000000)]
  0x0000000022f80800 JavaThread "pool-5-thread-21" [_thread_in_native, id=11116, stack(0x0000000037e00000,0x0000000037f00000)]
  0x0000000022f7d800 JavaThread "pool-5-thread-20" [_thread_in_native, id=8480, stack(0x0000000037d00000,0x0000000037e00000)]
  0x0000000022f7c000 JavaThread "pool-5-thread-19" [_thread_in_native, id=9828, stack(0x0000000037c00000,0x0000000037d00000)]
  0x0000000022f80000 JavaThread "pool-5-thread-18" [_thread_in_native, id=6116, stack(0x0000000037b00000,0x0000000037c00000)]
  0x0000000022f81800 JavaThread "pool-5-thread-17" [_thread_blocked, id=7328, stack(0x0000000037a00000,0x0000000037b00000)]
  0x0000000022f7f000 JavaThread "pool-5-thread-16" [_thread_in_native, id=6076, stack(0x0000000037900000,0x0000000037a00000)]
  0x0000000022f7e800 JavaThread "pool-5-thread-15" [_thread_blocked, id=2460, stack(0x0000000037800000,0x0000000037900000)]
  0x0000000022f7a000 JavaThread "pool-5-thread-14" [_thread_blocked, id=6052, stack(0x0000000037700000,0x0000000037800000)]
  0x0000000022f7d000 JavaThread "pool-5-thread-13" [_thread_in_native, id=12420, stack(0x0000000037600000,0x0000000037700000)]
  0x0000000022f7b800 JavaThread "pool-5-thread-12" [_thread_in_native, id=11776, stack(0x0000000037500000,0x0000000037600000)]
  0x0000000022ebb800 JavaThread "pool-5-thread-11" [_thread_in_native, id=11224, stack(0x0000000037400000,0x0000000037500000)]
  0x0000000022ebb000 JavaThread "pool-5-thread-10" [_thread_in_native, id=540, stack(0x0000000037300000,0x0000000037400000)]
  0x0000000022eba000 JavaThread "pool-5-thread-9" [_thread_in_native, id=9776, stack(0x0000000037200000,0x0000000037300000)]
  0x0000000022ebd000 JavaThread "pool-5-thread-8" [_thread_in_native, id=8184, stack(0x0000000037100000,0x0000000037200000)]
  0x0000000022ebc800 JavaThread "pool-5-thread-7" [_thread_blocked, id=13032, stack(0x0000000037000000,0x0000000037100000)]
  0x0000000022eb2800 JavaThread "pool-5-thread-6" [_thread_in_native, id=12736, stack(0x0000000036f00000,0x0000000037000000)]
  0x0000000022eb9800 JavaThread "pool-5-thread-5" [_thread_in_native, id=1968, stack(0x0000000036e00000,0x0000000036f00000)]
  0x0000000022eb8800 JavaThread "pool-5-thread-4" [_thread_in_native, id=9268, stack(0x0000000036d00000,0x0000000036e00000)]
  0x0000000022eb5800 JavaThread "pool-5-thread-3" [_thread_in_native, id=11168, stack(0x0000000036c00000,0x0000000036d00000)]
  0x0000000022eb5000 JavaThread "pool-5-thread-2" [_thread_blocked, id=8488, stack(0x0000000036b00000,0x0000000036c00000)]
  0x0000000022eb4000 JavaThread "pool-5-thread-1" [_thread_in_native, id=4364, stack(0x0000000036a00000,0x0000000036b00000)]
  0x0000000022eb6800 JavaThread "Thread-256" [_thread_in_native, id=11068, stack(0x0000000036900000,0x0000000036a00000)]
  0x0000000022eb8000 JavaThread "pool-3-thread-253" [_thread_blocked, id=7524, stack(0x0000000036800000,0x0000000036900000)]
  0x0000000022eb7000 JavaThread "pool-3-thread-252" [_thread_blocked, id=12068, stack(0x0000000036700000,0x0000000036800000)]
  0x0000000022eb3800 JavaThread "pool-3-thread-251" [_thread_blocked, id=5496, stack(0x0000000036600000,0x0000000036700000)]
  0x0000000022eac800 JavaThread "pool-3-thread-250" [_thread_blocked, id=3472, stack(0x0000000036500000,0x0000000036600000)]
  0x0000000022eb2000 JavaThread "pool-3-thread-249" [_thread_blocked, id=8360, stack(0x0000000036400000,0x0000000036500000)]
  0x0000000022eaa800 JavaThread "pool-3-thread-248" [_thread_blocked, id=11568, stack(0x0000000036300000,0x0000000036400000)]
  0x0000000022eb1000 JavaThread "pool-3-thread-247" [_thread_blocked, id=9608, stack(0x0000000036200000,0x0000000036300000)]
  0x0000000022ea9800 JavaThread "pool-3-thread-246" [_thread_blocked, id=7404, stack(0x0000000036100000,0x0000000036200000)]
  0x0000000022eb0800 JavaThread "pool-3-thread-245" [_thread_blocked, id=11104, stack(0x0000000036000000,0x0000000036100000)]
  0x0000000022ea9000 JavaThread "pool-3-thread-244" [_thread_blocked, id=4564, stack(0x0000000035f00000,0x0000000036000000)]
  0x0000000022ead800 JavaThread "pool-3-thread-243" [_thread_blocked, id=1512, stack(0x0000000035e00000,0x0000000035f00000)]
  0x0000000022eac000 JavaThread "pool-3-thread-242" [_thread_blocked, id=11692, stack(0x0000000035d00000,0x0000000035e00000)]
  0x0000000022eaf800 JavaThread "pool-3-thread-241" [_thread_blocked, id=11004, stack(0x0000000035c00000,0x0000000035d00000)]
  0x0000000022eab000 JavaThread "pool-3-thread-240" [_thread_blocked, id=9360, stack(0x0000000035b00000,0x0000000035c00000)]
  0x0000000022ea8000 JavaThread "pool-3-thread-239" [_thread_blocked, id=8156, stack(0x0000000035a00000,0x0000000035b00000)]
  0x0000000022eae000 JavaThread "pool-3-thread-238" [_thread_blocked, id=10124, stack(0x0000000035900000,0x0000000035a00000)]
  0x0000000022eaf000 JavaThread "pool-3-thread-237" [_thread_blocked, id=11832, stack(0x0000000035800000,0x0000000035900000)]
  0x0000000022ea0800 JavaThread "pool-3-thread-236" [_thread_blocked, id=11332, stack(0x0000000035700000,0x0000000035800000)]
  0x0000000022ea7800 JavaThread "pool-3-thread-235" [_thread_blocked, id=6020, stack(0x0000000035600000,0x0000000035700000)]
  0x0000000022ea6800 JavaThread "pool-3-thread-234" [_thread_blocked, id=4320, stack(0x0000000035500000,0x0000000035600000)]
  0x0000000022ea5000 JavaThread "pool-3-thread-233" [_thread_blocked, id=10908, stack(0x0000000035400000,0x0000000035500000)]
  0x0000000022e9f000 JavaThread "pool-3-thread-232" [_thread_blocked, id=12400, stack(0x0000000035300000,0x0000000035400000)]
  0x0000000022ea0000 JavaThread "pool-3-thread-231" [_thread_blocked, id=8584, stack(0x0000000035200000,0x0000000035300000)]
  0x0000000022ea6000 JavaThread "pool-3-thread-230" [_thread_blocked, id=1088, stack(0x0000000035100000,0x0000000035200000)]
  0x0000000022e9e800 JavaThread "pool-3-thread-229" [_thread_blocked, id=10520, stack(0x0000000035000000,0x0000000035100000)]
  0x0000000022ea3000 JavaThread "pool-3-thread-228" [_thread_blocked, id=7764, stack(0x0000000034f00000,0x0000000035000000)]
  0x0000000022ea4800 JavaThread "pool-3-thread-227" [_thread_blocked, id=11420, stack(0x0000000034e00000,0x0000000034f00000)]
  0x0000000022ea3800 JavaThread "pool-3-thread-226" [_thread_blocked, id=6568, stack(0x0000000034d00000,0x0000000034e00000)]
  0x0000000022ea2000 JavaThread "pool-3-thread-225" [_thread_blocked, id=12664, stack(0x0000000034c00000,0x0000000034d00000)]
  0x0000000022ea1800 JavaThread "pool-3-thread-224" [_thread_blocked, id=9732, stack(0x0000000034b00000,0x0000000034c00000)]
  0x000000001c656800 JavaThread "pool-3-thread-223" [_thread_blocked, id=1400, stack(0x0000000034a00000,0x0000000034b00000)]
  0x000000001c65d000 JavaThread "pool-3-thread-222" [_thread_blocked, id=2060, stack(0x0000000034610000,0x0000000034710000)]
  0x000000001c65c800 JavaThread "pool-3-thread-221" [_thread_blocked, id=11500, stack(0x0000000034510000,0x0000000034610000)]
  0x000000001c655000 JavaThread "pool-3-thread-220" [_thread_blocked, id=13104, stack(0x0000000034410000,0x0000000034510000)]
  0x000000001c65b800 JavaThread "pool-3-thread-219" [_thread_blocked, id=3056, stack(0x0000000034310000,0x0000000034410000)]
  0x000000001c65a000 JavaThread "pool-3-thread-218" [_thread_blocked, id=12704, stack(0x0000000034210000,0x0000000034310000)]
  0x000000001c659800 JavaThread "pool-3-thread-217" [_thread_blocked, id=7984, stack(0x0000000034110000,0x0000000034210000)]
  0x000000001c65b000 JavaThread "pool-3-thread-216" [_thread_blocked, id=8588, stack(0x0000000034010000,0x0000000034110000)]
  0x000000001c658800 JavaThread "pool-3-thread-215" [_thread_blocked, id=6524, stack(0x0000000033f10000,0x0000000034010000)]
  0x000000001c655800 JavaThread "pool-3-thread-214" [_thread_blocked, id=5136, stack(0x0000000033e10000,0x0000000033f10000)]
  0x000000001c653800 JavaThread "pool-3-thread-213" [_thread_blocked, id=7740, stack(0x0000000033d10000,0x0000000033e10000)]
  0x000000001c652800 JavaThread "pool-3-thread-212" [_thread_blocked, id=11200, stack(0x0000000033c10000,0x0000000033d10000)]
  0x000000001c658000 JavaThread "pool-3-thread-211" [_thread_blocked, id=10628, stack(0x0000000033b10000,0x0000000033c10000)]
  0x000000001c652000 JavaThread "pool-3-thread-210" [_thread_blocked, id=3848, stack(0x0000000033a10000,0x0000000033b10000)]
  0x000000001c654000 JavaThread "pool-3-thread-209" [_thread_blocked, id=13012, stack(0x0000000033910000,0x0000000033a10000)]
  0x000000001c657000 JavaThread "pool-3-thread-208" [_thread_blocked, id=3264, stack(0x0000000033810000,0x0000000033910000)]
  0x000000001c64b000 JavaThread "pool-3-thread-207" [_thread_blocked, id=7076, stack(0x0000000033710000,0x0000000033810000)]
  0x000000001c64a800 JavaThread "pool-3-thread-206" [_thread_blocked, id=10736, stack(0x0000000033610000,0x0000000033710000)]
  0x000000001c651000 JavaThread "pool-3-thread-205" [_thread_blocked, id=12708, stack(0x0000000033510000,0x0000000033610000)]
  0x000000001c649800 JavaThread "pool-3-thread-204" [_thread_blocked, id=7720, stack(0x0000000033410000,0x0000000033510000)]
  0x000000001c64c000 JavaThread "pool-3-thread-203" [_thread_blocked, id=8036, stack(0x0000000033310000,0x0000000033410000)]
  0x000000001c650800 JavaThread "pool-3-thread-202" [_thread_blocked, id=13000, stack(0x0000000033210000,0x0000000033310000)]
  0x000000001c64e000 JavaThread "pool-3-thread-201" [_thread_blocked, id=7312, stack(0x0000000033110000,0x0000000033210000)]
  0x000000001c64f800 JavaThread "pool-3-thread-200" [_thread_blocked, id=10284, stack(0x0000000033010000,0x0000000033110000)]
  0x000000001c64d800 JavaThread "pool-3-thread-199" [_thread_blocked, id=10576, stack(0x0000000032f10000,0x0000000033010000)]
  0x000000001c649000 JavaThread "pool-3-thread-198" [_thread_blocked, id=2328, stack(0x0000000032e10000,0x0000000032f10000)]
  0x000000001c64c800 JavaThread "pool-3-thread-197" [_thread_blocked, id=6848, stack(0x0000000032d10000,0x0000000032e10000)]
  0x000000001c64f000 JavaThread "pool-3-thread-196" [_thread_blocked, id=6092, stack(0x0000000032c10000,0x0000000032d10000)]
  0x000000001c641800 JavaThread "pool-3-thread-195" [_thread_blocked, id=6412, stack(0x0000000032b10000,0x0000000032c10000)]
  0x000000001c648000 JavaThread "pool-3-thread-194" [_thread_blocked, id=12196, stack(0x0000000032a10000,0x0000000032b10000)]
  0x000000001c647800 JavaThread "pool-3-thread-193" [_thread_blocked, id=7748, stack(0x0000000032910000,0x0000000032a10000)]
  0x000000001c640000 JavaThread "pool-3-thread-192" [_thread_blocked, id=12416, stack(0x0000000032810000,0x0000000032910000)]
  0x000000001c646800 JavaThread "pool-3-thread-191" [_thread_blocked, id=9412, stack(0x0000000032710000,0x0000000032810000)]
  0x000000001c646000 JavaThread "pool-3-thread-190" [_thread_blocked, id=2116, stack(0x0000000032610000,0x0000000032710000)]
  0x000000001c640800 JavaThread "pool-3-thread-189" [_thread_blocked, id=10636, stack(0x0000000032510000,0x0000000032610000)]
  0x000000001c63f000 JavaThread "pool-3-thread-188" [_thread_blocked, id=7124, stack(0x0000000032410000,0x0000000032510000)]
  0x000000001c63e800 JavaThread "pool-3-thread-187" [_thread_blocked, id=10144, stack(0x0000000032310000,0x0000000032410000)]
  0x000000001c644800 JavaThread "pool-3-thread-186" [_thread_blocked, id=4908, stack(0x0000000032210000,0x0000000032310000)]
  0x000000001c643800 JavaThread "pool-3-thread-185" [_thread_blocked, id=6892, stack(0x0000000032110000,0x0000000032210000)]
  0x000000001c643000 JavaThread "pool-3-thread-184" [_thread_blocked, id=8212, stack(0x0000000032010000,0x0000000032110000)]
  0x000000001c645000 JavaThread "pool-3-thread-183" [_thread_blocked, id=6912, stack(0x0000000031f10000,0x0000000032010000)]
  0x000000001c642000 JavaThread "pool-3-thread-182" [_thread_blocked, id=2732, stack(0x0000000031e10000,0x0000000031f10000)]
  0x00000000240ee800 JavaThread "pool-3-thread-181" [_thread_blocked, id=3676, stack(0x0000000031d10000,0x0000000031e10000)]
  0x00000000240ee000 JavaThread "pool-3-thread-180" [_thread_blocked, id=3624, stack(0x0000000031c10000,0x0000000031d10000)]
  0x00000000240eb800 JavaThread "pool-3-thread-179" [_thread_blocked, id=13240, stack(0x0000000031b10000,0x0000000031c10000)]
  0x00000000240ec800 JavaThread "pool-3-thread-178" [_thread_blocked, id=4604, stack(0x0000000031a10000,0x0000000031b10000)]
  0x00000000240ed000 JavaThread "pool-3-thread-177" [_thread_blocked, id=12348, stack(0x0000000031910000,0x0000000031a10000)]
  0x00000000240ef800 JavaThread "pool-3-thread-176" [_thread_blocked, id=6532, stack(0x0000000031810000,0x0000000031910000)]
  0x00000000240e4000 JavaThread "pool-3-thread-175" [_thread_blocked, id=11940, stack(0x0000000031710000,0x0000000031810000)]
  0x00000000240eb000 JavaThread "pool-3-thread-174" [_thread_blocked, id=8852, stack(0x0000000031610000,0x0000000031710000)]
  0x00000000240e3800 JavaThread "pool-3-thread-173" [_thread_blocked, id=12144, stack(0x0000000031510000,0x0000000031610000)]
  0x00000000240ea000 JavaThread "pool-3-thread-172" [_thread_blocked, id=6572, stack(0x0000000031410000,0x0000000031510000)]
  0x00000000240e8800 JavaThread "pool-3-thread-171" [_thread_blocked, id=2128, stack(0x0000000031310000,0x0000000031410000)]
  0x00000000240e8000 JavaThread "pool-3-thread-170" [_thread_blocked, id=1200, stack(0x0000000031210000,0x0000000031310000)]
  0x00000000240e2800 JavaThread "pool-3-thread-169" [_thread_blocked, id=4784, stack(0x0000000031110000,0x0000000031210000)]
  0x00000000240e9800 JavaThread "pool-3-thread-168" [_thread_blocked, id=3092, stack(0x0000000031010000,0x0000000031110000)]
  0x00000000240e7000 JavaThread "pool-3-thread-167" [_thread_blocked, id=5128, stack(0x0000000030f10000,0x0000000031010000)]
  0x00000000240e0800 JavaThread "pool-3-thread-166" [_thread_blocked, id=692, stack(0x0000000030610000,0x0000000030710000)]
  0x00000000240e1000 JavaThread "pool-3-thread-165" [_thread_blocked, id=12844, stack(0x0000000030510000,0x0000000030610000)]
  0x00000000240e5800 JavaThread "pool-3-thread-164" [_thread_blocked, id=10856, stack(0x0000000030410000,0x0000000030510000)]
  0x00000000240e2000 JavaThread "pool-3-thread-163" [_thread_blocked, id=10516, stack(0x0000000030310000,0x0000000030410000)]
  0x00000000240e6800 JavaThread "pool-3-thread-162" [_thread_blocked, id=13120, stack(0x0000000030210000,0x0000000030310000)]
  0x00000000240e5000 JavaThread "pool-3-thread-161" [_thread_blocked, id=13040, stack(0x0000000030110000,0x0000000030210000)]
  0x0000000023b35800 JavaThread "pool-3-thread-160" [_thread_blocked, id=3128, stack(0x0000000030010000,0x0000000030110000)]
  0x0000000023b2e000 JavaThread "pool-3-thread-159" [_thread_blocked, id=4148, stack(0x000000002ff10000,0x0000000030010000)]
  0x0000000023b34800 JavaThread "pool-3-thread-158" [_thread_blocked, id=11300, stack(0x000000002fe10000,0x000000002ff10000)]
  0x0000000023b32800 JavaThread "pool-3-thread-157" [_thread_blocked, id=12556, stack(0x000000002fd10000,0x000000002fe10000)]
  0x0000000023b34000 JavaThread "pool-3-thread-156" [_thread_blocked, id=7504, stack(0x000000002fc10000,0x000000002fd10000)]
  0x0000000023b33000 JavaThread "pool-3-thread-155" [_thread_blocked, id=12592, stack(0x000000002fb10000,0x000000002fc10000)]
  0x0000000023b31000 JavaThread "pool-3-thread-154" [_thread_blocked, id=5552, stack(0x000000002fa10000,0x000000002fb10000)]
  0x0000000023b30000 JavaThread "pool-3-thread-153" [_thread_blocked, id=5748, stack(0x000000002f910000,0x000000002fa10000)]
  0x0000000023b2c800 JavaThread "pool-3-thread-152" [_thread_blocked, id=5760, stack(0x000000002f810000,0x000000002f910000)]
  0x0000000023b31800 JavaThread "pool-3-thread-151" [_thread_blocked, id=2552, stack(0x000000002f710000,0x000000002f810000)]
  0x0000000023b2f800 JavaThread "pool-3-thread-150" [_thread_blocked, id=488, stack(0x000000002f610000,0x000000002f710000)]
  0x0000000023b2e800 JavaThread "pool-3-thread-149" [_thread_blocked, id=5288, stack(0x000000002f510000,0x000000002f610000)]
  0x0000000023b26800 JavaThread "pool-3-thread-148" [_thread_blocked, id=284, stack(0x000000002f410000,0x000000002f510000)]
  0x0000000023b28000 JavaThread "pool-3-thread-147" [_thread_blocked, id=804, stack(0x000000002f310000,0x000000002f410000)]
  0x0000000023b2b800 JavaThread "pool-3-thread-146" [_thread_blocked, id=6396, stack(0x000000002f210000,0x000000002f310000)]
  0x0000000023b28800 JavaThread "pool-3-thread-145" [_thread_blocked, id=4876, stack(0x000000002f110000,0x000000002f210000)]
  0x0000000023b29800 JavaThread "pool-3-thread-144" [_thread_blocked, id=10740, stack(0x000000002f010000,0x000000002f110000)]
  0x0000000023b2b000 JavaThread "pool-3-thread-143" [_thread_blocked, id=1768, stack(0x000000002ef10000,0x000000002f010000)]
  0x0000000023b2d000 JavaThread "pool-3-thread-142" [_thread_blocked, id=11588, stack(0x000000002ee10000,0x000000002ef10000)]
  0x0000000023b27000 JavaThread "pool-3-thread-141" [_thread_blocked, id=10220, stack(0x000000002ed10000,0x000000002ee10000)]
  0x0000000023b2a000 JavaThread "pool-3-thread-140" [_thread_blocked, id=9508, stack(0x000000002ec10000,0x000000002ed10000)]
  0x0000000023b20000 JavaThread "pool-3-thread-139" [_thread_blocked, id=1444, stack(0x000000002eb10000,0x000000002ec10000)]
  0x0000000023b1f000 JavaThread "pool-3-thread-138" [_thread_blocked, id=12928, stack(0x000000002ea10000,0x000000002eb10000)]
  0x0000000023b1e800 JavaThread "pool-3-thread-137" [_thread_blocked, id=12512, stack(0x000000002e910000,0x000000002ea10000)]
  0x0000000023b1d800 JavaThread "pool-3-thread-136" [_thread_blocked, id=12688, stack(0x000000002e810000,0x000000002e910000)]
  0x0000000023b21800 JavaThread "pool-3-thread-135" [_thread_blocked, id=10380, stack(0x000000002e710000,0x000000002e810000)]
  0x0000000023b1c000 JavaThread "pool-3-thread-134" [_thread_blocked, id=1636, stack(0x000000002e610000,0x000000002e710000)]
  0x0000000023b20800 JavaThread "pool-3-thread-133" [_thread_blocked, id=7232, stack(0x000000002e510000,0x000000002e610000)]
  0x0000000023b1b800 JavaThread "pool-3-thread-132" [_thread_blocked, id=11304, stack(0x000000002e410000,0x000000002e510000)]
  0x0000000023b1d000 JavaThread "pool-3-thread-131" [_thread_blocked, id=7664, stack(0x000000002e310000,0x000000002e410000)]
  0x0000000023b14000 JavaThread "pool-3-thread-130" [_thread_blocked, id=12140, stack(0x000000002e210000,0x000000002e310000)]
  0x0000000023b1a800 JavaThread "pool-3-thread-129" [_thread_blocked, id=6812, stack(0x000000002e110000,0x000000002e210000)]
  0x0000000023b1a000 JavaThread "pool-3-thread-128" [_thread_blocked, id=6512, stack(0x000000002e010000,0x000000002e110000)]
  0x0000000023b17000 JavaThread "pool-3-thread-127" [_thread_blocked, id=8996, stack(0x000000002df10000,0x000000002e010000)]
  0x0000000023b14800 JavaThread "pool-3-thread-126" [_thread_blocked, id=10088, stack(0x000000002de10000,0x000000002df10000)]
  0x0000000023b19000 JavaThread "pool-3-thread-125" [_thread_blocked, id=4036, stack(0x000000002dd10000,0x000000002de10000)]
  0x0000000023b12800 JavaThread "pool-3-thread-124" [_thread_blocked, id=12788, stack(0x000000002dc10000,0x000000002dd10000)]
  0x0000000023b16000 JavaThread "pool-3-thread-123" [_thread_blocked, id=4120, stack(0x000000002db10000,0x000000002dc10000)]
  0x0000000023b18800 JavaThread "pool-3-thread-122" [_thread_blocked, id=12632, stack(0x000000002da10000,0x000000002db10000)]
  0x0000000023b13000 JavaThread "pool-3-thread-121" [_thread_blocked, id=9416, stack(0x000000002d910000,0x000000002da10000)]
  0x0000000023b17800 JavaThread "pool-3-thread-120" [_thread_blocked, id=4896, stack(0x000000002d810000,0x000000002d910000)]
  0x0000000023b15800 JavaThread "pool-3-thread-119" [_thread_blocked, id=3260, stack(0x000000002d710000,0x000000002d810000)]
  0x000000001c436800 JavaThread "pool-3-thread-118" [_thread_blocked, id=10920, stack(0x000000002d610000,0x000000002d710000)]
  0x000000001c435000 JavaThread "pool-3-thread-117" [_thread_blocked, id=5524, stack(0x000000002d510000,0x000000002d610000)]
  0x000000001c434800 JavaThread "pool-3-thread-116" [_thread_blocked, id=208, stack(0x000000002d410000,0x000000002d510000)]
  0x000000001c436000 JavaThread "pool-3-thread-115" [_thread_blocked, id=792, stack(0x000000002d310000,0x000000002d410000)]
  0x000000001c42d000 JavaThread "pool-3-thread-114" [_thread_blocked, id=1136, stack(0x000000002d210000,0x000000002d310000)]
  0x000000001c433800 JavaThread "pool-3-thread-113" [_thread_blocked, id=10224, stack(0x000000002d110000,0x000000002d210000)]
  0x000000001c433000 JavaThread "pool-3-thread-112" [_thread_blocked, id=9808, stack(0x000000002d010000,0x000000002d110000)]
  0x000000001c431800 JavaThread "pool-3-thread-111" [_thread_blocked, id=11148, stack(0x000000002cf10000,0x000000002d010000)]
  0x000000001c42b800 JavaThread "pool-3-thread-110" [_thread_blocked, id=9772, stack(0x000000002ce10000,0x000000002cf10000)]
  0x000000001c432000 JavaThread "pool-3-thread-109" [_thread_blocked, id=6244, stack(0x000000002cd10000,0x000000002ce10000)]
  0x000000001c42c000 JavaThread "pool-3-thread-108" [_thread_blocked, id=10424, stack(0x000000002cc10000,0x000000002cd10000)]
  0x000000001c430800 JavaThread "pool-3-thread-107" [_thread_blocked, id=1736, stack(0x000000002cb10000,0x000000002cc10000)]
  0x000000001c430000 JavaThread "pool-3-thread-106" [_thread_blocked, id=9128, stack(0x000000002ca10000,0x000000002cb10000)]
  0x000000001c429800 JavaThread "pool-3-thread-105" [_thread_blocked, id=6452, stack(0x000000002c910000,0x000000002ca10000)]
  0x000000001c42f000 JavaThread "pool-3-thread-104" [_thread_blocked, id=11288, stack(0x000000002c810000,0x000000002c910000)]
  0x000000001c42a800 JavaThread "pool-3-thread-103" [_thread_blocked, id=5956, stack(0x000000002c710000,0x000000002c810000)]
  0x000000001c427800 JavaThread "pool-3-thread-102" [_thread_blocked, id=10764, stack(0x000000002c610000,0x000000002c710000)]
  0x000000001c42e800 JavaThread "pool-3-thread-101" [_thread_blocked, id=3196, stack(0x000000002c510000,0x000000002c610000)]
  0x000000001c42d800 JavaThread "pool-3-thread-100" [_thread_blocked, id=1108, stack(0x000000002c410000,0x000000002c510000)]
  0x000000001c429000 JavaThread "pool-3-thread-99" [_thread_blocked, id=7968, stack(0x000000002c310000,0x000000002c410000)]
  0x000000001c428000 JavaThread "pool-3-thread-98" [_thread_blocked, id=3612, stack(0x000000002c210000,0x000000002c310000)]
  0x0000000022f02800 JavaThread "pool-3-thread-97" [_thread_blocked, id=7992, stack(0x000000002c110000,0x000000002c210000)]
  0x0000000022f02000 JavaThread "pool-3-thread-96" [_thread_blocked, id=1132, stack(0x000000002c010000,0x000000002c110000)]
  0x0000000022f00800 JavaThread "pool-3-thread-95" [_thread_blocked, id=13204, stack(0x000000002bf10000,0x000000002c010000)]
  0x0000000022f03800 JavaThread "pool-3-thread-94" [_thread_blocked, id=5428, stack(0x000000002be10000,0x000000002bf10000)]
  0x0000000022f05000 JavaThread "pool-3-thread-93" [_thread_blocked, id=6232, stack(0x000000002bd10000,0x000000002be10000)]
  0x0000000022f01000 JavaThread "pool-3-thread-92" [_thread_blocked, id=8044, stack(0x000000002bc10000,0x000000002bd10000)]
  0x0000000022f06800 JavaThread "pool-3-thread-91" [_thread_blocked, id=6376, stack(0x000000002bb10000,0x000000002bc10000)]
  0x0000000022f04000 JavaThread "pool-3-thread-90" [_thread_blocked, id=10544, stack(0x000000002ba10000,0x000000002bb10000)]
  0x0000000022f05800 JavaThread "pool-3-thread-89" [_thread_blocked, id=11152, stack(0x000000002b910000,0x000000002ba10000)]
  0x0000000022ef9000 JavaThread "pool-3-thread-88" [_thread_blocked, id=9596, stack(0x000000002b810000,0x000000002b910000)]
  0x0000000022efd800 JavaThread "pool-3-thread-87" [_thread_blocked, id=3620, stack(0x000000002b710000,0x000000002b810000)]
  0x0000000022ef9800 JavaThread "pool-3-thread-86" [_thread_blocked, id=3324, stack(0x000000002b610000,0x000000002b710000)]
  0x0000000022eff800 JavaThread "pool-3-thread-85" [_thread_blocked, id=4764, stack(0x000000002b510000,0x000000002b610000)]
  0x0000000022eff000 JavaThread "pool-3-thread-84" [_thread_blocked, id=9936, stack(0x000000002b410000,0x000000002b510000)]
  0x0000000022efc000 JavaThread "pool-3-thread-83" [_thread_blocked, id=8180, stack(0x000000002b310000,0x000000002b410000)]
  0x0000000022ef8000 JavaThread "pool-3-thread-82" [_thread_blocked, id=5396, stack(0x000000002b210000,0x000000002b310000)]
  0x0000000022efc800 JavaThread "pool-3-thread-81" [_thread_blocked, id=10992, stack(0x000000002b110000,0x000000002b210000)]
  0x0000000022efb000 JavaThread "pool-3-thread-80" [_thread_blocked, id=11772, stack(0x000000002b010000,0x000000002b110000)]
  0x0000000022ef7800 JavaThread "pool-3-thread-79" [_thread_blocked, id=7988, stack(0x000000002af10000,0x000000002b010000)]
  0x0000000022efe000 JavaThread "pool-3-thread-78" [_thread_blocked, id=8632, stack(0x000000002ae10000,0x000000002af10000)]
  0x0000000022efa800 JavaThread "pool-3-thread-77" [_thread_blocked, id=8024, stack(0x000000002ad10000,0x000000002ae10000)]
  0x0000000022d4f800 JavaThread "pool-3-thread-76" [_thread_blocked, id=11008, stack(0x000000002ac10000,0x000000002ad10000)]
  0x0000000022d50000 JavaThread "pool-3-thread-75" [_thread_blocked, id=9860, stack(0x000000002ab10000,0x000000002ac10000)]
  0x0000000022d4c800 JavaThread "pool-3-thread-74" [_thread_blocked, id=12048, stack(0x000000002aa10000,0x000000002ab10000)]
  0x0000000022d4e800 JavaThread "pool-3-thread-73" [_thread_blocked, id=2960, stack(0x000000002a910000,0x000000002aa10000)]
  0x0000000022d51800 JavaThread "pool-3-thread-72" [_thread_blocked, id=6156, stack(0x000000002a810000,0x000000002a910000)]
  0x0000000022d4d000 JavaThread "pool-3-thread-71" [_thread_blocked, id=8508, stack(0x000000002a710000,0x000000002a810000)]
  0x0000000022d4e000 JavaThread "pool-3-thread-70" [_thread_blocked, id=11560, stack(0x000000002a610000,0x000000002a710000)]
  0x0000000022d51000 JavaThread "pool-3-thread-69" [_thread_blocked, id=2316, stack(0x000000002a510000,0x000000002a610000)]
  0x0000000022d52800 JavaThread "pool-3-thread-68" [_thread_blocked, id=696, stack(0x000000002a410000,0x000000002a510000)]
  0x0000000022d45800 JavaThread "pool-3-thread-67" [_thread_blocked, id=4968, stack(0x000000002a310000,0x000000002a410000)]
  0x0000000022d4b800 JavaThread "pool-3-thread-66" [_thread_blocked, id=7364, stack(0x000000002a210000,0x000000002a310000)]
  0x0000000022d49800 JavaThread "pool-3-thread-65" [_thread_blocked, id=9916, stack(0x000000002a110000,0x000000002a210000)]
  0x0000000022d45000 JavaThread "pool-3-thread-64" [_thread_blocked, id=8708, stack(0x000000002a010000,0x000000002a110000)]
  0x0000000022d4a000 JavaThread "pool-3-thread-63" [_thread_blocked, id=13264, stack(0x0000000029f10000,0x000000002a010000)]
  0x0000000022d44000 JavaThread "pool-3-thread-62" [_thread_blocked, id=12004, stack(0x0000000029e10000,0x0000000029f10000)]
  0x0000000022d48800 JavaThread "pool-3-thread-61" [_thread_blocked, id=9660, stack(0x0000000029d10000,0x0000000029e10000)]
  0x0000000022d48000 JavaThread "pool-3-thread-60" [_thread_blocked, id=12020, stack(0x0000000029c10000,0x0000000029d10000)]
  0x0000000022d46800 JavaThread "pool-3-thread-59" [_thread_blocked, id=7928, stack(0x0000000029b10000,0x0000000029c10000)]
  0x0000000022d4b000 JavaThread "pool-3-thread-58" [_thread_blocked, id=812, stack(0x0000000029a10000,0x0000000029b10000)]
  0x0000000022d47000 JavaThread "pool-3-thread-57" [_thread_blocked, id=3452, stack(0x0000000029910000,0x0000000029a10000)]
  0x0000000022d43800 JavaThread "pool-3-thread-56" [_thread_blocked, id=7532, stack(0x0000000029810000,0x0000000029910000)]
  0x000000001c57e000 JavaThread "pool-3-thread-55" [_thread_blocked, id=1856, stack(0x0000000029710000,0x0000000029810000)]
  0x000000001c57c000 JavaThread "pool-3-thread-54" [_thread_blocked, id=12148, stack(0x0000000029610000,0x0000000029710000)]
  0x000000001c57b000 JavaThread "pool-3-thread-53" [_thread_blocked, id=12984, stack(0x0000000029510000,0x0000000029610000)]
  0x000000001c579000 JavaThread "pool-3-thread-52" [_thread_blocked, id=3528, stack(0x0000000029410000,0x0000000029510000)]
  0x000000001c576800 JavaThread "pool-3-thread-51" [_thread_blocked, id=5212, stack(0x0000000029310000,0x0000000029410000)]
  0x000000001c57a800 JavaThread "pool-3-thread-50" [_thread_blocked, id=12312, stack(0x0000000029210000,0x0000000029310000)]
  0x000000001c578000 JavaThread "pool-3-thread-49" [_thread_blocked, id=3216, stack(0x0000000029110000,0x0000000029210000)]
  0x000000001c57d800 JavaThread "pool-3-thread-48" [_thread_blocked, id=9836, stack(0x0000000029010000,0x0000000029110000)]
  0x000000001c579800 JavaThread "pool-3-thread-47" [_thread_blocked, id=1640, stack(0x0000000028f10000,0x0000000029010000)]
  0x000000001c57c800 JavaThread "pool-3-thread-46" [_thread_blocked, id=13108, stack(0x0000000028e10000,0x0000000028f10000)]
  0x000000001c577800 JavaThread "pool-3-thread-45" [_thread_blocked, id=9668, stack(0x0000000028d10000,0x0000000028e10000)]
  0x000000001c56f000 JavaThread "pool-3-thread-44" [_thread_blocked, id=3632, stack(0x0000000028c10000,0x0000000028d10000)]
  0x000000001c575000 JavaThread "pool-3-thread-43" [_thread_blocked, id=8252, stack(0x0000000028b10000,0x0000000028c10000)]
  0x000000001c574800 JavaThread "pool-3-thread-42" [_thread_blocked, id=7360, stack(0x0000000028a10000,0x0000000028b10000)]
  0x000000001c573000 JavaThread "pool-3-thread-41" [_thread_blocked, id=12908, stack(0x0000000028910000,0x0000000028a10000)]
  0x000000001c572000 JavaThread "pool-3-thread-40" [_thread_blocked, id=3372, stack(0x0000000028810000,0x0000000028910000)]
  0x000000001c576000 JavaThread "pool-3-thread-39" [_thread_blocked, id=7320, stack(0x0000000028710000,0x0000000028810000)]
  0x000000001c571800 JavaThread "pool-3-thread-38" [_thread_blocked, id=1504, stack(0x0000000028610000,0x0000000028710000)]
  0x000000001c570800 JavaThread "pool-3-thread-37" [_thread_blocked, id=13036, stack(0x0000000028510000,0x0000000028610000)]
  0x000000001c573800 JavaThread "pool-3-thread-36" [_thread_blocked, id=2860, stack(0x0000000028410000,0x0000000028510000)]
  0x000000001c570000 JavaThread "pool-3-thread-35" [_thread_blocked, id=9816, stack(0x0000000028310000,0x0000000028410000)]
  0x00000000250a9000 JavaThread "pool-3-thread-34" [_thread_blocked, id=5564, stack(0x0000000028210000,0x0000000028310000)]
  0x00000000250a6000 JavaThread "pool-3-thread-33" [_thread_blocked, id=1280, stack(0x0000000028110000,0x0000000028210000)]
  0x00000000250a8800 JavaThread "pool-3-thread-32" [_thread_blocked, id=3296, stack(0x0000000028010000,0x0000000028110000)]
  0x00000000250a7000 JavaThread "pool-3-thread-31" [_thread_blocked, id=7452, stack(0x0000000027f10000,0x0000000028010000)]
  0x00000000250ab800 JavaThread "pool-3-thread-30" [_thread_blocked, id=9516, stack(0x0000000027e10000,0x0000000027f10000)]
  0x00000000250a7800 JavaThread "pool-3-thread-29" [_thread_blocked, id=220, stack(0x0000000027d10000,0x0000000027e10000)]
  0x00000000250a4000 JavaThread "pool-3-thread-28" [_thread_blocked, id=7744, stack(0x0000000027c10000,0x0000000027d10000)]
  0x00000000250aa800 JavaThread "pool-3-thread-27" [_thread_blocked, id=2176, stack(0x0000000027b10000,0x0000000027c10000)]
  0x00000000250aa000 JavaThread "pool-3-thread-26" [_thread_blocked, id=7584, stack(0x0000000027a10000,0x0000000027b10000)]
  0x000000002509f800 JavaThread "pool-3-thread-25" [_thread_blocked, id=11480, stack(0x0000000027910000,0x0000000027a10000)]
  0x000000002509e800 JavaThread "pool-3-thread-24" [_thread_blocked, id=13216, stack(0x0000000027810000,0x0000000027910000)]
  0x00000000250a5800 JavaThread "pool-3-thread-23" [_thread_blocked, id=11100, stack(0x0000000027710000,0x0000000027810000)]
  0x00000000250a1800 JavaThread "pool-3-thread-22" [_thread_blocked, id=4868, stack(0x0000000027610000,0x0000000027710000)]
  0x000000002509e000 JavaThread "pool-3-thread-21" [_thread_blocked, id=2144, stack(0x0000000027510000,0x0000000027610000)]
  0x00000000250a4800 JavaThread "pool-3-thread-20" [_thread_blocked, id=13116, stack(0x0000000027410000,0x0000000027510000)]
  0x00000000250a1000 JavaThread "pool-3-thread-19" [_thread_blocked, id=4916, stack(0x0000000027310000,0x0000000027410000)]
  0x000000002509c800 JavaThread "pool-3-thread-18" [_thread_blocked, id=1284, stack(0x0000000027210000,0x0000000027310000)]
  0x00000000250a2800 JavaThread "pool-3-thread-17" [_thread_blocked, id=3348, stack(0x0000000027110000,0x0000000027210000)]
  0x00000000250a0000 JavaThread "pool-3-thread-16" [_thread_blocked, id=1148, stack(0x0000000027010000,0x0000000027110000)]
  0x000000002509d000 JavaThread "pool-3-thread-15" [_thread_blocked, id=8732, stack(0x0000000026f10000,0x0000000027010000)]
  0x00000000250a3000 JavaThread "pool-3-thread-14" [_thread_blocked, id=12896, stack(0x0000000026e10000,0x0000000026f10000)]
  0x0000000022d27800 JavaThread "pool-3-thread-13" [_thread_blocked, id=6700, stack(0x0000000026d10000,0x0000000026e10000)]
  0x0000000022d27000 JavaThread "pool-3-thread-12" [_thread_blocked, id=5380, stack(0x0000000026c10000,0x0000000026d10000)]
  0x0000000022d26000 JavaThread "pool-3-thread-11" [_thread_blocked, id=12960, stack(0x0000000026b10000,0x0000000026c10000)]
  0x0000000022d28800 JavaThread "pool-3-thread-10" [_thread_blocked, id=12992, stack(0x0000000026a10000,0x0000000026b10000)]
  0x0000000022d29000 JavaThread "pool-3-thread-9" [_thread_blocked, id=4292, stack(0x0000000026910000,0x0000000026a10000)]
  0x0000000022d23000 JavaThread "pool-3-thread-8" [_thread_blocked, id=10904, stack(0x0000000026810000,0x0000000026910000)]
  0x0000000022d25800 JavaThread "pool-3-thread-7" [_thread_blocked, id=12336, stack(0x0000000026710000,0x0000000026810000)]
  0x0000000022d24800 JavaThread "pool-3-thread-6" [_thread_blocked, id=7020, stack(0x00000000255b0000,0x00000000256b0000)]
  0x0000000022d22800 JavaThread "pool-3-thread-5" [_thread_blocked, id=8676, stack(0x00000000254b0000,0x00000000255b0000)]
  0x0000000022d24000 JavaThread "pool-3-thread-4" [_thread_blocked, id=7948, stack(0x00000000253b0000,0x00000000254b0000)]
  0x000000001c3c7800 JavaThread "pool-3-thread-3" [_thread_blocked, id=12424, stack(0x00000000252b0000,0x00000000253b0000)]
  0x0000000022d13000 JavaThread "pool-3-thread-2" [_thread_blocked, id=12912, stack(0x00000000251b0000,0x00000000252b0000)]
  0x000000001c096800 JavaThread "pool-3-thread-1" [_thread_blocked, id=11060, stack(0x00000000250b0000,0x00000000251b0000)]
=>0x0000000022d10800 JavaThread "Thread-2" [_thread_in_vm, id=12628, stack(0x0000000023fd0000,0x00000000240d0000)]
  0x000000001c360800 JavaThread "TimerQueue" daemon [_thread_blocked, id=10040, stack(0x0000000021e20000,0x0000000021f20000)]
  0x000000000518e800 JavaThread "DestroyJavaVM" [_thread_blocked, id=5168, stack(0x0000000004bb0000,0x0000000004cb0000)]
  0x000000001c0b1000 JavaThread "AWT-EventQueue-0" [_thread_blocked, id=8892, stack(0x000000001d2a0000,0x000000001d3a0000)]
  0x000000001bfd8000 JavaThread "AWT-Windows" daemon [_thread_in_native, id=12916, stack(0x000000001c9d0000,0x000000001cad0000)]
  0x000000001bfd7000 JavaThread "AWT-Shutdown" [_thread_blocked, id=11960, stack(0x000000001c8d0000,0x000000001c9d0000)]
  0x000000001bfd4800 JavaThread "Java2D Disposer" daemon [_thread_blocked, id=1576, stack(0x000000001c7d0000,0x000000001c8d0000)]
  0x000000001b17f800 JavaThread "Service Thread" daemon [_thread_blocked, id=10228, stack(0x000000001bd30000,0x000000001be30000)]
  0x000000001b0ee800 JavaThread "C1 CompilerThread2" daemon [_thread_blocked, id=11176, stack(0x000000001bc30000,0x000000001bd30000)]
  0x000000001b0ed800 JavaThread "C2 CompilerThread1" daemon [_thread_blocked, id=7112, stack(0x000000001bb30000,0x000000001bc30000)]
  0x000000001b0e8800 JavaThread "C2 CompilerThread0" daemon [_thread_blocked, id=12080, stack(0x000000001ba30000,0x000000001bb30000)]
  0x000000001b0dd800 JavaThread "JDWP Command Reader" daemon [_thread_in_native, id=1992, stack(0x000000001b930000,0x000000001ba30000)]
  0x000000001b0da000 JavaThread "JDWP Event Helper Thread" daemon [_thread_blocked, id=10016, stack(0x000000001b830000,0x000000001b930000)]
  0x000000001b0cd000 JavaThread "JDWP Transport Listener: dt_socket" daemon [_thread_blocked, id=3352, stack(0x000000001b730000,0x000000001b830000)]
  0x000000001b0c8800 JavaThread "Attach Listener" daemon [_thread_blocked, id=13272, stack(0x000000001b5c0000,0x000000001b6c0000)]
  0x0000000019d10000 JavaThread "Signal Dispatcher" daemon [_thread_blocked, id=1228, stack(0x000000001b4c0000,0x000000001b5c0000)]
  0x0000000019cea800 JavaThread "Finalizer" daemon [_thread_blocked, id=12000, stack(0x000000001af60000,0x000000001b060000)]
  0x0000000005130000 JavaThread "Reference Handler" daemon [_thread_blocked, id=12456, stack(0x000000001ae60000,0x000000001af60000)]

Other Threads:
  0x0000000019cc7800 VMThread [stack: 0x000000001ad60000,0x000000001ae60000] [id=7356]
  0x000000001b1ef800 WatcherThread [stack: 0x000000001be30000,0x000000001bf30000] [id=7000]

VM state:not at safepoint (normal execution)

VM Mutex/Monitor currently owned by a thread: None

Heap:
 PSYoungGen      total 38400K, used 31930K [0x00000000d5c00000, 0x00000000d8680000, 0x0000000100000000)
  eden space 33280K, 81% used [0x00000000d5c00000,0x00000000d7685a20,0x00000000d7c80000)
  from space 5120K, 93% used [0x00000000d8180000,0x00000000d86291a0,0x00000000d8680000)
  to   space 5120K, 0% used [0x00000000d7c80000,0x00000000d7c80000,0x00000000d8180000)
 ParOldGen       total 87552K, used 4336K [0x0000000081400000, 0x0000000086980000, 0x00000000d5c00000)
  object space 87552K, 4% used [0x0000000081400000,0x000000008183c2e0,0x0000000086980000)
 Metaspace       used 12949K, capacity 13170K, committed 13440K, reserved 1060864K
  class space    used 1498K, capacity 1570K, committed 1664K, reserved 1048576K

Card table byte_map: [0x0000000014550000,0x0000000014950000] byte_map_base: 0x0000000014146000

Marking Bits: (ParMarkBitMap*) 0x0000000055c3d850
 Begin Bits: [0x0000000015000000, 0x0000000016fb0000)
 End Bits:   [0x0000000016fb0000, 0x0000000018f60000)

Polling page: 0x0000000003390000

CodeCache: size=245760Kb used=6192Kb max_used=7039Kb free=239568Kb
 bounds [0x0000000005190000, 0x0000000005890000, 0x0000000014190000]
 total_blobs=2205 nmethods=1721 adapters=403
 compilation: enabled

Compilation events (10 events):
Event: 85.686 Thread 0x000000001b0ee800 2011       1       java.util.concurrent.ThreadPoolExecutor::workerCountOf (5 bytes)
Event: 85.686 Thread 0x000000001b0ee800 nmethod 2011 0x00000000055916d0 code [0x0000000005591820, 0x0000000005591910]
Event: 85.688 Thread 0x000000001b0ee800 2013       3       javax.swing.SwingUtilities::getUnwrappedView (25 bytes)
Event: 85.688 Thread 0x000000001b0ee800 nmethod 2013 0x00000000055107d0 code [0x00000000055109a0, 0x0000000005511208]
Event: 85.926 Thread 0x000000001b0ee800 2014       3       sun.nio.ch.IOUtil::readIntoNativeBuffer (137 bytes)
Event: 85.927 Thread 0x000000001b0ee800 nmethod 2014 0x00000000054c5190 code [0x00000000054c5360, 0x00000000054c5d68]
Event: 85.927 Thread 0x000000001b0ed800 2016       4       java.awt.Container::invalidate (29 bytes)
Event: 85.927 Thread 0x000000001b0ee800 2015       3       sun.swing.MenuItemLayoutHelper::addMaxWidth (23 bytes)
Event: 85.927 Thread 0x000000001b0ee800 nmethod 2015 0x0000000005476b90 code [0x0000000005476ce0, 0x0000000005476e90]
Event: 85.930 Thread 0x000000001b0ed800 nmethod 2016 0x00000000053cd710 code [0x00000000053cd880, 0x00000000053cddb8]

GC Heap History (4 events):
Event: 43.633 GC heap before
{Heap before GC invocations=1 (full 0):
 PSYoungGen      total 38400K, used 33280K [0x00000000d5c00000, 0x00000000d8680000, 0x0000000100000000)
  eden space 33280K, 100% used [0x00000000d5c00000,0x00000000d7c80000,0x00000000d7c80000)
  from space 5120K, 0% used [0x00000000d8180000,0x00000000d8180000,0x00000000d8680000)
  to   space 5120K, 0% used [0x00000000d7c80000,0x00000000d7c80000,0x00000000d8180000)
 ParOldGen       total 87552K, used 0K [0x0000000081400000, 0x0000000086980000, 0x00000000d5c00000)
  object space 87552K, 0% used [0x0000000081400000,0x0000000081400000,0x0000000086980000)
 Metaspace       used 12763K, capacity 12966K, committed 13184K, reserved 1060864K
  class space    used 1481K, capacity 1568K, committed 1664K, reserved 1048576K
Event: 43.644 GC heap after
Heap after GC invocations=1 (full 0):
 PSYoungGen      total 38400K, used 4500K [0x00000000d5c00000, 0x00000000d8680000, 0x0000000100000000)
  eden space 33280K, 0% used [0x00000000d5c00000,0x00000000d5c00000,0x00000000d7c80000)
  from space 5120K, 87% used [0x00000000d7c80000,0x00000000d80e5190,0x00000000d8180000)
  to   space 5120K, 0% used [0x00000000d8180000,0x00000000d8180000,0x00000000d8680000)
 ParOldGen       total 87552K, used 4328K [0x0000000081400000, 0x0000000086980000, 0x00000000d5c00000)
  object space 87552K, 4% used [0x0000000081400000,0x000000008183a2e0,0x0000000086980000)
 Metaspace       used 12763K, capacity 12966K, committed 13184K, reserved 1060864K
  class space    used 1481K, capacity 1568K, committed 1664K, reserved 1048576K
}
Event: 54.386 GC heap before
{Heap before GC invocations=2 (full 0):
 PSYoungGen      total 38400K, used 37780K [0x00000000d5c00000, 0x00000000d8680000, 0x0000000100000000)
  eden space 33280K, 100% used [0x00000000d5c00000,0x00000000d7c80000,0x00000000d7c80000)
  from space 5120K, 87% used [0x00000000d7c80000,0x00000000d80e5190,0x00000000d8180000)
  to   space 5120K, 0% used [0x00000000d8180000,0x00000000d8180000,0x00000000d8680000)
 ParOldGen       total 87552K, used 4328K [0x0000000081400000, 0x0000000086980000, 0x00000000d5c00000)
  object space 87552K, 4% used [0x0000000081400000,0x000000008183a2e0,0x0000000086980000)
 Metaspace       used 12862K, capacity 13094K, committed 13440K, reserved 1060864K
  class space    used 1494K, capacity 1568K, committed 1664K, reserved 1048576K
Event: 54.391 GC heap after
Heap after GC invocations=2 (full 0):
 PSYoungGen      total 38400K, used 4772K [0x00000000d5c00000, 0x00000000d8680000, 0x0000000100000000)
  eden space 33280K, 0% used [0x00000000d5c00000,0x00000000d5c00000,0x00000000d7c80000)
  from space 5120K, 93% used [0x00000000d8180000,0x00000000d86291a0,0x00000000d8680000)
  to   space 5120K, 0% used [0x00000000d7c80000,0x00000000d7c80000,0x00000000d8180000)
 ParOldGen       total 87552K, used 4336K [0x0000000081400000, 0x0000000086980000, 0x00000000d5c00000)
  object space 87552K, 4% used [0x0000000081400000,0x000000008183c2e0,0x0000000086980000)
 Metaspace       used 12862K, capacity 13094K, committed 13440K, reserved 1060864K
  class space    used 1494K, capacity 1568K, committed 1664K, reserved 1048576K
}

Deoptimization events (10 events):
Event: 80.796 Thread 0x000000001c0b1000 Uncommon trap: reason=class_check action=maybe_recompile pc=0x0000000005575250 method=java.awt.Component.getBackground()Ljava/awt/Color; @ 21
Event: 80.838 Thread 0x000000001c527000 Uncommon trap: reason=unstable_if action=reinterpret pc=0x00000000057b3dd4 method=java.util.concurrent.locks.ReentrantLock$Sync.nonfairTryAcquire(I)Z @ 19
Event: 83.461 Thread 0x000000001c0b1000 Uncommon trap: reason=bimorphic action=maybe_recompile pc=0x00000000053d9e10 method=java.awt.Container.findComponentAt(IIZ)Ljava/awt/Component; @ 9
Event: 83.462 Thread 0x000000001c0b1000 Uncommon trap: reason=bimorphic action=maybe_recompile pc=0x00000000053d9e10 method=java.awt.Container.findComponentAt(IIZ)Ljava/awt/Component; @ 9
Event: 83.462 Thread 0x000000001c0b1000 Uncommon trap: reason=bimorphic action=maybe_recompile pc=0x00000000058622d8 method=java.awt.Container.findComponentAt(IIZ)Ljava/awt/Component; @ 9
Event: 83.463 Thread 0x000000001c0b1000 Uncommon trap: reason=bimorphic action=maybe_recompile pc=0x00000000053d9e10 method=java.awt.Container.findComponentAt(IIZ)Ljava/awt/Component; @ 9
Event: 83.463 Thread 0x000000001c0b1000 Uncommon trap: reason=bimorphic action=maybe_recompile pc=0x00000000058622d8 method=java.awt.Container.findComponentAt(IIZ)Ljava/awt/Component; @ 9
Event: 84.567 Thread 0x000000001c0b1000 Uncommon trap: reason=unstable_if action=reinterpret pc=0x00000000057b0df0 method=javax.swing.table.DefaultTableCellRenderer.setValue(Ljava/lang/Object;)V @ 2
Event: 84.567 Thread 0x000000001c0b1000 Uncommon trap: reason=unstable_if action=reinterpret pc=0x0000000005729f10 method=javax.swing.SwingUtilities.layoutCompoundLabelImpl(Ljavax/swing/JComponent;Ljava/awt/FontMetrics;Ljava/lang/String;Ljavax/swing/Icon;IIIILjava/awt/Rectangle;Ljava/awt/Rectan
Event: 84.568 Thread 0x000000001c0b1000 Uncommon trap: reason=unstable_if action=reinterpret pc=0x00000000056d6ad4 method=sun.swing.SwingUtilities2.drawStringUnderlineCharAt(Ljavax/swing/JComponent;Ljava/awt/Graphics;Ljava/lang/String;III)V @ 8

Internal exceptions (10 events):
Event: 64.610 Thread 0x0000000022eb8000 Exception <a 'java/net/UnknownHostException'> (0x00000000d64ce2c8) thrown at [C:\re\workspace\8-2-build-windows-amd64-cygwin\jdk8u144\9417\hotspot\src\share\vm\prims\jni.cpp, line 735]
Event: 64.635 Thread 0x0000000022eb2000 Exception <a 'java/net/UnknownHostException'> (0x00000000d64d1710) thrown at [C:\re\workspace\8-2-build-windows-amd64-cygwin\jdk8u144\9417\hotspot\src\share\vm\prims\jni.cpp, line 735]
Event: 64.635 Thread 0x0000000022eab000 Exception <a 'java/net/UnknownHostException'> (0x00000000d64a6f68) thrown at [C:\re\workspace\8-2-build-windows-amd64-cygwin\jdk8u144\9417\hotspot\src\share\vm\prims\jni.cpp, line 735]
Event: 64.635 Thread 0x00000000240ee000 Exception <a 'java/net/UnknownHostException'> (0x00000000d64e9838) thrown at [C:\re\workspace\8-2-build-windows-amd64-cygwin\jdk8u144\9417\hotspot\src\share\vm\prims\jni.cpp, line 735]
Event: 64.645 Thread 0x000000001c65d000 Exception <a 'java/net/UnknownHostException'> (0x00000000d64f68f8) thrown at [C:\re\workspace\8-2-build-windows-amd64-cygwin\jdk8u144\9417\hotspot\src\share\vm\prims\jni.cpp, line 735]
Event: 64.645 Thread 0x0000000022ea6000 Exception <a 'java/net/UnknownHostException'> (0x00000000d64f34c8) thrown at [C:\re\workspace\8-2-build-windows-amd64-cygwin\jdk8u144\9417\hotspot\src\share\vm\prims\jni.cpp, line 735]
Event: 64.655 Thread 0x0000000022eaf000 Exception <a 'java/net/UnknownHostException'> (0x00000000d64f9d28) thrown at [C:\re\workspace\8-2-build-windows-amd64-cygwin\jdk8u144\9417\hotspot\src\share\vm\prims\jni.cpp, line 735]
Event: 64.655 Thread 0x000000001c655000 Exception <a 'java/net/UnknownHostException'> (0x00000000d646f6a0) thrown at [C:\re\workspace\8-2-build-windows-amd64-cygwin\jdk8u144\9417\hotspot\src\share\vm\prims\jni.cpp, line 735]
Event: 64.657 Thread 0x000000001c653800 Exception <a 'java/net/UnknownHostException'> (0x00000000d64f0098) thrown at [C:\re\workspace\8-2-build-windows-amd64-cygwin\jdk8u144\9417\hotspot\src\share\vm\prims\jni.cpp, line 735]
Event: 84.567 Thread 0x000000001c0b1000 Implicit null exception at 0x00000000057b041a to 0x00000000057b0dc1

Events (10 events):
Event: 84.812 Thread 0x000000001b0ed800 flushing nmethod 0x0000000005681510
Event: 85.614 Thread 0x000000001b0ee800 flushing nmethod 0x00000000056b2ed0
Event: 85.614 Thread 0x000000001b0ee800 flushing nmethod 0x00000000056b7e10
Event: 85.615 Thread 0x000000001b0ee800 flushing nmethod 0x00000000056c2410
Event: 85.615 Thread 0x000000001b0ee800 flushing nmethod 0x00000000056c3e10
Event: 85.615 Thread 0x000000001b0ee800 flushing nmethod 0x00000000056cc410
Event: 85.615 Thread 0x000000001b0ee800 flushing nmethod 0x00000000056d1ad0
Event: 85.615 Thread 0x000000001b0ee800 flushing nmethod 0x00000000056d2590
Event: 85.615 Thread 0x000000001b0ee800 flushing nmethod 0x00000000056e1110
Event: 85.615 Thread 0x000000001b0ee800 flushing nmethod 0x00000000056f4f10


Dynamic libraries:
0x00007ff75c4e0000 - 0x00007ff75c517000 	F:\tool\jdk\java_jdk_8\jdk_version\bin\javaw.exe
0x00007ffc08a30000 - 0x00007ffc08c10000 	C:\Windows\SYSTEM32\ntdll.dll
0x00007ffc05f20000 - 0x00007ffc05fce000 	C:\Windows\System32\KERNEL32.DLL
0x00007ffc05c30000 - 0x00007ffc05e96000 	C:\Windows\System32\KERNELBASE.dll
0x00007ffc07ef0000 - 0x00007ffc07f91000 	C:\Windows\System32\ADVAPI32.dll
0x00007ffc08180000 - 0x00007ffc0821d000 	C:\Windows\System32\msvcrt.dll
0x00007ffc08120000 - 0x00007ffc0817b000 	C:\Windows\System32\sechost.dll
0x00007ffc07dd0000 - 0x00007ffc07eef000 	C:\Windows\System32\RPCRT4.dll
0x00007ffc08220000 - 0x00007ffc083af000 	C:\Windows\System32\USER32.dll
0x00007ffc04eb0000 - 0x00007ffc04ed0000 	C:\Windows\System32\win32u.dll
0x00007ffc07fa0000 - 0x00007ffc07fc8000 	C:\Windows\System32\GDI32.dll
0x00007ffc04fc0000 - 0x00007ffc05153000 	C:\Windows\System32\gdi32full.dll
0x00007ffc04ed0000 - 0x00007ffc04f6b000 	C:\Windows\System32\msvcp_win.dll
0x00007ffc058b0000 - 0x00007ffc059a5000 	C:\Windows\System32\ucrtbase.dll
0x00007ffbfd980000 - 0x00007ffbfdbe9000 	C:\Windows\WinSxS\amd64_microsoft.windows.common-controls_6595b64144ccf1df_6.0.16299.726_none_15ccdb369361144a\COMCTL32.dll
0x00007ffc08520000 - 0x00007ffc08827000 	C:\Windows\System32\combase.dll
0x00007ffc04e30000 - 0x00007ffc04ea2000 	C:\Windows\System32\bcryptPrimitives.dll
0x00007ffc089d0000 - 0x00007ffc089fd000 	C:\Windows\System32\IMM32.DLL
0x0000000057730000 - 0x0000000057802000 	F:\tool\jdk\java_jdk_8\jdk_version\jre\bin\msvcr100.dll
0x0000000055420000 - 0x0000000055cbd000 	F:\tool\jdk\java_jdk_8\jdk_version\jre\bin\server\jvm.dll
0x00007ffc08960000 - 0x00007ffc08968000 	C:\Windows\System32\PSAPI.DLL
0x00007ffc01de0000 - 0x00007ffc01e03000 	C:\Windows\SYSTEM32\WINMM.dll
0x00007ffbf6440000 - 0x00007ffbf644a000 	C:\Windows\SYSTEM32\VERSION.dll
0x00007ffc01d80000 - 0x00007ffc01daa000 	C:\Windows\SYSTEM32\WINMMBASE.dll
0x00007ffc04f70000 - 0x00007ffc04fba000 	C:\Windows\System32\cfgmgr32.dll
0x00007ffbe65a0000 - 0x00007ffbe65a9000 	C:\Windows\SYSTEM32\WSOCK32.dll
0x00007ffc084b0000 - 0x00007ffc0851c000 	C:\Windows\System32\WS2_32.dll
0x0000000057720000 - 0x000000005772f000 	F:\tool\jdk\java_jdk_8\jdk_version\jre\bin\verify.dll
0x00000000576f0000 - 0x0000000057719000 	F:\tool\jdk\java_jdk_8\jdk_version\jre\bin\java.dll
0x00000000576b0000 - 0x00000000576e5000 	F:\tool\jdk\java_jdk_8\jdk_version\jre\bin\jdwp.dll
0x00000000576a0000 - 0x00000000576a8000 	F:\tool\jdk\java_jdk_8\jdk_version\jre\bin\npt.dll
0x0000000056b30000 - 0x0000000056b46000 	F:\tool\jdk\java_jdk_8\jdk_version\jre\bin\zip.dll
0x00007ffc06990000 - 0x00007ffc07dc8000 	C:\Windows\System32\SHELL32.dll
0x00007ffc088b0000 - 0x00007ffc08956000 	C:\Windows\System32\shcore.dll
0x00007ffc05160000 - 0x00007ffc058a7000 	C:\Windows\System32\windows.storage.dll
0x00007ffc05fd0000 - 0x00007ffc06021000 	C:\Windows\System32\shlwapi.dll
0x00007ffc04e10000 - 0x00007ffc04e21000 	C:\Windows\System32\kernel.appcore.dll
0x00007ffc04d80000 - 0x00007ffc04dcc000 	C:\Windows\System32\powrprof.dll
0x00007ffc04dd0000 - 0x00007ffc04deb000 	C:\Windows\System32\profapi.dll
0x0000000057690000 - 0x0000000057699000 	F:\tool\jdk\java_jdk_8\jdk_version\jre\bin\dt_socket.dll
0x00007ffbf5440000 - 0x00007ffbf5456000 	C:\Windows\system32\napinsp.dll
0x00007ffbf5420000 - 0x00007ffbf543a000 	C:\Windows\system32\pnrpnsp.dll
0x00007ffc019e0000 - 0x00007ffc019f8000 	C:\Windows\system32\NLAapi.dll
0x00007ffc045f0000 - 0x00007ffc04656000 	C:\Windows\System32\mswsock.dll
0x00007ffc043c0000 - 0x00007ffc04476000 	C:\Windows\SYSTEM32\DNSAPI.dll
0x00007ffc06810000 - 0x00007ffc06818000 	C:\Windows\System32\NSI.dll
0x00007ffc04380000 - 0x00007ffc043b9000 	C:\Windows\SYSTEM32\IPHLPAPI.DLL
0x00007ffbf5410000 - 0x00007ffbf541e000 	C:\Windows\System32\winrnr.dll
0x00007ffbf53f0000 - 0x00007ffbf5405000 	C:\Windows\System32\wshbth.dll
0x00000000561e0000 - 0x0000000056206000 	C:\Program Files\Bonjour\mdnsNSP.dll
0x00007ffbf67d0000 - 0x00007ffbf68dd000 	C:\Windows\SysWOW64\ierd_tgp_lsp64.dll
0x00007ffc07fd0000 - 0x00007ffc08119000 	C:\Windows\System32\ole32.dll
0x00007ffbff240000 - 0x00007ffbff24a000 	C:\Windows\system32\wshqos.dll
0x00007ffbff230000 - 0x00007ffbff238000 	C:\Windows\SYSTEM32\wshtcpip.DLL
0x00007ffbff220000 - 0x00007ffbff228000 	C:\Windows\SYSTEM32\wship6.dll
0x00007ffbf88f0000 - 0x00007ffbf8960000 	C:\Windows\System32\fwpuclnt.dll
0x00007ffc048c0000 - 0x00007ffc048e5000 	C:\Windows\SYSTEM32\bcrypt.dll
0x00007ffbf79e0000 - 0x00007ffbf79ea000 	C:\Windows\System32\rasadhlp.dll
0x0000000056990000 - 0x0000000056b28000 	F:\tool\jdk\java_jdk_8\jdk_version\jre\bin\awt.dll
0x00007ffc06740000 - 0x00007ffc06805000 	C:\Windows\System32\OLEAUT32.dll
0x00007ffc031f0000 - 0x00007ffc03278000 	C:\Windows\SYSTEM32\apphelp.dll
0x00007ffc035e0000 - 0x00007ffc0360a000 	C:\Windows\system32\DWMAPI.DLL
0x00007ffc032d0000 - 0x00007ffc03365000 	C:\Windows\system32\uxtheme.dll
0x00007ffbf10c0000 - 0x00007ffbf11de000 	C:\Windows\system32\opengl32.dll
0x00007ffbf3200000 - 0x00007ffbf322c000 	C:\Windows\SYSTEM32\GLU32.dll
0x00007ffc06820000 - 0x00007ffc06987000 	C:\Windows\System32\MSCTF.dll
0x0000000056860000 - 0x0000000056891000 	F:\tool\jdk\java_jdk_8\jdk_version\jre\bin\jpeg.dll
0x0000000056810000 - 0x0000000056857000 	F:\tool\jdk\java_jdk_8\jdk_version\jre\bin\fontmanager.dll
0x0000000056970000 - 0x000000005698a000 	F:\tool\jdk\java_jdk_8\jdk_version\jre\bin\net.dll
0x00000000567f0000 - 0x0000000056801000 	F:\tool\jdk\java_jdk_8\jdk_version\jre\bin\nio.dll
0x00000000567a0000 - 0x00000000567e2000 	F:\tool\jdk\java_jdk_8\jdk_version\jre\bin\t2k.dll
0x00007ffbfe090000 - 0x00007ffbfe128000 	C:\Windows\System32\TextInputFramework.dll
0x00007ffc00200000 - 0x00007ffc004ee000 	C:\Windows\System32\CoreUIComponents.dll
0x00007ffc02be0000 - 0x00007ffc02cbc000 	C:\Windows\System32\CoreMessaging.dll
0x00007ffc03fa0000 - 0x00007ffc03fd1000 	C:\Windows\SYSTEM32\ntmarta.dll
0x00007ffc00f80000 - 0x00007ffc010b6000 	C:\Windows\SYSTEM32\wintypes.dll
0x00007ffc08410000 - 0x00007ffc084ae000 	C:\Windows\System32\clbcatq.dll
0x00007ffbe7a90000 - 0x00007ffbe7c79000 	C:\Windows\system32\SogouTSF.ime
0x00007ffc01e50000 - 0x00007ffc01e57000 	C:\Windows\system32\MSIMG32.dll
0x00007ffbe1a80000 - 0x00007ffbe22f7000 	C:\Windows\system32\SogouPy.ime
0x00007ffc00020000 - 0x00007ffc0008e000 	C:\Windows\SYSTEM32\OLEACC.dll
0x00007ffbff290000 - 0x00007ffbff36e000 	C:\Windows\SYSTEM32\WINHTTP.dll
0x000000001f3a0000 - 0x000000001f4dc000 	F:\SogouInput\9.3.0.3129\Resource.dll
0x00007ffbe7220000 - 0x00007ffbe7489000 	F:\SogouInput\Components\PicFace\1.1.0.1859\PicFace64.dll
0x00007ffc06490000 - 0x00007ffc0659a000 	C:\Windows\System32\COMDLG32.dll
0x00007ffbf14c0000 - 0x00007ffbf14eb000 	F:\tool\jdk\java_jdk_8\jdk_version\jre\bin\Jpcap.dll
0x0000000180000000 - 0x0000000180065000 	C:\Windows\SYSTEM32\wpcap.dll
0x000000001f0a0000 - 0x000000001f0bf000 	C:\Windows\SYSTEM32\packet.dll
0x00007ffbff530000 - 0x00007ffbff546000 	C:\Windows\SYSTEM32\dhcpcsvc6.DLL
0x00007ffbffa50000 - 0x00007ffbffa6a000 	C:\Windows\SYSTEM32\dhcpcsvc.DLL
0x00007ffbfcf30000 - 0x00007ffbfd136000 	C:\Windows\System32\uiautomationcore.dll
0x00007ffbf5620000 - 0x00007ffbf57e8000 	C:\Windows\SYSTEM32\dbghelp.dll

VM Arguments:
jvm_args: -agentlib:jdwp=transport=dt_socket,suspend=y,address=localhost:65030 -Dfile.encoding=GBK -Xbootclasspath:F:\tool\jdk\java_jdk_8\jdk_version\jre\lib\resources.jar;F:\tool\jdk\java_jdk_8\jdk_version\jre\lib\rt.jar;F:\tool\jdk\java_jdk_8\jdk_version\jre\lib\jsse.jar;F:\tool\jdk\java_jdk_8\jdk_version\jre\lib\jce.jar;F:\tool\jdk\java_jdk_8\jdk_version\jre\lib\charsets.jar;F:\tool\jdk\java_jdk_8\jdk_version\jre\lib\jfr.jar 
java_command: network.controller.Main
java_class_path (initial): F:\tool\jdk\java_jdk_8\jdk_version\jre\lib\resources.jar;F:\tool\jdk\java_jdk_8\jdk_version\jre\lib\rt.jar;F:\tool\jdk\java_jdk_8\jdk_version\jre\lib\jsse.jar;F:\tool\jdk\java_jdk_8\jdk_version\jre\lib\jce.jar;F:\tool\jdk\java_jdk_8\jdk_version\jre\lib\charsets.jar;F:\tool\jdk\java_jdk_8\jdk_version\jre\lib\jfr.jar;F:\workspace\NetworkProtocolAnalyzer\bin
Launcher Type: SUN_STANDARD

Environment Variables:
JAVA_HOME=F:\shxt\soft\java\jdk1.8.0_77_64
CLASSPATH=.;F:\tool\jdk\java_jdk_8\jdk_version\lib\dt.jar;F:\tool\jdk\java_jdk_8\jdk_version\lib\tools.jar
PATH=C:/Program Files (x86)/Java/jre1.8.0_162/bin/client;C:/Program Files (x86)/Java/jre1.8.0_162/bin;C:/Program Files (x86)/Java/jre1.8.0_162/lib/i386;C:\ProgramData\Oracle\Java\javapath;E:\app\Administrator\product\11.2.0\dbhome_1\bin;C:\Windows\system32;C:\Windows;C:\Windows\System32\Wbem;C:\Windows\System32\WindowsPowerShell\v1.0\;F:\tool\jdk\java_jdk_8\jdk_version\bin;F:\tool\jdk\java_jdk_8\jdk_version\jre\bin;F:\tool\tomcat\apache-tomcat-7\lib;F:\tool\tomcat\apache-tomcat-7\bin;C:\Program Files\MySQL\MySQL Utilities 1.6\;E:\Program Files\python0327\Scripts;E:\Program Files\python0327;E:\Program Files\MATLAB\R2016a\runtime\win64;E:\Program Files\MATLAB\R2016a\bin;E:\Program Files\MATLAB\R2016a\polyspace\bin;C:\Users\Administrator\AppData\Local\Microsoft\WindowsApps;;F:\eclipse-jee-oxygen-3a-win32[1]\eclipse;
USERNAME=Administrator
OS=Windows_NT
PROCESSOR_IDENTIFIER=Intel64 Family 6 Model 60 Stepping 3, GenuineIntel



---------------  S Y S T E M  ---------------

OS: Windows 10.0 , 64 bit Build 16299 (10.0.16299.431)

CPU:total 4 (initial active 4) (2 cores per cpu, 2 threads per core) family 6 model 60 stepping 3, cmov, cx8, fxsr, mmx, sse, sse2, sse3, ssse3, sse4.1, sse4.2, popcnt, avx, avx2, aes, clmul, erms, lzcnt, ht, tsc, tscinvbit, bmi1, bmi2

Memory: 4k page, physical 8302956k(4662852k free), swap 8827244k(4308348k free)

vm_info: Java HotSpot(TM) 64-Bit Server VM (25.144-b01) for windows-amd64 JRE (1.8.0_144-b01), built on Jul 21 2017 21:57:33 by "java_re" with MS VC++ 10.0 (VS2010)

time: Tue Sep 17 12:56:48 2019
elapsed time: 86 seconds (0d 0h 1m 26s)

