#
# A fatal error has been detected by the Java Runtime Environment:
#
#  EXCEPTION_ACCESS_VIOLATION (0xc0000005) at pc=0x00000000608ea62e, pid=12936, tid=0x0000000000000a14
#
# JRE version: Java(TM) SE Runtime Environment (8.0_144-b01) (build 1.8.0_144-b01)
# Java VM: Java HotSpot(TM) 64-Bit Server VM (25.144-b01 mixed mode windows-amd64 compressed oops)
# Problematic frame:
# V  [jvm.dll+0x14a62e]
#
# Failed to write core dump. Minidumps are not enabled by default on client versions of Windows
#
# If you would like to submit a bug report, please visit:
#   http://bugreport.java.com/bugreport/crash.jsp
#

---------------  T H R E A D  ---------------

Current thread (0x000000001ac78000):  JavaThread "Thread-2" [_thread_in_vm, id=2580, stack(0x00000000230b0000,0x00000000231b0000)]

siginfo: ExceptionCode=0xc0000005, reading address 0xffffffffffffffff

Registers:
RAX=0x007500710073002e, RBX=0x007500710073002e, RCX=0x00000000d7385750, RDX=0x0000000000000000
RSP=0x00000000231aec60, RBP=0x000000001ac781f8, RSI=0x000000001ac781f8, RDI=0x000000001ac78000
R8 =0x000000001ac78000, R9 =0x000000001b4ed0e0, R10=0x000000001ac78000, R11=0x0000000000000032
R12=0x000000001b4ed0c8, R13=0x000000001b4ed0d0, R14=0x000000001b57d6d8, R15=0x00000000220d68b0
RIP=0x00000000608ea62e, EFLAGS=0x0000000000010246

Top of Stack: (sp=0x00000000231aec60)
0x00000000231aec60:   000000001ab1da80 000000001ab1da80
0x00000000231aec70:   00000000231aecc8 00000000231aecf8
0x00000000231aec80:   000000001ab1da80 000000006080ea67
0x00000000231aec90:   000000001ac78000 0000000000000032
0x00000000231aeca0:   00000000220d78f0 00000000231aecf8
0x00000000231aecb0:   000000001ac781f8 000000001ac78000
0x00000000231aecc0:   000000001ab1da78 0000000000000db7
0x00000000231aecd0:   0000000060da6dc0 00000000220d78f0
0x00000000231aece0:   000000001ac781f8 00000000608e1235
0x00000000231aecf0:   00000000220d78f0 000000001ac78000
0x00000000231aed00:   000000001ac781f8 000000018002a72b
0x00000000231aed10:   000000001ac78000 000000001ab1da78
0x00000000231aed20:   0000000000000000 0000000060f41d50
0x00000000231aed30:   000000001b4ed0d8 00007ffaa694179b
0x00000000231aed40:   000000001ac781f8 000000001b4ed0d8
0x00000000231aed50:   000000001b833970 000000001b4ed0e0 

Instructions: (pc=0x00000000608ea62e)
0x00000000608ea60e:   00 00 00 00 74 0a 48 8d 4c 24 58 e8 82 17 13 00
0x00000000608ea61e:   48 8b 0b e8 8a e1 f1 ff 4c 8b c7 33 d2 48 8b d8
0x00000000608ea62e:   48 8b 00 48 8b cb ff 50 78 48 83 7f 08 00 74 04
0x00000000608ea63e:   33 c0 eb 25 48 8b 03 48 8b d7 48 8b cb ff 90 90 


Register to memory mapping:

RAX=0x007500710073002e is an unknown value
RBX=0x007500710073002e is an unknown value
RCX=0x00000000d7385750 is an oop
[Ljava.lang.Class; 
 - klass: 'java/lang/Class'[]
 - length: 0
RDX=0x0000000000000000 is an unknown value
RSP=0x00000000231aec60 is pointing into the stack for thread: 0x000000001ac78000
RBP=0x000000001ac781f8 is an unknown value
RSI=0x000000001ac781f8 is an unknown value
RDI=0x000000001ac78000 is a thread
R8 =0x000000001ac78000 is a thread
R9 =0x000000001b4ed0e0 is an unknown value
R10=0x000000001ac78000 is a thread
R11=0x0000000000000032 is an unknown value
R12=0x000000001b4ed0c8 is an unknown value
R13=0x000000001b4ed0d0 is an unknown value
R14=0x000000001b57d6d8 is an unknown value
R15=0x00000000220d68b0 is an unknown value


Stack: [0x00000000230b0000,0x00000000231b0000],  sp=0x00000000231aec60,  free space=1019k
Native frames: (J=compiled Java code, j=interpreted, Vv=VM code, C=native code)
V  [jvm.dll+0x14a62e]
C  [Jpcap.dll+0x179b]
C  0x0000000004a57f74

Java frames: (J=compiled Java code, j=interpreted, Vv=VM code)
j  jpcap.JpcapCaptor.getDeviceList()[Ljpcap/NetworkInterface;+0
j  network.host.MacSearch.macSSearch(Ljava/net/InetAddress;)[B+0
j  network.host.HostListDialog$1.run()V+142
v  ~StubRoutines::call_stub

---------------  P R O C E S S  ---------------

Java Threads: ( => current thread )
  0x000000001b8ff000 JavaThread "pool-2-thread-253" [_thread_blocked, id=7524, stack(0x0000000033300000,0x0000000033400000)]
  0x000000001b902000 JavaThread "pool-2-thread-252" [_thread_blocked, id=6988, stack(0x0000000033200000,0x0000000033300000)]
  0x000000001b904000 JavaThread "pool-2-thread-251" [_thread_blocked, id=12004, stack(0x0000000033100000,0x0000000033200000)]
  0x000000001b8fc800 JavaThread "pool-2-thread-250" [_thread_blocked, id=3408, stack(0x0000000033000000,0x0000000033100000)]
  0x000000001b903800 JavaThread "pool-2-thread-249" [_thread_blocked, id=13000, stack(0x0000000032f00000,0x0000000033000000)]
  0x000000001b8fe000 JavaThread "pool-2-thread-248" [_thread_blocked, id=12736, stack(0x0000000032e00000,0x0000000032f00000)]
  0x000000001b901000 JavaThread "pool-2-thread-247" [_thread_blocked, id=9704, stack(0x0000000032d00000,0x0000000032e00000)]
  0x000000001b8fd800 JavaThread "pool-2-thread-246" [_thread_blocked, id=13240, stack(0x0000000032c00000,0x0000000032d00000)]
  0x000000001b8ff800 JavaThread "pool-2-thread-245" [_thread_blocked, id=5200, stack(0x0000000032b00000,0x0000000032c00000)]
  0x000000001b8fa800 JavaThread "pool-2-thread-244" [_thread_blocked, id=216, stack(0x0000000032a00000,0x0000000032b00000)]
  0x000000001b8f5000 JavaThread "pool-2-thread-243" [_thread_blocked, id=11492, stack(0x0000000032900000,0x0000000032a00000)]
  0x000000001b8fc000 JavaThread "pool-2-thread-242" [_thread_blocked, id=5288, stack(0x0000000032800000,0x0000000032900000)]
  0x000000001b8fb000 JavaThread "pool-2-thread-241" [_thread_blocked, id=4312, stack(0x0000000032700000,0x0000000032800000)]
  0x000000001b8f8000 JavaThread "pool-2-thread-240" [_thread_blocked, id=508, stack(0x0000000032600000,0x0000000032700000)]
  0x000000001b8f9800 JavaThread "pool-2-thread-239" [_thread_blocked, id=11704, stack(0x0000000032500000,0x0000000032600000)]
  0x000000001b8f9000 JavaThread "pool-2-thread-238" [_thread_blocked, id=6700, stack(0x0000000032400000,0x0000000032500000)]
  0x000000001b8f7000 JavaThread "pool-2-thread-237" [_thread_blocked, id=7040, stack(0x0000000032300000,0x0000000032400000)]
  0x000000001b8f6800 JavaThread "pool-2-thread-236" [_thread_blocked, id=11396, stack(0x0000000032200000,0x0000000032300000)]
  0x000000001b8f5800 JavaThread "pool-2-thread-235" [_thread_blocked, id=12860, stack(0x0000000032100000,0x0000000032200000)]
  0x000000001b8ed800 JavaThread "pool-2-thread-234" [_thread_blocked, id=9164, stack(0x0000000032000000,0x0000000032100000)]
  0x000000001b8f0800 JavaThread "pool-2-thread-233" [_thread_blocked, id=10284, stack(0x0000000031f00000,0x0000000032000000)]
  0x000000001b8ef800 JavaThread "pool-2-thread-232" [_thread_blocked, id=6520, stack(0x0000000031e00000,0x0000000031f00000)]
  0x000000001b8f4000 JavaThread "pool-2-thread-231" [_thread_blocked, id=6936, stack(0x0000000031d00000,0x0000000031e00000)]
  0x000000001b8ec800 JavaThread "pool-2-thread-230" [_thread_blocked, id=11564, stack(0x0000000031c00000,0x0000000031d00000)]
  0x000000001b8f2800 JavaThread "pool-2-thread-229" [_thread_blocked, id=11904, stack(0x00000000318e0000,0x00000000319e0000)]
  0x000000001b8f2000 JavaThread "pool-2-thread-228" [_thread_blocked, id=6916, stack(0x00000000317e0000,0x00000000318e0000)]
  0x000000001b8f1000 JavaThread "pool-2-thread-227" [_thread_blocked, id=12096, stack(0x00000000316e0000,0x00000000317e0000)]
  0x000000001b8ef000 JavaThread "pool-2-thread-226" [_thread_blocked, id=11052, stack(0x00000000315e0000,0x00000000316e0000)]
  0x000000001b8ee000 JavaThread "pool-2-thread-225" [_thread_blocked, id=5212, stack(0x00000000314e0000,0x00000000315e0000)]
  0x000000001b8f3800 JavaThread "pool-2-thread-224" [_thread_blocked, id=9692, stack(0x00000000313e0000,0x00000000314e0000)]
  0x000000001b8a3000 JavaThread "pool-2-thread-223" [_thread_blocked, id=9012, stack(0x00000000312e0000,0x00000000313e0000)]
  0x000000001b8a2000 JavaThread "pool-2-thread-222" [_thread_blocked, id=504, stack(0x00000000311e0000,0x00000000312e0000)]
  0x000000001b8a1800 JavaThread "pool-2-thread-221" [_thread_blocked, id=10688, stack(0x00000000310e0000,0x00000000311e0000)]
  0x000000001b8a0800 JavaThread "pool-2-thread-220" [_thread_blocked, id=13280, stack(0x0000000030fe0000,0x00000000310e0000)]
  0x000000001b899000 JavaThread "pool-2-thread-219" [_thread_blocked, id=488, stack(0x0000000030ee0000,0x0000000030fe0000)]
  0x000000001b89b000 JavaThread "pool-2-thread-218" [_thread_blocked, id=5664, stack(0x0000000030de0000,0x0000000030ee0000)]
  0x000000001b8a0000 JavaThread "pool-2-thread-217" [_thread_blocked, id=496, stack(0x0000000030ce0000,0x0000000030de0000)]
  0x000000001b89c000 JavaThread "pool-2-thread-216" [_thread_blocked, id=5716, stack(0x0000000030be0000,0x0000000030ce0000)]
  0x000000001b89f000 JavaThread "pool-2-thread-215" [_thread_blocked, id=6092, stack(0x0000000030ae0000,0x0000000030be0000)]
  0x000000001b89d800 JavaThread "pool-2-thread-214" [_thread_blocked, id=7172, stack(0x00000000309e0000,0x0000000030ae0000)]
  0x000000001b898000 JavaThread "pool-2-thread-213" [_thread_blocked, id=692, stack(0x00000000308e0000,0x00000000309e0000)]
  0x000000001b89a800 JavaThread "pool-2-thread-212" [_thread_blocked, id=11132, stack(0x00000000307e0000,0x00000000308e0000)]
  0x000000001b899800 JavaThread "pool-2-thread-211" [_thread_blocked, id=8980, stack(0x00000000306e0000,0x00000000307e0000)]
  0x000000001b89c800 JavaThread "pool-2-thread-210" [_thread_blocked, id=3936, stack(0x00000000305e0000,0x00000000306e0000)]
  0x000000001b89e800 JavaThread "pool-2-thread-209" [_thread_blocked, id=272, stack(0x00000000304e0000,0x00000000305e0000)]
  0x000000001b890800 JavaThread "pool-2-thread-208" [_thread_blocked, id=8624, stack(0x00000000303e0000,0x00000000304e0000)]
  0x000000001b891800 JavaThread "pool-2-thread-207" [_thread_blocked, id=12616, stack(0x00000000302e0000,0x00000000303e0000)]
  0x000000001b897800 JavaThread "pool-2-thread-206" [_thread_blocked, id=7464, stack(0x00000000301e0000,0x00000000302e0000)]
  0x000000001b890000 JavaThread "pool-2-thread-205" [_thread_blocked, id=9200, stack(0x00000000300e0000,0x00000000301e0000)]
  0x000000001b895000 JavaThread "pool-2-thread-204" [_thread_blocked, id=3780, stack(0x000000002ffe0000,0x00000000300e0000)]
  0x000000001b896000 JavaThread "pool-2-thread-203" [_thread_blocked, id=4384, stack(0x000000002fee0000,0x000000002ffe0000)]
  0x000000001b896800 JavaThread "pool-2-thread-202" [_thread_blocked, id=1384, stack(0x000000002fde0000,0x000000002fee0000)]
  0x000000001b88f000 JavaThread "pool-2-thread-201" [_thread_blocked, id=8080, stack(0x000000002fce0000,0x000000002fde0000)]
  0x000000001b892000 JavaThread "pool-2-thread-200" [_thread_blocked, id=8312, stack(0x000000002fbe0000,0x000000002fce0000)]
  0x000000001b894800 JavaThread "pool-2-thread-199" [_thread_blocked, id=4008, stack(0x000000002fae0000,0x000000002fbe0000)]
  0x000000001b88e800 JavaThread "pool-2-thread-198" [_thread_blocked, id=7280, stack(0x000000002f9e0000,0x000000002fae0000)]
  0x000000001b893800 JavaThread "pool-2-thread-197" [_thread_blocked, id=2092, stack(0x000000002f8e0000,0x000000002f9e0000)]
  0x000000001b893000 JavaThread "pool-2-thread-196" [_thread_blocked, id=5096, stack(0x000000002f7e0000,0x000000002f8e0000)]
  0x000000001b887000 JavaThread "pool-2-thread-195" [_thread_blocked, id=6104, stack(0x000000002f6e0000,0x000000002f7e0000)]
  0x000000001b88d800 JavaThread "pool-2-thread-194" [_thread_blocked, id=5660, stack(0x000000002f5e0000,0x000000002f6e0000)]
  0x000000001b887800 JavaThread "pool-2-thread-193" [_thread_blocked, id=1508, stack(0x000000002f4e0000,0x000000002f5e0000)]
  0x000000001b88d000 JavaThread "pool-2-thread-192" [_thread_blocked, id=2728, stack(0x000000002f3e0000,0x000000002f4e0000)]
  0x000000001b885800 JavaThread "pool-2-thread-191" [_thread_blocked, id=4324, stack(0x000000002f2e0000,0x000000002f3e0000)]
  0x000000001b88c000 JavaThread "pool-2-thread-190" [_thread_blocked, id=11176, stack(0x000000002f1e0000,0x000000002f2e0000)]
  0x000000001b88b800 JavaThread "pool-2-thread-189" [_thread_blocked, id=5564, stack(0x000000002f0e0000,0x000000002f1e0000)]
  0x000000001b886000 JavaThread "pool-2-thread-188" [_thread_blocked, id=12900, stack(0x000000002efe0000,0x000000002f0e0000)]
  0x000000001b889000 JavaThread "pool-2-thread-187" [_thread_blocked, id=11088, stack(0x000000002eee0000,0x000000002efe0000)]
  0x000000001b884800 JavaThread "pool-2-thread-186" [_thread_blocked, id=10304, stack(0x000000002ede0000,0x000000002eee0000)]
  0x000000001b884000 JavaThread "pool-2-thread-185" [_thread_blocked, id=8716, stack(0x000000002ece0000,0x000000002ede0000)]
  0x000000001b888800 JavaThread "pool-2-thread-184" [_thread_blocked, id=1136, stack(0x000000002ebe0000,0x000000002ece0000)]
  0x000000001b88a800 JavaThread "pool-2-thread-183" [_thread_blocked, id=4352, stack(0x000000002eae0000,0x000000002ebe0000)]
  0x000000001b88a000 JavaThread "pool-2-thread-182" [_thread_blocked, id=2764, stack(0x000000002e9e0000,0x000000002eae0000)]
  0x000000001b729000 JavaThread "pool-2-thread-181" [_thread_blocked, id=2756, stack(0x000000002e8e0000,0x000000002e9e0000)]
  0x000000001b724800 JavaThread "pool-2-thread-180" [_thread_blocked, id=11284, stack(0x000000002e7e0000,0x000000002e8e0000)]
  0x000000001b728000 JavaThread "pool-2-thread-179" [_thread_blocked, id=8876, stack(0x000000002e6e0000,0x000000002e7e0000)]
  0x000000001b726000 JavaThread "pool-2-thread-178" [_thread_blocked, id=12448, stack(0x000000002e5e0000,0x000000002e6e0000)]
  0x000000001b725000 JavaThread "pool-2-thread-177" [_thread_blocked, id=1972, stack(0x000000002e4e0000,0x000000002e5e0000)]
  0x000000001b727800 JavaThread "pool-2-thread-176" [_thread_blocked, id=1608, stack(0x000000002e3e0000,0x000000002e4e0000)]
  0x000000001b726800 JavaThread "pool-2-thread-175" [_thread_blocked, id=10404, stack(0x000000002e2e0000,0x000000002e3e0000)]
  0x000000001b71d000 JavaThread "pool-2-thread-174" [_thread_blocked, id=11608, stack(0x000000002e1e0000,0x000000002e2e0000)]
  0x000000001b723800 JavaThread "pool-2-thread-173" [_thread_blocked, id=2752, stack(0x000000002e0e0000,0x000000002e1e0000)]
  0x000000001b723000 JavaThread "pool-2-thread-172" [_thread_blocked, id=12632, stack(0x000000002dfe0000,0x000000002e0e0000)]
  0x000000001b71b800 JavaThread "pool-2-thread-171" [_thread_blocked, id=1544, stack(0x000000002dee0000,0x000000002dfe0000)]
  0x000000001b71e800 JavaThread "pool-2-thread-170" [_thread_blocked, id=6924, stack(0x000000002dde0000,0x000000002dee0000)]
  0x000000001b722000 JavaThread "pool-2-thread-169" [_thread_blocked, id=13012, stack(0x000000002dce0000,0x000000002dde0000)]
  0x000000001b71d800 JavaThread "pool-2-thread-168" [_thread_blocked, id=11784, stack(0x000000002dbe0000,0x000000002dce0000)]
  0x000000001b721800 JavaThread "pool-2-thread-167" [_thread_blocked, id=11672, stack(0x000000002dae0000,0x000000002dbe0000)]
  0x000000001b720000 JavaThread "pool-2-thread-166" [_thread_blocked, id=7972, stack(0x000000002d9e0000,0x000000002dae0000)]
  0x000000001b71c000 JavaThread "pool-2-thread-165" [_thread_blocked, id=10092, stack(0x000000002d8e0000,0x000000002d9e0000)]
  0x000000001b71a800 JavaThread "pool-2-thread-164" [_thread_blocked, id=11076, stack(0x000000002d7e0000,0x000000002d8e0000)]
  0x000000001b71a000 JavaThread "pool-2-thread-163" [_thread_blocked, id=1856, stack(0x000000002d6e0000,0x000000002d7e0000)]
  0x000000001b71f000 JavaThread "pool-2-thread-162" [_thread_blocked, id=11476, stack(0x000000002d5e0000,0x000000002d6e0000)]
  0x000000001b720800 JavaThread "pool-2-thread-161" [_thread_blocked, id=6532, stack(0x000000002d4e0000,0x000000002d5e0000)]
  0x000000001b6f9000 JavaThread "pool-2-thread-160" [_thread_blocked, id=6760, stack(0x000000002d3e0000,0x000000002d4e0000)]
  0x000000001b6f9800 JavaThread "pool-2-thread-159" [_thread_blocked, id=8892, stack(0x000000002d2e0000,0x000000002d3e0000)]
  0x000000001b6ff000 JavaThread "pool-2-thread-158" [_thread_blocked, id=5676, stack(0x000000002d1e0000,0x000000002d2e0000)]
  0x000000001b6fe000 JavaThread "pool-2-thread-157" [_thread_blocked, id=7064, stack(0x000000002d0e0000,0x000000002d1e0000)]
  0x000000001b6fd800 JavaThread "pool-2-thread-156" [_thread_blocked, id=12904, stack(0x000000002cfe0000,0x000000002d0e0000)]
  0x000000001b6fc000 JavaThread "pool-2-thread-155" [_thread_blocked, id=7232, stack(0x000000002cee0000,0x000000002cfe0000)]
  0x000000001b6fc800 JavaThread "pool-2-thread-154" [_thread_blocked, id=5992, stack(0x000000002cde0000,0x000000002cee0000)]
  0x000000001b6fb000 JavaThread "pool-2-thread-153" [_thread_blocked, id=7624, stack(0x000000002cce0000,0x000000002cde0000)]
  0x000000001b6fa800 JavaThread "pool-2-thread-152" [_thread_blocked, id=976, stack(0x000000002cbe0000,0x000000002cce0000)]
  0x000000001b6f1800 JavaThread "pool-2-thread-151" [_thread_blocked, id=2952, stack(0x000000002cae0000,0x000000002cbe0000)]
  0x000000001b6f8000 JavaThread "pool-2-thread-150" [_thread_blocked, id=9128, stack(0x000000002c9e0000,0x000000002cae0000)]
  0x000000001b6f0800 JavaThread "pool-2-thread-149" [_thread_blocked, id=11384, stack(0x000000002c8e0000,0x000000002c9e0000)]
  0x000000001b6f7800 JavaThread "pool-2-thread-148" [_thread_blocked, id=5648, stack(0x000000002c7e0000,0x000000002c8e0000)]
  0x000000001b6f0000 JavaThread "pool-2-thread-147" [_thread_blocked, id=7340, stack(0x000000002c6e0000,0x000000002c7e0000)]
  0x000000001b6f4800 JavaThread "pool-2-thread-146" [_thread_blocked, id=8552, stack(0x000000002c5e0000,0x000000002c6e0000)]
  0x000000001b6f3000 JavaThread "pool-2-thread-145" [_thread_blocked, id=3940, stack(0x000000002c4e0000,0x000000002c5e0000)]
  0x000000001b6f6800 JavaThread "pool-2-thread-144" [_thread_blocked, id=7444, stack(0x000000002c3e0000,0x000000002c4e0000)]
  0x000000001b6f3800 JavaThread "pool-2-thread-143" [_thread_blocked, id=8280, stack(0x000000002c2e0000,0x000000002c3e0000)]
  0x000000001b6f2000 JavaThread "pool-2-thread-142" [_thread_blocked, id=10340, stack(0x000000002c1e0000,0x000000002c2e0000)]
  0x000000001b6f6000 JavaThread "pool-2-thread-141" [_thread_blocked, id=8880, stack(0x000000002c0e0000,0x000000002c1e0000)]
  0x000000001b6f5000 JavaThread "pool-2-thread-140" [_thread_blocked, id=11468, stack(0x000000002bfe0000,0x000000002c0e0000)]
  0x000000001b6e2000 JavaThread "pool-2-thread-139" [_thread_blocked, id=704, stack(0x000000002bee0000,0x000000002bfe0000)]
  0x000000001b6e0800 JavaThread "pool-2-thread-138" [_thread_blocked, id=11992, stack(0x000000002bde0000,0x000000002bee0000)]
  0x000000001b6dc800 JavaThread "pool-2-thread-137" [_thread_blocked, id=1228, stack(0x000000002bce0000,0x000000002bde0000)]
  0x000000001b6e1000 JavaThread "pool-2-thread-136" [_thread_blocked, id=11760, stack(0x000000002bbe0000,0x000000002bce0000)]
  0x000000001b6df800 JavaThread "pool-2-thread-135" [_thread_blocked, id=11520, stack(0x000000002bae0000,0x000000002bbe0000)]
  0x000000001b6df000 JavaThread "pool-2-thread-134" [_thread_blocked, id=676, stack(0x000000002b9e0000,0x000000002bae0000)]
  0x000000001b6de000 JavaThread "pool-2-thread-133" [_thread_blocked, id=2080, stack(0x000000002b8e0000,0x000000002b9e0000)]
  0x000000001b6dc000 JavaThread "pool-2-thread-132" [_thread_blocked, id=8496, stack(0x000000002b7e0000,0x000000002b8e0000)]
  0x000000001b6dd800 JavaThread "pool-2-thread-131" [_thread_blocked, id=820, stack(0x000000002b6e0000,0x000000002b7e0000)]
  0x000000001b6db000 JavaThread "pool-2-thread-130" [_thread_blocked, id=8868, stack(0x000000002b5e0000,0x000000002b6e0000)]
  0x000000001b6d3800 JavaThread "pool-2-thread-129" [_thread_blocked, id=5372, stack(0x000000002b4e0000,0x000000002b5e0000)]
  0x000000001b6d6000 JavaThread "pool-2-thread-128" [_thread_blocked, id=2336, stack(0x000000002b3e0000,0x000000002b4e0000)]
  0x000000001b6da800 JavaThread "pool-2-thread-127" [_thread_blocked, id=12112, stack(0x000000002b2e0000,0x000000002b3e0000)]
  0x000000001b6d9800 JavaThread "pool-2-thread-126" [_thread_blocked, id=13124, stack(0x000000002b1e0000,0x000000002b2e0000)]
  0x000000001b6d9000 JavaThread "pool-2-thread-125" [_thread_blocked, id=10296, stack(0x000000002b0e0000,0x000000002b1e0000)]
  0x000000001b6d3000 JavaThread "pool-2-thread-124" [_thread_blocked, id=7100, stack(0x000000002afe0000,0x000000002b0e0000)]
  0x000000001b6d4800 JavaThread "pool-2-thread-123" [_thread_blocked, id=2632, stack(0x000000002aee0000,0x000000002afe0000)]
  0x000000001b6d5000 JavaThread "pool-2-thread-122" [_thread_blocked, id=12080, stack(0x000000002ade0000,0x000000002aee0000)]
  0x000000001b6d8000 JavaThread "pool-2-thread-121" [_thread_blocked, id=500, stack(0x000000002ace0000,0x000000002ade0000)]
  0x000000001b6d7800 JavaThread "pool-2-thread-120" [_thread_blocked, id=7328, stack(0x000000002abe0000,0x000000002ace0000)]
  0x000000001b6d6800 JavaThread "pool-2-thread-119" [_thread_blocked, id=2200, stack(0x000000002aae0000,0x000000002abe0000)]
  0x000000001b6a5000 JavaThread "pool-2-thread-118" [_thread_blocked, id=4108, stack(0x000000002a9e0000,0x000000002aae0000)]
  0x000000001b6a4000 JavaThread "pool-2-thread-117" [_thread_blocked, id=712, stack(0x000000002a8e0000,0x000000002a9e0000)]
  0x000000001b6a7000 JavaThread "pool-2-thread-116" [_thread_blocked, id=7916, stack(0x000000002a7e0000,0x000000002a8e0000)]
  0x000000001b6a5800 JavaThread "pool-2-thread-115" [_thread_blocked, id=6388, stack(0x000000002a6e0000,0x000000002a7e0000)]
  0x000000001b6a3800 JavaThread "pool-2-thread-114" [_thread_blocked, id=7124, stack(0x000000002a5e0000,0x000000002a6e0000)]
  0x000000001b6a6800 JavaThread "pool-2-thread-113" [_thread_blocked, id=12964, stack(0x000000002a4e0000,0x000000002a5e0000)]
  0x000000001b6a1000 JavaThread "pool-2-thread-112" [_thread_blocked, id=2424, stack(0x000000002a3e0000,0x000000002a4e0000)]
  0x000000001b6a8000 JavaThread "pool-2-thread-111" [_thread_blocked, id=3124, stack(0x000000002a2e0000,0x000000002a3e0000)]
  0x000000001b6a2000 JavaThread "pool-2-thread-110" [_thread_blocked, id=6220, stack(0x000000002a1e0000,0x000000002a2e0000)]
  0x000000001b6a2800 JavaThread "pool-2-thread-109" [_thread_blocked, id=8432, stack(0x000000002a0e0000,0x000000002a1e0000)]
  0x000000001b69c800 JavaThread "pool-2-thread-108" [_thread_blocked, id=9788, stack(0x0000000029fe0000,0x000000002a0e0000)]
  0x000000001b699800 JavaThread "pool-2-thread-107" [_thread_blocked, id=12000, stack(0x0000000029ee0000,0x0000000029fe0000)]
  0x000000001b6a0800 JavaThread "pool-2-thread-106" [_thread_blocked, id=8464, stack(0x0000000029de0000,0x0000000029ee0000)]
  0x000000001b699000 JavaThread "pool-2-thread-105" [_thread_blocked, id=6076, stack(0x0000000029ce0000,0x0000000029de0000)]
  0x000000001b69f800 JavaThread "pool-2-thread-104" [_thread_blocked, id=864, stack(0x0000000029be0000,0x0000000029ce0000)]
  0x000000001b69d800 JavaThread "pool-2-thread-103" [_thread_blocked, id=10320, stack(0x0000000029ae0000,0x0000000029be0000)]
  0x000000001b69c000 JavaThread "pool-2-thread-102" [_thread_blocked, id=10452, stack(0x00000000299e0000,0x0000000029ae0000)]
  0x000000001b69b000 JavaThread "pool-2-thread-101" [_thread_blocked, id=204, stack(0x00000000298e0000,0x00000000299e0000)]
  0x000000001b69f000 JavaThread "pool-2-thread-100" [_thread_blocked, id=8952, stack(0x00000000297e0000,0x00000000298e0000)]
  0x000000001b69a800 JavaThread "pool-2-thread-99" [_thread_blocked, id=12240, stack(0x00000000296e0000,0x00000000297e0000)]
  0x000000001b69e000 JavaThread "pool-2-thread-98" [_thread_blocked, id=11216, stack(0x00000000295e0000,0x00000000296e0000)]
  0x000000001bc63000 JavaThread "pool-2-thread-97" [_thread_blocked, id=2772, stack(0x00000000294e0000,0x00000000295e0000)]
  0x000000001bc61800 JavaThread "pool-2-thread-96" [_thread_blocked, id=12032, stack(0x00000000293e0000,0x00000000294e0000)]
  0x000000001bc65800 JavaThread "pool-2-thread-95" [_thread_blocked, id=7592, stack(0x00000000292e0000,0x00000000293e0000)]
  0x000000001bc64800 JavaThread "pool-2-thread-94" [_thread_blocked, id=6292, stack(0x00000000291e0000,0x00000000292e0000)]
  0x000000001bc68800 JavaThread "pool-2-thread-93" [_thread_blocked, id=11824, stack(0x00000000290e0000,0x00000000291e0000)]
  0x000000001bc67000 JavaThread "pool-2-thread-92" [_thread_blocked, id=12700, stack(0x0000000028fe0000,0x00000000290e0000)]
  0x000000001bc67800 JavaThread "pool-2-thread-91" [_thread_blocked, id=5528, stack(0x0000000028ee0000,0x0000000028fe0000)]
  0x000000001bc66000 JavaThread "pool-2-thread-90" [_thread_blocked, id=9580, stack(0x0000000028de0000,0x0000000028ee0000)]
  0x000000001bc62800 JavaThread "pool-2-thread-89" [_thread_blocked, id=3752, stack(0x0000000028ce0000,0x0000000028de0000)]
  0x000000001bc64000 JavaThread "pool-2-thread-88" [_thread_blocked, id=10800, stack(0x0000000028be0000,0x0000000028ce0000)]
  0x000000001bc61000 JavaThread "pool-2-thread-87" [_thread_blocked, id=12184, stack(0x0000000028ae0000,0x0000000028be0000)]
  0x000000001bc59800 JavaThread "pool-2-thread-86" [_thread_blocked, id=3656, stack(0x00000000289e0000,0x0000000028ae0000)]
  0x000000001bc5e800 JavaThread "pool-2-thread-85" [_thread_blocked, id=920, stack(0x00000000288e0000,0x00000000289e0000)]
  0x000000001bc5d000 JavaThread "pool-2-thread-84" [_thread_blocked, id=8292, stack(0x00000000287e0000,0x00000000288e0000)]
  0x000000001bc5c800 JavaThread "pool-2-thread-83" [_thread_blocked, id=3504, stack(0x00000000286e0000,0x00000000287e0000)]
  0x000000001bc5a000 JavaThread "pool-2-thread-82" [_thread_blocked, id=8816, stack(0x00000000285e0000,0x00000000286e0000)]
  0x000000001bc5b800 JavaThread "pool-2-thread-81" [_thread_blocked, id=10784, stack(0x00000000284e0000,0x00000000285e0000)]
  0x000000001bc5e000 JavaThread "pool-2-thread-80" [_thread_blocked, id=10844, stack(0x00000000283e0000,0x00000000284e0000)]
  0x000000001bc60000 JavaThread "pool-2-thread-79" [_thread_blocked, id=9508, stack(0x00000000282e0000,0x00000000283e0000)]
  0x000000001bc5f800 JavaThread "pool-2-thread-78" [_thread_blocked, id=3436, stack(0x00000000281e0000,0x00000000282e0000)]
  0x000000001bc5b000 JavaThread "pool-2-thread-77" [_thread_blocked, id=10328, stack(0x00000000280e0000,0x00000000281e0000)]
  0x000000001ac43000 JavaThread "pool-2-thread-76" [_thread_blocked, id=4892, stack(0x0000000027fe0000,0x00000000280e0000)]
  0x000000001ac42800 JavaThread "pool-2-thread-75" [_thread_blocked, id=5280, stack(0x0000000027ee0000,0x0000000027fe0000)]
  0x000000001ac41000 JavaThread "pool-2-thread-74" [_thread_blocked, id=7640, stack(0x0000000027de0000,0x0000000027ee0000)]
  0x000000001ac3f800 JavaThread "pool-2-thread-73" [_thread_blocked, id=7676, stack(0x0000000027ce0000,0x0000000027de0000)]
  0x000000001ac41800 JavaThread "pool-2-thread-72" [_thread_blocked, id=11016, stack(0x0000000027be0000,0x0000000027ce0000)]
  0x000000001ac3e800 JavaThread "pool-2-thread-71" [_thread_blocked, id=6472, stack(0x0000000027ae0000,0x0000000027be0000)]
  0x000000001ac40000 JavaThread "pool-2-thread-70" [_thread_blocked, id=1368, stack(0x00000000279e0000,0x0000000027ae0000)]
  0x000000001ac37000 JavaThread "pool-2-thread-69" [_thread_blocked, id=8588, stack(0x00000000278e0000,0x00000000279e0000)]
  0x000000001ac3e000 JavaThread "pool-2-thread-68" [_thread_blocked, id=7392, stack(0x00000000277e0000,0x00000000278e0000)]
  0x000000001ac37800 JavaThread "pool-2-thread-67" [_thread_blocked, id=6276, stack(0x00000000276e0000,0x00000000277e0000)]
  0x000000001ac36000 JavaThread "pool-2-thread-66" [_thread_blocked, id=6820, stack(0x00000000275e0000,0x00000000276e0000)]
  0x000000001ac3d000 JavaThread "pool-2-thread-65" [_thread_blocked, id=2740, stack(0x00000000274e0000,0x00000000275e0000)]
  0x000000001ac3c000 JavaThread "pool-2-thread-64" [_thread_blocked, id=11392, stack(0x00000000273e0000,0x00000000274e0000)]
  0x000000001ac35800 JavaThread "pool-2-thread-63" [_thread_blocked, id=6792, stack(0x00000000272e0000,0x00000000273e0000)]
  0x000000001ac3b800 JavaThread "pool-2-thread-62" [_thread_blocked, id=1468, stack(0x00000000271e0000,0x00000000272e0000)]
  0x000000001ac34000 JavaThread "pool-2-thread-61" [_thread_blocked, id=10184, stack(0x00000000270e0000,0x00000000271e0000)]
  0x000000001ac34800 JavaThread "pool-2-thread-60" [_thread_blocked, id=2776, stack(0x0000000026fe0000,0x00000000270e0000)]
  0x000000001ac3a800 JavaThread "pool-2-thread-59" [_thread_blocked, id=5972, stack(0x0000000026ee0000,0x0000000026fe0000)]
  0x000000001ac38800 JavaThread "pool-2-thread-58" [_thread_blocked, id=12500, stack(0x0000000026de0000,0x0000000026ee0000)]
  0x000000001ac39000 JavaThread "pool-2-thread-57" [_thread_blocked, id=4392, stack(0x0000000026ce0000,0x0000000026de0000)]
  0x000000001ac3a000 JavaThread "pool-2-thread-56" [_thread_blocked, id=1288, stack(0x0000000026be0000,0x0000000026ce0000)]
  0x000000001ac23000 JavaThread "pool-2-thread-55" [_thread_blocked, id=11688, stack(0x0000000026ae0000,0x0000000026be0000)]
  0x000000001ac21800 JavaThread "pool-2-thread-54" [_thread_blocked, id=8572, stack(0x00000000269e0000,0x0000000026ae0000)]
  0x000000001ac22800 JavaThread "pool-2-thread-53" [_thread_blocked, id=10388, stack(0x00000000268e0000,0x00000000269e0000)]
  0x000000001ac21000 JavaThread "pool-2-thread-52" [_thread_blocked, id=5384, stack(0x00000000267e0000,0x00000000268e0000)]
  0x000000001ac20000 JavaThread "pool-2-thread-51" [_thread_blocked, id=13008, stack(0x00000000266e0000,0x00000000267e0000)]
  0x000000001ac1a000 JavaThread "pool-2-thread-50" [_thread_blocked, id=10564, stack(0x00000000265e0000,0x00000000266e0000)]
  0x000000001ac1f000 JavaThread "pool-2-thread-49" [_thread_blocked, id=12336, stack(0x00000000264e0000,0x00000000265e0000)]
  0x000000001ac1e800 JavaThread "pool-2-thread-48" [_thread_blocked, id=9712, stack(0x00000000263e0000,0x00000000264e0000)]
  0x000000001ac17000 JavaThread "pool-2-thread-47" [_thread_blocked, id=4776, stack(0x00000000262e0000,0x00000000263e0000)]
  0x000000001ac1d800 JavaThread "pool-2-thread-46" [_thread_blocked, id=11920, stack(0x00000000261e0000,0x00000000262e0000)]
  0x000000001ac19000 JavaThread "pool-2-thread-45" [_thread_blocked, id=4028, stack(0x00000000260e0000,0x00000000261e0000)]
  0x000000001ac1d000 JavaThread "pool-2-thread-44" [_thread_blocked, id=6328, stack(0x0000000025fe0000,0x00000000260e0000)]
  0x000000001ac17800 JavaThread "pool-2-thread-43" [_thread_blocked, id=5848, stack(0x0000000025ee0000,0x0000000025fe0000)]
  0x000000001ac1c000 JavaThread "pool-2-thread-42" [_thread_blocked, id=10716, stack(0x0000000025de0000,0x0000000025ee0000)]
  0x000000001ac14800 JavaThread "pool-2-thread-41" [_thread_blocked, id=1364, stack(0x0000000025ce0000,0x0000000025de0000)]
  0x000000001ac18800 JavaThread "pool-2-thread-40" [_thread_blocked, id=6680, stack(0x0000000025be0000,0x0000000025ce0000)]
  0x000000001ac16000 JavaThread "pool-2-thread-39" [_thread_blocked, id=748, stack(0x0000000025ae0000,0x0000000025be0000)]
  0x000000001ac1b800 JavaThread "pool-2-thread-38" [_thread_blocked, id=8948, stack(0x00000000259e0000,0x0000000025ae0000)]
  0x000000001ac1a800 JavaThread "pool-2-thread-37" [_thread_blocked, id=8344, stack(0x00000000258e0000,0x00000000259e0000)]
  0x000000001ac14000 JavaThread "pool-2-thread-36" [_thread_blocked, id=1336, stack(0x00000000257e0000,0x00000000258e0000)]
  0x000000001ac15800 JavaThread "pool-2-thread-35" [_thread_blocked, id=10672, stack(0x00000000256e0000,0x00000000257e0000)]
  0x00000000220ee800 JavaThread "pool-2-thread-34" [_thread_blocked, id=12408, stack(0x00000000255e0000,0x00000000256e0000)]
  0x00000000220ed000 JavaThread "pool-2-thread-33" [_thread_blocked, id=2964, stack(0x00000000254e0000,0x00000000255e0000)]
  0x00000000220ec800 JavaThread "pool-2-thread-32" [_thread_blocked, id=11768, stack(0x00000000253e0000,0x00000000254e0000)]
  0x00000000220eb800 JavaThread "pool-2-thread-31" [_thread_blocked, id=200, stack(0x00000000252e0000,0x00000000253e0000)]
  0x00000000220eb000 JavaThread "pool-2-thread-30" [_thread_blocked, id=4372, stack(0x00000000251e0000,0x00000000252e0000)]
  0x00000000220ea000 JavaThread "pool-2-thread-29" [_thread_blocked, id=5060, stack(0x0000000024fe0000,0x00000000250e0000)]
  0x00000000220ee000 JavaThread "pool-2-thread-28" [_thread_blocked, id=1768, stack(0x0000000024ee0000,0x0000000024fe0000)]
  0x00000000220ef800 JavaThread "pool-2-thread-27" [_thread_blocked, id=12344, stack(0x0000000024be0000,0x0000000024ce0000)]
  0x00000000220e2800 JavaThread "pool-2-thread-26" [_thread_blocked, id=12348, stack(0x0000000024ae0000,0x0000000024be0000)]
  0x00000000220e9800 JavaThread "pool-2-thread-25" [_thread_blocked, id=212, stack(0x00000000249e0000,0x0000000024ae0000)]
  0x00000000220e8800 JavaThread "pool-2-thread-24" [_thread_blocked, id=9652, stack(0x00000000248e0000,0x00000000249e0000)]
  0x00000000220e8000 JavaThread "pool-2-thread-23" [_thread_blocked, id=12668, stack(0x00000000247e0000,0x00000000248e0000)]
  0x00000000220e0800 JavaThread "pool-2-thread-22" [_thread_blocked, id=10720, stack(0x00000000246e0000,0x00000000247e0000)]
  0x00000000220e1000 JavaThread "pool-2-thread-21" [_thread_blocked, id=72, stack(0x00000000245e0000,0x00000000246e0000)]
  0x00000000220e7000 JavaThread "pool-2-thread-20" [_thread_blocked, id=6068, stack(0x00000000244e0000,0x00000000245e0000)]
  0x00000000220e6800 JavaThread "pool-2-thread-19" [_thread_blocked, id=7156, stack(0x00000000243e0000,0x00000000244e0000)]
  0x00000000220e4000 JavaThread "pool-2-thread-18" [_thread_blocked, id=5852, stack(0x00000000242e0000,0x00000000243e0000)]
  0x00000000220e5800 JavaThread "pool-2-thread-17" [_thread_blocked, id=11820, stack(0x00000000241e0000,0x00000000242e0000)]
  0x00000000220e2000 JavaThread "pool-2-thread-16" [_thread_blocked, id=7496, stack(0x00000000240e0000,0x00000000241e0000)]
  0x00000000220e5000 JavaThread "pool-2-thread-15" [_thread_blocked, id=10352, stack(0x0000000023fe0000,0x00000000240e0000)]
  0x00000000220e3800 JavaThread "pool-2-thread-14" [_thread_blocked, id=8560, stack(0x0000000023ee0000,0x0000000023fe0000)]
  0x000000001ab31000 JavaThread "pool-2-thread-13" [_thread_blocked, id=11936, stack(0x0000000023de0000,0x0000000023ee0000)]
  0x000000001ab37800 JavaThread "pool-2-thread-12" [_thread_blocked, id=8384, stack(0x0000000023ce0000,0x0000000023de0000)]
  0x000000001ab34800 JavaThread "pool-2-thread-11" [_thread_blocked, id=9676, stack(0x0000000023be0000,0x0000000023ce0000)]
  0x000000001ab31800 JavaThread "pool-2-thread-10" [_thread_blocked, id=6224, stack(0x0000000023ae0000,0x0000000023be0000)]
  0x000000001ab35800 JavaThread "pool-2-thread-9" [_thread_blocked, id=6012, stack(0x00000000239e0000,0x0000000023ae0000)]
  0x000000001ab36000 JavaThread "pool-2-thread-8" [_thread_blocked, id=7932, stack(0x00000000238e0000,0x00000000239e0000)]
  0x000000001ab37000 JavaThread "pool-2-thread-7" [_thread_blocked, id=10112, stack(0x00000000237e0000,0x00000000238e0000)]
  0x000000001ab34000 JavaThread "pool-2-thread-6" [_thread_blocked, id=11252, stack(0x00000000236e0000,0x00000000237e0000)]
  0x000000001ab33000 JavaThread "pool-2-thread-5" [_thread_blocked, id=1560, stack(0x00000000235e0000,0x00000000236e0000)]
  0x000000001ab32800 JavaThread "pool-2-thread-4" [_thread_blocked, id=9796, stack(0x00000000234e0000,0x00000000235e0000)]
  0x000000001ab30000 JavaThread "pool-2-thread-3" [_thread_blocked, id=7492, stack(0x00000000233e0000,0x00000000234e0000)]
  0x000000001ab2f800 JavaThread "pool-2-thread-2" [_thread_blocked, id=7576, stack(0x00000000232e0000,0x00000000233e0000)]
  0x000000001ab2e800 JavaThread "pool-2-thread-1" [_thread_blocked, id=8944, stack(0x00000000231b0000,0x00000000232b0000)]
=>0x000000001ac78000 JavaThread "Thread-2" [_thread_in_vm, id=2580, stack(0x00000000230b0000,0x00000000231b0000)]
  0x000000001b835800 JavaThread "TimerQueue" daemon [_thread_blocked, id=7084, stack(0x0000000021390000,0x0000000021490000)]
  0x000000000493e000 JavaThread "DestroyJavaVM" [_thread_blocked, id=12280, stack(0x00000000047b0000,0x00000000048b0000)]
  0x000000001b5b5000 JavaThread "AWT-EventQueue-0" [_thread_blocked, id=5276, stack(0x000000001c770000,0x000000001c870000)]
  0x000000001b513800 JavaThread "AWT-Windows" daemon [_thread_in_native, id=12628, stack(0x000000001bea0000,0x000000001bfa0000)]
  0x000000001b511000 JavaThread "AWT-Shutdown" [_thread_blocked, id=13056, stack(0x000000001bda0000,0x000000001bea0000)]
  0x000000001b510800 JavaThread "Java2D Disposer" daemon [_thread_blocked, id=12724, stack(0x000000001bca0000,0x000000001bda0000)]
  0x000000001a98e000 JavaThread "Service Thread" daemon [_thread_blocked, id=1876, stack(0x000000001b200000,0x000000001b300000)]
  0x000000001a911000 JavaThread "C1 CompilerThread2" daemon [_thread_blocked, id=5808, stack(0x000000001b100000,0x000000001b200000)]
  0x000000001960e800 JavaThread "C2 CompilerThread1" daemon [_thread_blocked, id=10960, stack(0x000000001b000000,0x000000001b100000)]
  0x0000000019609800 JavaThread "C2 CompilerThread0" daemon [_thread_blocked, id=13232, stack(0x000000001af00000,0x000000001b000000)]
  0x000000001a908800 JavaThread "Attach Listener" daemon [_thread_blocked, id=8564, stack(0x000000001ae00000,0x000000001af00000)]
  0x00000000195be800 JavaThread "Signal Dispatcher" daemon [_thread_blocked, id=11188, stack(0x000000001ad00000,0x000000001ae00000)]
  0x0000000019599000 JavaThread "Finalizer" daemon [_thread_blocked, id=8856, stack(0x000000001a800000,0x000000001a900000)]
  0x0000000004a31000 JavaThread "Reference Handler" daemon [_thread_blocked, id=10820, stack(0x000000001a700000,0x000000001a800000)]

Other Threads:
  0x0000000019577000 VMThread [stack: 0x000000001a600000,0x000000001a700000] [id=5160]
  0x000000001a9df800 WatcherThread [stack: 0x000000001b300000,0x000000001b400000] [id=4192]

VM state:synchronizing (normal execution)

VM Mutex/Monitor currently owned by a thread:  ([mutex/lock_event])
[0x000000000493d5d0] Threads_lock - owner thread: 0x0000000019577000
[0x0000000004941750] Compile_lock - owner thread: 0x000000001b5b5000

Heap:
 PSYoungGen      total 38400K, used 29230K [0x00000000d5c00000, 0x00000000d8680000, 0x0000000100000000)
  eden space 33280K, 73% used [0x00000000d5c00000,0x00000000d740c3c8,0x00000000d7c80000)
  from space 5120K, 89% used [0x00000000d7c80000,0x00000000d80ff540,0x00000000d8180000)
  to   space 5120K, 0% used [0x00000000d8180000,0x00000000d8180000,0x00000000d8680000)
 ParOldGen       total 87552K, used 4328K [0x0000000081400000, 0x0000000086980000, 0x00000000d5c00000)
  object space 87552K, 4% used [0x0000000081400000,0x000000008183a2e0,0x0000000086980000)
 Metaspace       used 13055K, capacity 13278K, committed 13568K, reserved 1060864K
  class space    used 1614K, capacity 1716K, committed 1792K, reserved 1048576K

Card table byte_map: [0x0000000013e00000,0x0000000014200000] byte_map_base: 0x00000000139f6000

Marking Bits: (ParMarkBitMap*) 0x0000000060fbd850
 Begin Bits: [0x00000000148b0000, 0x0000000016860000)
 End Bits:   [0x0000000016860000, 0x0000000018810000)

Polling page: 0x00000000003f0000

CodeCache: size=245760Kb used=4275Kb max_used=4275Kb free=241484Kb
 bounds [0x0000000004a40000, 0x0000000004e70000, 0x0000000013a40000]
 total_blobs=1810 nmethods=1312 adapters=410
 compilation: enabled

Compilation events (10 events):
Event: 15.407 Thread 0x000000001a911000 1300       1       sun.awt.windows.WObjectPeer::isDisposed (5 bytes)
Event: 15.407 Thread 0x000000001a911000 nmethod 1300 0x0000000004e67850 code [0x0000000004e679a0, 0x0000000004e67ab0]
Event: 15.591 Thread 0x000000001a911000 1301       3       java.util.Hashtable$Enumerator::hasMoreElements (53 bytes)
Event: 15.592 Thread 0x000000001a911000 nmethod 1301 0x0000000004e672d0 code [0x0000000004e67440, 0x0000000004e67710]
Event: 15.592 Thread 0x000000001a911000 1302       3       java.nio.DirectLongBufferU::ix (10 bytes)
Event: 15.593 Thread 0x000000001a911000 nmethod 1302 0x0000000004e66f90 code [0x0000000004e670e0, 0x0000000004e67250]
Event: 15.595 Thread 0x000000001a911000 1303       3       java.lang.ClassLoader::loadClass (7 bytes)
Event: 15.595 Thread 0x000000001a911000 nmethod 1303 0x0000000004e66b50 code [0x0000000004e66cc0, 0x0000000004e66ee8]
Event: 15.595 Thread 0x000000001a911000 1304       1       sun.awt.Win32GraphicsConfig::getDevice (5 bytes)
Event: 15.595 Thread 0x000000001a911000 nmethod 1304 0x0000000004e66890 code [0x0000000004e669e0, 0x0000000004e66af0]

GC Heap History (2 events):
Event: 7.633 GC heap before
{Heap before GC invocations=1 (full 0):
 PSYoungGen      total 38400K, used 33280K [0x00000000d5c00000, 0x00000000d8680000, 0x0000000100000000)
  eden space 33280K, 100% used [0x00000000d5c00000,0x00000000d7c80000,0x00000000d7c80000)
  from space 5120K, 0% used [0x00000000d8180000,0x00000000d8180000,0x00000000d8680000)
  to   space 5120K, 0% used [0x00000000d7c80000,0x00000000d7c80000,0x00000000d8180000)
 ParOldGen       total 87552K, used 0K [0x0000000081400000, 0x0000000086980000, 0x00000000d5c00000)
  object space 87552K, 0% used [0x0000000081400000,0x0000000081400000,0x0000000086980000)
 Metaspace       used 12166K, capacity 12376K, committed 12672K, reserved 1060864K
  class space    used 1487K, capacity 1587K, committed 1664K, reserved 1048576K
Event: 7.651 GC heap after
Heap after GC invocations=1 (full 0):
 PSYoungGen      total 38400K, used 4605K [0x00000000d5c00000, 0x00000000d8680000, 0x0000000100000000)
  eden space 33280K, 0% used [0x00000000d5c00000,0x00000000d5c00000,0x00000000d7c80000)
  from space 5120K, 89% used [0x00000000d7c80000,0x00000000d80ff540,0x00000000d8180000)
  to   space 5120K, 0% used [0x00000000d8180000,0x00000000d8180000,0x00000000d8680000)
 ParOldGen       total 87552K, used 4328K [0x0000000081400000, 0x0000000086980000, 0x00000000d5c00000)
  object space 87552K, 4% used [0x0000000081400000,0x000000008183a2e0,0x0000000086980000)
 Metaspace       used 12166K, capacity 12376K, committed 12672K, reserved 1060864K
  class space    used 1487K, capacity 1587K, committed 1664K, reserved 1048576K
}

Deoptimization events (5 events):
Event: 1.811 Thread 0x000000001b5b5000 Uncommon trap: reason=class_check action=maybe_recompile pc=0x0000000004bb6e9c method=java.lang.String.equals(Ljava/lang/Object;)Z @ 8
Event: 1.811 Thread 0x000000001b5b5000 Uncommon trap: reason=class_check action=maybe_recompile pc=0x0000000004bb6e9c method=java.lang.String.equals(Ljava/lang/Object;)Z @ 8
Event: 1.811 Thread 0x000000001b5b5000 Uncommon trap: reason=class_check action=maybe_recompile pc=0x0000000004bb6e9c method=java.lang.String.equals(Ljava/lang/Object;)Z @ 8
Event: 2.682 Thread 0x000000001b5b5000 Uncommon trap: reason=class_check action=maybe_recompile pc=0x0000000004bb6e9c method=java.lang.String.equals(Ljava/lang/Object;)Z @ 8
Event: 16.738 Thread 0x000000001b5b5000 Uncommon trap: reason=unstable_if action=reinterpret pc=0x0000000004d7dbc8 method=java.security.AccessControlContext.optimize()Ljava/security/AccessControlContext; @ 220

Internal exceptions (10 events):
Event: 0.166 Thread 0x000000000493e000 Exception <a 'java/io/FileNotFoundException'> (0x00000000d5d44a28) thrown at [C:\re\workspace\8-2-build-windows-amd64-cygwin\jdk8u144\9417\hotspot\src\share\vm\prims\jni.cpp, line 709]
Event: 0.199 Thread 0x000000000493e000 Exception <a 'java/lang/NoSuchFieldError': method resolution failed> (0x00000000d5eb8260) thrown at [C:\re\workspace\8-2-build-windows-amd64-cygwin\jdk8u144\9417\hotspot\src\share\vm\prims\methodHandles.cpp, line 1146]
Event: 0.200 Thread 0x000000000493e000 Exception <a 'java/lang/NoSuchFieldError': method resolution failed> (0x00000000d5ec5630) thrown at [C:\re\workspace\8-2-build-windows-amd64-cygwin\jdk8u144\9417\hotspot\src\share\vm\prims\methodHandles.cpp, line 1146]
Event: 0.240 Thread 0x000000000493e000 Exception <a 'java/io/FileNotFoundException'> (0x00000000d5f60238) thrown at [C:\re\workspace\8-2-build-windows-amd64-cygwin\jdk8u144\9417\hotspot\src\share\vm\prims\jni.cpp, line 709]
Event: 9.903 Thread 0x00000000220e2800 Exception <a 'java/net/UnknownHostException': lijunjiede-ipad> (0x00000000d5c536a8) thrown at [C:\re\workspace\8-2-build-windows-amd64-cygwin\jdk8u144\9417\hotspot\src\share\vm\prims\jni.cpp, line 735]
Event: 9.923 Thread 0x000000001ab37000 Exception <a 'java/net/UnknownHostException': kis-macbook-pro> (0x00000000d6326b78) thrown at [C:\re\workspace\8-2-build-windows-amd64-cygwin\jdk8u144\9417\hotspot\src\share\vm\prims\jni.cpp, line 735]
Event: 9.923 Thread 0x000000001ab2e800 Exception <a 'java/net/UnknownHostException': h268a> (0x00000000d656d238) thrown at [C:\re\workspace\8-2-build-windows-amd64-cygwin\jdk8u144\9417\hotspot\src\share\vm\prims\jni.cpp, line 735]
Event: 10.053 Thread 0x00000000220ec800 Exception <a 'java/net/UnknownHostException': iphone-2> (0x00000000d69b4908) thrown at [C:\re\workspace\8-2-build-windows-amd64-cygwin\jdk8u144\9417\hotspot\src\share\vm\prims\jni.cpp, line 735]
Event: 16.735 Thread 0x000000001ac78000 Exception <a 'java/lang/ArrayStoreException'> (0x00000000d6c5f6b0) thrown at [C:\re\workspace\8-2-build-windows-amd64-cygwin\jdk8u144\9417\hotspot\src\share\vm\prims\jni.cpp, line 3511]
Event: 16.737 Thread 0x000000001ac78000 Exception <a 'java/lang/ArrayStoreException'> (0x00000000d6c5fa60) thrown at [C:\re\workspace\8-2-build-windows-amd64-cygwin\jdk8u144\9417\hotspot\src\share\vm\prims\jni.cpp, line 3511]

Events (10 events):
Event: 16.737 loading class javax/swing/plaf/basic/BasicComboBoxUI$ComboBoxLayoutManager
Event: 16.738 loading class javax/swing/plaf/basic/BasicComboBoxUI$ComboBoxLayoutManager done
Event: 16.738 loading class javax/swing/plaf/metal/MetalComboBoxUI$MetalComboBoxLayoutManager done
Event: 16.738 Thread 0x000000001b5b5000 Uncommon trap: trap_request=0xffffff65 fr.pc=0x0000000004d7dbc8
Event: 16.738 Thread 0x000000001b5b5000 DEOPT PACKING pc=0x0000000004d7dbc8 sp=0x000000001c86bae0
Event: 16.738 Thread 0x000000001b5b5000 DEOPT UNPACKING pc=0x0000000004a8582a sp=0x000000001c86ba40 mode 2
Event: 16.738 loading class javax/swing/plaf/basic/BasicComboPopup
Event: 16.739 loading class javax/swing/plaf/basic/ComboPopup
Event: 16.739 loading class javax/swing/plaf/basic/ComboPopup done
Event: 16.739 loading class javax/swing/plaf/basic/BasicComboPopup done


Dynamic libraries:
0x00007ff69b6c0000 - 0x00007ff69b6f7000 	F:\tool\jdk\java_jdk_8\jdk_version\bin\javaw.exe
0x00007ffaaebe0000 - 0x00007ffaaedc0000 	C:\Windows\SYSTEM32\ntdll.dll
0x00007ffaae7d0000 - 0x00007ffaae87e000 	C:\Windows\System32\KERNEL32.DLL
0x00007ffaab6f0000 - 0x00007ffaab956000 	C:\Windows\System32\KERNELBASE.dll
0x00007ffaadf70000 - 0x00007ffaae011000 	C:\Windows\System32\ADVAPI32.dll
0x00007ffaadb30000 - 0x00007ffaadbcd000 	C:\Windows\System32\msvcrt.dll
0x00007ffaadad0000 - 0x00007ffaadb2b000 	C:\Windows\System32\sechost.dll
0x00007ffaac280000 - 0x00007ffaac39f000 	C:\Windows\System32\RPCRT4.dll
0x00007ffaae9b0000 - 0x00007ffaaeb3f000 	C:\Windows\System32\USER32.dll
0x00007ffaab0e0000 - 0x00007ffaab100000 	C:\Windows\System32\win32u.dll
0x00007ffaac0e0000 - 0x00007ffaac108000 	C:\Windows\System32\GDI32.dll
0x00007ffaab4d0000 - 0x00007ffaab663000 	C:\Windows\System32\gdi32full.dll
0x00007ffaab2d0000 - 0x00007ffaab36b000 	C:\Windows\System32\msvcp_win.dll
0x00007ffaaafe0000 - 0x00007ffaab0d5000 	C:\Windows\System32\ucrtbase.dll
0x00007ffaa4220000 - 0x00007ffaa4489000 	C:\Windows\WinSxS\amd64_microsoft.windows.common-controls_6595b64144ccf1df_6.0.16299.726_none_15ccdb369361144a\COMCTL32.dll
0x00007ffaadbf0000 - 0x00007ffaadef7000 	C:\Windows\System32\combase.dll
0x00007ffaab670000 - 0x00007ffaab6e2000 	C:\Windows\System32\bcryptPrimitives.dll
0x00007ffaac0b0000 - 0x00007ffaac0dd000 	C:\Windows\System32\IMM32.DLL
0x0000000062be0000 - 0x0000000062cb2000 	F:\tool\jdk\java_jdk_8\jdk_version\jre\bin\msvcr100.dll
0x00000000607a0000 - 0x000000006103d000 	F:\tool\jdk\java_jdk_8\jdk_version\jre\bin\server\jvm.dll
0x00007ffaadf60000 - 0x00007ffaadf68000 	C:\Windows\System32\PSAPI.DLL
0x00007ffa98a80000 - 0x00007ffa98a89000 	C:\Windows\SYSTEM32\WSOCK32.dll
0x00007ffa9d8d0000 - 0x00007ffa9d8da000 	C:\Windows\SYSTEM32\VERSION.dll
0x00007ffaaeb40000 - 0x00007ffaaebac000 	C:\Windows\System32\WS2_32.dll
0x00007ffaa7fc0000 - 0x00007ffaa7fe3000 	C:\Windows\SYSTEM32\WINMM.dll
0x00007ffaa7f60000 - 0x00007ffaa7f8a000 	C:\Windows\SYSTEM32\winmmbase.dll
0x00007ffaab480000 - 0x00007ffaab4ca000 	C:\Windows\System32\cfgmgr32.dll
0x0000000062bd0000 - 0x0000000062bdf000 	F:\tool\jdk\java_jdk_8\jdk_version\jre\bin\verify.dll
0x0000000062ba0000 - 0x0000000062bc9000 	F:\tool\jdk\java_jdk_8\jdk_version\jre\bin\java.dll
0x0000000062b80000 - 0x0000000062b96000 	F:\tool\jdk\java_jdk_8\jdk_version\jre\bin\zip.dll
0x00007ffaac4c0000 - 0x00007ffaad8f8000 	C:\Windows\System32\SHELL32.dll
0x00007ffaae880000 - 0x00007ffaae926000 	C:\Windows\System32\shcore.dll
0x00007ffaab960000 - 0x00007ffaac0a7000 	C:\Windows\System32\windows.storage.dll
0x00007ffaada70000 - 0x00007ffaadac1000 	C:\Windows\System32\shlwapi.dll
0x00007ffaaaf50000 - 0x00007ffaaaf61000 	C:\Windows\System32\kernel.appcore.dll
0x00007ffaaaf70000 - 0x00007ffaaafbc000 	C:\Windows\System32\powrprof.dll
0x00007ffaaaf30000 - 0x00007ffaaaf4b000 	C:\Windows\System32\profapi.dll
0x00000000619e0000 - 0x0000000061b78000 	F:\tool\jdk\java_jdk_8\jdk_version\jre\bin\awt.dll
0x00007ffaac110000 - 0x00007ffaac1d5000 	C:\Windows\System32\OLEAUT32.dll
0x00007ffaa93a0000 - 0x00007ffaa9428000 	C:\Windows\SYSTEM32\apphelp.dll
0x00007ffaa9790000 - 0x00007ffaa97ba000 	C:\Windows\system32\DWMAPI.DLL
0x00007ffaa9480000 - 0x00007ffaa9515000 	C:\Windows\system32\uxtheme.dll
0x00007ffa9ca10000 - 0x00007ffa9cb2e000 	C:\Windows\system32\opengl32.dll
0x00007ffa9c2c0000 - 0x00007ffa9c2ec000 	C:\Windows\SYSTEM32\GLU32.dll
0x00007ffaad900000 - 0x00007ffaada67000 	C:\Windows\System32\MSCTF.dll
0x00007ffaae680000 - 0x00007ffaae7c9000 	C:\Windows\System32\ole32.dll
0x0000000062b40000 - 0x0000000062b71000 	F:\tool\jdk\java_jdk_8\jdk_version\jre\bin\jpeg.dll
0x0000000060750000 - 0x0000000060797000 	F:\tool\jdk\java_jdk_8\jdk_version\jre\bin\fontmanager.dll
0x0000000060730000 - 0x000000006074a000 	F:\tool\jdk\java_jdk_8\jdk_version\jre\bin\net.dll
0x00007ffaaa7a0000 - 0x00007ffaaa806000 	C:\Windows\system32\mswsock.dll
0x0000000060710000 - 0x0000000060721000 	F:\tool\jdk\java_jdk_8\jdk_version\jre\bin\nio.dll
0x00000000606c0000 - 0x0000000060702000 	F:\tool\jdk\java_jdk_8\jdk_version\jre\bin\t2k.dll
0x00007ffaa5ba0000 - 0x00007ffaa5c38000 	C:\Windows\System32\TextInputFramework.dll
0x00007ffaa6fd0000 - 0x00007ffaa72be000 	C:\Windows\System32\CoreUIComponents.dll
0x00007ffaa8d90000 - 0x00007ffaa8e6c000 	C:\Windows\System32\CoreMessaging.dll
0x00007ffaaa040000 - 0x00007ffaaa071000 	C:\Windows\SYSTEM32\ntmarta.dll
0x00007ffaa7720000 - 0x00007ffaa7856000 	C:\Windows\SYSTEM32\wintypes.dll
0x00007ffaac1e0000 - 0x00007ffaac27e000 	C:\Windows\System32\clbcatq.dll
0x00007ffa8b6f0000 - 0x00007ffa8b8d9000 	C:\Windows\system32\SogouTSF.ime
0x00007ffaa80a0000 - 0x00007ffaa80a7000 	C:\Windows\system32\MSIMG32.dll
0x00007ffa89420000 - 0x00007ffa89c97000 	C:\Windows\system32\SogouPy.ime
0x00007ffaa5850000 - 0x00007ffaa592e000 	C:\Windows\SYSTEM32\WINHTTP.dll
0x00007ffaa6df0000 - 0x00007ffaa6e5e000 	C:\Windows\SYSTEM32\OLEACC.dll
0x000000001e890000 - 0x000000001e9cc000 	F:\SogouInput\9.3.0.3129\Resource.dll
0x00007ffa8b370000 - 0x00007ffa8b5d9000 	F:\SogouInput\Components\PicFace\1.1.0.1859\PicFace64.dll
0x00007ffaac3a0000 - 0x00007ffaac4aa000 	C:\Windows\System32\COMDLG32.dll
0x00007ffaa6940000 - 0x00007ffaa696b000 	F:\tool\jdk\java_jdk_8\jdk_version\jre\bin\Jpcap.dll
0x0000000180000000 - 0x0000000180065000 	C:\Windows\SYSTEM32\wpcap.dll
0x00007ffaaa530000 - 0x00007ffaaa569000 	C:\Windows\SYSTEM32\IPHLPAPI.DLL
0x000000001e590000 - 0x000000001e5af000 	C:\Windows\SYSTEM32\packet.dll
0x00007ffaae220000 - 0x00007ffaae228000 	C:\Windows\System32\NSI.dll
0x00007ffaa5e80000 - 0x00007ffaa5e96000 	C:\Windows\SYSTEM32\dhcpcsvc6.DLL
0x00007ffaa5ee0000 - 0x00007ffaa5efa000 	C:\Windows\SYSTEM32\dhcpcsvc.DLL
0x00007ffa9ae70000 - 0x00007ffa9ae86000 	C:\Windows\system32\napinsp.dll
0x00007ffa9adc0000 - 0x00007ffa9adda000 	C:\Windows\system32\pnrpnsp.dll
0x00007ffaa5d10000 - 0x00007ffaa5d28000 	C:\Windows\system32\NLAapi.dll
0x00007ffaaa570000 - 0x00007ffaaa626000 	C:\Windows\SYSTEM32\DNSAPI.dll
0x00007ffa9ae60000 - 0x00007ffa9ae6e000 	C:\Windows\System32\winrnr.dll
0x00007ffa9ae40000 - 0x00007ffa9ae55000 	C:\Windows\System32\wshbth.dll
0x0000000062b10000 - 0x0000000062b36000 	C:\Program Files\Bonjour\mdnsNSP.dll
0x00007ffa9d4e0000 - 0x00007ffa9d5ed000 	C:\Windows\SysWOW64\ierd_tgp_lsp64.dll
0x00007ffaa5770000 - 0x00007ffaa577a000 	C:\Windows\system32\wshqos.dll
0x00007ffaa5760000 - 0x00007ffaa5768000 	C:\Windows\SYSTEM32\wshtcpip.DLL
0x00007ffaa5750000 - 0x00007ffaa5758000 	C:\Windows\SYSTEM32\wship6.dll
0x00007ffa9dfa0000 - 0x00007ffa9dfaa000 	C:\Windows\System32\rasadhlp.dll
0x00007ffa9e660000 - 0x00007ffa9e6d0000 	C:\Windows\System32\fwpuclnt.dll
0x00007ffaaaa70000 - 0x00007ffaaaa95000 	C:\Windows\SYSTEM32\bcrypt.dll
0x00007ffa9eb20000 - 0x00007ffa9ece8000 	C:\Windows\SYSTEM32\dbghelp.dll

VM Arguments:
jvm_args: -Dfile.encoding=GBK -Xbootclasspath:F:\tool\jdk\java_jdk_8\jdk_version\jre\lib\resources.jar;F:\tool\jdk\java_jdk_8\jdk_version\jre\lib\rt.jar;F:\tool\jdk\java_jdk_8\jdk_version\jre\lib\jsse.jar;F:\tool\jdk\java_jdk_8\jdk_version\jre\lib\jce.jar;F:\tool\jdk\java_jdk_8\jdk_version\jre\lib\charsets.jar;F:\tool\jdk\java_jdk_8\jdk_version\jre\lib\jfr.jar 
java_command: network.controller.Main
java_class_path (initial): F:\tool\jdk\java_jdk_8\jdk_version\jre\lib\resources.jar;F:\tool\jdk\java_jdk_8\jdk_version\jre\lib\rt.jar;F:\tool\jdk\java_jdk_8\jdk_version\jre\lib\jsse.jar;F:\tool\jdk\java_jdk_8\jdk_version\jre\lib\jce.jar;F:\tool\jdk\java_jdk_8\jdk_version\jre\lib\charsets.jar;F:\tool\jdk\java_jdk_8\jdk_version\jre\lib\jfr.jar;F:\workspace\NetworkProtocolAnalyzer\bin;F:\tool\jdk\java_jdk_8\jdk_version\jre\lib\ext\jfreechart-1.5.0.jar
Launcher Type: SUN_STANDARD

Environment Variables:
JAVA_HOME=F:\shxt\soft\java\jdk1.8.0_77_64
CLASSPATH=.;F:\tool\jdk\java_jdk_8\jdk_version\lib\dt.jar;F:\tool\jdk\java_jdk_8\jdk_version\lib\tools.jar
PATH=C:/Program Files (x86)/Java/jre1.8.0_162/bin/client;C:/Program Files (x86)/Java/jre1.8.0_162/bin;C:/Program Files (x86)/Java/jre1.8.0_162/lib/i386;C:\ProgramData\Oracle\Java\javapath;E:\app\Administrator\product\11.2.0\dbhome_1\bin;C:\Windows\system32;C:\Windows;C:\Windows\System32\Wbem;C:\Windows\System32\WindowsPowerShell\v1.0\;F:\tool\jdk\java_jdk_8\jdk_version\bin;F:\tool\jdk\java_jdk_8\jdk_version\jre\bin;F:\tool\tomcat\apache-tomcat-7\lib;F:\tool\tomcat\apache-tomcat-7\bin;C:\Program Files\MySQL\MySQL Utilities 1.6\;E:\Program Files\python0327\Scripts;E:\Program Files\python0327;E:\Program Files\MATLAB\R2016a\runtime\win64;E:\Program Files\MATLAB\R2016a\bin;E:\Program Files\MATLAB\R2016a\polyspace\bin;C:\Users\Administrator\AppData\Local\Microsoft\WindowsApps;;F:\eclipse-jee-oxygen-3a-win32[1]\eclipse;
USERNAME=Administrator
OS=Windows_NT
PROCESSOR_IDENTIFIER=Intel64 Family 6 Model 60 Stepping 3, GenuineIntel



---------------  S Y S T E M  ---------------

OS: Windows 10.0 , 64 bit Build 16299 (10.0.16299.431)

CPU:total 4 (initial active 4) (2 cores per cpu, 2 threads per core) family 6 model 60 stepping 3, cmov, cx8, fxsr, mmx, sse, sse2, sse3, ssse3, sse4.1, sse4.2, popcnt, avx, avx2, aes, clmul, erms, lzcnt, ht, tsc, tscinvbit, bmi1, bmi2

Memory: 4k page, physical 8302956k(5020992k free), swap 8827244k(4791948k free)

vm_info: Java HotSpot(TM) 64-Bit Server VM (25.144-b01) for windows-amd64 JRE (1.8.0_144-b01), built on Jul 21 2017 21:57:33 by "java_re" with MS VC++ 10.0 (VS2010)

time: Thu Oct 31 14:51:49 2019
elapsed time: 16 seconds (0d 0h 0m 16s)

